[2022-08-08 16:13:03,487] {processor.py:163} INFO - Started process (PID=53) to work on /home/airflow/.local/lib/python3.7/site-packages/airflow/example_dags/example_branch_labels.py
[2022-08-08 16:13:03,492] {processor.py:642} INFO - Processing file /home/airflow/.local/lib/python3.7/site-packages/airflow/example_dags/example_branch_labels.py for tasks to queue
[2022-08-08 16:13:03,493] {logging_mixin.py:109} INFO - [2022-08-08 16:13:03,493] {dagbag.py:500} INFO - Filling up the DagBag from /home/airflow/.local/lib/python3.7/site-packages/airflow/example_dags/example_branch_labels.py
[2022-08-08 16:13:03,641] {processor.py:654} INFO - DAG(s) dict_keys(['example_branch_labels']) retrieved from /home/airflow/.local/lib/python3.7/site-packages/airflow/example_dags/example_branch_labels.py
[2022-08-08 16:13:03,716] {logging_mixin.py:109} INFO - [2022-08-08 16:13:03,715] {dag.py:2398} INFO - Sync 1 DAGs
[2022-08-08 16:13:03,858] {logging_mixin.py:109} INFO - [2022-08-08 16:13:03,858] {dag.py:2937} INFO - Setting next_dagrun for example_branch_labels to 2022-08-07 00:00:00+00:00
[2022-08-08 16:13:03,885] {processor.py:171} INFO - Processing /home/airflow/.local/lib/python3.7/site-packages/airflow/example_dags/example_branch_labels.py took 0.407 seconds
[2022-08-08 16:13:39,937] {processor.py:163} INFO - Started process (PID=107) to work on /home/airflow/.local/lib/python3.7/site-packages/airflow/example_dags/example_branch_labels.py
[2022-08-08 16:13:39,945] {processor.py:642} INFO - Processing file /home/airflow/.local/lib/python3.7/site-packages/airflow/example_dags/example_branch_labels.py for tasks to queue
[2022-08-08 16:13:39,955] {logging_mixin.py:109} INFO - [2022-08-08 16:13:39,955] {dagbag.py:500} INFO - Filling up the DagBag from /home/airflow/.local/lib/python3.7/site-packages/airflow/example_dags/example_branch_labels.py
[2022-08-08 16:13:42,460] {processor.py:654} INFO - DAG(s) dict_keys(['example_branch_labels']) retrieved from /home/airflow/.local/lib/python3.7/site-packages/airflow/example_dags/example_branch_labels.py
[2022-08-08 16:13:42,642] {logging_mixin.py:109} INFO - [2022-08-08 16:13:42,615] {dag.py:2398} INFO - Sync 1 DAGs
[2022-08-08 16:13:43,084] {logging_mixin.py:109} INFO - [2022-08-08 16:13:43,059] {dag.py:2937} INFO - Setting next_dagrun for example_branch_labels to 2022-08-07 00:00:00+00:00
[2022-08-08 16:13:43,165] {processor.py:171} INFO - Processing /home/airflow/.local/lib/python3.7/site-packages/airflow/example_dags/example_branch_labels.py took 3.249 seconds
[2022-08-08 16:15:46,887] {processor.py:163} INFO - Started process (PID=185) to work on /home/airflow/.local/lib/python3.7/site-packages/airflow/example_dags/example_branch_labels.py
[2022-08-08 16:15:47,059] {processor.py:642} INFO - Processing file /home/airflow/.local/lib/python3.7/site-packages/airflow/example_dags/example_branch_labels.py for tasks to queue
[2022-08-08 16:15:49,467] {logging_mixin.py:109} INFO - [2022-08-08 16:15:48,510] {dagbag.py:500} INFO - Filling up the DagBag from /home/airflow/.local/lib/python3.7/site-packages/airflow/example_dags/example_branch_labels.py
[2022-08-08 16:15:57,026] {processor.py:654} INFO - DAG(s) dict_keys(['example_branch_labels']) retrieved from /home/airflow/.local/lib/python3.7/site-packages/airflow/example_dags/example_branch_labels.py
[2022-08-08 16:15:57,998] {logging_mixin.py:109} INFO - [2022-08-08 16:15:57,998] {dag.py:2398} INFO - Sync 1 DAGs
[2022-08-08 16:15:58,916] {logging_mixin.py:109} INFO - [2022-08-08 16:15:58,915] {dag.py:2937} INFO - Setting next_dagrun for example_branch_labels to 2022-08-07 00:00:00+00:00
[2022-08-08 16:15:59,429] {processor.py:171} INFO - Processing /home/airflow/.local/lib/python3.7/site-packages/airflow/example_dags/example_branch_labels.py took 13.225 seconds
