[2022-08-08 16:13:02,510] {processor.py:163} INFO - Started process (PID=50) to work on /home/airflow/.local/lib/python3.7/site-packages/airflow/example_dags/example_short_circuit_operator.py
[2022-08-08 16:13:02,512] {processor.py:642} INFO - Processing file /home/airflow/.local/lib/python3.7/site-packages/airflow/example_dags/example_short_circuit_operator.py for tasks to queue
[2022-08-08 16:13:02,513] {logging_mixin.py:109} INFO - [2022-08-08 16:13:02,513] {dagbag.py:500} INFO - Filling up the DagBag from /home/airflow/.local/lib/python3.7/site-packages/airflow/example_dags/example_short_circuit_operator.py
[2022-08-08 16:13:02,602] {processor.py:654} INFO - DAG(s) dict_keys(['example_short_circuit_operator']) retrieved from /home/airflow/.local/lib/python3.7/site-packages/airflow/example_dags/example_short_circuit_operator.py
[2022-08-08 16:13:02,628] {logging_mixin.py:109} INFO - [2022-08-08 16:13:02,628] {dag.py:2398} INFO - Sync 1 DAGs
[2022-08-08 16:13:02,668] {logging_mixin.py:109} INFO - [2022-08-08 16:13:02,668] {dag.py:2937} INFO - Setting next_dagrun for example_short_circuit_operator to 2022-08-07T16:13:02.667813+00:00
[2022-08-08 16:13:02,754] {processor.py:171} INFO - Processing /home/airflow/.local/lib/python3.7/site-packages/airflow/example_dags/example_short_circuit_operator.py took 0.254 seconds
[2022-08-08 16:13:36,918] {processor.py:163} INFO - Started process (PID=102) to work on /home/airflow/.local/lib/python3.7/site-packages/airflow/example_dags/example_short_circuit_operator.py
[2022-08-08 16:13:36,921] {processor.py:642} INFO - Processing file /home/airflow/.local/lib/python3.7/site-packages/airflow/example_dags/example_short_circuit_operator.py for tasks to queue
[2022-08-08 16:13:36,923] {logging_mixin.py:109} INFO - [2022-08-08 16:13:36,923] {dagbag.py:500} INFO - Filling up the DagBag from /home/airflow/.local/lib/python3.7/site-packages/airflow/example_dags/example_short_circuit_operator.py
[2022-08-08 16:13:37,385] {processor.py:654} INFO - DAG(s) dict_keys(['example_short_circuit_operator']) retrieved from /home/airflow/.local/lib/python3.7/site-packages/airflow/example_dags/example_short_circuit_operator.py
[2022-08-08 16:13:37,440] {logging_mixin.py:109} INFO - [2022-08-08 16:13:37,440] {dag.py:2398} INFO - Sync 1 DAGs
[2022-08-08 16:13:38,028] {logging_mixin.py:109} INFO - [2022-08-08 16:13:38,021] {dag.py:2937} INFO - Setting next_dagrun for example_short_circuit_operator to 2022-08-07T16:13:38.014875+00:00
[2022-08-08 16:13:38,175] {processor.py:171} INFO - Processing /home/airflow/.local/lib/python3.7/site-packages/airflow/example_dags/example_short_circuit_operator.py took 1.265 seconds
[2022-08-08 16:15:30,578] {processor.py:163} INFO - Started process (PID=180) to work on /home/airflow/.local/lib/python3.7/site-packages/airflow/example_dags/example_short_circuit_operator.py
[2022-08-08 16:15:30,628] {processor.py:642} INFO - Processing file /home/airflow/.local/lib/python3.7/site-packages/airflow/example_dags/example_short_circuit_operator.py for tasks to queue
[2022-08-08 16:15:30,709] {logging_mixin.py:109} INFO - [2022-08-08 16:15:30,652] {dagbag.py:500} INFO - Filling up the DagBag from /home/airflow/.local/lib/python3.7/site-packages/airflow/example_dags/example_short_circuit_operator.py
[2022-08-08 16:15:32,795] {processor.py:654} INFO - DAG(s) dict_keys(['example_short_circuit_operator']) retrieved from /home/airflow/.local/lib/python3.7/site-packages/airflow/example_dags/example_short_circuit_operator.py
[2022-08-08 16:15:33,475] {logging_mixin.py:109} INFO - [2022-08-08 16:15:33,475] {dag.py:2398} INFO - Sync 1 DAGs
[2022-08-08 16:15:33,988] {logging_mixin.py:109} INFO - [2022-08-08 16:15:33,987] {dag.py:2937} INFO - Setting next_dagrun for example_short_circuit_operator to 2022-08-07T16:15:33.951671+00:00
[2022-08-08 16:15:34,290] {processor.py:171} INFO - Processing /home/airflow/.local/lib/python3.7/site-packages/airflow/example_dags/example_short_circuit_operator.py took 3.810 seconds
