[2022-08-08 16:13:02,795] {processor.py:163} INFO - Started process (PID=51) to work on /home/airflow/.local/lib/python3.7/site-packages/airflow/example_dags/example_xcom.py
[2022-08-08 16:13:02,797] {processor.py:642} INFO - Processing file /home/airflow/.local/lib/python3.7/site-packages/airflow/example_dags/example_xcom.py for tasks to queue
[2022-08-08 16:13:02,799] {logging_mixin.py:109} INFO - [2022-08-08 16:13:02,798] {dagbag.py:500} INFO - Filling up the DagBag from /home/airflow/.local/lib/python3.7/site-packages/airflow/example_dags/example_xcom.py
[2022-08-08 16:13:03,051] {processor.py:654} INFO - DAG(s) dict_keys(['example_xcom']) retrieved from /home/airflow/.local/lib/python3.7/site-packages/airflow/example_dags/example_xcom.py
[2022-08-08 16:13:05,236] {logging_mixin.py:109} INFO - [2022-08-08 16:13:05,235] {dag.py:2398} INFO - Sync 1 DAGs
[2022-08-08 16:13:05,272] {logging_mixin.py:109} INFO - [2022-08-08 16:13:05,271] {dag.py:2937} INFO - Setting next_dagrun for example_xcom to 2021-01-01T00:00:00+00:00
[2022-08-08 16:13:05,292] {processor.py:171} INFO - Processing /home/airflow/.local/lib/python3.7/site-packages/airflow/example_dags/example_xcom.py took 2.525 seconds
[2022-08-08 16:13:38,545] {processor.py:163} INFO - Started process (PID=105) to work on /home/airflow/.local/lib/python3.7/site-packages/airflow/example_dags/example_xcom.py
[2022-08-08 16:13:38,555] {processor.py:642} INFO - Processing file /home/airflow/.local/lib/python3.7/site-packages/airflow/example_dags/example_xcom.py for tasks to queue
[2022-08-08 16:13:38,557] {logging_mixin.py:109} INFO - [2022-08-08 16:13:38,556] {dagbag.py:500} INFO - Filling up the DagBag from /home/airflow/.local/lib/python3.7/site-packages/airflow/example_dags/example_xcom.py
[2022-08-08 16:13:39,649] {processor.py:654} INFO - DAG(s) dict_keys(['example_xcom']) retrieved from /home/airflow/.local/lib/python3.7/site-packages/airflow/example_dags/example_xcom.py
[2022-08-08 16:13:50,391] {logging_mixin.py:109} INFO - [2022-08-08 16:13:50,379] {dag.py:2398} INFO - Sync 1 DAGs
[2022-08-08 16:13:50,669] {logging_mixin.py:109} INFO - [2022-08-08 16:13:50,668] {dag.py:2937} INFO - Setting next_dagrun for example_xcom to 2021-01-01T00:00:00+00:00
[2022-08-08 16:13:50,814] {processor.py:171} INFO - Processing /home/airflow/.local/lib/python3.7/site-packages/airflow/example_dags/example_xcom.py took 12.291 seconds
[2022-08-08 16:15:34,756] {processor.py:163} INFO - Started process (PID=181) to work on /home/airflow/.local/lib/python3.7/site-packages/airflow/example_dags/example_xcom.py
[2022-08-08 16:15:34,799] {processor.py:642} INFO - Processing file /home/airflow/.local/lib/python3.7/site-packages/airflow/example_dags/example_xcom.py for tasks to queue
[2022-08-08 16:15:34,805] {logging_mixin.py:109} INFO - [2022-08-08 16:15:34,804] {dagbag.py:500} INFO - Filling up the DagBag from /home/airflow/.local/lib/python3.7/site-packages/airflow/example_dags/example_xcom.py
[2022-08-08 16:15:43,599] {processor.py:654} INFO - DAG(s) dict_keys(['example_xcom']) retrieved from /home/airflow/.local/lib/python3.7/site-packages/airflow/example_dags/example_xcom.py
[2022-08-08 16:16:10,553] {logging_mixin.py:109} INFO - [2022-08-08 16:16:10,550] {dag.py:2398} INFO - Sync 1 DAGs
[2022-08-08 16:16:11,483] {logging_mixin.py:109} INFO - [2022-08-08 16:16:11,478] {dag.py:2937} INFO - Setting next_dagrun for example_xcom to 2021-01-01T00:00:00+00:00
[2022-08-08 16:16:12,526] {processor.py:171} INFO - Processing /home/airflow/.local/lib/python3.7/site-packages/airflow/example_dags/example_xcom.py took 37.864 seconds
