[2022-08-08 16:13:05,324] {processor.py:163} INFO - Started process (PID=55) to work on /home/airflow/.local/lib/python3.7/site-packages/airflow/example_dags/example_task_group.py
[2022-08-08 16:13:05,325] {processor.py:642} INFO - Processing file /home/airflow/.local/lib/python3.7/site-packages/airflow/example_dags/example_task_group.py for tasks to queue
[2022-08-08 16:13:05,326] {logging_mixin.py:109} INFO - [2022-08-08 16:13:05,326] {dagbag.py:500} INFO - Filling up the DagBag from /home/airflow/.local/lib/python3.7/site-packages/airflow/example_dags/example_task_group.py
[2022-08-08 16:13:05,392] {processor.py:654} INFO - DAG(s) dict_keys(['example_task_group']) retrieved from /home/airflow/.local/lib/python3.7/site-packages/airflow/example_dags/example_task_group.py
[2022-08-08 16:13:05,412] {logging_mixin.py:109} INFO - [2022-08-08 16:13:05,412] {dag.py:2398} INFO - Sync 1 DAGs
[2022-08-08 16:13:05,444] {logging_mixin.py:109} INFO - [2022-08-08 16:13:05,444] {dag.py:2937} INFO - Setting next_dagrun for example_task_group to 2022-08-07T16:13:05.444259+00:00
[2022-08-08 16:13:05,462] {processor.py:171} INFO - Processing /home/airflow/.local/lib/python3.7/site-packages/airflow/example_dags/example_task_group.py took 0.144 seconds
[2022-08-08 16:13:51,004] {processor.py:163} INFO - Started process (PID=117) to work on /home/airflow/.local/lib/python3.7/site-packages/airflow/example_dags/example_task_group.py
[2022-08-08 16:13:51,022] {processor.py:642} INFO - Processing file /home/airflow/.local/lib/python3.7/site-packages/airflow/example_dags/example_task_group.py for tasks to queue
[2022-08-08 16:13:51,024] {logging_mixin.py:109} INFO - [2022-08-08 16:13:51,024] {dagbag.py:500} INFO - Filling up the DagBag from /home/airflow/.local/lib/python3.7/site-packages/airflow/example_dags/example_task_group.py
[2022-08-08 16:13:58,725] {processor.py:654} INFO - DAG(s) dict_keys(['example_task_group']) retrieved from /home/airflow/.local/lib/python3.7/site-packages/airflow/example_dags/example_task_group.py
[2022-08-08 16:14:00,103] {logging_mixin.py:109} INFO - [2022-08-08 16:14:00,081] {dag.py:2398} INFO - Sync 1 DAGs
[2022-08-08 16:14:01,870] {logging_mixin.py:109} INFO - [2022-08-08 16:14:01,870] {dag.py:2937} INFO - Setting next_dagrun for example_task_group to 2022-08-07T16:14:01.840915+00:00
[2022-08-08 16:14:01,996] {processor.py:171} INFO - Processing /home/airflow/.local/lib/python3.7/site-packages/airflow/example_dags/example_task_group.py took 11.006 seconds
[2022-08-08 16:16:18,169] {processor.py:163} INFO - Started process (PID=204) to work on /home/airflow/.local/lib/python3.7/site-packages/airflow/example_dags/example_task_group.py
[2022-08-08 16:16:18,321] {processor.py:642} INFO - Processing file /home/airflow/.local/lib/python3.7/site-packages/airflow/example_dags/example_task_group.py for tasks to queue
[2022-08-08 16:16:18,523] {logging_mixin.py:109} INFO - [2022-08-08 16:16:18,437] {dagbag.py:500} INFO - Filling up the DagBag from /home/airflow/.local/lib/python3.7/site-packages/airflow/example_dags/example_task_group.py
[2022-08-08 16:16:30,756] {processor.py:654} INFO - DAG(s) dict_keys(['example_task_group']) retrieved from /home/airflow/.local/lib/python3.7/site-packages/airflow/example_dags/example_task_group.py
[2022-08-08 16:16:32,478] {logging_mixin.py:109} INFO - [2022-08-08 16:16:32,397] {dag.py:2398} INFO - Sync 1 DAGs
[2022-08-08 16:16:33,440] {logging_mixin.py:109} INFO - [2022-08-08 16:16:33,437] {dag.py:2937} INFO - Setting next_dagrun for example_task_group to 2022-08-07T16:16:33.254038+00:00
[2022-08-08 16:16:33,842] {processor.py:171} INFO - Processing /home/airflow/.local/lib/python3.7/site-packages/airflow/example_dags/example_task_group.py took 18.362 seconds
