[2022-08-04 19:50:22,298] {processor.py:163} INFO - Started process (PID=69) to work on /home/airflow/.local/lib/python3.7/site-packages/airflow/example_dags/example_external_task_marker_dag.py
[2022-08-04 19:50:22,305] {processor.py:642} INFO - Processing file /home/airflow/.local/lib/python3.7/site-packages/airflow/example_dags/example_external_task_marker_dag.py for tasks to queue
[2022-08-04 19:50:22,306] {logging_mixin.py:109} INFO - [2022-08-04 19:50:22,306] {dagbag.py:500} INFO - Filling up the DagBag from /home/airflow/.local/lib/python3.7/site-packages/airflow/example_dags/example_external_task_marker_dag.py
[2022-08-04 19:50:22,883] {processor.py:654} INFO - DAG(s) dict_keys(['example_external_task_marker_parent', 'example_external_task_marker_child']) retrieved from /home/airflow/.local/lib/python3.7/site-packages/airflow/example_dags/example_external_task_marker_dag.py
[2022-08-04 19:50:23,069] {logging_mixin.py:109} INFO - [2022-08-04 19:50:23,068] {dag.py:2398} INFO - Sync 2 DAGs
[2022-08-04 19:50:23,172] {logging_mixin.py:109} INFO - [2022-08-04 19:50:23,171] {dag.py:2937} INFO - Setting next_dagrun for example_external_task_marker_child to None
[2022-08-04 19:50:23,173] {logging_mixin.py:109} INFO - [2022-08-04 19:50:23,172] {dag.py:2937} INFO - Setting next_dagrun for example_external_task_marker_parent to None
[2022-08-04 19:50:23,219] {processor.py:171} INFO - Processing /home/airflow/.local/lib/python3.7/site-packages/airflow/example_dags/example_external_task_marker_dag.py took 0.930 seconds
[2022-08-04 19:50:54,202] {processor.py:163} INFO - Started process (PID=120) to work on /home/airflow/.local/lib/python3.7/site-packages/airflow/example_dags/example_external_task_marker_dag.py
[2022-08-04 19:50:54,204] {processor.py:642} INFO - Processing file /home/airflow/.local/lib/python3.7/site-packages/airflow/example_dags/example_external_task_marker_dag.py for tasks to queue
[2022-08-04 19:50:54,205] {logging_mixin.py:109} INFO - [2022-08-04 19:50:54,205] {dagbag.py:500} INFO - Filling up the DagBag from /home/airflow/.local/lib/python3.7/site-packages/airflow/example_dags/example_external_task_marker_dag.py
[2022-08-04 19:50:54,238] {processor.py:654} INFO - DAG(s) dict_keys(['example_external_task_marker_parent', 'example_external_task_marker_child']) retrieved from /home/airflow/.local/lib/python3.7/site-packages/airflow/example_dags/example_external_task_marker_dag.py
[2022-08-04 19:50:54,253] {logging_mixin.py:109} INFO - [2022-08-04 19:50:54,253] {dag.py:2398} INFO - Sync 2 DAGs
[2022-08-04 19:50:54,271] {logging_mixin.py:109} INFO - [2022-08-04 19:50:54,271] {dag.py:2937} INFO - Setting next_dagrun for example_external_task_marker_child to None
[2022-08-04 19:50:54,271] {logging_mixin.py:109} INFO - [2022-08-04 19:50:54,271] {dag.py:2937} INFO - Setting next_dagrun for example_external_task_marker_parent to None
[2022-08-04 19:50:54,283] {processor.py:171} INFO - Processing /home/airflow/.local/lib/python3.7/site-packages/airflow/example_dags/example_external_task_marker_dag.py took 0.084 seconds
[2022-08-04 19:51:24,605] {processor.py:163} INFO - Started process (PID=172) to work on /home/airflow/.local/lib/python3.7/site-packages/airflow/example_dags/example_external_task_marker_dag.py
[2022-08-04 19:51:24,607] {processor.py:642} INFO - Processing file /home/airflow/.local/lib/python3.7/site-packages/airflow/example_dags/example_external_task_marker_dag.py for tasks to queue
[2022-08-04 19:51:24,608] {logging_mixin.py:109} INFO - [2022-08-04 19:51:24,608] {dagbag.py:500} INFO - Filling up the DagBag from /home/airflow/.local/lib/python3.7/site-packages/airflow/example_dags/example_external_task_marker_dag.py
[2022-08-04 19:51:24,680] {processor.py:654} INFO - DAG(s) dict_keys(['example_external_task_marker_parent', 'example_external_task_marker_child']) retrieved from /home/airflow/.local/lib/python3.7/site-packages/airflow/example_dags/example_external_task_marker_dag.py
[2022-08-04 19:51:24,711] {logging_mixin.py:109} INFO - [2022-08-04 19:51:24,710] {dag.py:2398} INFO - Sync 2 DAGs
[2022-08-04 19:51:24,739] {logging_mixin.py:109} INFO - [2022-08-04 19:51:24,739] {dag.py:2937} INFO - Setting next_dagrun for example_external_task_marker_child to None
[2022-08-04 19:51:24,740] {logging_mixin.py:109} INFO - [2022-08-04 19:51:24,740] {dag.py:2937} INFO - Setting next_dagrun for example_external_task_marker_parent to None
[2022-08-04 19:51:24,758] {processor.py:171} INFO - Processing /home/airflow/.local/lib/python3.7/site-packages/airflow/example_dags/example_external_task_marker_dag.py took 0.163 seconds
[2022-08-04 19:51:56,335] {processor.py:163} INFO - Started process (PID=224) to work on /home/airflow/.local/lib/python3.7/site-packages/airflow/example_dags/example_external_task_marker_dag.py
[2022-08-04 19:51:56,338] {processor.py:642} INFO - Processing file /home/airflow/.local/lib/python3.7/site-packages/airflow/example_dags/example_external_task_marker_dag.py for tasks to queue
[2022-08-04 19:51:56,340] {logging_mixin.py:109} INFO - [2022-08-04 19:51:56,340] {dagbag.py:500} INFO - Filling up the DagBag from /home/airflow/.local/lib/python3.7/site-packages/airflow/example_dags/example_external_task_marker_dag.py
[2022-08-04 19:51:56,422] {processor.py:654} INFO - DAG(s) dict_keys(['example_external_task_marker_parent', 'example_external_task_marker_child']) retrieved from /home/airflow/.local/lib/python3.7/site-packages/airflow/example_dags/example_external_task_marker_dag.py
[2022-08-04 19:51:56,543] {logging_mixin.py:109} INFO - [2022-08-04 19:51:56,542] {dag.py:2398} INFO - Sync 2 DAGs
[2022-08-04 19:51:56,641] {logging_mixin.py:109} INFO - [2022-08-04 19:51:56,640] {dag.py:2937} INFO - Setting next_dagrun for example_external_task_marker_child to None
[2022-08-04 19:51:56,643] {logging_mixin.py:109} INFO - [2022-08-04 19:51:56,642] {dag.py:2937} INFO - Setting next_dagrun for example_external_task_marker_parent to None
[2022-08-04 19:51:56,689] {processor.py:171} INFO - Processing /home/airflow/.local/lib/python3.7/site-packages/airflow/example_dags/example_external_task_marker_dag.py took 0.360 seconds
[2022-08-04 19:52:28,903] {processor.py:163} INFO - Started process (PID=277) to work on /home/airflow/.local/lib/python3.7/site-packages/airflow/example_dags/example_external_task_marker_dag.py
[2022-08-04 19:52:28,906] {processor.py:642} INFO - Processing file /home/airflow/.local/lib/python3.7/site-packages/airflow/example_dags/example_external_task_marker_dag.py for tasks to queue
[2022-08-04 19:52:28,913] {logging_mixin.py:109} INFO - [2022-08-04 19:52:28,913] {dagbag.py:500} INFO - Filling up the DagBag from /home/airflow/.local/lib/python3.7/site-packages/airflow/example_dags/example_external_task_marker_dag.py
[2022-08-04 19:52:29,075] {processor.py:654} INFO - DAG(s) dict_keys(['example_external_task_marker_parent', 'example_external_task_marker_child']) retrieved from /home/airflow/.local/lib/python3.7/site-packages/airflow/example_dags/example_external_task_marker_dag.py
[2022-08-04 19:52:29,106] {logging_mixin.py:109} INFO - [2022-08-04 19:52:29,105] {dag.py:2398} INFO - Sync 2 DAGs
[2022-08-04 19:52:29,187] {logging_mixin.py:109} INFO - [2022-08-04 19:52:29,187] {dag.py:2937} INFO - Setting next_dagrun for example_external_task_marker_child to None
[2022-08-04 19:52:29,195] {logging_mixin.py:109} INFO - [2022-08-04 19:52:29,188] {dag.py:2937} INFO - Setting next_dagrun for example_external_task_marker_parent to None
[2022-08-04 19:52:29,238] {processor.py:171} INFO - Processing /home/airflow/.local/lib/python3.7/site-packages/airflow/example_dags/example_external_task_marker_dag.py took 0.343 seconds
[2022-08-04 19:53:00,732] {processor.py:163} INFO - Started process (PID=320) to work on /home/airflow/.local/lib/python3.7/site-packages/airflow/example_dags/example_external_task_marker_dag.py
[2022-08-04 19:53:00,735] {processor.py:642} INFO - Processing file /home/airflow/.local/lib/python3.7/site-packages/airflow/example_dags/example_external_task_marker_dag.py for tasks to queue
[2022-08-04 19:53:00,736] {logging_mixin.py:109} INFO - [2022-08-04 19:53:00,735] {dagbag.py:500} INFO - Filling up the DagBag from /home/airflow/.local/lib/python3.7/site-packages/airflow/example_dags/example_external_task_marker_dag.py
[2022-08-04 19:53:00,792] {processor.py:654} INFO - DAG(s) dict_keys(['example_external_task_marker_parent', 'example_external_task_marker_child']) retrieved from /home/airflow/.local/lib/python3.7/site-packages/airflow/example_dags/example_external_task_marker_dag.py
[2022-08-04 19:53:00,817] {logging_mixin.py:109} INFO - [2022-08-04 19:53:00,816] {dag.py:2398} INFO - Sync 2 DAGs
[2022-08-04 19:53:00,844] {logging_mixin.py:109} INFO - [2022-08-04 19:53:00,844] {dag.py:2937} INFO - Setting next_dagrun for example_external_task_marker_child to None
[2022-08-04 19:53:00,844] {logging_mixin.py:109} INFO - [2022-08-04 19:53:00,844] {dag.py:2937} INFO - Setting next_dagrun for example_external_task_marker_parent to None
[2022-08-04 19:53:00,862] {processor.py:171} INFO - Processing /home/airflow/.local/lib/python3.7/site-packages/airflow/example_dags/example_external_task_marker_dag.py took 0.136 seconds
[2022-08-04 19:58:54,045] {processor.py:163} INFO - Started process (PID=69) to work on /home/airflow/.local/lib/python3.7/site-packages/airflow/example_dags/example_external_task_marker_dag.py
[2022-08-04 19:58:54,049] {processor.py:642} INFO - Processing file /home/airflow/.local/lib/python3.7/site-packages/airflow/example_dags/example_external_task_marker_dag.py for tasks to queue
[2022-08-04 19:58:54,052] {logging_mixin.py:109} INFO - [2022-08-04 19:58:54,051] {dagbag.py:500} INFO - Filling up the DagBag from /home/airflow/.local/lib/python3.7/site-packages/airflow/example_dags/example_external_task_marker_dag.py
[2022-08-04 19:58:54,231] {processor.py:654} INFO - DAG(s) dict_keys(['example_external_task_marker_parent', 'example_external_task_marker_child']) retrieved from /home/airflow/.local/lib/python3.7/site-packages/airflow/example_dags/example_external_task_marker_dag.py
[2022-08-04 19:58:54,296] {logging_mixin.py:109} INFO - [2022-08-04 19:58:54,296] {dag.py:2398} INFO - Sync 2 DAGs
[2022-08-04 19:58:54,349] {logging_mixin.py:109} INFO - [2022-08-04 19:58:54,349] {dag.py:2937} INFO - Setting next_dagrun for example_external_task_marker_child to None
[2022-08-04 19:58:54,350] {logging_mixin.py:109} INFO - [2022-08-04 19:58:54,349] {dag.py:2937} INFO - Setting next_dagrun for example_external_task_marker_parent to None
[2022-08-04 19:58:54,385] {processor.py:171} INFO - Processing /home/airflow/.local/lib/python3.7/site-packages/airflow/example_dags/example_external_task_marker_dag.py took 0.352 seconds
[2022-08-04 19:59:24,864] {processor.py:163} INFO - Started process (PID=123) to work on /home/airflow/.local/lib/python3.7/site-packages/airflow/example_dags/example_external_task_marker_dag.py
[2022-08-04 19:59:24,867] {processor.py:642} INFO - Processing file /home/airflow/.local/lib/python3.7/site-packages/airflow/example_dags/example_external_task_marker_dag.py for tasks to queue
[2022-08-04 19:59:24,868] {logging_mixin.py:109} INFO - [2022-08-04 19:59:24,868] {dagbag.py:500} INFO - Filling up the DagBag from /home/airflow/.local/lib/python3.7/site-packages/airflow/example_dags/example_external_task_marker_dag.py
[2022-08-04 19:59:24,909] {processor.py:654} INFO - DAG(s) dict_keys(['example_external_task_marker_parent', 'example_external_task_marker_child']) retrieved from /home/airflow/.local/lib/python3.7/site-packages/airflow/example_dags/example_external_task_marker_dag.py
[2022-08-04 19:59:24,929] {logging_mixin.py:109} INFO - [2022-08-04 19:59:24,929] {dag.py:2398} INFO - Sync 2 DAGs
[2022-08-04 19:59:24,952] {logging_mixin.py:109} INFO - [2022-08-04 19:59:24,952] {dag.py:2937} INFO - Setting next_dagrun for example_external_task_marker_child to None
[2022-08-04 19:59:24,953] {logging_mixin.py:109} INFO - [2022-08-04 19:59:24,953] {dag.py:2937} INFO - Setting next_dagrun for example_external_task_marker_parent to None
[2022-08-04 19:59:24,970] {processor.py:171} INFO - Processing /home/airflow/.local/lib/python3.7/site-packages/airflow/example_dags/example_external_task_marker_dag.py took 0.109 seconds
[2022-08-04 19:59:55,937] {processor.py:163} INFO - Started process (PID=175) to work on /home/airflow/.local/lib/python3.7/site-packages/airflow/example_dags/example_external_task_marker_dag.py
[2022-08-04 19:59:55,939] {processor.py:642} INFO - Processing file /home/airflow/.local/lib/python3.7/site-packages/airflow/example_dags/example_external_task_marker_dag.py for tasks to queue
[2022-08-04 19:59:55,939] {logging_mixin.py:109} INFO - [2022-08-04 19:59:55,939] {dagbag.py:500} INFO - Filling up the DagBag from /home/airflow/.local/lib/python3.7/site-packages/airflow/example_dags/example_external_task_marker_dag.py
[2022-08-04 19:59:56,001] {processor.py:654} INFO - DAG(s) dict_keys(['example_external_task_marker_parent', 'example_external_task_marker_child']) retrieved from /home/airflow/.local/lib/python3.7/site-packages/airflow/example_dags/example_external_task_marker_dag.py
[2022-08-04 19:59:56,020] {logging_mixin.py:109} INFO - [2022-08-04 19:59:56,020] {dag.py:2398} INFO - Sync 2 DAGs
[2022-08-04 19:59:56,041] {logging_mixin.py:109} INFO - [2022-08-04 19:59:56,040] {dag.py:2937} INFO - Setting next_dagrun for example_external_task_marker_child to None
[2022-08-04 19:59:56,041] {logging_mixin.py:109} INFO - [2022-08-04 19:59:56,041] {dag.py:2937} INFO - Setting next_dagrun for example_external_task_marker_parent to None
[2022-08-04 19:59:56,054] {processor.py:171} INFO - Processing /home/airflow/.local/lib/python3.7/site-packages/airflow/example_dags/example_external_task_marker_dag.py took 0.136 seconds
[2022-08-04 20:00:36,772] {processor.py:163} INFO - Started process (PID=227) to work on /home/airflow/.local/lib/python3.7/site-packages/airflow/example_dags/example_external_task_marker_dag.py
[2022-08-04 20:00:36,775] {processor.py:642} INFO - Processing file /home/airflow/.local/lib/python3.7/site-packages/airflow/example_dags/example_external_task_marker_dag.py for tasks to queue
[2022-08-04 20:00:36,776] {logging_mixin.py:109} INFO - [2022-08-04 20:00:36,776] {dagbag.py:500} INFO - Filling up the DagBag from /home/airflow/.local/lib/python3.7/site-packages/airflow/example_dags/example_external_task_marker_dag.py
[2022-08-04 20:00:36,831] {processor.py:654} INFO - DAG(s) dict_keys(['example_external_task_marker_parent', 'example_external_task_marker_child']) retrieved from /home/airflow/.local/lib/python3.7/site-packages/airflow/example_dags/example_external_task_marker_dag.py
[2022-08-04 20:00:36,856] {logging_mixin.py:109} INFO - [2022-08-04 20:00:36,856] {dag.py:2398} INFO - Sync 2 DAGs
[2022-08-04 20:00:36,881] {logging_mixin.py:109} INFO - [2022-08-04 20:00:36,881] {dag.py:2937} INFO - Setting next_dagrun for example_external_task_marker_child to None
[2022-08-04 20:00:36,881] {logging_mixin.py:109} INFO - [2022-08-04 20:00:36,881] {dag.py:2937} INFO - Setting next_dagrun for example_external_task_marker_parent to None
[2022-08-04 20:00:36,896] {processor.py:171} INFO - Processing /home/airflow/.local/lib/python3.7/site-packages/airflow/example_dags/example_external_task_marker_dag.py took 0.128 seconds
[2022-08-04 20:01:09,225] {processor.py:163} INFO - Started process (PID=279) to work on /home/airflow/.local/lib/python3.7/site-packages/airflow/example_dags/example_external_task_marker_dag.py
[2022-08-04 20:01:09,228] {processor.py:642} INFO - Processing file /home/airflow/.local/lib/python3.7/site-packages/airflow/example_dags/example_external_task_marker_dag.py for tasks to queue
[2022-08-04 20:01:09,230] {logging_mixin.py:109} INFO - [2022-08-04 20:01:09,230] {dagbag.py:500} INFO - Filling up the DagBag from /home/airflow/.local/lib/python3.7/site-packages/airflow/example_dags/example_external_task_marker_dag.py
[2022-08-04 20:01:09,306] {processor.py:654} INFO - DAG(s) dict_keys(['example_external_task_marker_parent', 'example_external_task_marker_child']) retrieved from /home/airflow/.local/lib/python3.7/site-packages/airflow/example_dags/example_external_task_marker_dag.py
[2022-08-04 20:01:09,340] {logging_mixin.py:109} INFO - [2022-08-04 20:01:09,340] {dag.py:2398} INFO - Sync 2 DAGs
[2022-08-04 20:01:09,371] {logging_mixin.py:109} INFO - [2022-08-04 20:01:09,371] {dag.py:2937} INFO - Setting next_dagrun for example_external_task_marker_child to None
[2022-08-04 20:01:09,372] {logging_mixin.py:109} INFO - [2022-08-04 20:01:09,372] {dag.py:2937} INFO - Setting next_dagrun for example_external_task_marker_parent to None
[2022-08-04 20:01:09,388] {processor.py:171} INFO - Processing /home/airflow/.local/lib/python3.7/site-packages/airflow/example_dags/example_external_task_marker_dag.py took 0.170 seconds
[2022-08-04 20:01:42,329] {processor.py:163} INFO - Started process (PID=333) to work on /home/airflow/.local/lib/python3.7/site-packages/airflow/example_dags/example_external_task_marker_dag.py
[2022-08-04 20:01:42,333] {processor.py:642} INFO - Processing file /home/airflow/.local/lib/python3.7/site-packages/airflow/example_dags/example_external_task_marker_dag.py for tasks to queue
[2022-08-04 20:01:42,335] {logging_mixin.py:109} INFO - [2022-08-04 20:01:42,335] {dagbag.py:500} INFO - Filling up the DagBag from /home/airflow/.local/lib/python3.7/site-packages/airflow/example_dags/example_external_task_marker_dag.py
[2022-08-04 20:01:42,467] {processor.py:654} INFO - DAG(s) dict_keys(['example_external_task_marker_parent', 'example_external_task_marker_child']) retrieved from /home/airflow/.local/lib/python3.7/site-packages/airflow/example_dags/example_external_task_marker_dag.py
[2022-08-04 20:01:42,515] {logging_mixin.py:109} INFO - [2022-08-04 20:01:42,514] {dag.py:2398} INFO - Sync 2 DAGs
[2022-08-04 20:01:42,645] {logging_mixin.py:109} INFO - [2022-08-04 20:01:42,645] {dag.py:2937} INFO - Setting next_dagrun for example_external_task_marker_child to None
[2022-08-04 20:01:42,655] {logging_mixin.py:109} INFO - [2022-08-04 20:01:42,655] {dag.py:2937} INFO - Setting next_dagrun for example_external_task_marker_parent to None
[2022-08-04 20:01:42,751] {processor.py:171} INFO - Processing /home/airflow/.local/lib/python3.7/site-packages/airflow/example_dags/example_external_task_marker_dag.py took 0.429 seconds
[2022-08-04 20:02:13,181] {processor.py:163} INFO - Started process (PID=386) to work on /home/airflow/.local/lib/python3.7/site-packages/airflow/example_dags/example_external_task_marker_dag.py
[2022-08-04 20:02:13,188] {processor.py:642} INFO - Processing file /home/airflow/.local/lib/python3.7/site-packages/airflow/example_dags/example_external_task_marker_dag.py for tasks to queue
[2022-08-04 20:02:13,190] {logging_mixin.py:109} INFO - [2022-08-04 20:02:13,189] {dagbag.py:500} INFO - Filling up the DagBag from /home/airflow/.local/lib/python3.7/site-packages/airflow/example_dags/example_external_task_marker_dag.py
[2022-08-04 20:02:13,306] {processor.py:654} INFO - DAG(s) dict_keys(['example_external_task_marker_parent', 'example_external_task_marker_child']) retrieved from /home/airflow/.local/lib/python3.7/site-packages/airflow/example_dags/example_external_task_marker_dag.py
[2022-08-04 20:02:13,350] {logging_mixin.py:109} INFO - [2022-08-04 20:02:13,350] {dag.py:2398} INFO - Sync 2 DAGs
[2022-08-04 20:02:13,405] {logging_mixin.py:109} INFO - [2022-08-04 20:02:13,405] {dag.py:2937} INFO - Setting next_dagrun for example_external_task_marker_child to None
[2022-08-04 20:02:13,405] {logging_mixin.py:109} INFO - [2022-08-04 20:02:13,405] {dag.py:2937} INFO - Setting next_dagrun for example_external_task_marker_parent to None
[2022-08-04 20:02:13,444] {processor.py:171} INFO - Processing /home/airflow/.local/lib/python3.7/site-packages/airflow/example_dags/example_external_task_marker_dag.py took 0.272 seconds
[2022-08-04 20:02:45,192] {processor.py:163} INFO - Started process (PID=428) to work on /home/airflow/.local/lib/python3.7/site-packages/airflow/example_dags/example_external_task_marker_dag.py
[2022-08-04 20:02:45,194] {processor.py:642} INFO - Processing file /home/airflow/.local/lib/python3.7/site-packages/airflow/example_dags/example_external_task_marker_dag.py for tasks to queue
[2022-08-04 20:02:45,195] {logging_mixin.py:109} INFO - [2022-08-04 20:02:45,195] {dagbag.py:500} INFO - Filling up the DagBag from /home/airflow/.local/lib/python3.7/site-packages/airflow/example_dags/example_external_task_marker_dag.py
[2022-08-04 20:02:45,254] {processor.py:654} INFO - DAG(s) dict_keys(['example_external_task_marker_parent', 'example_external_task_marker_child']) retrieved from /home/airflow/.local/lib/python3.7/site-packages/airflow/example_dags/example_external_task_marker_dag.py
[2022-08-04 20:02:45,277] {logging_mixin.py:109} INFO - [2022-08-04 20:02:45,277] {dag.py:2398} INFO - Sync 2 DAGs
[2022-08-04 20:02:45,305] {logging_mixin.py:109} INFO - [2022-08-04 20:02:45,305] {dag.py:2937} INFO - Setting next_dagrun for example_external_task_marker_child to None
[2022-08-04 20:02:45,306] {logging_mixin.py:109} INFO - [2022-08-04 20:02:45,306] {dag.py:2937} INFO - Setting next_dagrun for example_external_task_marker_parent to None
[2022-08-04 20:02:45,323] {processor.py:171} INFO - Processing /home/airflow/.local/lib/python3.7/site-packages/airflow/example_dags/example_external_task_marker_dag.py took 0.137 seconds
[2022-08-04 20:03:22,730] {processor.py:163} INFO - Started process (PID=483) to work on /home/airflow/.local/lib/python3.7/site-packages/airflow/example_dags/example_external_task_marker_dag.py
[2022-08-04 20:03:22,733] {processor.py:642} INFO - Processing file /home/airflow/.local/lib/python3.7/site-packages/airflow/example_dags/example_external_task_marker_dag.py for tasks to queue
[2022-08-04 20:03:22,734] {logging_mixin.py:109} INFO - [2022-08-04 20:03:22,734] {dagbag.py:500} INFO - Filling up the DagBag from /home/airflow/.local/lib/python3.7/site-packages/airflow/example_dags/example_external_task_marker_dag.py
[2022-08-04 20:03:22,814] {processor.py:654} INFO - DAG(s) dict_keys(['example_external_task_marker_parent', 'example_external_task_marker_child']) retrieved from /home/airflow/.local/lib/python3.7/site-packages/airflow/example_dags/example_external_task_marker_dag.py
[2022-08-04 20:03:22,845] {logging_mixin.py:109} INFO - [2022-08-04 20:03:22,845] {dag.py:2398} INFO - Sync 2 DAGs
[2022-08-04 20:03:22,883] {logging_mixin.py:109} INFO - [2022-08-04 20:03:22,883] {dag.py:2937} INFO - Setting next_dagrun for example_external_task_marker_child to None
[2022-08-04 20:03:22,884] {logging_mixin.py:109} INFO - [2022-08-04 20:03:22,884] {dag.py:2937} INFO - Setting next_dagrun for example_external_task_marker_parent to None
[2022-08-04 20:03:22,905] {processor.py:171} INFO - Processing /home/airflow/.local/lib/python3.7/site-packages/airflow/example_dags/example_external_task_marker_dag.py took 0.182 seconds
[2022-08-04 20:03:56,439] {processor.py:163} INFO - Started process (PID=539) to work on /home/airflow/.local/lib/python3.7/site-packages/airflow/example_dags/example_external_task_marker_dag.py
[2022-08-04 20:03:56,443] {processor.py:642} INFO - Processing file /home/airflow/.local/lib/python3.7/site-packages/airflow/example_dags/example_external_task_marker_dag.py for tasks to queue
[2022-08-04 20:03:56,445] {logging_mixin.py:109} INFO - [2022-08-04 20:03:56,445] {dagbag.py:500} INFO - Filling up the DagBag from /home/airflow/.local/lib/python3.7/site-packages/airflow/example_dags/example_external_task_marker_dag.py
[2022-08-04 20:03:56,522] {processor.py:654} INFO - DAG(s) dict_keys(['example_external_task_marker_parent', 'example_external_task_marker_child']) retrieved from /home/airflow/.local/lib/python3.7/site-packages/airflow/example_dags/example_external_task_marker_dag.py
[2022-08-04 20:03:56,555] {logging_mixin.py:109} INFO - [2022-08-04 20:03:56,555] {dag.py:2398} INFO - Sync 2 DAGs
[2022-08-04 20:03:56,595] {logging_mixin.py:109} INFO - [2022-08-04 20:03:56,595] {dag.py:2937} INFO - Setting next_dagrun for example_external_task_marker_child to None
[2022-08-04 20:03:56,596] {logging_mixin.py:109} INFO - [2022-08-04 20:03:56,596] {dag.py:2937} INFO - Setting next_dagrun for example_external_task_marker_parent to None
[2022-08-04 20:03:56,629] {processor.py:171} INFO - Processing /home/airflow/.local/lib/python3.7/site-packages/airflow/example_dags/example_external_task_marker_dag.py took 0.197 seconds
[2022-08-04 20:04:27,122] {processor.py:163} INFO - Started process (PID=591) to work on /home/airflow/.local/lib/python3.7/site-packages/airflow/example_dags/example_external_task_marker_dag.py
[2022-08-04 20:04:27,125] {processor.py:642} INFO - Processing file /home/airflow/.local/lib/python3.7/site-packages/airflow/example_dags/example_external_task_marker_dag.py for tasks to queue
[2022-08-04 20:04:27,127] {logging_mixin.py:109} INFO - [2022-08-04 20:04:27,127] {dagbag.py:500} INFO - Filling up the DagBag from /home/airflow/.local/lib/python3.7/site-packages/airflow/example_dags/example_external_task_marker_dag.py
[2022-08-04 20:04:27,201] {processor.py:654} INFO - DAG(s) dict_keys(['example_external_task_marker_parent', 'example_external_task_marker_child']) retrieved from /home/airflow/.local/lib/python3.7/site-packages/airflow/example_dags/example_external_task_marker_dag.py
[2022-08-04 20:04:27,228] {logging_mixin.py:109} INFO - [2022-08-04 20:04:27,228] {dag.py:2398} INFO - Sync 2 DAGs
[2022-08-04 20:04:27,263] {logging_mixin.py:109} INFO - [2022-08-04 20:04:27,263] {dag.py:2937} INFO - Setting next_dagrun for example_external_task_marker_child to None
[2022-08-04 20:04:27,264] {logging_mixin.py:109} INFO - [2022-08-04 20:04:27,264] {dag.py:2937} INFO - Setting next_dagrun for example_external_task_marker_parent to None
[2022-08-04 20:04:27,284] {processor.py:171} INFO - Processing /home/airflow/.local/lib/python3.7/site-packages/airflow/example_dags/example_external_task_marker_dag.py took 0.171 seconds
[2022-08-04 20:05:01,250] {processor.py:163} INFO - Started process (PID=648) to work on /home/airflow/.local/lib/python3.7/site-packages/airflow/example_dags/example_external_task_marker_dag.py
[2022-08-04 20:05:01,253] {processor.py:642} INFO - Processing file /home/airflow/.local/lib/python3.7/site-packages/airflow/example_dags/example_external_task_marker_dag.py for tasks to queue
[2022-08-04 20:05:01,255] {logging_mixin.py:109} INFO - [2022-08-04 20:05:01,254] {dagbag.py:500} INFO - Filling up the DagBag from /home/airflow/.local/lib/python3.7/site-packages/airflow/example_dags/example_external_task_marker_dag.py
[2022-08-04 20:05:01,346] {processor.py:654} INFO - DAG(s) dict_keys(['example_external_task_marker_parent', 'example_external_task_marker_child']) retrieved from /home/airflow/.local/lib/python3.7/site-packages/airflow/example_dags/example_external_task_marker_dag.py
[2022-08-04 20:05:01,386] {logging_mixin.py:109} INFO - [2022-08-04 20:05:01,385] {dag.py:2398} INFO - Sync 2 DAGs
[2022-08-04 20:05:01,426] {logging_mixin.py:109} INFO - [2022-08-04 20:05:01,426] {dag.py:2937} INFO - Setting next_dagrun for example_external_task_marker_child to None
[2022-08-04 20:05:01,427] {logging_mixin.py:109} INFO - [2022-08-04 20:05:01,427] {dag.py:2937} INFO - Setting next_dagrun for example_external_task_marker_parent to None
[2022-08-04 20:05:01,447] {processor.py:171} INFO - Processing /home/airflow/.local/lib/python3.7/site-packages/airflow/example_dags/example_external_task_marker_dag.py took 0.204 seconds
[2022-08-04 20:05:32,150] {processor.py:163} INFO - Started process (PID=690) to work on /home/airflow/.local/lib/python3.7/site-packages/airflow/example_dags/example_external_task_marker_dag.py
[2022-08-04 20:05:32,153] {processor.py:642} INFO - Processing file /home/airflow/.local/lib/python3.7/site-packages/airflow/example_dags/example_external_task_marker_dag.py for tasks to queue
[2022-08-04 20:05:32,154] {logging_mixin.py:109} INFO - [2022-08-04 20:05:32,154] {dagbag.py:500} INFO - Filling up the DagBag from /home/airflow/.local/lib/python3.7/site-packages/airflow/example_dags/example_external_task_marker_dag.py
[2022-08-04 20:05:32,266] {processor.py:654} INFO - DAG(s) dict_keys(['example_external_task_marker_parent', 'example_external_task_marker_child']) retrieved from /home/airflow/.local/lib/python3.7/site-packages/airflow/example_dags/example_external_task_marker_dag.py
[2022-08-04 20:05:32,327] {logging_mixin.py:109} INFO - [2022-08-04 20:05:32,327] {dag.py:2398} INFO - Sync 2 DAGs
[2022-08-04 20:05:32,358] {logging_mixin.py:109} INFO - [2022-08-04 20:05:32,357] {dag.py:2937} INFO - Setting next_dagrun for example_external_task_marker_child to None
[2022-08-04 20:05:32,358] {logging_mixin.py:109} INFO - [2022-08-04 20:05:32,358] {dag.py:2937} INFO - Setting next_dagrun for example_external_task_marker_parent to None
[2022-08-04 20:05:32,372] {processor.py:171} INFO - Processing /home/airflow/.local/lib/python3.7/site-packages/airflow/example_dags/example_external_task_marker_dag.py took 0.228 seconds
[2022-08-04 20:06:14,354] {processor.py:163} INFO - Started process (PID=743) to work on /home/airflow/.local/lib/python3.7/site-packages/airflow/example_dags/example_external_task_marker_dag.py
[2022-08-04 20:06:14,361] {processor.py:642} INFO - Processing file /home/airflow/.local/lib/python3.7/site-packages/airflow/example_dags/example_external_task_marker_dag.py for tasks to queue
[2022-08-04 20:06:14,364] {logging_mixin.py:109} INFO - [2022-08-04 20:06:14,364] {dagbag.py:500} INFO - Filling up the DagBag from /home/airflow/.local/lib/python3.7/site-packages/airflow/example_dags/example_external_task_marker_dag.py
[2022-08-04 20:06:14,576] {processor.py:654} INFO - DAG(s) dict_keys(['example_external_task_marker_parent', 'example_external_task_marker_child']) retrieved from /home/airflow/.local/lib/python3.7/site-packages/airflow/example_dags/example_external_task_marker_dag.py
[2022-08-04 20:06:14,613] {logging_mixin.py:109} INFO - [2022-08-04 20:06:14,613] {dag.py:2398} INFO - Sync 2 DAGs
[2022-08-04 20:06:14,652] {logging_mixin.py:109} INFO - [2022-08-04 20:06:14,651] {dag.py:2937} INFO - Setting next_dagrun for example_external_task_marker_child to None
[2022-08-04 20:06:14,652] {logging_mixin.py:109} INFO - [2022-08-04 20:06:14,652] {dag.py:2937} INFO - Setting next_dagrun for example_external_task_marker_parent to None
[2022-08-04 20:06:14,672] {processor.py:171} INFO - Processing /home/airflow/.local/lib/python3.7/site-packages/airflow/example_dags/example_external_task_marker_dag.py took 0.371 seconds
[2022-08-04 20:06:50,182] {processor.py:163} INFO - Started process (PID=796) to work on /home/airflow/.local/lib/python3.7/site-packages/airflow/example_dags/example_external_task_marker_dag.py
[2022-08-04 20:06:50,217] {processor.py:642} INFO - Processing file /home/airflow/.local/lib/python3.7/site-packages/airflow/example_dags/example_external_task_marker_dag.py for tasks to queue
[2022-08-04 20:06:50,230] {logging_mixin.py:109} INFO - [2022-08-04 20:06:50,230] {dagbag.py:500} INFO - Filling up the DagBag from /home/airflow/.local/lib/python3.7/site-packages/airflow/example_dags/example_external_task_marker_dag.py
[2022-08-04 20:06:50,393] {processor.py:654} INFO - DAG(s) dict_keys(['example_external_task_marker_parent', 'example_external_task_marker_child']) retrieved from /home/airflow/.local/lib/python3.7/site-packages/airflow/example_dags/example_external_task_marker_dag.py
[2022-08-04 20:06:50,422] {logging_mixin.py:109} INFO - [2022-08-04 20:06:50,422] {dag.py:2398} INFO - Sync 2 DAGs
[2022-08-04 20:06:50,460] {logging_mixin.py:109} INFO - [2022-08-04 20:06:50,460] {dag.py:2937} INFO - Setting next_dagrun for example_external_task_marker_child to None
[2022-08-04 20:06:50,461] {logging_mixin.py:109} INFO - [2022-08-04 20:06:50,461] {dag.py:2937} INFO - Setting next_dagrun for example_external_task_marker_parent to None
[2022-08-04 20:06:50,488] {processor.py:171} INFO - Processing /home/airflow/.local/lib/python3.7/site-packages/airflow/example_dags/example_external_task_marker_dag.py took 0.333 seconds
[2022-08-04 20:07:20,580] {processor.py:163} INFO - Started process (PID=848) to work on /home/airflow/.local/lib/python3.7/site-packages/airflow/example_dags/example_external_task_marker_dag.py
[2022-08-04 20:07:20,586] {processor.py:642} INFO - Processing file /home/airflow/.local/lib/python3.7/site-packages/airflow/example_dags/example_external_task_marker_dag.py for tasks to queue
[2022-08-04 20:07:20,589] {logging_mixin.py:109} INFO - [2022-08-04 20:07:20,587] {dagbag.py:500} INFO - Filling up the DagBag from /home/airflow/.local/lib/python3.7/site-packages/airflow/example_dags/example_external_task_marker_dag.py
[2022-08-04 20:07:20,686] {processor.py:654} INFO - DAG(s) dict_keys(['example_external_task_marker_parent', 'example_external_task_marker_child']) retrieved from /home/airflow/.local/lib/python3.7/site-packages/airflow/example_dags/example_external_task_marker_dag.py
[2022-08-04 20:07:20,720] {logging_mixin.py:109} INFO - [2022-08-04 20:07:20,720] {dag.py:2398} INFO - Sync 2 DAGs
[2022-08-04 20:07:20,776] {logging_mixin.py:109} INFO - [2022-08-04 20:07:20,776] {dag.py:2937} INFO - Setting next_dagrun for example_external_task_marker_child to None
[2022-08-04 20:07:20,777] {logging_mixin.py:109} INFO - [2022-08-04 20:07:20,777] {dag.py:2937} INFO - Setting next_dagrun for example_external_task_marker_parent to None
[2022-08-04 20:07:20,804] {processor.py:171} INFO - Processing /home/airflow/.local/lib/python3.7/site-packages/airflow/example_dags/example_external_task_marker_dag.py took 0.233 seconds
[2022-08-04 20:07:51,299] {processor.py:163} INFO - Started process (PID=890) to work on /home/airflow/.local/lib/python3.7/site-packages/airflow/example_dags/example_external_task_marker_dag.py
[2022-08-04 20:07:51,302] {processor.py:642} INFO - Processing file /home/airflow/.local/lib/python3.7/site-packages/airflow/example_dags/example_external_task_marker_dag.py for tasks to queue
[2022-08-04 20:07:51,304] {logging_mixin.py:109} INFO - [2022-08-04 20:07:51,303] {dagbag.py:500} INFO - Filling up the DagBag from /home/airflow/.local/lib/python3.7/site-packages/airflow/example_dags/example_external_task_marker_dag.py
[2022-08-04 20:07:51,477] {processor.py:654} INFO - DAG(s) dict_keys(['example_external_task_marker_parent', 'example_external_task_marker_child']) retrieved from /home/airflow/.local/lib/python3.7/site-packages/airflow/example_dags/example_external_task_marker_dag.py
[2022-08-04 20:07:51,536] {logging_mixin.py:109} INFO - [2022-08-04 20:07:51,536] {dag.py:2398} INFO - Sync 2 DAGs
[2022-08-04 20:07:51,618] {logging_mixin.py:109} INFO - [2022-08-04 20:07:51,616] {dag.py:2937} INFO - Setting next_dagrun for example_external_task_marker_child to None
[2022-08-04 20:07:51,620] {logging_mixin.py:109} INFO - [2022-08-04 20:07:51,620] {dag.py:2937} INFO - Setting next_dagrun for example_external_task_marker_parent to None
[2022-08-04 20:07:51,739] {processor.py:171} INFO - Processing /home/airflow/.local/lib/python3.7/site-packages/airflow/example_dags/example_external_task_marker_dag.py took 0.447 seconds
[2022-08-04 20:08:22,650] {processor.py:163} INFO - Started process (PID=944) to work on /home/airflow/.local/lib/python3.7/site-packages/airflow/example_dags/example_external_task_marker_dag.py
[2022-08-04 20:08:22,655] {processor.py:642} INFO - Processing file /home/airflow/.local/lib/python3.7/site-packages/airflow/example_dags/example_external_task_marker_dag.py for tasks to queue
[2022-08-04 20:08:22,656] {logging_mixin.py:109} INFO - [2022-08-04 20:08:22,656] {dagbag.py:500} INFO - Filling up the DagBag from /home/airflow/.local/lib/python3.7/site-packages/airflow/example_dags/example_external_task_marker_dag.py
[2022-08-04 20:08:24,254] {processor.py:654} INFO - DAG(s) dict_keys(['example_external_task_marker_parent', 'example_external_task_marker_child']) retrieved from /home/airflow/.local/lib/python3.7/site-packages/airflow/example_dags/example_external_task_marker_dag.py
[2022-08-04 20:08:24,301] {logging_mixin.py:109} INFO - [2022-08-04 20:08:24,301] {dag.py:2398} INFO - Sync 2 DAGs
[2022-08-04 20:08:24,362] {logging_mixin.py:109} INFO - [2022-08-04 20:08:24,362] {dag.py:2937} INFO - Setting next_dagrun for example_external_task_marker_child to None
[2022-08-04 20:08:24,363] {logging_mixin.py:109} INFO - [2022-08-04 20:08:24,363] {dag.py:2937} INFO - Setting next_dagrun for example_external_task_marker_parent to None
[2022-08-04 20:08:24,405] {processor.py:171} INFO - Processing /home/airflow/.local/lib/python3.7/site-packages/airflow/example_dags/example_external_task_marker_dag.py took 1.763 seconds
[2022-08-04 20:08:54,648] {processor.py:163} INFO - Started process (PID=986) to work on /home/airflow/.local/lib/python3.7/site-packages/airflow/example_dags/example_external_task_marker_dag.py
[2022-08-04 20:08:54,650] {processor.py:642} INFO - Processing file /home/airflow/.local/lib/python3.7/site-packages/airflow/example_dags/example_external_task_marker_dag.py for tasks to queue
[2022-08-04 20:08:54,652] {logging_mixin.py:109} INFO - [2022-08-04 20:08:54,651] {dagbag.py:500} INFO - Filling up the DagBag from /home/airflow/.local/lib/python3.7/site-packages/airflow/example_dags/example_external_task_marker_dag.py
[2022-08-04 20:08:54,706] {processor.py:654} INFO - DAG(s) dict_keys(['example_external_task_marker_parent', 'example_external_task_marker_child']) retrieved from /home/airflow/.local/lib/python3.7/site-packages/airflow/example_dags/example_external_task_marker_dag.py
[2022-08-04 20:08:54,730] {logging_mixin.py:109} INFO - [2022-08-04 20:08:54,730] {dag.py:2398} INFO - Sync 2 DAGs
[2022-08-04 20:08:54,755] {logging_mixin.py:109} INFO - [2022-08-04 20:08:54,755] {dag.py:2937} INFO - Setting next_dagrun for example_external_task_marker_child to None
[2022-08-04 20:08:54,756] {logging_mixin.py:109} INFO - [2022-08-04 20:08:54,755] {dag.py:2937} INFO - Setting next_dagrun for example_external_task_marker_parent to None
[2022-08-04 20:08:54,770] {processor.py:171} INFO - Processing /home/airflow/.local/lib/python3.7/site-packages/airflow/example_dags/example_external_task_marker_dag.py took 0.128 seconds
[2022-08-04 20:09:25,261] {processor.py:163} INFO - Started process (PID=1039) to work on /home/airflow/.local/lib/python3.7/site-packages/airflow/example_dags/example_external_task_marker_dag.py
[2022-08-04 20:09:25,263] {processor.py:642} INFO - Processing file /home/airflow/.local/lib/python3.7/site-packages/airflow/example_dags/example_external_task_marker_dag.py for tasks to queue
[2022-08-04 20:09:25,264] {logging_mixin.py:109} INFO - [2022-08-04 20:09:25,264] {dagbag.py:500} INFO - Filling up the DagBag from /home/airflow/.local/lib/python3.7/site-packages/airflow/example_dags/example_external_task_marker_dag.py
[2022-08-04 20:09:25,335] {processor.py:654} INFO - DAG(s) dict_keys(['example_external_task_marker_parent', 'example_external_task_marker_child']) retrieved from /home/airflow/.local/lib/python3.7/site-packages/airflow/example_dags/example_external_task_marker_dag.py
[2022-08-04 20:09:25,366] {logging_mixin.py:109} INFO - [2022-08-04 20:09:25,366] {dag.py:2398} INFO - Sync 2 DAGs
[2022-08-04 20:09:25,402] {logging_mixin.py:109} INFO - [2022-08-04 20:09:25,402] {dag.py:2937} INFO - Setting next_dagrun for example_external_task_marker_child to None
[2022-08-04 20:09:25,402] {logging_mixin.py:109} INFO - [2022-08-04 20:09:25,402] {dag.py:2937} INFO - Setting next_dagrun for example_external_task_marker_parent to None
[2022-08-04 20:09:25,423] {processor.py:171} INFO - Processing /home/airflow/.local/lib/python3.7/site-packages/airflow/example_dags/example_external_task_marker_dag.py took 0.167 seconds
[2022-08-04 20:10:02,926] {processor.py:163} INFO - Started process (PID=1092) to work on /home/airflow/.local/lib/python3.7/site-packages/airflow/example_dags/example_external_task_marker_dag.py
[2022-08-04 20:10:02,929] {processor.py:642} INFO - Processing file /home/airflow/.local/lib/python3.7/site-packages/airflow/example_dags/example_external_task_marker_dag.py for tasks to queue
[2022-08-04 20:10:02,930] {logging_mixin.py:109} INFO - [2022-08-04 20:10:02,930] {dagbag.py:500} INFO - Filling up the DagBag from /home/airflow/.local/lib/python3.7/site-packages/airflow/example_dags/example_external_task_marker_dag.py
[2022-08-04 20:10:02,994] {processor.py:654} INFO - DAG(s) dict_keys(['example_external_task_marker_parent', 'example_external_task_marker_child']) retrieved from /home/airflow/.local/lib/python3.7/site-packages/airflow/example_dags/example_external_task_marker_dag.py
[2022-08-04 20:10:03,026] {logging_mixin.py:109} INFO - [2022-08-04 20:10:03,026] {dag.py:2398} INFO - Sync 2 DAGs
[2022-08-04 20:10:03,067] {logging_mixin.py:109} INFO - [2022-08-04 20:10:03,067] {dag.py:2937} INFO - Setting next_dagrun for example_external_task_marker_child to None
[2022-08-04 20:10:03,068] {logging_mixin.py:109} INFO - [2022-08-04 20:10:03,068] {dag.py:2937} INFO - Setting next_dagrun for example_external_task_marker_parent to None
[2022-08-04 20:10:03,092] {processor.py:171} INFO - Processing /home/airflow/.local/lib/python3.7/site-packages/airflow/example_dags/example_external_task_marker_dag.py took 0.174 seconds
[2022-08-04 20:10:33,857] {processor.py:163} INFO - Started process (PID=1144) to work on /home/airflow/.local/lib/python3.7/site-packages/airflow/example_dags/example_external_task_marker_dag.py
[2022-08-04 20:10:33,861] {processor.py:642} INFO - Processing file /home/airflow/.local/lib/python3.7/site-packages/airflow/example_dags/example_external_task_marker_dag.py for tasks to queue
[2022-08-04 20:10:33,862] {logging_mixin.py:109} INFO - [2022-08-04 20:10:33,862] {dagbag.py:500} INFO - Filling up the DagBag from /home/airflow/.local/lib/python3.7/site-packages/airflow/example_dags/example_external_task_marker_dag.py
[2022-08-04 20:10:34,151] {processor.py:654} INFO - DAG(s) dict_keys(['example_external_task_marker_parent', 'example_external_task_marker_child']) retrieved from /home/airflow/.local/lib/python3.7/site-packages/airflow/example_dags/example_external_task_marker_dag.py
[2022-08-04 20:10:34,313] {logging_mixin.py:109} INFO - [2022-08-04 20:10:34,312] {dag.py:2398} INFO - Sync 2 DAGs
[2022-08-04 20:10:34,409] {logging_mixin.py:109} INFO - [2022-08-04 20:10:34,406] {dag.py:2937} INFO - Setting next_dagrun for example_external_task_marker_child to None
[2022-08-04 20:10:34,412] {logging_mixin.py:109} INFO - [2022-08-04 20:10:34,412] {dag.py:2937} INFO - Setting next_dagrun for example_external_task_marker_parent to None
[2022-08-04 20:10:34,481] {processor.py:171} INFO - Processing /home/airflow/.local/lib/python3.7/site-packages/airflow/example_dags/example_external_task_marker_dag.py took 0.633 seconds
[2022-08-04 20:11:04,867] {processor.py:163} INFO - Started process (PID=1186) to work on /home/airflow/.local/lib/python3.7/site-packages/airflow/example_dags/example_external_task_marker_dag.py
[2022-08-04 20:11:04,872] {processor.py:642} INFO - Processing file /home/airflow/.local/lib/python3.7/site-packages/airflow/example_dags/example_external_task_marker_dag.py for tasks to queue
[2022-08-04 20:11:04,874] {logging_mixin.py:109} INFO - [2022-08-04 20:11:04,873] {dagbag.py:500} INFO - Filling up the DagBag from /home/airflow/.local/lib/python3.7/site-packages/airflow/example_dags/example_external_task_marker_dag.py
[2022-08-04 20:11:05,010] {processor.py:654} INFO - DAG(s) dict_keys(['example_external_task_marker_parent', 'example_external_task_marker_child']) retrieved from /home/airflow/.local/lib/python3.7/site-packages/airflow/example_dags/example_external_task_marker_dag.py
[2022-08-04 20:11:05,049] {logging_mixin.py:109} INFO - [2022-08-04 20:11:05,048] {dag.py:2398} INFO - Sync 2 DAGs
[2022-08-04 20:11:05,091] {logging_mixin.py:109} INFO - [2022-08-04 20:11:05,091] {dag.py:2937} INFO - Setting next_dagrun for example_external_task_marker_child to None
[2022-08-04 20:11:05,092] {logging_mixin.py:109} INFO - [2022-08-04 20:11:05,092] {dag.py:2937} INFO - Setting next_dagrun for example_external_task_marker_parent to None
[2022-08-04 20:11:05,113] {processor.py:171} INFO - Processing /home/airflow/.local/lib/python3.7/site-packages/airflow/example_dags/example_external_task_marker_dag.py took 0.256 seconds
