[2022-08-04 19:50:21,339] {processor.py:163} INFO - Started process (PID=61) to work on /home/airflow/.local/lib/python3.7/site-packages/airflow/example_dags/example_bash_operator.py
[2022-08-04 19:50:21,342] {processor.py:642} INFO - Processing file /home/airflow/.local/lib/python3.7/site-packages/airflow/example_dags/example_bash_operator.py for tasks to queue
[2022-08-04 19:50:21,343] {logging_mixin.py:109} INFO - [2022-08-04 19:50:21,343] {dagbag.py:500} INFO - Filling up the DagBag from /home/airflow/.local/lib/python3.7/site-packages/airflow/example_dags/example_bash_operator.py
[2022-08-04 19:50:21,406] {processor.py:654} INFO - DAG(s) dict_keys(['example_bash_operator']) retrieved from /home/airflow/.local/lib/python3.7/site-packages/airflow/example_dags/example_bash_operator.py
[2022-08-04 19:50:21,422] {logging_mixin.py:109} INFO - [2022-08-04 19:50:21,421] {dag.py:2398} INFO - Sync 1 DAGs
[2022-08-04 19:50:21,447] {logging_mixin.py:109} INFO - [2022-08-04 19:50:21,447] {dag.py:2937} INFO - Setting next_dagrun for example_bash_operator to 2022-08-03 00:00:00+00:00
[2022-08-04 19:50:21,464] {processor.py:171} INFO - Processing /home/airflow/.local/lib/python3.7/site-packages/airflow/example_dags/example_bash_operator.py took 0.131 seconds
[2022-08-04 19:50:52,232] {processor.py:163} INFO - Started process (PID=112) to work on /home/airflow/.local/lib/python3.7/site-packages/airflow/example_dags/example_bash_operator.py
[2022-08-04 19:50:52,240] {processor.py:642} INFO - Processing file /home/airflow/.local/lib/python3.7/site-packages/airflow/example_dags/example_bash_operator.py for tasks to queue
[2022-08-04 19:50:52,241] {logging_mixin.py:109} INFO - [2022-08-04 19:50:52,241] {dagbag.py:500} INFO - Filling up the DagBag from /home/airflow/.local/lib/python3.7/site-packages/airflow/example_dags/example_bash_operator.py
[2022-08-04 19:50:52,375] {processor.py:654} INFO - DAG(s) dict_keys(['example_bash_operator']) retrieved from /home/airflow/.local/lib/python3.7/site-packages/airflow/example_dags/example_bash_operator.py
[2022-08-04 19:50:52,402] {logging_mixin.py:109} INFO - [2022-08-04 19:50:52,402] {dag.py:2398} INFO - Sync 1 DAGs
[2022-08-04 19:50:52,473] {logging_mixin.py:109} INFO - [2022-08-04 19:50:52,472] {dag.py:2937} INFO - Setting next_dagrun for example_bash_operator to 2022-08-03 00:00:00+00:00
[2022-08-04 19:50:52,491] {processor.py:171} INFO - Processing /home/airflow/.local/lib/python3.7/site-packages/airflow/example_dags/example_bash_operator.py took 0.266 seconds
[2022-08-04 19:51:23,086] {processor.py:163} INFO - Started process (PID=164) to work on /home/airflow/.local/lib/python3.7/site-packages/airflow/example_dags/example_bash_operator.py
[2022-08-04 19:51:23,088] {processor.py:642} INFO - Processing file /home/airflow/.local/lib/python3.7/site-packages/airflow/example_dags/example_bash_operator.py for tasks to queue
[2022-08-04 19:51:23,089] {logging_mixin.py:109} INFO - [2022-08-04 19:51:23,089] {dagbag.py:500} INFO - Filling up the DagBag from /home/airflow/.local/lib/python3.7/site-packages/airflow/example_dags/example_bash_operator.py
[2022-08-04 19:51:23,223] {processor.py:654} INFO - DAG(s) dict_keys(['example_bash_operator']) retrieved from /home/airflow/.local/lib/python3.7/site-packages/airflow/example_dags/example_bash_operator.py
[2022-08-04 19:51:23,252] {logging_mixin.py:109} INFO - [2022-08-04 19:51:23,252] {dag.py:2398} INFO - Sync 1 DAGs
[2022-08-04 19:51:23,302] {logging_mixin.py:109} INFO - [2022-08-04 19:51:23,302] {dag.py:2937} INFO - Setting next_dagrun for example_bash_operator to 2022-08-03 00:00:00+00:00
[2022-08-04 19:51:23,321] {processor.py:171} INFO - Processing /home/airflow/.local/lib/python3.7/site-packages/airflow/example_dags/example_bash_operator.py took 0.241 seconds
[2022-08-04 19:51:55,184] {processor.py:163} INFO - Started process (PID=216) to work on /home/airflow/.local/lib/python3.7/site-packages/airflow/example_dags/example_bash_operator.py
[2022-08-04 19:51:55,185] {processor.py:642} INFO - Processing file /home/airflow/.local/lib/python3.7/site-packages/airflow/example_dags/example_bash_operator.py for tasks to queue
[2022-08-04 19:51:55,187] {logging_mixin.py:109} INFO - [2022-08-04 19:51:55,186] {dagbag.py:500} INFO - Filling up the DagBag from /home/airflow/.local/lib/python3.7/site-packages/airflow/example_dags/example_bash_operator.py
[2022-08-04 19:51:55,258] {processor.py:654} INFO - DAG(s) dict_keys(['example_bash_operator']) retrieved from /home/airflow/.local/lib/python3.7/site-packages/airflow/example_dags/example_bash_operator.py
[2022-08-04 19:51:55,283] {logging_mixin.py:109} INFO - [2022-08-04 19:51:55,283] {dag.py:2398} INFO - Sync 1 DAGs
[2022-08-04 19:51:55,321] {logging_mixin.py:109} INFO - [2022-08-04 19:51:55,321] {dag.py:2937} INFO - Setting next_dagrun for example_bash_operator to 2022-08-03 00:00:00+00:00
[2022-08-04 19:51:55,339] {processor.py:171} INFO - Processing /home/airflow/.local/lib/python3.7/site-packages/airflow/example_dags/example_bash_operator.py took 0.162 seconds
[2022-08-04 19:52:27,316] {processor.py:163} INFO - Started process (PID=269) to work on /home/airflow/.local/lib/python3.7/site-packages/airflow/example_dags/example_bash_operator.py
[2022-08-04 19:52:27,319] {processor.py:642} INFO - Processing file /home/airflow/.local/lib/python3.7/site-packages/airflow/example_dags/example_bash_operator.py for tasks to queue
[2022-08-04 19:52:27,320] {logging_mixin.py:109} INFO - [2022-08-04 19:52:27,320] {dagbag.py:500} INFO - Filling up the DagBag from /home/airflow/.local/lib/python3.7/site-packages/airflow/example_dags/example_bash_operator.py
[2022-08-04 19:52:27,413] {processor.py:654} INFO - DAG(s) dict_keys(['example_bash_operator']) retrieved from /home/airflow/.local/lib/python3.7/site-packages/airflow/example_dags/example_bash_operator.py
[2022-08-04 19:52:27,450] {logging_mixin.py:109} INFO - [2022-08-04 19:52:27,450] {dag.py:2398} INFO - Sync 1 DAGs
[2022-08-04 19:52:27,487] {logging_mixin.py:109} INFO - [2022-08-04 19:52:27,487] {dag.py:2937} INFO - Setting next_dagrun for example_bash_operator to 2022-08-03 00:00:00+00:00
[2022-08-04 19:52:27,511] {processor.py:171} INFO - Processing /home/airflow/.local/lib/python3.7/site-packages/airflow/example_dags/example_bash_operator.py took 0.203 seconds
[2022-08-04 19:52:59,832] {processor.py:163} INFO - Started process (PID=312) to work on /home/airflow/.local/lib/python3.7/site-packages/airflow/example_dags/example_bash_operator.py
[2022-08-04 19:52:59,834] {processor.py:642} INFO - Processing file /home/airflow/.local/lib/python3.7/site-packages/airflow/example_dags/example_bash_operator.py for tasks to queue
[2022-08-04 19:52:59,835] {logging_mixin.py:109} INFO - [2022-08-04 19:52:59,834] {dagbag.py:500} INFO - Filling up the DagBag from /home/airflow/.local/lib/python3.7/site-packages/airflow/example_dags/example_bash_operator.py
[2022-08-04 19:52:59,886] {processor.py:654} INFO - DAG(s) dict_keys(['example_bash_operator']) retrieved from /home/airflow/.local/lib/python3.7/site-packages/airflow/example_dags/example_bash_operator.py
[2022-08-04 19:52:59,901] {logging_mixin.py:109} INFO - [2022-08-04 19:52:59,901] {dag.py:2398} INFO - Sync 1 DAGs
[2022-08-04 19:52:59,928] {logging_mixin.py:109} INFO - [2022-08-04 19:52:59,927] {dag.py:2937} INFO - Setting next_dagrun for example_bash_operator to 2022-08-03 00:00:00+00:00
[2022-08-04 19:52:59,941] {processor.py:171} INFO - Processing /home/airflow/.local/lib/python3.7/site-packages/airflow/example_dags/example_bash_operator.py took 0.113 seconds
[2022-08-04 19:58:52,166] {processor.py:163} INFO - Started process (PID=61) to work on /home/airflow/.local/lib/python3.7/site-packages/airflow/example_dags/example_bash_operator.py
[2022-08-04 19:58:52,169] {processor.py:642} INFO - Processing file /home/airflow/.local/lib/python3.7/site-packages/airflow/example_dags/example_bash_operator.py for tasks to queue
[2022-08-04 19:58:52,171] {logging_mixin.py:109} INFO - [2022-08-04 19:58:52,171] {dagbag.py:500} INFO - Filling up the DagBag from /home/airflow/.local/lib/python3.7/site-packages/airflow/example_dags/example_bash_operator.py
[2022-08-04 19:58:52,259] {processor.py:654} INFO - DAG(s) dict_keys(['example_bash_operator']) retrieved from /home/airflow/.local/lib/python3.7/site-packages/airflow/example_dags/example_bash_operator.py
[2022-08-04 19:58:52,278] {logging_mixin.py:109} INFO - [2022-08-04 19:58:52,278] {dag.py:2398} INFO - Sync 1 DAGs
[2022-08-04 19:58:52,308] {logging_mixin.py:109} INFO - [2022-08-04 19:58:52,308] {dag.py:2937} INFO - Setting next_dagrun for example_bash_operator to 2022-08-03 00:00:00+00:00
[2022-08-04 19:58:52,337] {processor.py:171} INFO - Processing /home/airflow/.local/lib/python3.7/site-packages/airflow/example_dags/example_bash_operator.py took 0.177 seconds
[2022-08-04 19:59:22,913] {processor.py:163} INFO - Started process (PID=115) to work on /home/airflow/.local/lib/python3.7/site-packages/airflow/example_dags/example_bash_operator.py
[2022-08-04 19:59:22,915] {processor.py:642} INFO - Processing file /home/airflow/.local/lib/python3.7/site-packages/airflow/example_dags/example_bash_operator.py for tasks to queue
[2022-08-04 19:59:22,916] {logging_mixin.py:109} INFO - [2022-08-04 19:59:22,916] {dagbag.py:500} INFO - Filling up the DagBag from /home/airflow/.local/lib/python3.7/site-packages/airflow/example_dags/example_bash_operator.py
[2022-08-04 19:59:22,981] {processor.py:654} INFO - DAG(s) dict_keys(['example_bash_operator']) retrieved from /home/airflow/.local/lib/python3.7/site-packages/airflow/example_dags/example_bash_operator.py
[2022-08-04 19:59:23,021] {logging_mixin.py:109} INFO - [2022-08-04 19:59:23,021] {dag.py:2398} INFO - Sync 1 DAGs
[2022-08-04 19:59:23,057] {logging_mixin.py:109} INFO - [2022-08-04 19:59:23,057] {dag.py:2937} INFO - Setting next_dagrun for example_bash_operator to 2022-08-03 00:00:00+00:00
[2022-08-04 19:59:23,110] {processor.py:171} INFO - Processing /home/airflow/.local/lib/python3.7/site-packages/airflow/example_dags/example_bash_operator.py took 0.202 seconds
[2022-08-04 19:59:53,853] {processor.py:163} INFO - Started process (PID=166) to work on /home/airflow/.local/lib/python3.7/site-packages/airflow/example_dags/example_bash_operator.py
[2022-08-04 19:59:53,855] {processor.py:642} INFO - Processing file /home/airflow/.local/lib/python3.7/site-packages/airflow/example_dags/example_bash_operator.py for tasks to queue
[2022-08-04 19:59:53,855] {logging_mixin.py:109} INFO - [2022-08-04 19:59:53,855] {dagbag.py:500} INFO - Filling up the DagBag from /home/airflow/.local/lib/python3.7/site-packages/airflow/example_dags/example_bash_operator.py
[2022-08-04 19:59:53,912] {processor.py:654} INFO - DAG(s) dict_keys(['example_bash_operator']) retrieved from /home/airflow/.local/lib/python3.7/site-packages/airflow/example_dags/example_bash_operator.py
[2022-08-04 19:59:53,935] {logging_mixin.py:109} INFO - [2022-08-04 19:59:53,935] {dag.py:2398} INFO - Sync 1 DAGs
[2022-08-04 19:59:53,969] {logging_mixin.py:109} INFO - [2022-08-04 19:59:53,968] {dag.py:2937} INFO - Setting next_dagrun for example_bash_operator to 2022-08-03 00:00:00+00:00
[2022-08-04 19:59:53,985] {processor.py:171} INFO - Processing /home/airflow/.local/lib/python3.7/site-packages/airflow/example_dags/example_bash_operator.py took 0.136 seconds
[2022-08-04 20:00:34,894] {processor.py:163} INFO - Started process (PID=219) to work on /home/airflow/.local/lib/python3.7/site-packages/airflow/example_dags/example_bash_operator.py
[2022-08-04 20:00:34,898] {processor.py:642} INFO - Processing file /home/airflow/.local/lib/python3.7/site-packages/airflow/example_dags/example_bash_operator.py for tasks to queue
[2022-08-04 20:00:34,902] {logging_mixin.py:109} INFO - [2022-08-04 20:00:34,902] {dagbag.py:500} INFO - Filling up the DagBag from /home/airflow/.local/lib/python3.7/site-packages/airflow/example_dags/example_bash_operator.py
[2022-08-04 20:00:35,175] {processor.py:654} INFO - DAG(s) dict_keys(['example_bash_operator']) retrieved from /home/airflow/.local/lib/python3.7/site-packages/airflow/example_dags/example_bash_operator.py
[2022-08-04 20:00:35,212] {logging_mixin.py:109} INFO - [2022-08-04 20:00:35,211] {dag.py:2398} INFO - Sync 1 DAGs
[2022-08-04 20:00:35,289] {logging_mixin.py:109} INFO - [2022-08-04 20:00:35,288] {dag.py:2937} INFO - Setting next_dagrun for example_bash_operator to 2022-08-03 00:00:00+00:00
[2022-08-04 20:00:35,362] {processor.py:171} INFO - Processing /home/airflow/.local/lib/python3.7/site-packages/airflow/example_dags/example_bash_operator.py took 0.476 seconds
[2022-08-04 20:01:08,247] {processor.py:163} INFO - Started process (PID=271) to work on /home/airflow/.local/lib/python3.7/site-packages/airflow/example_dags/example_bash_operator.py
[2022-08-04 20:01:08,250] {processor.py:642} INFO - Processing file /home/airflow/.local/lib/python3.7/site-packages/airflow/example_dags/example_bash_operator.py for tasks to queue
[2022-08-04 20:01:08,251] {logging_mixin.py:109} INFO - [2022-08-04 20:01:08,251] {dagbag.py:500} INFO - Filling up the DagBag from /home/airflow/.local/lib/python3.7/site-packages/airflow/example_dags/example_bash_operator.py
[2022-08-04 20:01:08,353] {processor.py:654} INFO - DAG(s) dict_keys(['example_bash_operator']) retrieved from /home/airflow/.local/lib/python3.7/site-packages/airflow/example_dags/example_bash_operator.py
[2022-08-04 20:01:08,383] {logging_mixin.py:109} INFO - [2022-08-04 20:01:08,382] {dag.py:2398} INFO - Sync 1 DAGs
[2022-08-04 20:01:08,420] {logging_mixin.py:109} INFO - [2022-08-04 20:01:08,420] {dag.py:2937} INFO - Setting next_dagrun for example_bash_operator to 2022-08-03 00:00:00+00:00
[2022-08-04 20:01:08,439] {processor.py:171} INFO - Processing /home/airflow/.local/lib/python3.7/site-packages/airflow/example_dags/example_bash_operator.py took 0.200 seconds
[2022-08-04 20:01:40,286] {processor.py:163} INFO - Started process (PID=325) to work on /home/airflow/.local/lib/python3.7/site-packages/airflow/example_dags/example_bash_operator.py
[2022-08-04 20:01:40,289] {processor.py:642} INFO - Processing file /home/airflow/.local/lib/python3.7/site-packages/airflow/example_dags/example_bash_operator.py for tasks to queue
[2022-08-04 20:01:40,291] {logging_mixin.py:109} INFO - [2022-08-04 20:01:40,291] {dagbag.py:500} INFO - Filling up the DagBag from /home/airflow/.local/lib/python3.7/site-packages/airflow/example_dags/example_bash_operator.py
[2022-08-04 20:01:40,413] {processor.py:654} INFO - DAG(s) dict_keys(['example_bash_operator']) retrieved from /home/airflow/.local/lib/python3.7/site-packages/airflow/example_dags/example_bash_operator.py
[2022-08-04 20:01:40,454] {logging_mixin.py:109} INFO - [2022-08-04 20:01:40,454] {dag.py:2398} INFO - Sync 1 DAGs
[2022-08-04 20:01:40,514] {logging_mixin.py:109} INFO - [2022-08-04 20:01:40,514] {dag.py:2937} INFO - Setting next_dagrun for example_bash_operator to 2022-08-03 00:00:00+00:00
[2022-08-04 20:01:40,551] {processor.py:171} INFO - Processing /home/airflow/.local/lib/python3.7/site-packages/airflow/example_dags/example_bash_operator.py took 0.278 seconds
[2022-08-04 20:02:11,449] {processor.py:163} INFO - Started process (PID=376) to work on /home/airflow/.local/lib/python3.7/site-packages/airflow/example_dags/example_bash_operator.py
[2022-08-04 20:02:11,452] {processor.py:642} INFO - Processing file /home/airflow/.local/lib/python3.7/site-packages/airflow/example_dags/example_bash_operator.py for tasks to queue
[2022-08-04 20:02:11,453] {logging_mixin.py:109} INFO - [2022-08-04 20:02:11,453] {dagbag.py:500} INFO - Filling up the DagBag from /home/airflow/.local/lib/python3.7/site-packages/airflow/example_dags/example_bash_operator.py
[2022-08-04 20:02:11,565] {processor.py:654} INFO - DAG(s) dict_keys(['example_bash_operator']) retrieved from /home/airflow/.local/lib/python3.7/site-packages/airflow/example_dags/example_bash_operator.py
[2022-08-04 20:02:11,590] {logging_mixin.py:109} INFO - [2022-08-04 20:02:11,589] {dag.py:2398} INFO - Sync 1 DAGs
[2022-08-04 20:02:11,633] {logging_mixin.py:109} INFO - [2022-08-04 20:02:11,632] {dag.py:2937} INFO - Setting next_dagrun for example_bash_operator to 2022-08-03 00:00:00+00:00
[2022-08-04 20:02:11,654] {processor.py:171} INFO - Processing /home/airflow/.local/lib/python3.7/site-packages/airflow/example_dags/example_bash_operator.py took 0.212 seconds
[2022-08-04 20:02:42,042] {processor.py:163} INFO - Started process (PID=419) to work on /home/airflow/.local/lib/python3.7/site-packages/airflow/example_dags/example_bash_operator.py
[2022-08-04 20:02:42,046] {processor.py:642} INFO - Processing file /home/airflow/.local/lib/python3.7/site-packages/airflow/example_dags/example_bash_operator.py for tasks to queue
[2022-08-04 20:02:42,047] {logging_mixin.py:109} INFO - [2022-08-04 20:02:42,047] {dagbag.py:500} INFO - Filling up the DagBag from /home/airflow/.local/lib/python3.7/site-packages/airflow/example_dags/example_bash_operator.py
[2022-08-04 20:02:42,257] {processor.py:654} INFO - DAG(s) dict_keys(['example_bash_operator']) retrieved from /home/airflow/.local/lib/python3.7/site-packages/airflow/example_dags/example_bash_operator.py
[2022-08-04 20:02:42,317] {logging_mixin.py:109} INFO - [2022-08-04 20:02:42,317] {dag.py:2398} INFO - Sync 1 DAGs
[2022-08-04 20:02:42,421] {logging_mixin.py:109} INFO - [2022-08-04 20:02:42,421] {dag.py:2937} INFO - Setting next_dagrun for example_bash_operator to 2022-08-03 00:00:00+00:00
[2022-08-04 20:02:42,456] {processor.py:171} INFO - Processing /home/airflow/.local/lib/python3.7/site-packages/airflow/example_dags/example_bash_operator.py took 0.443 seconds
[2022-08-04 20:03:21,363] {processor.py:163} INFO - Started process (PID=475) to work on /home/airflow/.local/lib/python3.7/site-packages/airflow/example_dags/example_bash_operator.py
[2022-08-04 20:03:21,367] {processor.py:642} INFO - Processing file /home/airflow/.local/lib/python3.7/site-packages/airflow/example_dags/example_bash_operator.py for tasks to queue
[2022-08-04 20:03:21,368] {logging_mixin.py:109} INFO - [2022-08-04 20:03:21,368] {dagbag.py:500} INFO - Filling up the DagBag from /home/airflow/.local/lib/python3.7/site-packages/airflow/example_dags/example_bash_operator.py
[2022-08-04 20:03:21,502] {processor.py:654} INFO - DAG(s) dict_keys(['example_bash_operator']) retrieved from /home/airflow/.local/lib/python3.7/site-packages/airflow/example_dags/example_bash_operator.py
[2022-08-04 20:03:21,528] {logging_mixin.py:109} INFO - [2022-08-04 20:03:21,528] {dag.py:2398} INFO - Sync 1 DAGs
[2022-08-04 20:03:21,573] {logging_mixin.py:109} INFO - [2022-08-04 20:03:21,572] {dag.py:2937} INFO - Setting next_dagrun for example_bash_operator to 2022-08-03 00:00:00+00:00
[2022-08-04 20:03:21,593] {processor.py:171} INFO - Processing /home/airflow/.local/lib/python3.7/site-packages/airflow/example_dags/example_bash_operator.py took 0.237 seconds
[2022-08-04 20:03:54,241] {processor.py:163} INFO - Started process (PID=529) to work on /home/airflow/.local/lib/python3.7/site-packages/airflow/example_dags/example_bash_operator.py
[2022-08-04 20:03:54,256] {processor.py:642} INFO - Processing file /home/airflow/.local/lib/python3.7/site-packages/airflow/example_dags/example_bash_operator.py for tasks to queue
[2022-08-04 20:03:54,258] {logging_mixin.py:109} INFO - [2022-08-04 20:03:54,258] {dagbag.py:500} INFO - Filling up the DagBag from /home/airflow/.local/lib/python3.7/site-packages/airflow/example_dags/example_bash_operator.py
[2022-08-04 20:03:54,497] {processor.py:654} INFO - DAG(s) dict_keys(['example_bash_operator']) retrieved from /home/airflow/.local/lib/python3.7/site-packages/airflow/example_dags/example_bash_operator.py
[2022-08-04 20:03:54,538] {logging_mixin.py:109} INFO - [2022-08-04 20:03:54,538] {dag.py:2398} INFO - Sync 1 DAGs
[2022-08-04 20:03:54,686] {logging_mixin.py:109} INFO - [2022-08-04 20:03:54,685] {dag.py:2937} INFO - Setting next_dagrun for example_bash_operator to 2022-08-03 00:00:00+00:00
[2022-08-04 20:03:54,736] {processor.py:171} INFO - Processing /home/airflow/.local/lib/python3.7/site-packages/airflow/example_dags/example_bash_operator.py took 0.512 seconds
[2022-08-04 20:04:24,974] {processor.py:163} INFO - Started process (PID=582) to work on /home/airflow/.local/lib/python3.7/site-packages/airflow/example_dags/example_bash_operator.py
[2022-08-04 20:04:24,976] {processor.py:642} INFO - Processing file /home/airflow/.local/lib/python3.7/site-packages/airflow/example_dags/example_bash_operator.py for tasks to queue
[2022-08-04 20:04:24,977] {logging_mixin.py:109} INFO - [2022-08-04 20:04:24,977] {dagbag.py:500} INFO - Filling up the DagBag from /home/airflow/.local/lib/python3.7/site-packages/airflow/example_dags/example_bash_operator.py
[2022-08-04 20:04:25,043] {processor.py:654} INFO - DAG(s) dict_keys(['example_bash_operator']) retrieved from /home/airflow/.local/lib/python3.7/site-packages/airflow/example_dags/example_bash_operator.py
[2022-08-04 20:04:25,059] {logging_mixin.py:109} INFO - [2022-08-04 20:04:25,059] {dag.py:2398} INFO - Sync 1 DAGs
[2022-08-04 20:04:25,090] {logging_mixin.py:109} INFO - [2022-08-04 20:04:25,090] {dag.py:2937} INFO - Setting next_dagrun for example_bash_operator to 2022-08-03 00:00:00+00:00
[2022-08-04 20:04:25,105] {processor.py:171} INFO - Processing /home/airflow/.local/lib/python3.7/site-packages/airflow/example_dags/example_bash_operator.py took 0.136 seconds
[2022-08-04 20:04:59,209] {processor.py:163} INFO - Started process (PID=639) to work on /home/airflow/.local/lib/python3.7/site-packages/airflow/example_dags/example_bash_operator.py
[2022-08-04 20:04:59,212] {processor.py:642} INFO - Processing file /home/airflow/.local/lib/python3.7/site-packages/airflow/example_dags/example_bash_operator.py for tasks to queue
[2022-08-04 20:04:59,215] {logging_mixin.py:109} INFO - [2022-08-04 20:04:59,213] {dagbag.py:500} INFO - Filling up the DagBag from /home/airflow/.local/lib/python3.7/site-packages/airflow/example_dags/example_bash_operator.py
[2022-08-04 20:04:59,320] {processor.py:654} INFO - DAG(s) dict_keys(['example_bash_operator']) retrieved from /home/airflow/.local/lib/python3.7/site-packages/airflow/example_dags/example_bash_operator.py
[2022-08-04 20:04:59,355] {logging_mixin.py:109} INFO - [2022-08-04 20:04:59,355] {dag.py:2398} INFO - Sync 1 DAGs
[2022-08-04 20:04:59,399] {logging_mixin.py:109} INFO - [2022-08-04 20:04:59,399] {dag.py:2937} INFO - Setting next_dagrun for example_bash_operator to 2022-08-03 00:00:00+00:00
[2022-08-04 20:04:59,420] {processor.py:171} INFO - Processing /home/airflow/.local/lib/python3.7/site-packages/airflow/example_dags/example_bash_operator.py took 0.221 seconds
[2022-08-04 20:05:30,914] {processor.py:163} INFO - Started process (PID=682) to work on /home/airflow/.local/lib/python3.7/site-packages/airflow/example_dags/example_bash_operator.py
[2022-08-04 20:05:30,916] {processor.py:642} INFO - Processing file /home/airflow/.local/lib/python3.7/site-packages/airflow/example_dags/example_bash_operator.py for tasks to queue
[2022-08-04 20:05:30,917] {logging_mixin.py:109} INFO - [2022-08-04 20:05:30,917] {dagbag.py:500} INFO - Filling up the DagBag from /home/airflow/.local/lib/python3.7/site-packages/airflow/example_dags/example_bash_operator.py
[2022-08-04 20:05:31,075] {processor.py:654} INFO - DAG(s) dict_keys(['example_bash_operator']) retrieved from /home/airflow/.local/lib/python3.7/site-packages/airflow/example_dags/example_bash_operator.py
[2022-08-04 20:05:31,150] {logging_mixin.py:109} INFO - [2022-08-04 20:05:31,150] {dag.py:2398} INFO - Sync 1 DAGs
[2022-08-04 20:05:31,216] {logging_mixin.py:109} INFO - [2022-08-04 20:05:31,216] {dag.py:2937} INFO - Setting next_dagrun for example_bash_operator to 2022-08-03 00:00:00+00:00
[2022-08-04 20:05:31,244] {processor.py:171} INFO - Processing /home/airflow/.local/lib/python3.7/site-packages/airflow/example_dags/example_bash_operator.py took 0.334 seconds
[2022-08-04 20:06:11,484] {processor.py:163} INFO - Started process (PID=735) to work on /home/airflow/.local/lib/python3.7/site-packages/airflow/example_dags/example_bash_operator.py
[2022-08-04 20:06:11,487] {processor.py:642} INFO - Processing file /home/airflow/.local/lib/python3.7/site-packages/airflow/example_dags/example_bash_operator.py for tasks to queue
[2022-08-04 20:06:11,489] {logging_mixin.py:109} INFO - [2022-08-04 20:06:11,488] {dagbag.py:500} INFO - Filling up the DagBag from /home/airflow/.local/lib/python3.7/site-packages/airflow/example_dags/example_bash_operator.py
[2022-08-04 20:06:11,605] {processor.py:654} INFO - DAG(s) dict_keys(['example_bash_operator']) retrieved from /home/airflow/.local/lib/python3.7/site-packages/airflow/example_dags/example_bash_operator.py
[2022-08-04 20:06:11,646] {logging_mixin.py:109} INFO - [2022-08-04 20:06:11,645] {dag.py:2398} INFO - Sync 1 DAGs
[2022-08-04 20:06:11,705] {logging_mixin.py:109} INFO - [2022-08-04 20:06:11,705] {dag.py:2937} INFO - Setting next_dagrun for example_bash_operator to 2022-08-03 00:00:00+00:00
[2022-08-04 20:06:11,741] {processor.py:171} INFO - Processing /home/airflow/.local/lib/python3.7/site-packages/airflow/example_dags/example_bash_operator.py took 0.264 seconds
[2022-08-04 20:06:42,105] {processor.py:163} INFO - Started process (PID=788) to work on /home/airflow/.local/lib/python3.7/site-packages/airflow/example_dags/example_bash_operator.py
[2022-08-04 20:06:42,108] {processor.py:642} INFO - Processing file /home/airflow/.local/lib/python3.7/site-packages/airflow/example_dags/example_bash_operator.py for tasks to queue
[2022-08-04 20:06:42,110] {logging_mixin.py:109} INFO - [2022-08-04 20:06:42,109] {dagbag.py:500} INFO - Filling up the DagBag from /home/airflow/.local/lib/python3.7/site-packages/airflow/example_dags/example_bash_operator.py
[2022-08-04 20:06:42,193] {processor.py:654} INFO - DAG(s) dict_keys(['example_bash_operator']) retrieved from /home/airflow/.local/lib/python3.7/site-packages/airflow/example_dags/example_bash_operator.py
[2022-08-04 20:06:42,216] {logging_mixin.py:109} INFO - [2022-08-04 20:06:42,216] {dag.py:2398} INFO - Sync 1 DAGs
[2022-08-04 20:06:42,270] {logging_mixin.py:109} INFO - [2022-08-04 20:06:42,270] {dag.py:2937} INFO - Setting next_dagrun for example_bash_operator to 2022-08-03 00:00:00+00:00
[2022-08-04 20:06:42,295] {processor.py:171} INFO - Processing /home/airflow/.local/lib/python3.7/site-packages/airflow/example_dags/example_bash_operator.py took 0.197 seconds
[2022-08-04 20:07:12,865] {processor.py:163} INFO - Started process (PID=831) to work on /home/airflow/.local/lib/python3.7/site-packages/airflow/example_dags/example_bash_operator.py
[2022-08-04 20:07:12,867] {processor.py:642} INFO - Processing file /home/airflow/.local/lib/python3.7/site-packages/airflow/example_dags/example_bash_operator.py for tasks to queue
[2022-08-04 20:07:12,868] {logging_mixin.py:109} INFO - [2022-08-04 20:07:12,868] {dagbag.py:500} INFO - Filling up the DagBag from /home/airflow/.local/lib/python3.7/site-packages/airflow/example_dags/example_bash_operator.py
[2022-08-04 20:07:12,938] {processor.py:654} INFO - DAG(s) dict_keys(['example_bash_operator']) retrieved from /home/airflow/.local/lib/python3.7/site-packages/airflow/example_dags/example_bash_operator.py
[2022-08-04 20:07:12,961] {logging_mixin.py:109} INFO - [2022-08-04 20:07:12,961] {dag.py:2398} INFO - Sync 1 DAGs
[2022-08-04 20:07:12,993] {logging_mixin.py:109} INFO - [2022-08-04 20:07:12,993] {dag.py:2937} INFO - Setting next_dagrun for example_bash_operator to 2022-08-03 00:00:00+00:00
[2022-08-04 20:07:13,009] {processor.py:171} INFO - Processing /home/airflow/.local/lib/python3.7/site-packages/airflow/example_dags/example_bash_operator.py took 0.149 seconds
[2022-08-04 20:07:46,451] {processor.py:163} INFO - Started process (PID=883) to work on /home/airflow/.local/lib/python3.7/site-packages/airflow/example_dags/example_bash_operator.py
[2022-08-04 20:07:46,454] {processor.py:642} INFO - Processing file /home/airflow/.local/lib/python3.7/site-packages/airflow/example_dags/example_bash_operator.py for tasks to queue
[2022-08-04 20:07:46,455] {logging_mixin.py:109} INFO - [2022-08-04 20:07:46,455] {dagbag.py:500} INFO - Filling up the DagBag from /home/airflow/.local/lib/python3.7/site-packages/airflow/example_dags/example_bash_operator.py
[2022-08-04 20:07:46,539] {processor.py:654} INFO - DAG(s) dict_keys(['example_bash_operator']) retrieved from /home/airflow/.local/lib/python3.7/site-packages/airflow/example_dags/example_bash_operator.py
[2022-08-04 20:07:46,565] {logging_mixin.py:109} INFO - [2022-08-04 20:07:46,564] {dag.py:2398} INFO - Sync 1 DAGs
[2022-08-04 20:07:46,607] {logging_mixin.py:109} INFO - [2022-08-04 20:07:46,607] {dag.py:2937} INFO - Setting next_dagrun for example_bash_operator to 2022-08-03 00:00:00+00:00
[2022-08-04 20:07:46,628] {processor.py:171} INFO - Processing /home/airflow/.local/lib/python3.7/site-packages/airflow/example_dags/example_bash_operator.py took 0.184 seconds
[2022-08-04 20:08:17,055] {processor.py:163} INFO - Started process (PID=927) to work on /home/airflow/.local/lib/python3.7/site-packages/airflow/example_dags/example_bash_operator.py
[2022-08-04 20:08:17,057] {processor.py:642} INFO - Processing file /home/airflow/.local/lib/python3.7/site-packages/airflow/example_dags/example_bash_operator.py for tasks to queue
[2022-08-04 20:08:17,058] {logging_mixin.py:109} INFO - [2022-08-04 20:08:17,058] {dagbag.py:500} INFO - Filling up the DagBag from /home/airflow/.local/lib/python3.7/site-packages/airflow/example_dags/example_bash_operator.py
[2022-08-04 20:08:17,121] {processor.py:654} INFO - DAG(s) dict_keys(['example_bash_operator']) retrieved from /home/airflow/.local/lib/python3.7/site-packages/airflow/example_dags/example_bash_operator.py
[2022-08-04 20:08:17,139] {logging_mixin.py:109} INFO - [2022-08-04 20:08:17,139] {dag.py:2398} INFO - Sync 1 DAGs
[2022-08-04 20:08:17,166] {logging_mixin.py:109} INFO - [2022-08-04 20:08:17,166] {dag.py:2937} INFO - Setting next_dagrun for example_bash_operator to 2022-08-03 00:00:00+00:00
[2022-08-04 20:08:17,181] {processor.py:171} INFO - Processing /home/airflow/.local/lib/python3.7/site-packages/airflow/example_dags/example_bash_operator.py took 0.131 seconds
[2022-08-04 20:08:54,014] {processor.py:163} INFO - Started process (PID=979) to work on /home/airflow/.local/lib/python3.7/site-packages/airflow/example_dags/example_bash_operator.py
[2022-08-04 20:08:54,017] {processor.py:642} INFO - Processing file /home/airflow/.local/lib/python3.7/site-packages/airflow/example_dags/example_bash_operator.py for tasks to queue
[2022-08-04 20:08:54,019] {logging_mixin.py:109} INFO - [2022-08-04 20:08:54,019] {dagbag.py:500} INFO - Filling up the DagBag from /home/airflow/.local/lib/python3.7/site-packages/airflow/example_dags/example_bash_operator.py
[2022-08-04 20:08:54,106] {processor.py:654} INFO - DAG(s) dict_keys(['example_bash_operator']) retrieved from /home/airflow/.local/lib/python3.7/site-packages/airflow/example_dags/example_bash_operator.py
[2022-08-04 20:08:54,130] {logging_mixin.py:109} INFO - [2022-08-04 20:08:54,130] {dag.py:2398} INFO - Sync 1 DAGs
[2022-08-04 20:08:54,187] {logging_mixin.py:109} INFO - [2022-08-04 20:08:54,187] {dag.py:2937} INFO - Setting next_dagrun for example_bash_operator to 2022-08-03 00:00:00+00:00
[2022-08-04 20:08:54,219] {processor.py:171} INFO - Processing /home/airflow/.local/lib/python3.7/site-packages/airflow/example_dags/example_bash_operator.py took 0.216 seconds
[2022-08-04 20:09:24,790] {processor.py:163} INFO - Started process (PID=1032) to work on /home/airflow/.local/lib/python3.7/site-packages/airflow/example_dags/example_bash_operator.py
[2022-08-04 20:09:24,793] {processor.py:642} INFO - Processing file /home/airflow/.local/lib/python3.7/site-packages/airflow/example_dags/example_bash_operator.py for tasks to queue
[2022-08-04 20:09:24,794] {logging_mixin.py:109} INFO - [2022-08-04 20:09:24,794] {dagbag.py:500} INFO - Filling up the DagBag from /home/airflow/.local/lib/python3.7/site-packages/airflow/example_dags/example_bash_operator.py
[2022-08-04 20:09:24,875] {processor.py:654} INFO - DAG(s) dict_keys(['example_bash_operator']) retrieved from /home/airflow/.local/lib/python3.7/site-packages/airflow/example_dags/example_bash_operator.py
[2022-08-04 20:09:24,892] {logging_mixin.py:109} INFO - [2022-08-04 20:09:24,892] {dag.py:2398} INFO - Sync 1 DAGs
[2022-08-04 20:09:24,921] {logging_mixin.py:109} INFO - [2022-08-04 20:09:24,920] {dag.py:2937} INFO - Setting next_dagrun for example_bash_operator to 2022-08-03 00:00:00+00:00
[2022-08-04 20:09:24,934] {processor.py:171} INFO - Processing /home/airflow/.local/lib/python3.7/site-packages/airflow/example_dags/example_bash_operator.py took 0.150 seconds
[2022-08-04 20:09:57,615] {processor.py:163} INFO - Started process (PID=1085) to work on /home/airflow/.local/lib/python3.7/site-packages/airflow/example_dags/example_bash_operator.py
[2022-08-04 20:09:57,620] {processor.py:642} INFO - Processing file /home/airflow/.local/lib/python3.7/site-packages/airflow/example_dags/example_bash_operator.py for tasks to queue
[2022-08-04 20:09:57,622] {logging_mixin.py:109} INFO - [2022-08-04 20:09:57,622] {dagbag.py:500} INFO - Filling up the DagBag from /home/airflow/.local/lib/python3.7/site-packages/airflow/example_dags/example_bash_operator.py
[2022-08-04 20:09:58,239] {processor.py:654} INFO - DAG(s) dict_keys(['example_bash_operator']) retrieved from /home/airflow/.local/lib/python3.7/site-packages/airflow/example_dags/example_bash_operator.py
[2022-08-04 20:09:58,423] {logging_mixin.py:109} INFO - [2022-08-04 20:09:58,416] {dag.py:2398} INFO - Sync 1 DAGs
[2022-08-04 20:09:58,541] {logging_mixin.py:109} INFO - [2022-08-04 20:09:58,532] {dag.py:2937} INFO - Setting next_dagrun for example_bash_operator to 2022-08-03 00:00:00+00:00
[2022-08-04 20:09:59,188] {processor.py:171} INFO - Processing /home/airflow/.local/lib/python3.7/site-packages/airflow/example_dags/example_bash_operator.py took 1.579 seconds
[2022-08-04 20:10:30,087] {processor.py:163} INFO - Started process (PID=1129) to work on /home/airflow/.local/lib/python3.7/site-packages/airflow/example_dags/example_bash_operator.py
[2022-08-04 20:10:30,090] {processor.py:642} INFO - Processing file /home/airflow/.local/lib/python3.7/site-packages/airflow/example_dags/example_bash_operator.py for tasks to queue
[2022-08-04 20:10:30,091] {logging_mixin.py:109} INFO - [2022-08-04 20:10:30,091] {dagbag.py:500} INFO - Filling up the DagBag from /home/airflow/.local/lib/python3.7/site-packages/airflow/example_dags/example_bash_operator.py
[2022-08-04 20:10:30,195] {processor.py:654} INFO - DAG(s) dict_keys(['example_bash_operator']) retrieved from /home/airflow/.local/lib/python3.7/site-packages/airflow/example_dags/example_bash_operator.py
[2022-08-04 20:10:30,229] {logging_mixin.py:109} INFO - [2022-08-04 20:10:30,229] {dag.py:2398} INFO - Sync 1 DAGs
[2022-08-04 20:10:30,275] {logging_mixin.py:109} INFO - [2022-08-04 20:10:30,275] {dag.py:2937} INFO - Setting next_dagrun for example_bash_operator to 2022-08-03 00:00:00+00:00
[2022-08-04 20:10:30,293] {processor.py:171} INFO - Processing /home/airflow/.local/lib/python3.7/site-packages/airflow/example_dags/example_bash_operator.py took 0.215 seconds
[2022-08-04 20:11:00,875] {processor.py:163} INFO - Started process (PID=1179) to work on /home/airflow/.local/lib/python3.7/site-packages/airflow/example_dags/example_bash_operator.py
[2022-08-04 20:11:00,878] {processor.py:642} INFO - Processing file /home/airflow/.local/lib/python3.7/site-packages/airflow/example_dags/example_bash_operator.py for tasks to queue
[2022-08-04 20:11:00,879] {logging_mixin.py:109} INFO - [2022-08-04 20:11:00,879] {dagbag.py:500} INFO - Filling up the DagBag from /home/airflow/.local/lib/python3.7/site-packages/airflow/example_dags/example_bash_operator.py
[2022-08-04 20:11:00,954] {processor.py:654} INFO - DAG(s) dict_keys(['example_bash_operator']) retrieved from /home/airflow/.local/lib/python3.7/site-packages/airflow/example_dags/example_bash_operator.py
[2022-08-04 20:11:00,970] {logging_mixin.py:109} INFO - [2022-08-04 20:11:00,969] {dag.py:2398} INFO - Sync 1 DAGs
[2022-08-04 20:11:01,001] {logging_mixin.py:109} INFO - [2022-08-04 20:11:01,001] {dag.py:2937} INFO - Setting next_dagrun for example_bash_operator to 2022-08-03 00:00:00+00:00
[2022-08-04 20:11:01,017] {processor.py:171} INFO - Processing /home/airflow/.local/lib/python3.7/site-packages/airflow/example_dags/example_bash_operator.py took 0.148 seconds
