[2022-08-04 19:50:20,554] {processor.py:163} INFO - Started process (PID=56) to work on /home/airflow/.local/lib/python3.7/site-packages/airflow/example_dags/example_sla_dag.py
[2022-08-04 19:50:20,556] {processor.py:642} INFO - Processing file /home/airflow/.local/lib/python3.7/site-packages/airflow/example_dags/example_sla_dag.py for tasks to queue
[2022-08-04 19:50:20,557] {logging_mixin.py:109} INFO - [2022-08-04 19:50:20,557] {dagbag.py:500} INFO - Filling up the DagBag from /home/airflow/.local/lib/python3.7/site-packages/airflow/example_dags/example_sla_dag.py
[2022-08-04 19:50:20,614] {processor.py:654} INFO - DAG(s) dict_keys(['example_sla_dag']) retrieved from /home/airflow/.local/lib/python3.7/site-packages/airflow/example_dags/example_sla_dag.py
[2022-08-04 19:50:20,633] {logging_mixin.py:109} INFO - [2022-08-04 19:50:20,633] {dag.py:2398} INFO - Sync 1 DAGs
[2022-08-04 19:50:20,695] {logging_mixin.py:109} INFO - [2022-08-04 19:50:20,694] {dag.py:2937} INFO - Setting next_dagrun for example_sla_dag to 2022-08-04T19:48:00+00:00
[2022-08-04 19:50:20,738] {processor.py:171} INFO - Processing /home/airflow/.local/lib/python3.7/site-packages/airflow/example_dags/example_sla_dag.py took 0.191 seconds
[2022-08-04 19:50:51,658] {processor.py:163} INFO - Started process (PID=107) to work on /home/airflow/.local/lib/python3.7/site-packages/airflow/example_dags/example_sla_dag.py
[2022-08-04 19:50:51,661] {processor.py:642} INFO - Processing file /home/airflow/.local/lib/python3.7/site-packages/airflow/example_dags/example_sla_dag.py for tasks to queue
[2022-08-04 19:50:51,662] {logging_mixin.py:109} INFO - [2022-08-04 19:50:51,662] {dagbag.py:500} INFO - Filling up the DagBag from /home/airflow/.local/lib/python3.7/site-packages/airflow/example_dags/example_sla_dag.py
[2022-08-04 19:50:51,715] {processor.py:654} INFO - DAG(s) dict_keys(['example_sla_dag']) retrieved from /home/airflow/.local/lib/python3.7/site-packages/airflow/example_dags/example_sla_dag.py
[2022-08-04 19:50:51,730] {logging_mixin.py:109} INFO - [2022-08-04 19:50:51,730] {dag.py:2398} INFO - Sync 1 DAGs
[2022-08-04 19:50:51,766] {logging_mixin.py:109} INFO - [2022-08-04 19:50:51,766] {dag.py:2937} INFO - Setting next_dagrun for example_sla_dag to 2022-08-04T19:48:00+00:00
[2022-08-04 19:50:51,779] {processor.py:171} INFO - Processing /home/airflow/.local/lib/python3.7/site-packages/airflow/example_dags/example_sla_dag.py took 0.125 seconds
[2022-08-04 19:51:22,629] {processor.py:163} INFO - Started process (PID=159) to work on /home/airflow/.local/lib/python3.7/site-packages/airflow/example_dags/example_sla_dag.py
[2022-08-04 19:51:22,631] {processor.py:642} INFO - Processing file /home/airflow/.local/lib/python3.7/site-packages/airflow/example_dags/example_sla_dag.py for tasks to queue
[2022-08-04 19:51:22,632] {logging_mixin.py:109} INFO - [2022-08-04 19:51:22,632] {dagbag.py:500} INFO - Filling up the DagBag from /home/airflow/.local/lib/python3.7/site-packages/airflow/example_dags/example_sla_dag.py
[2022-08-04 19:51:22,693] {processor.py:654} INFO - DAG(s) dict_keys(['example_sla_dag']) retrieved from /home/airflow/.local/lib/python3.7/site-packages/airflow/example_dags/example_sla_dag.py
[2022-08-04 19:51:22,710] {logging_mixin.py:109} INFO - [2022-08-04 19:51:22,709] {dag.py:2398} INFO - Sync 1 DAGs
[2022-08-04 19:51:22,746] {logging_mixin.py:109} INFO - [2022-08-04 19:51:22,746] {dag.py:2937} INFO - Setting next_dagrun for example_sla_dag to 2022-08-04T19:48:00+00:00
[2022-08-04 19:51:22,757] {processor.py:171} INFO - Processing /home/airflow/.local/lib/python3.7/site-packages/airflow/example_dags/example_sla_dag.py took 0.134 seconds
[2022-08-04 19:51:54,259] {processor.py:163} INFO - Started process (PID=211) to work on /home/airflow/.local/lib/python3.7/site-packages/airflow/example_dags/example_sla_dag.py
[2022-08-04 19:51:54,263] {processor.py:642} INFO - Processing file /home/airflow/.local/lib/python3.7/site-packages/airflow/example_dags/example_sla_dag.py for tasks to queue
[2022-08-04 19:51:54,264] {logging_mixin.py:109} INFO - [2022-08-04 19:51:54,264] {dagbag.py:500} INFO - Filling up the DagBag from /home/airflow/.local/lib/python3.7/site-packages/airflow/example_dags/example_sla_dag.py
[2022-08-04 19:51:54,344] {processor.py:654} INFO - DAG(s) dict_keys(['example_sla_dag']) retrieved from /home/airflow/.local/lib/python3.7/site-packages/airflow/example_dags/example_sla_dag.py
[2022-08-04 19:51:54,371] {logging_mixin.py:109} INFO - [2022-08-04 19:51:54,371] {dag.py:2398} INFO - Sync 1 DAGs
[2022-08-04 19:51:54,430] {logging_mixin.py:109} INFO - [2022-08-04 19:51:54,429] {dag.py:2937} INFO - Setting next_dagrun for example_sla_dag to 2022-08-04T19:48:00+00:00
[2022-08-04 19:51:54,456] {processor.py:171} INFO - Processing /home/airflow/.local/lib/python3.7/site-packages/airflow/example_dags/example_sla_dag.py took 0.203 seconds
[2022-08-04 19:52:26,114] {processor.py:163} INFO - Started process (PID=262) to work on /home/airflow/.local/lib/python3.7/site-packages/airflow/example_dags/example_sla_dag.py
[2022-08-04 19:52:26,116] {processor.py:642} INFO - Processing file /home/airflow/.local/lib/python3.7/site-packages/airflow/example_dags/example_sla_dag.py for tasks to queue
[2022-08-04 19:52:26,117] {logging_mixin.py:109} INFO - [2022-08-04 19:52:26,117] {dagbag.py:500} INFO - Filling up the DagBag from /home/airflow/.local/lib/python3.7/site-packages/airflow/example_dags/example_sla_dag.py
[2022-08-04 19:52:26,181] {processor.py:654} INFO - DAG(s) dict_keys(['example_sla_dag']) retrieved from /home/airflow/.local/lib/python3.7/site-packages/airflow/example_dags/example_sla_dag.py
[2022-08-04 19:52:26,200] {logging_mixin.py:109} INFO - [2022-08-04 19:52:26,199] {dag.py:2398} INFO - Sync 1 DAGs
[2022-08-04 19:52:26,232] {logging_mixin.py:109} INFO - [2022-08-04 19:52:26,232] {dag.py:2937} INFO - Setting next_dagrun for example_sla_dag to 2022-08-04T19:50:00+00:00
[2022-08-04 19:52:26,249] {processor.py:171} INFO - Processing /home/airflow/.local/lib/python3.7/site-packages/airflow/example_dags/example_sla_dag.py took 0.141 seconds
[2022-08-04 19:52:59,144] {processor.py:163} INFO - Started process (PID=307) to work on /home/airflow/.local/lib/python3.7/site-packages/airflow/example_dags/example_sla_dag.py
[2022-08-04 19:52:59,146] {processor.py:642} INFO - Processing file /home/airflow/.local/lib/python3.7/site-packages/airflow/example_dags/example_sla_dag.py for tasks to queue
[2022-08-04 19:52:59,148] {logging_mixin.py:109} INFO - [2022-08-04 19:52:59,147] {dagbag.py:500} INFO - Filling up the DagBag from /home/airflow/.local/lib/python3.7/site-packages/airflow/example_dags/example_sla_dag.py
[2022-08-04 19:52:59,202] {processor.py:654} INFO - DAG(s) dict_keys(['example_sla_dag']) retrieved from /home/airflow/.local/lib/python3.7/site-packages/airflow/example_dags/example_sla_dag.py
[2022-08-04 19:52:59,217] {logging_mixin.py:109} INFO - [2022-08-04 19:52:59,216] {dag.py:2398} INFO - Sync 1 DAGs
[2022-08-04 19:52:59,249] {logging_mixin.py:109} INFO - [2022-08-04 19:52:59,249] {dag.py:2937} INFO - Setting next_dagrun for example_sla_dag to 2022-08-04T19:50:00+00:00
[2022-08-04 19:52:59,262] {processor.py:171} INFO - Processing /home/airflow/.local/lib/python3.7/site-packages/airflow/example_dags/example_sla_dag.py took 0.124 seconds
[2022-08-04 19:53:33,682] {processor.py:163} INFO - Started process (PID=360) to work on /home/airflow/.local/lib/python3.7/site-packages/airflow/example_dags/example_sla_dag.py
[2022-08-04 19:53:33,686] {processor.py:642} INFO - Processing file /home/airflow/.local/lib/python3.7/site-packages/airflow/example_dags/example_sla_dag.py for tasks to queue
[2022-08-04 19:53:33,688] {logging_mixin.py:109} INFO - [2022-08-04 19:53:33,688] {dagbag.py:500} INFO - Filling up the DagBag from /home/airflow/.local/lib/python3.7/site-packages/airflow/example_dags/example_sla_dag.py
[2022-08-04 19:53:34,054] {processor.py:654} INFO - DAG(s) dict_keys(['example_sla_dag']) retrieved from /home/airflow/.local/lib/python3.7/site-packages/airflow/example_dags/example_sla_dag.py
[2022-08-04 19:53:34,094] {logging_mixin.py:109} INFO - [2022-08-04 19:53:34,094] {dag.py:2398} INFO - Sync 1 DAGs
[2022-08-04 19:53:34,347] {logging_mixin.py:109} INFO - [2022-08-04 19:53:34,345] {dag.py:2937} INFO - Setting next_dagrun for example_sla_dag to 2022-08-04T19:50:00+00:00
[2022-08-04 19:53:34,513] {processor.py:171} INFO - Processing /home/airflow/.local/lib/python3.7/site-packages/airflow/example_dags/example_sla_dag.py took 0.847 seconds
[2022-08-04 19:58:51,411] {processor.py:163} INFO - Started process (PID=56) to work on /home/airflow/.local/lib/python3.7/site-packages/airflow/example_dags/example_sla_dag.py
[2022-08-04 19:58:51,413] {processor.py:642} INFO - Processing file /home/airflow/.local/lib/python3.7/site-packages/airflow/example_dags/example_sla_dag.py for tasks to queue
[2022-08-04 19:58:51,414] {logging_mixin.py:109} INFO - [2022-08-04 19:58:51,414] {dagbag.py:500} INFO - Filling up the DagBag from /home/airflow/.local/lib/python3.7/site-packages/airflow/example_dags/example_sla_dag.py
[2022-08-04 19:58:51,465] {processor.py:654} INFO - DAG(s) dict_keys(['example_sla_dag']) retrieved from /home/airflow/.local/lib/python3.7/site-packages/airflow/example_dags/example_sla_dag.py
[2022-08-04 19:58:51,484] {logging_mixin.py:109} INFO - [2022-08-04 19:58:51,484] {dag.py:2398} INFO - Sync 1 DAGs
[2022-08-04 19:58:51,531] {logging_mixin.py:109} INFO - [2022-08-04 19:58:51,531] {dag.py:2937} INFO - Setting next_dagrun for example_sla_dag to 2022-08-04T19:56:00+00:00
[2022-08-04 19:58:51,548] {processor.py:171} INFO - Processing /home/airflow/.local/lib/python3.7/site-packages/airflow/example_dags/example_sla_dag.py took 0.144 seconds
[2022-08-04 19:59:22,483] {processor.py:163} INFO - Started process (PID=110) to work on /home/airflow/.local/lib/python3.7/site-packages/airflow/example_dags/example_sla_dag.py
[2022-08-04 19:59:22,485] {processor.py:642} INFO - Processing file /home/airflow/.local/lib/python3.7/site-packages/airflow/example_dags/example_sla_dag.py for tasks to queue
[2022-08-04 19:59:22,485] {logging_mixin.py:109} INFO - [2022-08-04 19:59:22,485] {dagbag.py:500} INFO - Filling up the DagBag from /home/airflow/.local/lib/python3.7/site-packages/airflow/example_dags/example_sla_dag.py
[2022-08-04 19:59:22,528] {processor.py:654} INFO - DAG(s) dict_keys(['example_sla_dag']) retrieved from /home/airflow/.local/lib/python3.7/site-packages/airflow/example_dags/example_sla_dag.py
[2022-08-04 19:59:22,541] {logging_mixin.py:109} INFO - [2022-08-04 19:59:22,541] {dag.py:2398} INFO - Sync 1 DAGs
[2022-08-04 19:59:22,570] {logging_mixin.py:109} INFO - [2022-08-04 19:59:22,570] {dag.py:2937} INFO - Setting next_dagrun for example_sla_dag to 2022-08-04T19:56:00+00:00
[2022-08-04 19:59:22,582] {processor.py:171} INFO - Processing /home/airflow/.local/lib/python3.7/site-packages/airflow/example_dags/example_sla_dag.py took 0.103 seconds
[2022-08-04 19:59:53,510] {processor.py:163} INFO - Started process (PID=162) to work on /home/airflow/.local/lib/python3.7/site-packages/airflow/example_dags/example_sla_dag.py
[2022-08-04 19:59:53,513] {processor.py:642} INFO - Processing file /home/airflow/.local/lib/python3.7/site-packages/airflow/example_dags/example_sla_dag.py for tasks to queue
[2022-08-04 19:59:53,514] {logging_mixin.py:109} INFO - [2022-08-04 19:59:53,514] {dagbag.py:500} INFO - Filling up the DagBag from /home/airflow/.local/lib/python3.7/site-packages/airflow/example_dags/example_sla_dag.py
[2022-08-04 19:59:53,564] {processor.py:654} INFO - DAG(s) dict_keys(['example_sla_dag']) retrieved from /home/airflow/.local/lib/python3.7/site-packages/airflow/example_dags/example_sla_dag.py
[2022-08-04 19:59:53,580] {logging_mixin.py:109} INFO - [2022-08-04 19:59:53,580] {dag.py:2398} INFO - Sync 1 DAGs
[2022-08-04 19:59:53,613] {logging_mixin.py:109} INFO - [2022-08-04 19:59:53,613] {dag.py:2937} INFO - Setting next_dagrun for example_sla_dag to 2022-08-04T19:56:00+00:00
[2022-08-04 19:59:53,624] {processor.py:171} INFO - Processing /home/airflow/.local/lib/python3.7/site-packages/airflow/example_dags/example_sla_dag.py took 0.119 seconds
[2022-08-04 20:00:33,596] {processor.py:163} INFO - Started process (PID=214) to work on /home/airflow/.local/lib/python3.7/site-packages/airflow/example_dags/example_sla_dag.py
[2022-08-04 20:00:33,599] {processor.py:642} INFO - Processing file /home/airflow/.local/lib/python3.7/site-packages/airflow/example_dags/example_sla_dag.py for tasks to queue
[2022-08-04 20:00:33,602] {logging_mixin.py:109} INFO - [2022-08-04 20:00:33,602] {dagbag.py:500} INFO - Filling up the DagBag from /home/airflow/.local/lib/python3.7/site-packages/airflow/example_dags/example_sla_dag.py
[2022-08-04 20:00:33,729] {processor.py:654} INFO - DAG(s) dict_keys(['example_sla_dag']) retrieved from /home/airflow/.local/lib/python3.7/site-packages/airflow/example_dags/example_sla_dag.py
[2022-08-04 20:00:33,757] {logging_mixin.py:109} INFO - [2022-08-04 20:00:33,757] {dag.py:2398} INFO - Sync 1 DAGs
[2022-08-04 20:00:33,823] {logging_mixin.py:109} INFO - [2022-08-04 20:00:33,821] {dag.py:2937} INFO - Setting next_dagrun for example_sla_dag to 2022-08-04T19:58:00+00:00
[2022-08-04 20:00:33,845] {processor.py:171} INFO - Processing /home/airflow/.local/lib/python3.7/site-packages/airflow/example_dags/example_sla_dag.py took 0.264 seconds
[2022-08-04 20:01:07,212] {processor.py:163} INFO - Started process (PID=266) to work on /home/airflow/.local/lib/python3.7/site-packages/airflow/example_dags/example_sla_dag.py
[2022-08-04 20:01:07,214] {processor.py:642} INFO - Processing file /home/airflow/.local/lib/python3.7/site-packages/airflow/example_dags/example_sla_dag.py for tasks to queue
[2022-08-04 20:01:07,216] {logging_mixin.py:109} INFO - [2022-08-04 20:01:07,216] {dagbag.py:500} INFO - Filling up the DagBag from /home/airflow/.local/lib/python3.7/site-packages/airflow/example_dags/example_sla_dag.py
[2022-08-04 20:01:07,288] {processor.py:654} INFO - DAG(s) dict_keys(['example_sla_dag']) retrieved from /home/airflow/.local/lib/python3.7/site-packages/airflow/example_dags/example_sla_dag.py
[2022-08-04 20:01:07,309] {logging_mixin.py:109} INFO - [2022-08-04 20:01:07,309] {dag.py:2398} INFO - Sync 1 DAGs
[2022-08-04 20:01:07,366] {logging_mixin.py:109} INFO - [2022-08-04 20:01:07,366] {dag.py:2937} INFO - Setting next_dagrun for example_sla_dag to 2022-08-04T19:58:00+00:00
[2022-08-04 20:01:07,388] {processor.py:171} INFO - Processing /home/airflow/.local/lib/python3.7/site-packages/airflow/example_dags/example_sla_dag.py took 0.182 seconds
[2022-08-04 20:01:38,694] {processor.py:163} INFO - Started process (PID=320) to work on /home/airflow/.local/lib/python3.7/site-packages/airflow/example_dags/example_sla_dag.py
[2022-08-04 20:01:38,725] {processor.py:642} INFO - Processing file /home/airflow/.local/lib/python3.7/site-packages/airflow/example_dags/example_sla_dag.py for tasks to queue
[2022-08-04 20:01:38,730] {logging_mixin.py:109} INFO - [2022-08-04 20:01:38,730] {dagbag.py:500} INFO - Filling up the DagBag from /home/airflow/.local/lib/python3.7/site-packages/airflow/example_dags/example_sla_dag.py
[2022-08-04 20:01:38,885] {processor.py:654} INFO - DAG(s) dict_keys(['example_sla_dag']) retrieved from /home/airflow/.local/lib/python3.7/site-packages/airflow/example_dags/example_sla_dag.py
[2022-08-04 20:01:38,920] {logging_mixin.py:109} INFO - [2022-08-04 20:01:38,920] {dag.py:2398} INFO - Sync 1 DAGs
[2022-08-04 20:01:39,006] {logging_mixin.py:109} INFO - [2022-08-04 20:01:39,006] {dag.py:2937} INFO - Setting next_dagrun for example_sla_dag to 2022-08-04T19:58:00+00:00
[2022-08-04 20:01:39,026] {processor.py:171} INFO - Processing /home/airflow/.local/lib/python3.7/site-packages/airflow/example_dags/example_sla_dag.py took 0.496 seconds
[2022-08-04 20:02:09,559] {processor.py:163} INFO - Started process (PID=363) to work on /home/airflow/.local/lib/python3.7/site-packages/airflow/example_dags/example_sla_dag.py
[2022-08-04 20:02:09,561] {processor.py:642} INFO - Processing file /home/airflow/.local/lib/python3.7/site-packages/airflow/example_dags/example_sla_dag.py for tasks to queue
[2022-08-04 20:02:09,562] {logging_mixin.py:109} INFO - [2022-08-04 20:02:09,562] {dagbag.py:500} INFO - Filling up the DagBag from /home/airflow/.local/lib/python3.7/site-packages/airflow/example_dags/example_sla_dag.py
[2022-08-04 20:02:09,610] {processor.py:654} INFO - DAG(s) dict_keys(['example_sla_dag']) retrieved from /home/airflow/.local/lib/python3.7/site-packages/airflow/example_dags/example_sla_dag.py
[2022-08-04 20:02:09,625] {logging_mixin.py:109} INFO - [2022-08-04 20:02:09,625] {dag.py:2398} INFO - Sync 1 DAGs
[2022-08-04 20:02:09,656] {logging_mixin.py:109} INFO - [2022-08-04 20:02:09,656] {dag.py:2937} INFO - Setting next_dagrun for example_sla_dag to 2022-08-04T20:00:00+00:00
[2022-08-04 20:02:09,670] {processor.py:171} INFO - Processing /home/airflow/.local/lib/python3.7/site-packages/airflow/example_dags/example_sla_dag.py took 0.115 seconds
[2022-08-04 20:02:40,204] {processor.py:163} INFO - Started process (PID=414) to work on /home/airflow/.local/lib/python3.7/site-packages/airflow/example_dags/example_sla_dag.py
[2022-08-04 20:02:40,206] {processor.py:642} INFO - Processing file /home/airflow/.local/lib/python3.7/site-packages/airflow/example_dags/example_sla_dag.py for tasks to queue
[2022-08-04 20:02:40,207] {logging_mixin.py:109} INFO - [2022-08-04 20:02:40,207] {dagbag.py:500} INFO - Filling up the DagBag from /home/airflow/.local/lib/python3.7/site-packages/airflow/example_dags/example_sla_dag.py
[2022-08-04 20:02:40,261] {processor.py:654} INFO - DAG(s) dict_keys(['example_sla_dag']) retrieved from /home/airflow/.local/lib/python3.7/site-packages/airflow/example_dags/example_sla_dag.py
[2022-08-04 20:02:40,280] {logging_mixin.py:109} INFO - [2022-08-04 20:02:40,280] {dag.py:2398} INFO - Sync 1 DAGs
[2022-08-04 20:02:40,312] {logging_mixin.py:109} INFO - [2022-08-04 20:02:40,312] {dag.py:2937} INFO - Setting next_dagrun for example_sla_dag to 2022-08-04T20:00:00+00:00
[2022-08-04 20:02:40,326] {processor.py:171} INFO - Processing /home/airflow/.local/lib/python3.7/site-packages/airflow/example_dags/example_sla_dag.py took 0.127 seconds
[2022-08-04 20:03:19,163] {processor.py:163} INFO - Started process (PID=470) to work on /home/airflow/.local/lib/python3.7/site-packages/airflow/example_dags/example_sla_dag.py
[2022-08-04 20:03:19,169] {processor.py:642} INFO - Processing file /home/airflow/.local/lib/python3.7/site-packages/airflow/example_dags/example_sla_dag.py for tasks to queue
[2022-08-04 20:03:19,170] {logging_mixin.py:109} INFO - [2022-08-04 20:03:19,170] {dagbag.py:500} INFO - Filling up the DagBag from /home/airflow/.local/lib/python3.7/site-packages/airflow/example_dags/example_sla_dag.py
[2022-08-04 20:03:19,315] {processor.py:654} INFO - DAG(s) dict_keys(['example_sla_dag']) retrieved from /home/airflow/.local/lib/python3.7/site-packages/airflow/example_dags/example_sla_dag.py
[2022-08-04 20:03:19,349] {logging_mixin.py:109} INFO - [2022-08-04 20:03:19,349] {dag.py:2398} INFO - Sync 1 DAGs
[2022-08-04 20:03:19,485] {logging_mixin.py:109} INFO - [2022-08-04 20:03:19,484] {dag.py:2937} INFO - Setting next_dagrun for example_sla_dag to 2022-08-04T20:00:00+00:00
[2022-08-04 20:03:19,546] {processor.py:171} INFO - Processing /home/airflow/.local/lib/python3.7/site-packages/airflow/example_dags/example_sla_dag.py took 0.394 seconds
[2022-08-04 20:03:50,874] {processor.py:163} INFO - Started process (PID=523) to work on /home/airflow/.local/lib/python3.7/site-packages/airflow/example_dags/example_sla_dag.py
[2022-08-04 20:03:50,878] {processor.py:642} INFO - Processing file /home/airflow/.local/lib/python3.7/site-packages/airflow/example_dags/example_sla_dag.py for tasks to queue
[2022-08-04 20:03:50,880] {logging_mixin.py:109} INFO - [2022-08-04 20:03:50,879] {dagbag.py:500} INFO - Filling up the DagBag from /home/airflow/.local/lib/python3.7/site-packages/airflow/example_dags/example_sla_dag.py
[2022-08-04 20:03:51,002] {processor.py:654} INFO - DAG(s) dict_keys(['example_sla_dag']) retrieved from /home/airflow/.local/lib/python3.7/site-packages/airflow/example_dags/example_sla_dag.py
[2022-08-04 20:03:51,022] {logging_mixin.py:109} INFO - [2022-08-04 20:03:51,022] {dag.py:2398} INFO - Sync 1 DAGs
[2022-08-04 20:03:51,073] {logging_mixin.py:109} INFO - [2022-08-04 20:03:51,073] {dag.py:2937} INFO - Setting next_dagrun for example_sla_dag to 2022-08-04T20:00:00+00:00
[2022-08-04 20:03:51,100] {processor.py:171} INFO - Processing /home/airflow/.local/lib/python3.7/site-packages/airflow/example_dags/example_sla_dag.py took 0.234 seconds
[2022-08-04 20:04:21,214] {processor.py:163} INFO - Started process (PID=566) to work on /home/airflow/.local/lib/python3.7/site-packages/airflow/example_dags/example_sla_dag.py
[2022-08-04 20:04:21,216] {processor.py:642} INFO - Processing file /home/airflow/.local/lib/python3.7/site-packages/airflow/example_dags/example_sla_dag.py for tasks to queue
[2022-08-04 20:04:21,216] {logging_mixin.py:109} INFO - [2022-08-04 20:04:21,216] {dagbag.py:500} INFO - Filling up the DagBag from /home/airflow/.local/lib/python3.7/site-packages/airflow/example_dags/example_sla_dag.py
[2022-08-04 20:04:21,258] {processor.py:654} INFO - DAG(s) dict_keys(['example_sla_dag']) retrieved from /home/airflow/.local/lib/python3.7/site-packages/airflow/example_dags/example_sla_dag.py
[2022-08-04 20:04:21,270] {logging_mixin.py:109} INFO - [2022-08-04 20:04:21,270] {dag.py:2398} INFO - Sync 1 DAGs
[2022-08-04 20:04:21,296] {logging_mixin.py:109} INFO - [2022-08-04 20:04:21,296] {dag.py:2937} INFO - Setting next_dagrun for example_sla_dag to 2022-08-04T20:02:00+00:00
[2022-08-04 20:04:21,306] {processor.py:171} INFO - Processing /home/airflow/.local/lib/python3.7/site-packages/airflow/example_dags/example_sla_dag.py took 0.097 seconds
[2022-08-04 20:04:51,787] {processor.py:163} INFO - Started process (PID=619) to work on /home/airflow/.local/lib/python3.7/site-packages/airflow/example_dags/example_sla_dag.py
[2022-08-04 20:04:51,789] {processor.py:642} INFO - Processing file /home/airflow/.local/lib/python3.7/site-packages/airflow/example_dags/example_sla_dag.py for tasks to queue
[2022-08-04 20:04:51,790] {logging_mixin.py:109} INFO - [2022-08-04 20:04:51,790] {dagbag.py:500} INFO - Filling up the DagBag from /home/airflow/.local/lib/python3.7/site-packages/airflow/example_dags/example_sla_dag.py
[2022-08-04 20:04:51,845] {processor.py:654} INFO - DAG(s) dict_keys(['example_sla_dag']) retrieved from /home/airflow/.local/lib/python3.7/site-packages/airflow/example_dags/example_sla_dag.py
[2022-08-04 20:04:51,866] {logging_mixin.py:109} INFO - [2022-08-04 20:04:51,866] {dag.py:2398} INFO - Sync 1 DAGs
[2022-08-04 20:04:51,906] {logging_mixin.py:109} INFO - [2022-08-04 20:04:51,906] {dag.py:2937} INFO - Setting next_dagrun for example_sla_dag to 2022-08-04T20:02:00+00:00
[2022-08-04 20:04:51,918] {processor.py:171} INFO - Processing /home/airflow/.local/lib/python3.7/site-packages/airflow/example_dags/example_sla_dag.py took 0.137 seconds
[2022-08-04 20:05:22,991] {processor.py:163} INFO - Started process (PID=671) to work on /home/airflow/.local/lib/python3.7/site-packages/airflow/example_dags/example_sla_dag.py
[2022-08-04 20:05:22,996] {processor.py:642} INFO - Processing file /home/airflow/.local/lib/python3.7/site-packages/airflow/example_dags/example_sla_dag.py for tasks to queue
[2022-08-04 20:05:22,997] {logging_mixin.py:109} INFO - [2022-08-04 20:05:22,997] {dagbag.py:500} INFO - Filling up the DagBag from /home/airflow/.local/lib/python3.7/site-packages/airflow/example_dags/example_sla_dag.py
[2022-08-04 20:05:23,415] {processor.py:654} INFO - DAG(s) dict_keys(['example_sla_dag']) retrieved from /home/airflow/.local/lib/python3.7/site-packages/airflow/example_dags/example_sla_dag.py
[2022-08-04 20:05:23,483] {logging_mixin.py:109} INFO - [2022-08-04 20:05:23,478] {dag.py:2398} INFO - Sync 1 DAGs
[2022-08-04 20:05:23,572] {logging_mixin.py:109} INFO - [2022-08-04 20:05:23,572] {dag.py:2937} INFO - Setting next_dagrun for example_sla_dag to 2022-08-04T20:02:00+00:00
[2022-08-04 20:05:23,650] {processor.py:171} INFO - Processing /home/airflow/.local/lib/python3.7/site-packages/airflow/example_dags/example_sla_dag.py took 0.668 seconds
[2022-08-04 20:05:56,092] {processor.py:163} INFO - Started process (PID=714) to work on /home/airflow/.local/lib/python3.7/site-packages/airflow/example_dags/example_sla_dag.py
[2022-08-04 20:05:56,095] {processor.py:642} INFO - Processing file /home/airflow/.local/lib/python3.7/site-packages/airflow/example_dags/example_sla_dag.py for tasks to queue
[2022-08-04 20:05:56,097] {logging_mixin.py:109} INFO - [2022-08-04 20:05:56,096] {dagbag.py:500} INFO - Filling up the DagBag from /home/airflow/.local/lib/python3.7/site-packages/airflow/example_dags/example_sla_dag.py
[2022-08-04 20:05:56,218] {processor.py:654} INFO - DAG(s) dict_keys(['example_sla_dag']) retrieved from /home/airflow/.local/lib/python3.7/site-packages/airflow/example_dags/example_sla_dag.py
[2022-08-04 20:05:56,241] {logging_mixin.py:109} INFO - [2022-08-04 20:05:56,241] {dag.py:2398} INFO - Sync 1 DAGs
[2022-08-04 20:05:56,303] {logging_mixin.py:109} INFO - [2022-08-04 20:05:56,303] {dag.py:2937} INFO - Setting next_dagrun for example_sla_dag to 2022-08-04T20:02:00+00:00
[2022-08-04 20:05:56,321] {processor.py:171} INFO - Processing /home/airflow/.local/lib/python3.7/site-packages/airflow/example_dags/example_sla_dag.py took 0.242 seconds
[2022-08-04 20:06:27,655] {processor.py:163} INFO - Started process (PID=766) to work on /home/airflow/.local/lib/python3.7/site-packages/airflow/example_dags/example_sla_dag.py
[2022-08-04 20:06:27,660] {processor.py:642} INFO - Processing file /home/airflow/.local/lib/python3.7/site-packages/airflow/example_dags/example_sla_dag.py for tasks to queue
[2022-08-04 20:06:27,662] {logging_mixin.py:109} INFO - [2022-08-04 20:06:27,662] {dagbag.py:500} INFO - Filling up the DagBag from /home/airflow/.local/lib/python3.7/site-packages/airflow/example_dags/example_sla_dag.py
[2022-08-04 20:06:28,176] {processor.py:654} INFO - DAG(s) dict_keys(['example_sla_dag']) retrieved from /home/airflow/.local/lib/python3.7/site-packages/airflow/example_dags/example_sla_dag.py
[2022-08-04 20:06:28,318] {logging_mixin.py:109} INFO - [2022-08-04 20:06:28,314] {dag.py:2398} INFO - Sync 1 DAGs
[2022-08-04 20:06:29,649] {logging_mixin.py:109} INFO - [2022-08-04 20:06:29,629] {dag.py:2937} INFO - Setting next_dagrun for example_sla_dag to 2022-08-04T20:04:00+00:00
[2022-08-04 20:06:31,157] {processor.py:171} INFO - Processing /home/airflow/.local/lib/python3.7/site-packages/airflow/example_dags/example_sla_dag.py took 3.509 seconds
[2022-08-04 20:07:01,521] {processor.py:163} INFO - Started process (PID=820) to work on /home/airflow/.local/lib/python3.7/site-packages/airflow/example_dags/example_sla_dag.py
[2022-08-04 20:07:01,533] {processor.py:642} INFO - Processing file /home/airflow/.local/lib/python3.7/site-packages/airflow/example_dags/example_sla_dag.py for tasks to queue
[2022-08-04 20:07:01,534] {logging_mixin.py:109} INFO - [2022-08-04 20:07:01,534] {dagbag.py:500} INFO - Filling up the DagBag from /home/airflow/.local/lib/python3.7/site-packages/airflow/example_dags/example_sla_dag.py
[2022-08-04 20:07:01,662] {processor.py:654} INFO - DAG(s) dict_keys(['example_sla_dag']) retrieved from /home/airflow/.local/lib/python3.7/site-packages/airflow/example_dags/example_sla_dag.py
[2022-08-04 20:07:01,688] {logging_mixin.py:109} INFO - [2022-08-04 20:07:01,688] {dag.py:2398} INFO - Sync 1 DAGs
[2022-08-04 20:07:01,760] {logging_mixin.py:109} INFO - [2022-08-04 20:07:01,760] {dag.py:2937} INFO - Setting next_dagrun for example_sla_dag to 2022-08-04T20:04:00+00:00
[2022-08-04 20:07:01,783] {processor.py:171} INFO - Processing /home/airflow/.local/lib/python3.7/site-packages/airflow/example_dags/example_sla_dag.py took 0.279 seconds
[2022-08-04 20:07:35,815] {processor.py:163} INFO - Started process (PID=863) to work on /home/airflow/.local/lib/python3.7/site-packages/airflow/example_dags/example_sla_dag.py
[2022-08-04 20:07:35,817] {processor.py:642} INFO - Processing file /home/airflow/.local/lib/python3.7/site-packages/airflow/example_dags/example_sla_dag.py for tasks to queue
[2022-08-04 20:07:35,819] {logging_mixin.py:109} INFO - [2022-08-04 20:07:35,818] {dagbag.py:500} INFO - Filling up the DagBag from /home/airflow/.local/lib/python3.7/site-packages/airflow/example_dags/example_sla_dag.py
[2022-08-04 20:07:35,983] {processor.py:654} INFO - DAG(s) dict_keys(['example_sla_dag']) retrieved from /home/airflow/.local/lib/python3.7/site-packages/airflow/example_dags/example_sla_dag.py
[2022-08-04 20:07:36,033] {logging_mixin.py:109} INFO - [2022-08-04 20:07:36,033] {dag.py:2398} INFO - Sync 1 DAGs
[2022-08-04 20:07:36,090] {logging_mixin.py:109} INFO - [2022-08-04 20:07:36,090] {dag.py:2937} INFO - Setting next_dagrun for example_sla_dag to 2022-08-04T20:04:00+00:00
[2022-08-04 20:07:36,104] {processor.py:171} INFO - Processing /home/airflow/.local/lib/python3.7/site-packages/airflow/example_dags/example_sla_dag.py took 0.294 seconds
[2022-08-04 20:08:09,127] {processor.py:163} INFO - Started process (PID=918) to work on /home/airflow/.local/lib/python3.7/site-packages/airflow/example_dags/example_sla_dag.py
[2022-08-04 20:08:09,130] {processor.py:642} INFO - Processing file /home/airflow/.local/lib/python3.7/site-packages/airflow/example_dags/example_sla_dag.py for tasks to queue
[2022-08-04 20:08:09,132] {logging_mixin.py:109} INFO - [2022-08-04 20:08:09,131] {dagbag.py:500} INFO - Filling up the DagBag from /home/airflow/.local/lib/python3.7/site-packages/airflow/example_dags/example_sla_dag.py
[2022-08-04 20:08:09,212] {processor.py:654} INFO - DAG(s) dict_keys(['example_sla_dag']) retrieved from /home/airflow/.local/lib/python3.7/site-packages/airflow/example_dags/example_sla_dag.py
[2022-08-04 20:08:09,238] {logging_mixin.py:109} INFO - [2022-08-04 20:08:09,238] {dag.py:2398} INFO - Sync 1 DAGs
[2022-08-04 20:08:09,285] {logging_mixin.py:109} INFO - [2022-08-04 20:08:09,285] {dag.py:2937} INFO - Setting next_dagrun for example_sla_dag to 2022-08-04T20:06:00+00:00
[2022-08-04 20:08:09,301] {processor.py:171} INFO - Processing /home/airflow/.local/lib/python3.7/site-packages/airflow/example_dags/example_sla_dag.py took 0.181 seconds
[2022-08-04 20:08:52,275] {processor.py:163} INFO - Started process (PID=972) to work on /home/airflow/.local/lib/python3.7/site-packages/airflow/example_dags/example_sla_dag.py
[2022-08-04 20:08:52,278] {processor.py:642} INFO - Processing file /home/airflow/.local/lib/python3.7/site-packages/airflow/example_dags/example_sla_dag.py for tasks to queue
[2022-08-04 20:08:52,279] {logging_mixin.py:109} INFO - [2022-08-04 20:08:52,279] {dagbag.py:500} INFO - Filling up the DagBag from /home/airflow/.local/lib/python3.7/site-packages/airflow/example_dags/example_sla_dag.py
[2022-08-04 20:08:52,355] {processor.py:654} INFO - DAG(s) dict_keys(['example_sla_dag']) retrieved from /home/airflow/.local/lib/python3.7/site-packages/airflow/example_dags/example_sla_dag.py
[2022-08-04 20:08:52,377] {logging_mixin.py:109} INFO - [2022-08-04 20:08:52,376] {dag.py:2398} INFO - Sync 1 DAGs
[2022-08-04 20:08:52,424] {logging_mixin.py:109} INFO - [2022-08-04 20:08:52,424] {dag.py:2937} INFO - Setting next_dagrun for example_sla_dag to 2022-08-04T20:06:00+00:00
[2022-08-04 20:08:52,445] {processor.py:171} INFO - Processing /home/airflow/.local/lib/python3.7/site-packages/airflow/example_dags/example_sla_dag.py took 0.177 seconds
[2022-08-04 20:09:23,135] {processor.py:163} INFO - Started process (PID=1025) to work on /home/airflow/.local/lib/python3.7/site-packages/airflow/example_dags/example_sla_dag.py
[2022-08-04 20:09:23,139] {processor.py:642} INFO - Processing file /home/airflow/.local/lib/python3.7/site-packages/airflow/example_dags/example_sla_dag.py for tasks to queue
[2022-08-04 20:09:23,141] {logging_mixin.py:109} INFO - [2022-08-04 20:09:23,140] {dagbag.py:500} INFO - Filling up the DagBag from /home/airflow/.local/lib/python3.7/site-packages/airflow/example_dags/example_sla_dag.py
[2022-08-04 20:09:23,277] {processor.py:654} INFO - DAG(s) dict_keys(['example_sla_dag']) retrieved from /home/airflow/.local/lib/python3.7/site-packages/airflow/example_dags/example_sla_dag.py
[2022-08-04 20:09:23,299] {logging_mixin.py:109} INFO - [2022-08-04 20:09:23,298] {dag.py:2398} INFO - Sync 1 DAGs
[2022-08-04 20:09:23,347] {logging_mixin.py:109} INFO - [2022-08-04 20:09:23,347] {dag.py:2937} INFO - Setting next_dagrun for example_sla_dag to 2022-08-04T20:06:00+00:00
[2022-08-04 20:09:23,375] {processor.py:171} INFO - Processing /home/airflow/.local/lib/python3.7/site-packages/airflow/example_dags/example_sla_dag.py took 0.252 seconds
[2022-08-04 20:09:53,992] {processor.py:163} INFO - Started process (PID=1079) to work on /home/airflow/.local/lib/python3.7/site-packages/airflow/example_dags/example_sla_dag.py
[2022-08-04 20:09:53,995] {processor.py:642} INFO - Processing file /home/airflow/.local/lib/python3.7/site-packages/airflow/example_dags/example_sla_dag.py for tasks to queue
[2022-08-04 20:09:53,997] {logging_mixin.py:109} INFO - [2022-08-04 20:09:53,997] {dagbag.py:500} INFO - Filling up the DagBag from /home/airflow/.local/lib/python3.7/site-packages/airflow/example_dags/example_sla_dag.py
[2022-08-04 20:09:54,086] {processor.py:654} INFO - DAG(s) dict_keys(['example_sla_dag']) retrieved from /home/airflow/.local/lib/python3.7/site-packages/airflow/example_dags/example_sla_dag.py
[2022-08-04 20:09:54,100] {logging_mixin.py:109} INFO - [2022-08-04 20:09:54,100] {dag.py:2398} INFO - Sync 1 DAGs
[2022-08-04 20:09:54,131] {logging_mixin.py:109} INFO - [2022-08-04 20:09:54,130] {dag.py:2937} INFO - Setting next_dagrun for example_sla_dag to 2022-08-04T20:06:00+00:00
[2022-08-04 20:09:54,143] {processor.py:171} INFO - Processing /home/airflow/.local/lib/python3.7/site-packages/airflow/example_dags/example_sla_dag.py took 0.159 seconds
[2022-08-04 20:10:24,567] {processor.py:163} INFO - Started process (PID=1121) to work on /home/airflow/.local/lib/python3.7/site-packages/airflow/example_dags/example_sla_dag.py
[2022-08-04 20:10:24,569] {processor.py:642} INFO - Processing file /home/airflow/.local/lib/python3.7/site-packages/airflow/example_dags/example_sla_dag.py for tasks to queue
[2022-08-04 20:10:24,570] {logging_mixin.py:109} INFO - [2022-08-04 20:10:24,570] {dagbag.py:500} INFO - Filling up the DagBag from /home/airflow/.local/lib/python3.7/site-packages/airflow/example_dags/example_sla_dag.py
[2022-08-04 20:10:24,736] {processor.py:654} INFO - DAG(s) dict_keys(['example_sla_dag']) retrieved from /home/airflow/.local/lib/python3.7/site-packages/airflow/example_dags/example_sla_dag.py
[2022-08-04 20:10:24,757] {logging_mixin.py:109} INFO - [2022-08-04 20:10:24,757] {dag.py:2398} INFO - Sync 1 DAGs
[2022-08-04 20:10:24,817] {logging_mixin.py:109} INFO - [2022-08-04 20:10:24,817] {dag.py:2937} INFO - Setting next_dagrun for example_sla_dag to 2022-08-04T20:08:00+00:00
[2022-08-04 20:10:24,838] {processor.py:171} INFO - Processing /home/airflow/.local/lib/python3.7/site-packages/airflow/example_dags/example_sla_dag.py took 0.276 seconds
[2022-08-04 20:10:56,864] {processor.py:163} INFO - Started process (PID=1173) to work on /home/airflow/.local/lib/python3.7/site-packages/airflow/example_dags/example_sla_dag.py
[2022-08-04 20:10:56,868] {processor.py:642} INFO - Processing file /home/airflow/.local/lib/python3.7/site-packages/airflow/example_dags/example_sla_dag.py for tasks to queue
[2022-08-04 20:10:56,869] {logging_mixin.py:109} INFO - [2022-08-04 20:10:56,869] {dagbag.py:500} INFO - Filling up the DagBag from /home/airflow/.local/lib/python3.7/site-packages/airflow/example_dags/example_sla_dag.py
[2022-08-04 20:10:57,158] {processor.py:654} INFO - DAG(s) dict_keys(['example_sla_dag']) retrieved from /home/airflow/.local/lib/python3.7/site-packages/airflow/example_dags/example_sla_dag.py
[2022-08-04 20:10:57,189] {logging_mixin.py:109} INFO - [2022-08-04 20:10:57,189] {dag.py:2398} INFO - Sync 1 DAGs
[2022-08-04 20:10:57,260] {logging_mixin.py:109} INFO - [2022-08-04 20:10:57,260] {dag.py:2937} INFO - Setting next_dagrun for example_sla_dag to 2022-08-04T20:08:00+00:00
[2022-08-04 20:10:57,279] {processor.py:171} INFO - Processing /home/airflow/.local/lib/python3.7/site-packages/airflow/example_dags/example_sla_dag.py took 0.427 seconds
[2022-08-04 20:11:28,214] {processor.py:163} INFO - Started process (PID=1216) to work on /home/airflow/.local/lib/python3.7/site-packages/airflow/example_dags/example_sla_dag.py
[2022-08-04 20:11:28,219] {processor.py:642} INFO - Processing file /home/airflow/.local/lib/python3.7/site-packages/airflow/example_dags/example_sla_dag.py for tasks to queue
[2022-08-04 20:11:28,221] {logging_mixin.py:109} INFO - [2022-08-04 20:11:28,220] {dagbag.py:500} INFO - Filling up the DagBag from /home/airflow/.local/lib/python3.7/site-packages/airflow/example_dags/example_sla_dag.py
[2022-08-04 20:11:28,307] {processor.py:654} INFO - DAG(s) dict_keys(['example_sla_dag']) retrieved from /home/airflow/.local/lib/python3.7/site-packages/airflow/example_dags/example_sla_dag.py
[2022-08-04 20:11:28,327] {logging_mixin.py:109} INFO - [2022-08-04 20:11:28,326] {dag.py:2398} INFO - Sync 1 DAGs
[2022-08-04 20:11:28,381] {logging_mixin.py:109} INFO - [2022-08-04 20:11:28,380] {dag.py:2937} INFO - Setting next_dagrun for example_sla_dag to 2022-08-04T20:08:00+00:00
[2022-08-04 20:11:28,409] {processor.py:171} INFO - Processing /home/airflow/.local/lib/python3.7/site-packages/airflow/example_dags/example_sla_dag.py took 0.207 seconds
