[2022-08-04 19:50:23,332] {processor.py:163} INFO - Started process (PID=77) to work on /home/airflow/.local/lib/python3.7/site-packages/airflow/example_dags/example_xcomargs.py
[2022-08-04 19:50:23,335] {processor.py:642} INFO - Processing file /home/airflow/.local/lib/python3.7/site-packages/airflow/example_dags/example_xcomargs.py for tasks to queue
[2022-08-04 19:50:23,343] {logging_mixin.py:109} INFO - [2022-08-04 19:50:23,342] {dagbag.py:500} INFO - Filling up the DagBag from /home/airflow/.local/lib/python3.7/site-packages/airflow/example_dags/example_xcomargs.py
[2022-08-04 19:50:23,746] {processor.py:654} INFO - DAG(s) dict_keys(['example_xcom_args', 'example_xcom_args_with_operators']) retrieved from /home/airflow/.local/lib/python3.7/site-packages/airflow/example_dags/example_xcomargs.py
[2022-08-04 19:50:25,054] {logging_mixin.py:109} INFO - [2022-08-04 19:50:25,053] {dag.py:2398} INFO - Sync 2 DAGs
[2022-08-04 19:50:25,123] {logging_mixin.py:109} INFO - [2022-08-04 19:50:25,123] {dag.py:2937} INFO - Setting next_dagrun for example_xcom_args to None
[2022-08-04 19:50:25,124] {logging_mixin.py:109} INFO - [2022-08-04 19:50:25,124] {dag.py:2937} INFO - Setting next_dagrun for example_xcom_args_with_operators to None
[2022-08-04 19:50:25,160] {processor.py:171} INFO - Processing /home/airflow/.local/lib/python3.7/site-packages/airflow/example_dags/example_xcomargs.py took 1.848 seconds
[2022-08-04 19:50:56,408] {processor.py:163} INFO - Started process (PID=123) to work on /home/airflow/.local/lib/python3.7/site-packages/airflow/example_dags/example_xcomargs.py
[2022-08-04 19:50:56,409] {processor.py:642} INFO - Processing file /home/airflow/.local/lib/python3.7/site-packages/airflow/example_dags/example_xcomargs.py for tasks to queue
[2022-08-04 19:50:56,410] {logging_mixin.py:109} INFO - [2022-08-04 19:50:56,410] {dagbag.py:500} INFO - Filling up the DagBag from /home/airflow/.local/lib/python3.7/site-packages/airflow/example_dags/example_xcomargs.py
[2022-08-04 19:50:56,475] {processor.py:654} INFO - DAG(s) dict_keys(['example_xcom_args', 'example_xcom_args_with_operators']) retrieved from /home/airflow/.local/lib/python3.7/site-packages/airflow/example_dags/example_xcomargs.py
[2022-08-04 19:50:56,739] {logging_mixin.py:109} INFO - [2022-08-04 19:50:56,739] {dag.py:2398} INFO - Sync 2 DAGs
[2022-08-04 19:50:56,758] {logging_mixin.py:109} INFO - [2022-08-04 19:50:56,758] {dag.py:2937} INFO - Setting next_dagrun for example_xcom_args to None
[2022-08-04 19:50:56,759] {logging_mixin.py:109} INFO - [2022-08-04 19:50:56,759] {dag.py:2937} INFO - Setting next_dagrun for example_xcom_args_with_operators to None
[2022-08-04 19:50:56,775] {processor.py:171} INFO - Processing /home/airflow/.local/lib/python3.7/site-packages/airflow/example_dags/example_xcomargs.py took 0.371 seconds
[2022-08-04 19:51:26,972] {processor.py:163} INFO - Started process (PID=175) to work on /home/airflow/.local/lib/python3.7/site-packages/airflow/example_dags/example_xcomargs.py
[2022-08-04 19:51:26,978] {processor.py:642} INFO - Processing file /home/airflow/.local/lib/python3.7/site-packages/airflow/example_dags/example_xcomargs.py for tasks to queue
[2022-08-04 19:51:26,986] {logging_mixin.py:109} INFO - [2022-08-04 19:51:26,986] {dagbag.py:500} INFO - Filling up the DagBag from /home/airflow/.local/lib/python3.7/site-packages/airflow/example_dags/example_xcomargs.py
[2022-08-04 19:51:27,348] {processor.py:654} INFO - DAG(s) dict_keys(['example_xcom_args', 'example_xcom_args_with_operators']) retrieved from /home/airflow/.local/lib/python3.7/site-packages/airflow/example_dags/example_xcomargs.py
[2022-08-04 19:51:28,781] {logging_mixin.py:109} INFO - [2022-08-04 19:51:28,781] {dag.py:2398} INFO - Sync 2 DAGs
[2022-08-04 19:51:28,825] {logging_mixin.py:109} INFO - [2022-08-04 19:51:28,824] {dag.py:2937} INFO - Setting next_dagrun for example_xcom_args to None
[2022-08-04 19:51:28,825] {logging_mixin.py:109} INFO - [2022-08-04 19:51:28,825] {dag.py:2937} INFO - Setting next_dagrun for example_xcom_args_with_operators to None
[2022-08-04 19:51:28,902] {processor.py:171} INFO - Processing /home/airflow/.local/lib/python3.7/site-packages/airflow/example_dags/example_xcomargs.py took 1.970 seconds
[2022-08-04 19:51:59,876] {processor.py:163} INFO - Started process (PID=227) to work on /home/airflow/.local/lib/python3.7/site-packages/airflow/example_dags/example_xcomargs.py
[2022-08-04 19:51:59,880] {processor.py:642} INFO - Processing file /home/airflow/.local/lib/python3.7/site-packages/airflow/example_dags/example_xcomargs.py for tasks to queue
[2022-08-04 19:51:59,889] {logging_mixin.py:109} INFO - [2022-08-04 19:51:59,888] {dagbag.py:500} INFO - Filling up the DagBag from /home/airflow/.local/lib/python3.7/site-packages/airflow/example_dags/example_xcomargs.py
[2022-08-04 19:52:00,068] {processor.py:654} INFO - DAG(s) dict_keys(['example_xcom_args', 'example_xcom_args_with_operators']) retrieved from /home/airflow/.local/lib/python3.7/site-packages/airflow/example_dags/example_xcomargs.py
[2022-08-04 19:52:00,780] {logging_mixin.py:109} INFO - [2022-08-04 19:52:00,780] {dag.py:2398} INFO - Sync 2 DAGs
[2022-08-04 19:52:00,809] {logging_mixin.py:109} INFO - [2022-08-04 19:52:00,809] {dag.py:2937} INFO - Setting next_dagrun for example_xcom_args to None
[2022-08-04 19:52:00,810] {logging_mixin.py:109} INFO - [2022-08-04 19:52:00,810] {dag.py:2937} INFO - Setting next_dagrun for example_xcom_args_with_operators to None
[2022-08-04 19:52:00,831] {processor.py:171} INFO - Processing /home/airflow/.local/lib/python3.7/site-packages/airflow/example_dags/example_xcomargs.py took 0.969 seconds
[2022-08-04 19:52:31,279] {processor.py:163} INFO - Started process (PID=280) to work on /home/airflow/.local/lib/python3.7/site-packages/airflow/example_dags/example_xcomargs.py
[2022-08-04 19:52:31,280] {processor.py:642} INFO - Processing file /home/airflow/.local/lib/python3.7/site-packages/airflow/example_dags/example_xcomargs.py for tasks to queue
[2022-08-04 19:52:31,281] {logging_mixin.py:109} INFO - [2022-08-04 19:52:31,281] {dagbag.py:500} INFO - Filling up the DagBag from /home/airflow/.local/lib/python3.7/site-packages/airflow/example_dags/example_xcomargs.py
[2022-08-04 19:52:31,375] {processor.py:654} INFO - DAG(s) dict_keys(['example_xcom_args', 'example_xcom_args_with_operators']) retrieved from /home/airflow/.local/lib/python3.7/site-packages/airflow/example_dags/example_xcomargs.py
[2022-08-04 19:52:32,010] {logging_mixin.py:109} INFO - [2022-08-04 19:52:32,009] {dag.py:2398} INFO - Sync 2 DAGs
[2022-08-04 19:52:32,055] {logging_mixin.py:109} INFO - [2022-08-04 19:52:32,054] {dag.py:2937} INFO - Setting next_dagrun for example_xcom_args to None
[2022-08-04 19:52:32,055] {logging_mixin.py:109} INFO - [2022-08-04 19:52:32,055] {dag.py:2937} INFO - Setting next_dagrun for example_xcom_args_with_operators to None
[2022-08-04 19:52:32,081] {processor.py:171} INFO - Processing /home/airflow/.local/lib/python3.7/site-packages/airflow/example_dags/example_xcomargs.py took 0.809 seconds
[2022-08-04 19:53:02,913] {processor.py:163} INFO - Started process (PID=323) to work on /home/airflow/.local/lib/python3.7/site-packages/airflow/example_dags/example_xcomargs.py
[2022-08-04 19:53:02,915] {processor.py:642} INFO - Processing file /home/airflow/.local/lib/python3.7/site-packages/airflow/example_dags/example_xcomargs.py for tasks to queue
[2022-08-04 19:53:02,918] {logging_mixin.py:109} INFO - [2022-08-04 19:53:02,917] {dagbag.py:500} INFO - Filling up the DagBag from /home/airflow/.local/lib/python3.7/site-packages/airflow/example_dags/example_xcomargs.py
[2022-08-04 19:53:03,061] {processor.py:654} INFO - DAG(s) dict_keys(['example_xcom_args', 'example_xcom_args_with_operators']) retrieved from /home/airflow/.local/lib/python3.7/site-packages/airflow/example_dags/example_xcomargs.py
[2022-08-04 19:53:03,532] {logging_mixin.py:109} INFO - [2022-08-04 19:53:03,532] {dag.py:2398} INFO - Sync 2 DAGs
[2022-08-04 19:53:03,556] {logging_mixin.py:109} INFO - [2022-08-04 19:53:03,555] {dag.py:2937} INFO - Setting next_dagrun for example_xcom_args to None
[2022-08-04 19:53:03,557] {logging_mixin.py:109} INFO - [2022-08-04 19:53:03,557] {dag.py:2937} INFO - Setting next_dagrun for example_xcom_args_with_operators to None
[2022-08-04 19:53:03,581] {processor.py:171} INFO - Processing /home/airflow/.local/lib/python3.7/site-packages/airflow/example_dags/example_xcomargs.py took 0.674 seconds
[2022-08-04 19:58:54,409] {processor.py:163} INFO - Started process (PID=79) to work on /home/airflow/.local/lib/python3.7/site-packages/airflow/example_dags/example_xcomargs.py
[2022-08-04 19:58:54,412] {processor.py:642} INFO - Processing file /home/airflow/.local/lib/python3.7/site-packages/airflow/example_dags/example_xcomargs.py for tasks to queue
[2022-08-04 19:58:54,414] {logging_mixin.py:109} INFO - [2022-08-04 19:58:54,413] {dagbag.py:500} INFO - Filling up the DagBag from /home/airflow/.local/lib/python3.7/site-packages/airflow/example_dags/example_xcomargs.py
[2022-08-04 19:58:54,514] {processor.py:654} INFO - DAG(s) dict_keys(['example_xcom_args', 'example_xcom_args_with_operators']) retrieved from /home/airflow/.local/lib/python3.7/site-packages/airflow/example_dags/example_xcomargs.py
[2022-08-04 19:58:55,011] {logging_mixin.py:109} INFO - [2022-08-04 19:58:55,011] {dag.py:2398} INFO - Sync 2 DAGs
[2022-08-04 19:58:55,039] {logging_mixin.py:109} INFO - [2022-08-04 19:58:55,038] {dag.py:2937} INFO - Setting next_dagrun for example_xcom_args to None
[2022-08-04 19:58:55,039] {logging_mixin.py:109} INFO - [2022-08-04 19:58:55,039] {dag.py:2937} INFO - Setting next_dagrun for example_xcom_args_with_operators to None
[2022-08-04 19:58:55,061] {processor.py:171} INFO - Processing /home/airflow/.local/lib/python3.7/site-packages/airflow/example_dags/example_xcomargs.py took 0.663 seconds
[2022-08-04 19:59:25,992] {processor.py:163} INFO - Started process (PID=126) to work on /home/airflow/.local/lib/python3.7/site-packages/airflow/example_dags/example_xcomargs.py
[2022-08-04 19:59:25,994] {processor.py:642} INFO - Processing file /home/airflow/.local/lib/python3.7/site-packages/airflow/example_dags/example_xcomargs.py for tasks to queue
[2022-08-04 19:59:25,994] {logging_mixin.py:109} INFO - [2022-08-04 19:59:25,994] {dagbag.py:500} INFO - Filling up the DagBag from /home/airflow/.local/lib/python3.7/site-packages/airflow/example_dags/example_xcomargs.py
[2022-08-04 19:59:26,034] {processor.py:654} INFO - DAG(s) dict_keys(['example_xcom_args', 'example_xcom_args_with_operators']) retrieved from /home/airflow/.local/lib/python3.7/site-packages/airflow/example_dags/example_xcomargs.py
[2022-08-04 19:59:26,269] {logging_mixin.py:109} INFO - [2022-08-04 19:59:26,269] {dag.py:2398} INFO - Sync 2 DAGs
[2022-08-04 19:59:26,286] {logging_mixin.py:109} INFO - [2022-08-04 19:59:26,286] {dag.py:2937} INFO - Setting next_dagrun for example_xcom_args to None
[2022-08-04 19:59:26,286] {logging_mixin.py:109} INFO - [2022-08-04 19:59:26,286] {dag.py:2937} INFO - Setting next_dagrun for example_xcom_args_with_operators to None
[2022-08-04 19:59:26,299] {processor.py:171} INFO - Processing /home/airflow/.local/lib/python3.7/site-packages/airflow/example_dags/example_xcomargs.py took 0.310 seconds
[2022-08-04 19:59:57,148] {processor.py:163} INFO - Started process (PID=178) to work on /home/airflow/.local/lib/python3.7/site-packages/airflow/example_dags/example_xcomargs.py
[2022-08-04 19:59:57,151] {processor.py:642} INFO - Processing file /home/airflow/.local/lib/python3.7/site-packages/airflow/example_dags/example_xcomargs.py for tasks to queue
[2022-08-04 19:59:57,153] {logging_mixin.py:109} INFO - [2022-08-04 19:59:57,153] {dagbag.py:500} INFO - Filling up the DagBag from /home/airflow/.local/lib/python3.7/site-packages/airflow/example_dags/example_xcomargs.py
[2022-08-04 19:59:57,239] {processor.py:654} INFO - DAG(s) dict_keys(['example_xcom_args', 'example_xcom_args_with_operators']) retrieved from /home/airflow/.local/lib/python3.7/site-packages/airflow/example_dags/example_xcomargs.py
[2022-08-04 19:59:57,907] {logging_mixin.py:109} INFO - [2022-08-04 19:59:57,906] {dag.py:2398} INFO - Sync 2 DAGs
[2022-08-04 19:59:57,935] {logging_mixin.py:109} INFO - [2022-08-04 19:59:57,935] {dag.py:2937} INFO - Setting next_dagrun for example_xcom_args to None
[2022-08-04 19:59:57,936] {logging_mixin.py:109} INFO - [2022-08-04 19:59:57,936] {dag.py:2937} INFO - Setting next_dagrun for example_xcom_args_with_operators to None
[2022-08-04 19:59:57,958] {processor.py:171} INFO - Processing /home/airflow/.local/lib/python3.7/site-packages/airflow/example_dags/example_xcomargs.py took 0.852 seconds
[2022-08-04 20:00:36,919] {processor.py:163} INFO - Started process (PID=228) to work on /home/airflow/.local/lib/python3.7/site-packages/airflow/example_dags/example_xcomargs.py
[2022-08-04 20:00:36,922] {processor.py:642} INFO - Processing file /home/airflow/.local/lib/python3.7/site-packages/airflow/example_dags/example_xcomargs.py for tasks to queue
[2022-08-04 20:00:36,926] {logging_mixin.py:109} INFO - [2022-08-04 20:00:36,926] {dagbag.py:500} INFO - Filling up the DagBag from /home/airflow/.local/lib/python3.7/site-packages/airflow/example_dags/example_xcomargs.py
[2022-08-04 20:00:37,002] {processor.py:654} INFO - DAG(s) dict_keys(['example_xcom_args', 'example_xcom_args_with_operators']) retrieved from /home/airflow/.local/lib/python3.7/site-packages/airflow/example_dags/example_xcomargs.py
[2022-08-04 20:00:37,386] {logging_mixin.py:109} INFO - [2022-08-04 20:00:37,385] {dag.py:2398} INFO - Sync 2 DAGs
[2022-08-04 20:00:37,415] {logging_mixin.py:109} INFO - [2022-08-04 20:00:37,415] {dag.py:2937} INFO - Setting next_dagrun for example_xcom_args to None
[2022-08-04 20:00:37,416] {logging_mixin.py:109} INFO - [2022-08-04 20:00:37,416] {dag.py:2937} INFO - Setting next_dagrun for example_xcom_args_with_operators to None
[2022-08-04 20:00:37,438] {processor.py:171} INFO - Processing /home/airflow/.local/lib/python3.7/site-packages/airflow/example_dags/example_xcomargs.py took 0.524 seconds
[2022-08-04 20:01:09,464] {processor.py:163} INFO - Started process (PID=282) to work on /home/airflow/.local/lib/python3.7/site-packages/airflow/example_dags/example_xcomargs.py
[2022-08-04 20:01:09,467] {processor.py:642} INFO - Processing file /home/airflow/.local/lib/python3.7/site-packages/airflow/example_dags/example_xcomargs.py for tasks to queue
[2022-08-04 20:01:09,469] {logging_mixin.py:109} INFO - [2022-08-04 20:01:09,469] {dagbag.py:500} INFO - Filling up the DagBag from /home/airflow/.local/lib/python3.7/site-packages/airflow/example_dags/example_xcomargs.py
[2022-08-04 20:01:09,532] {processor.py:654} INFO - DAG(s) dict_keys(['example_xcom_args', 'example_xcom_args_with_operators']) retrieved from /home/airflow/.local/lib/python3.7/site-packages/airflow/example_dags/example_xcomargs.py
[2022-08-04 20:01:09,905] {logging_mixin.py:109} INFO - [2022-08-04 20:01:09,905] {dag.py:2398} INFO - Sync 2 DAGs
[2022-08-04 20:01:09,927] {logging_mixin.py:109} INFO - [2022-08-04 20:01:09,927] {dag.py:2937} INFO - Setting next_dagrun for example_xcom_args to None
[2022-08-04 20:01:09,928] {logging_mixin.py:109} INFO - [2022-08-04 20:01:09,928] {dag.py:2937} INFO - Setting next_dagrun for example_xcom_args_with_operators to None
[2022-08-04 20:01:09,944] {processor.py:171} INFO - Processing /home/airflow/.local/lib/python3.7/site-packages/airflow/example_dags/example_xcomargs.py took 0.486 seconds
[2022-08-04 20:01:42,624] {processor.py:163} INFO - Started process (PID=334) to work on /home/airflow/.local/lib/python3.7/site-packages/airflow/example_dags/example_xcomargs.py
[2022-08-04 20:01:42,634] {processor.py:642} INFO - Processing file /home/airflow/.local/lib/python3.7/site-packages/airflow/example_dags/example_xcomargs.py for tasks to queue
[2022-08-04 20:01:42,642] {logging_mixin.py:109} INFO - [2022-08-04 20:01:42,642] {dagbag.py:500} INFO - Filling up the DagBag from /home/airflow/.local/lib/python3.7/site-packages/airflow/example_dags/example_xcomargs.py
[2022-08-04 20:01:43,006] {processor.py:654} INFO - DAG(s) dict_keys(['example_xcom_args', 'example_xcom_args_with_operators']) retrieved from /home/airflow/.local/lib/python3.7/site-packages/airflow/example_dags/example_xcomargs.py
[2022-08-04 20:01:44,322] {logging_mixin.py:109} INFO - [2022-08-04 20:01:44,321] {dag.py:2398} INFO - Sync 2 DAGs
[2022-08-04 20:01:44,388] {logging_mixin.py:109} INFO - [2022-08-04 20:01:44,387] {dag.py:2937} INFO - Setting next_dagrun for example_xcom_args to None
[2022-08-04 20:01:44,389] {logging_mixin.py:109} INFO - [2022-08-04 20:01:44,389] {dag.py:2937} INFO - Setting next_dagrun for example_xcom_args_with_operators to None
[2022-08-04 20:01:44,462] {processor.py:171} INFO - Processing /home/airflow/.local/lib/python3.7/site-packages/airflow/example_dags/example_xcomargs.py took 1.861 seconds
[2022-08-04 20:02:15,468] {processor.py:163} INFO - Started process (PID=389) to work on /home/airflow/.local/lib/python3.7/site-packages/airflow/example_dags/example_xcomargs.py
[2022-08-04 20:02:15,471] {processor.py:642} INFO - Processing file /home/airflow/.local/lib/python3.7/site-packages/airflow/example_dags/example_xcomargs.py for tasks to queue
[2022-08-04 20:02:15,472] {logging_mixin.py:109} INFO - [2022-08-04 20:02:15,472] {dagbag.py:500} INFO - Filling up the DagBag from /home/airflow/.local/lib/python3.7/site-packages/airflow/example_dags/example_xcomargs.py
[2022-08-04 20:02:15,631] {processor.py:654} INFO - DAG(s) dict_keys(['example_xcom_args', 'example_xcom_args_with_operators']) retrieved from /home/airflow/.local/lib/python3.7/site-packages/airflow/example_dags/example_xcomargs.py
[2022-08-04 20:02:16,736] {logging_mixin.py:109} INFO - [2022-08-04 20:02:16,736] {dag.py:2398} INFO - Sync 2 DAGs
[2022-08-04 20:02:16,782] {logging_mixin.py:109} INFO - [2022-08-04 20:02:16,781] {dag.py:2937} INFO - Setting next_dagrun for example_xcom_args to None
[2022-08-04 20:02:16,783] {logging_mixin.py:109} INFO - [2022-08-04 20:02:16,782] {dag.py:2937} INFO - Setting next_dagrun for example_xcom_args_with_operators to None
[2022-08-04 20:02:16,836] {processor.py:171} INFO - Processing /home/airflow/.local/lib/python3.7/site-packages/airflow/example_dags/example_xcomargs.py took 1.378 seconds
[2022-08-04 20:02:47,365] {processor.py:163} INFO - Started process (PID=431) to work on /home/airflow/.local/lib/python3.7/site-packages/airflow/example_dags/example_xcomargs.py
[2022-08-04 20:02:47,368] {processor.py:642} INFO - Processing file /home/airflow/.local/lib/python3.7/site-packages/airflow/example_dags/example_xcomargs.py for tasks to queue
[2022-08-04 20:02:47,370] {logging_mixin.py:109} INFO - [2022-08-04 20:02:47,369] {dagbag.py:500} INFO - Filling up the DagBag from /home/airflow/.local/lib/python3.7/site-packages/airflow/example_dags/example_xcomargs.py
[2022-08-04 20:02:47,483] {processor.py:654} INFO - DAG(s) dict_keys(['example_xcom_args', 'example_xcom_args_with_operators']) retrieved from /home/airflow/.local/lib/python3.7/site-packages/airflow/example_dags/example_xcomargs.py
[2022-08-04 20:02:47,923] {logging_mixin.py:109} INFO - [2022-08-04 20:02:47,923] {dag.py:2398} INFO - Sync 2 DAGs
[2022-08-04 20:02:47,954] {logging_mixin.py:109} INFO - [2022-08-04 20:02:47,953] {dag.py:2937} INFO - Setting next_dagrun for example_xcom_args to None
[2022-08-04 20:02:47,954] {logging_mixin.py:109} INFO - [2022-08-04 20:02:47,954] {dag.py:2937} INFO - Setting next_dagrun for example_xcom_args_with_operators to None
[2022-08-04 20:02:47,978] {processor.py:171} INFO - Processing /home/airflow/.local/lib/python3.7/site-packages/airflow/example_dags/example_xcomargs.py took 0.622 seconds
[2022-08-04 20:03:22,875] {processor.py:163} INFO - Started process (PID=484) to work on /home/airflow/.local/lib/python3.7/site-packages/airflow/example_dags/example_xcomargs.py
[2022-08-04 20:03:22,878] {processor.py:642} INFO - Processing file /home/airflow/.local/lib/python3.7/site-packages/airflow/example_dags/example_xcomargs.py for tasks to queue
[2022-08-04 20:03:22,880] {logging_mixin.py:109} INFO - [2022-08-04 20:03:22,880] {dagbag.py:500} INFO - Filling up the DagBag from /home/airflow/.local/lib/python3.7/site-packages/airflow/example_dags/example_xcomargs.py
[2022-08-04 20:03:22,974] {processor.py:654} INFO - DAG(s) dict_keys(['example_xcom_args', 'example_xcom_args_with_operators']) retrieved from /home/airflow/.local/lib/python3.7/site-packages/airflow/example_dags/example_xcomargs.py
[2022-08-04 20:03:23,612] {logging_mixin.py:109} INFO - [2022-08-04 20:03:23,612] {dag.py:2398} INFO - Sync 2 DAGs
[2022-08-04 20:03:23,675] {logging_mixin.py:109} INFO - [2022-08-04 20:03:23,674] {dag.py:2937} INFO - Setting next_dagrun for example_xcom_args to None
[2022-08-04 20:03:23,676] {logging_mixin.py:109} INFO - [2022-08-04 20:03:23,675] {dag.py:2937} INFO - Setting next_dagrun for example_xcom_args_with_operators to None
[2022-08-04 20:03:23,703] {processor.py:171} INFO - Processing /home/airflow/.local/lib/python3.7/site-packages/airflow/example_dags/example_xcomargs.py took 0.835 seconds
[2022-08-04 20:03:56,587] {processor.py:163} INFO - Started process (PID=540) to work on /home/airflow/.local/lib/python3.7/site-packages/airflow/example_dags/example_xcomargs.py
[2022-08-04 20:03:56,590] {processor.py:642} INFO - Processing file /home/airflow/.local/lib/python3.7/site-packages/airflow/example_dags/example_xcomargs.py for tasks to queue
[2022-08-04 20:03:56,592] {logging_mixin.py:109} INFO - [2022-08-04 20:03:56,591] {dagbag.py:500} INFO - Filling up the DagBag from /home/airflow/.local/lib/python3.7/site-packages/airflow/example_dags/example_xcomargs.py
[2022-08-04 20:03:56,753] {processor.py:654} INFO - DAG(s) dict_keys(['example_xcom_args', 'example_xcom_args_with_operators']) retrieved from /home/airflow/.local/lib/python3.7/site-packages/airflow/example_dags/example_xcomargs.py
[2022-08-04 20:03:57,329] {logging_mixin.py:109} INFO - [2022-08-04 20:03:57,329] {dag.py:2398} INFO - Sync 2 DAGs
[2022-08-04 20:03:57,364] {logging_mixin.py:109} INFO - [2022-08-04 20:03:57,364] {dag.py:2937} INFO - Setting next_dagrun for example_xcom_args to None
[2022-08-04 20:03:57,365] {logging_mixin.py:109} INFO - [2022-08-04 20:03:57,365] {dag.py:2937} INFO - Setting next_dagrun for example_xcom_args_with_operators to None
[2022-08-04 20:03:57,386] {processor.py:171} INFO - Processing /home/airflow/.local/lib/python3.7/site-packages/airflow/example_dags/example_xcomargs.py took 0.806 seconds
[2022-08-04 20:04:27,720] {processor.py:163} INFO - Started process (PID=596) to work on /home/airflow/.local/lib/python3.7/site-packages/airflow/example_dags/example_xcomargs.py
[2022-08-04 20:04:27,724] {processor.py:642} INFO - Processing file /home/airflow/.local/lib/python3.7/site-packages/airflow/example_dags/example_xcomargs.py for tasks to queue
[2022-08-04 20:04:27,725] {logging_mixin.py:109} INFO - [2022-08-04 20:04:27,725] {dagbag.py:500} INFO - Filling up the DagBag from /home/airflow/.local/lib/python3.7/site-packages/airflow/example_dags/example_xcomargs.py
[2022-08-04 20:04:27,792] {processor.py:654} INFO - DAG(s) dict_keys(['example_xcom_args', 'example_xcom_args_with_operators']) retrieved from /home/airflow/.local/lib/python3.7/site-packages/airflow/example_dags/example_xcomargs.py
[2022-08-04 20:04:28,145] {logging_mixin.py:109} INFO - [2022-08-04 20:04:28,145] {dag.py:2398} INFO - Sync 2 DAGs
[2022-08-04 20:04:28,164] {logging_mixin.py:109} INFO - [2022-08-04 20:04:28,164] {dag.py:2937} INFO - Setting next_dagrun for example_xcom_args to None
[2022-08-04 20:04:28,164] {logging_mixin.py:109} INFO - [2022-08-04 20:04:28,164] {dag.py:2937} INFO - Setting next_dagrun for example_xcom_args_with_operators to None
[2022-08-04 20:04:28,179] {processor.py:171} INFO - Processing /home/airflow/.local/lib/python3.7/site-packages/airflow/example_dags/example_xcomargs.py took 0.466 seconds
[2022-08-04 20:05:01,323] {processor.py:163} INFO - Started process (PID=649) to work on /home/airflow/.local/lib/python3.7/site-packages/airflow/example_dags/example_xcomargs.py
[2022-08-04 20:05:01,329] {processor.py:642} INFO - Processing file /home/airflow/.local/lib/python3.7/site-packages/airflow/example_dags/example_xcomargs.py for tasks to queue
[2022-08-04 20:05:01,330] {logging_mixin.py:109} INFO - [2022-08-04 20:05:01,330] {dagbag.py:500} INFO - Filling up the DagBag from /home/airflow/.local/lib/python3.7/site-packages/airflow/example_dags/example_xcomargs.py
[2022-08-04 20:05:01,429] {processor.py:654} INFO - DAG(s) dict_keys(['example_xcom_args', 'example_xcom_args_with_operators']) retrieved from /home/airflow/.local/lib/python3.7/site-packages/airflow/example_dags/example_xcomargs.py
[2022-08-04 20:05:02,055] {logging_mixin.py:109} INFO - [2022-08-04 20:05:02,054] {dag.py:2398} INFO - Sync 2 DAGs
[2022-08-04 20:05:02,089] {logging_mixin.py:109} INFO - [2022-08-04 20:05:02,089] {dag.py:2937} INFO - Setting next_dagrun for example_xcom_args to None
[2022-08-04 20:05:02,090] {logging_mixin.py:109} INFO - [2022-08-04 20:05:02,090] {dag.py:2937} INFO - Setting next_dagrun for example_xcom_args_with_operators to None
[2022-08-04 20:05:02,112] {processor.py:171} INFO - Processing /home/airflow/.local/lib/python3.7/site-packages/airflow/example_dags/example_xcomargs.py took 0.798 seconds
[2022-08-04 20:05:32,236] {processor.py:163} INFO - Started process (PID=691) to work on /home/airflow/.local/lib/python3.7/site-packages/airflow/example_dags/example_xcomargs.py
[2022-08-04 20:05:32,241] {processor.py:642} INFO - Processing file /home/airflow/.local/lib/python3.7/site-packages/airflow/example_dags/example_xcomargs.py for tasks to queue
[2022-08-04 20:05:32,246] {logging_mixin.py:109} INFO - [2022-08-04 20:05:32,245] {dagbag.py:500} INFO - Filling up the DagBag from /home/airflow/.local/lib/python3.7/site-packages/airflow/example_dags/example_xcomargs.py
[2022-08-04 20:05:32,421] {processor.py:654} INFO - DAG(s) dict_keys(['example_xcom_args', 'example_xcom_args_with_operators']) retrieved from /home/airflow/.local/lib/python3.7/site-packages/airflow/example_dags/example_xcomargs.py
[2022-08-04 20:05:32,870] {logging_mixin.py:109} INFO - [2022-08-04 20:05:32,870] {dag.py:2398} INFO - Sync 2 DAGs
[2022-08-04 20:05:32,909] {logging_mixin.py:109} INFO - [2022-08-04 20:05:32,909] {dag.py:2937} INFO - Setting next_dagrun for example_xcom_args to None
[2022-08-04 20:05:32,910] {logging_mixin.py:109} INFO - [2022-08-04 20:05:32,910] {dag.py:2937} INFO - Setting next_dagrun for example_xcom_args_with_operators to None
[2022-08-04 20:05:32,929] {processor.py:171} INFO - Processing /home/airflow/.local/lib/python3.7/site-packages/airflow/example_dags/example_xcomargs.py took 0.700 seconds
[2022-08-04 20:06:14,354] {processor.py:163} INFO - Started process (PID=744) to work on /home/airflow/.local/lib/python3.7/site-packages/airflow/example_dags/example_xcomargs.py
[2022-08-04 20:06:14,361] {processor.py:642} INFO - Processing file /home/airflow/.local/lib/python3.7/site-packages/airflow/example_dags/example_xcomargs.py for tasks to queue
[2022-08-04 20:06:14,364] {logging_mixin.py:109} INFO - [2022-08-04 20:06:14,364] {dagbag.py:500} INFO - Filling up the DagBag from /home/airflow/.local/lib/python3.7/site-packages/airflow/example_dags/example_xcomargs.py
[2022-08-04 20:06:14,576] {processor.py:654} INFO - DAG(s) dict_keys(['example_xcom_args', 'example_xcom_args_with_operators']) retrieved from /home/airflow/.local/lib/python3.7/site-packages/airflow/example_dags/example_xcomargs.py
[2022-08-04 20:06:15,264] {logging_mixin.py:109} INFO - [2022-08-04 20:06:15,264] {dag.py:2398} INFO - Sync 2 DAGs
[2022-08-04 20:06:15,296] {logging_mixin.py:109} INFO - [2022-08-04 20:06:15,296] {dag.py:2937} INFO - Setting next_dagrun for example_xcom_args to None
[2022-08-04 20:06:15,297] {logging_mixin.py:109} INFO - [2022-08-04 20:06:15,297] {dag.py:2937} INFO - Setting next_dagrun for example_xcom_args_with_operators to None
[2022-08-04 20:06:15,314] {processor.py:171} INFO - Processing /home/airflow/.local/lib/python3.7/site-packages/airflow/example_dags/example_xcomargs.py took 1.013 seconds
[2022-08-04 20:06:50,735] {processor.py:163} INFO - Started process (PID=799) to work on /home/airflow/.local/lib/python3.7/site-packages/airflow/example_dags/example_xcomargs.py
[2022-08-04 20:06:50,738] {processor.py:642} INFO - Processing file /home/airflow/.local/lib/python3.7/site-packages/airflow/example_dags/example_xcomargs.py for tasks to queue
[2022-08-04 20:06:50,740] {logging_mixin.py:109} INFO - [2022-08-04 20:06:50,740] {dagbag.py:500} INFO - Filling up the DagBag from /home/airflow/.local/lib/python3.7/site-packages/airflow/example_dags/example_xcomargs.py
[2022-08-04 20:06:50,893] {processor.py:654} INFO - DAG(s) dict_keys(['example_xcom_args', 'example_xcom_args_with_operators']) retrieved from /home/airflow/.local/lib/python3.7/site-packages/airflow/example_dags/example_xcomargs.py
[2022-08-04 20:06:51,642] {logging_mixin.py:109} INFO - [2022-08-04 20:06:51,642] {dag.py:2398} INFO - Sync 2 DAGs
[2022-08-04 20:06:51,679] {logging_mixin.py:109} INFO - [2022-08-04 20:06:51,679] {dag.py:2937} INFO - Setting next_dagrun for example_xcom_args to None
[2022-08-04 20:06:51,680] {logging_mixin.py:109} INFO - [2022-08-04 20:06:51,679] {dag.py:2937} INFO - Setting next_dagrun for example_xcom_args_with_operators to None
[2022-08-04 20:06:51,708] {processor.py:171} INFO - Processing /home/airflow/.local/lib/python3.7/site-packages/airflow/example_dags/example_xcomargs.py took 0.980 seconds
[2022-08-04 20:07:21,983] {processor.py:163} INFO - Started process (PID=852) to work on /home/airflow/.local/lib/python3.7/site-packages/airflow/example_dags/example_xcomargs.py
[2022-08-04 20:07:21,990] {processor.py:642} INFO - Processing file /home/airflow/.local/lib/python3.7/site-packages/airflow/example_dags/example_xcomargs.py for tasks to queue
[2022-08-04 20:07:21,992] {logging_mixin.py:109} INFO - [2022-08-04 20:07:21,992] {dagbag.py:500} INFO - Filling up the DagBag from /home/airflow/.local/lib/python3.7/site-packages/airflow/example_dags/example_xcomargs.py
[2022-08-04 20:07:22,246] {processor.py:654} INFO - DAG(s) dict_keys(['example_xcom_args', 'example_xcom_args_with_operators']) retrieved from /home/airflow/.local/lib/python3.7/site-packages/airflow/example_dags/example_xcomargs.py
[2022-08-04 20:07:22,286] {logging_mixin.py:109} INFO - [2022-08-04 20:07:22,285] {dag.py:2398} INFO - Sync 2 DAGs
[2022-08-04 20:07:22,344] {logging_mixin.py:109} INFO - [2022-08-04 20:07:22,344] {dag.py:2937} INFO - Setting next_dagrun for example_xcom_args to None
[2022-08-04 20:07:22,344] {logging_mixin.py:109} INFO - [2022-08-04 20:07:22,344] {dag.py:2937} INFO - Setting next_dagrun for example_xcom_args_with_operators to None
[2022-08-04 20:07:22,371] {processor.py:171} INFO - Processing /home/airflow/.local/lib/python3.7/site-packages/airflow/example_dags/example_xcomargs.py took 0.397 seconds
[2022-08-04 20:07:53,020] {processor.py:163} INFO - Started process (PID=893) to work on /home/airflow/.local/lib/python3.7/site-packages/airflow/example_dags/example_xcomargs.py
[2022-08-04 20:07:53,029] {processor.py:642} INFO - Processing file /home/airflow/.local/lib/python3.7/site-packages/airflow/example_dags/example_xcomargs.py for tasks to queue
[2022-08-04 20:07:53,031] {logging_mixin.py:109} INFO - [2022-08-04 20:07:53,030] {dagbag.py:500} INFO - Filling up the DagBag from /home/airflow/.local/lib/python3.7/site-packages/airflow/example_dags/example_xcomargs.py
[2022-08-04 20:07:56,189] {processor.py:654} INFO - DAG(s) dict_keys(['example_xcom_args', 'example_xcom_args_with_operators']) retrieved from /home/airflow/.local/lib/python3.7/site-packages/airflow/example_dags/example_xcomargs.py
[2022-08-04 20:07:58,083] {logging_mixin.py:109} INFO - [2022-08-04 20:07:58,083] {dag.py:2398} INFO - Sync 2 DAGs
[2022-08-04 20:07:58,136] {logging_mixin.py:109} INFO - [2022-08-04 20:07:58,136] {dag.py:2937} INFO - Setting next_dagrun for example_xcom_args to None
[2022-08-04 20:07:58,137] {logging_mixin.py:109} INFO - [2022-08-04 20:07:58,137] {dag.py:2937} INFO - Setting next_dagrun for example_xcom_args_with_operators to None
[2022-08-04 20:07:58,190] {processor.py:171} INFO - Processing /home/airflow/.local/lib/python3.7/site-packages/airflow/example_dags/example_xcomargs.py took 5.185 seconds
[2022-08-04 20:08:28,637] {processor.py:163} INFO - Started process (PID=948) to work on /home/airflow/.local/lib/python3.7/site-packages/airflow/example_dags/example_xcomargs.py
[2022-08-04 20:08:28,640] {processor.py:642} INFO - Processing file /home/airflow/.local/lib/python3.7/site-packages/airflow/example_dags/example_xcomargs.py for tasks to queue
[2022-08-04 20:08:28,641] {logging_mixin.py:109} INFO - [2022-08-04 20:08:28,640] {dagbag.py:500} INFO - Filling up the DagBag from /home/airflow/.local/lib/python3.7/site-packages/airflow/example_dags/example_xcomargs.py
[2022-08-04 20:08:28,745] {processor.py:654} INFO - DAG(s) dict_keys(['example_xcom_args', 'example_xcom_args_with_operators']) retrieved from /home/airflow/.local/lib/python3.7/site-packages/airflow/example_dags/example_xcomargs.py
[2022-08-04 20:08:29,283] {logging_mixin.py:109} INFO - [2022-08-04 20:08:29,282] {dag.py:2398} INFO - Sync 2 DAGs
[2022-08-04 20:08:29,306] {logging_mixin.py:109} INFO - [2022-08-04 20:08:29,306] {dag.py:2937} INFO - Setting next_dagrun for example_xcom_args to None
[2022-08-04 20:08:29,307] {logging_mixin.py:109} INFO - [2022-08-04 20:08:29,307] {dag.py:2937} INFO - Setting next_dagrun for example_xcom_args_with_operators to None
[2022-08-04 20:08:29,333] {processor.py:171} INFO - Processing /home/airflow/.local/lib/python3.7/site-packages/airflow/example_dags/example_xcomargs.py took 0.700 seconds
[2022-08-04 20:09:00,094] {processor.py:163} INFO - Started process (PID=1000) to work on /home/airflow/.local/lib/python3.7/site-packages/airflow/example_dags/example_xcomargs.py
[2022-08-04 20:09:01,484] {processor.py:642} INFO - Processing file /home/airflow/.local/lib/python3.7/site-packages/airflow/example_dags/example_xcomargs.py for tasks to queue
[2022-08-04 20:09:01,495] {logging_mixin.py:109} INFO - [2022-08-04 20:09:01,495] {dagbag.py:500} INFO - Filling up the DagBag from /home/airflow/.local/lib/python3.7/site-packages/airflow/example_dags/example_xcomargs.py
[2022-08-04 20:09:01,894] {processor.py:654} INFO - DAG(s) dict_keys(['example_xcom_args', 'example_xcom_args_with_operators']) retrieved from /home/airflow/.local/lib/python3.7/site-packages/airflow/example_dags/example_xcomargs.py
[2022-08-04 20:09:03,139] {logging_mixin.py:109} INFO - [2022-08-04 20:09:03,139] {dag.py:2398} INFO - Sync 2 DAGs
[2022-08-04 20:09:03,178] {logging_mixin.py:109} INFO - [2022-08-04 20:09:03,178] {dag.py:2937} INFO - Setting next_dagrun for example_xcom_args to None
[2022-08-04 20:09:03,179] {logging_mixin.py:109} INFO - [2022-08-04 20:09:03,179] {dag.py:2937} INFO - Setting next_dagrun for example_xcom_args_with_operators to None
[2022-08-04 20:09:03,226] {processor.py:171} INFO - Processing /home/airflow/.local/lib/python3.7/site-packages/airflow/example_dags/example_xcomargs.py took 3.235 seconds
[2022-08-04 20:09:33,622] {processor.py:163} INFO - Started process (PID=1043) to work on /home/airflow/.local/lib/python3.7/site-packages/airflow/example_dags/example_xcomargs.py
[2022-08-04 20:09:33,625] {processor.py:642} INFO - Processing file /home/airflow/.local/lib/python3.7/site-packages/airflow/example_dags/example_xcomargs.py for tasks to queue
[2022-08-04 20:09:33,626] {logging_mixin.py:109} INFO - [2022-08-04 20:09:33,626] {dagbag.py:500} INFO - Filling up the DagBag from /home/airflow/.local/lib/python3.7/site-packages/airflow/example_dags/example_xcomargs.py
[2022-08-04 20:09:33,740] {processor.py:654} INFO - DAG(s) dict_keys(['example_xcom_args', 'example_xcom_args_with_operators']) retrieved from /home/airflow/.local/lib/python3.7/site-packages/airflow/example_dags/example_xcomargs.py
[2022-08-04 20:09:34,220] {logging_mixin.py:109} INFO - [2022-08-04 20:09:34,220] {dag.py:2398} INFO - Sync 2 DAGs
[2022-08-04 20:09:34,246] {logging_mixin.py:109} INFO - [2022-08-04 20:09:34,246] {dag.py:2937} INFO - Setting next_dagrun for example_xcom_args to None
[2022-08-04 20:09:34,246] {logging_mixin.py:109} INFO - [2022-08-04 20:09:34,246] {dag.py:2937} INFO - Setting next_dagrun for example_xcom_args_with_operators to None
[2022-08-04 20:09:34,268] {processor.py:171} INFO - Processing /home/airflow/.local/lib/python3.7/site-packages/airflow/example_dags/example_xcomargs.py took 0.653 seconds
[2022-08-04 20:10:05,170] {processor.py:163} INFO - Started process (PID=1096) to work on /home/airflow/.local/lib/python3.7/site-packages/airflow/example_dags/example_xcomargs.py
[2022-08-04 20:10:05,172] {processor.py:642} INFO - Processing file /home/airflow/.local/lib/python3.7/site-packages/airflow/example_dags/example_xcomargs.py for tasks to queue
[2022-08-04 20:10:05,173] {logging_mixin.py:109} INFO - [2022-08-04 20:10:05,173] {dagbag.py:500} INFO - Filling up the DagBag from /home/airflow/.local/lib/python3.7/site-packages/airflow/example_dags/example_xcomargs.py
[2022-08-04 20:10:05,279] {processor.py:654} INFO - DAG(s) dict_keys(['example_xcom_args', 'example_xcom_args_with_operators']) retrieved from /home/airflow/.local/lib/python3.7/site-packages/airflow/example_dags/example_xcomargs.py
[2022-08-04 20:10:05,795] {logging_mixin.py:109} INFO - [2022-08-04 20:10:05,795] {dag.py:2398} INFO - Sync 2 DAGs
[2022-08-04 20:10:05,821] {logging_mixin.py:109} INFO - [2022-08-04 20:10:05,821] {dag.py:2937} INFO - Setting next_dagrun for example_xcom_args to None
[2022-08-04 20:10:05,822] {logging_mixin.py:109} INFO - [2022-08-04 20:10:05,821] {dag.py:2937} INFO - Setting next_dagrun for example_xcom_args_with_operators to None
[2022-08-04 20:10:05,839] {processor.py:171} INFO - Processing /home/airflow/.local/lib/python3.7/site-packages/airflow/example_dags/example_xcomargs.py took 0.675 seconds
[2022-08-04 20:10:36,249] {processor.py:163} INFO - Started process (PID=1148) to work on /home/airflow/.local/lib/python3.7/site-packages/airflow/example_dags/example_xcomargs.py
[2022-08-04 20:10:36,252] {processor.py:642} INFO - Processing file /home/airflow/.local/lib/python3.7/site-packages/airflow/example_dags/example_xcomargs.py for tasks to queue
[2022-08-04 20:10:36,253] {logging_mixin.py:109} INFO - [2022-08-04 20:10:36,253] {dagbag.py:500} INFO - Filling up the DagBag from /home/airflow/.local/lib/python3.7/site-packages/airflow/example_dags/example_xcomargs.py
[2022-08-04 20:10:36,896] {processor.py:654} INFO - DAG(s) dict_keys(['example_xcom_args', 'example_xcom_args_with_operators']) retrieved from /home/airflow/.local/lib/python3.7/site-packages/airflow/example_dags/example_xcomargs.py
[2022-08-04 20:10:38,590] {logging_mixin.py:109} INFO - [2022-08-04 20:10:38,590] {dag.py:2398} INFO - Sync 2 DAGs
[2022-08-04 20:10:38,626] {logging_mixin.py:109} INFO - [2022-08-04 20:10:38,626] {dag.py:2937} INFO - Setting next_dagrun for example_xcom_args to None
[2022-08-04 20:10:38,626] {logging_mixin.py:109} INFO - [2022-08-04 20:10:38,626] {dag.py:2937} INFO - Setting next_dagrun for example_xcom_args_with_operators to None
[2022-08-04 20:10:38,651] {processor.py:171} INFO - Processing /home/airflow/.local/lib/python3.7/site-packages/airflow/example_dags/example_xcomargs.py took 2.410 seconds
[2022-08-04 20:11:09,305] {processor.py:163} INFO - Started process (PID=1190) to work on /home/airflow/.local/lib/python3.7/site-packages/airflow/example_dags/example_xcomargs.py
[2022-08-04 20:11:09,308] {processor.py:642} INFO - Processing file /home/airflow/.local/lib/python3.7/site-packages/airflow/example_dags/example_xcomargs.py for tasks to queue
[2022-08-04 20:11:09,309] {logging_mixin.py:109} INFO - [2022-08-04 20:11:09,309] {dagbag.py:500} INFO - Filling up the DagBag from /home/airflow/.local/lib/python3.7/site-packages/airflow/example_dags/example_xcomargs.py
[2022-08-04 20:11:09,452] {processor.py:654} INFO - DAG(s) dict_keys(['example_xcom_args', 'example_xcom_args_with_operators']) retrieved from /home/airflow/.local/lib/python3.7/site-packages/airflow/example_dags/example_xcomargs.py
[2022-08-04 20:11:10,287] {logging_mixin.py:109} INFO - [2022-08-04 20:11:10,287] {dag.py:2398} INFO - Sync 2 DAGs
[2022-08-04 20:11:10,336] {logging_mixin.py:109} INFO - [2022-08-04 20:11:10,336] {dag.py:2937} INFO - Setting next_dagrun for example_xcom_args to None
[2022-08-04 20:11:10,337] {logging_mixin.py:109} INFO - [2022-08-04 20:11:10,337] {dag.py:2937} INFO - Setting next_dagrun for example_xcom_args_with_operators to None
[2022-08-04 20:11:10,378] {processor.py:171} INFO - Processing /home/airflow/.local/lib/python3.7/site-packages/airflow/example_dags/example_xcomargs.py took 1.077 seconds
