[2022-08-04 19:50:19,425] {processor.py:163} INFO - Started process (PID=48) to work on /home/airflow/.local/lib/python3.7/site-packages/airflow/example_dags/example_complex.py
[2022-08-04 19:50:19,428] {processor.py:642} INFO - Processing file /home/airflow/.local/lib/python3.7/site-packages/airflow/example_dags/example_complex.py for tasks to queue
[2022-08-04 19:50:19,430] {logging_mixin.py:109} INFO - [2022-08-04 19:50:19,429] {dagbag.py:500} INFO - Filling up the DagBag from /home/airflow/.local/lib/python3.7/site-packages/airflow/example_dags/example_complex.py
[2022-08-04 19:50:19,578] {processor.py:654} INFO - DAG(s) dict_keys(['example_complex']) retrieved from /home/airflow/.local/lib/python3.7/site-packages/airflow/example_dags/example_complex.py
[2022-08-04 19:50:19,656] {logging_mixin.py:109} INFO - [2022-08-04 19:50:19,656] {dag.py:2398} INFO - Sync 1 DAGs
[2022-08-04 19:50:19,703] {logging_mixin.py:109} INFO - [2022-08-04 19:50:19,703] {dag.py:2937} INFO - Setting next_dagrun for example_complex to None
[2022-08-04 19:50:19,723] {processor.py:171} INFO - Processing /home/airflow/.local/lib/python3.7/site-packages/airflow/example_dags/example_complex.py took 0.315 seconds
[2022-08-04 19:50:50,581] {processor.py:163} INFO - Started process (PID=99) to work on /home/airflow/.local/lib/python3.7/site-packages/airflow/example_dags/example_complex.py
[2022-08-04 19:50:50,583] {processor.py:642} INFO - Processing file /home/airflow/.local/lib/python3.7/site-packages/airflow/example_dags/example_complex.py for tasks to queue
[2022-08-04 19:50:50,584] {logging_mixin.py:109} INFO - [2022-08-04 19:50:50,584] {dagbag.py:500} INFO - Filling up the DagBag from /home/airflow/.local/lib/python3.7/site-packages/airflow/example_dags/example_complex.py
[2022-08-04 19:50:50,646] {processor.py:654} INFO - DAG(s) dict_keys(['example_complex']) retrieved from /home/airflow/.local/lib/python3.7/site-packages/airflow/example_dags/example_complex.py
[2022-08-04 19:50:50,675] {logging_mixin.py:109} INFO - [2022-08-04 19:50:50,675] {dag.py:2398} INFO - Sync 1 DAGs
[2022-08-04 19:50:50,700] {logging_mixin.py:109} INFO - [2022-08-04 19:50:50,700] {dag.py:2937} INFO - Setting next_dagrun for example_complex to None
[2022-08-04 19:50:50,711] {processor.py:171} INFO - Processing /home/airflow/.local/lib/python3.7/site-packages/airflow/example_dags/example_complex.py took 0.135 seconds
[2022-08-04 19:51:21,834] {processor.py:163} INFO - Started process (PID=151) to work on /home/airflow/.local/lib/python3.7/site-packages/airflow/example_dags/example_complex.py
[2022-08-04 19:51:21,836] {processor.py:642} INFO - Processing file /home/airflow/.local/lib/python3.7/site-packages/airflow/example_dags/example_complex.py for tasks to queue
[2022-08-04 19:51:21,838] {logging_mixin.py:109} INFO - [2022-08-04 19:51:21,837] {dagbag.py:500} INFO - Filling up the DagBag from /home/airflow/.local/lib/python3.7/site-packages/airflow/example_dags/example_complex.py
[2022-08-04 19:51:21,903] {processor.py:654} INFO - DAG(s) dict_keys(['example_complex']) retrieved from /home/airflow/.local/lib/python3.7/site-packages/airflow/example_dags/example_complex.py
[2022-08-04 19:51:21,929] {logging_mixin.py:109} INFO - [2022-08-04 19:51:21,929] {dag.py:2398} INFO - Sync 1 DAGs
[2022-08-04 19:51:21,955] {logging_mixin.py:109} INFO - [2022-08-04 19:51:21,955] {dag.py:2937} INFO - Setting next_dagrun for example_complex to None
[2022-08-04 19:51:21,970] {processor.py:171} INFO - Processing /home/airflow/.local/lib/python3.7/site-packages/airflow/example_dags/example_complex.py took 0.142 seconds
[2022-08-04 19:51:53,334] {processor.py:163} INFO - Started process (PID=203) to work on /home/airflow/.local/lib/python3.7/site-packages/airflow/example_dags/example_complex.py
[2022-08-04 19:51:53,336] {processor.py:642} INFO - Processing file /home/airflow/.local/lib/python3.7/site-packages/airflow/example_dags/example_complex.py for tasks to queue
[2022-08-04 19:51:53,337] {logging_mixin.py:109} INFO - [2022-08-04 19:51:53,337] {dagbag.py:500} INFO - Filling up the DagBag from /home/airflow/.local/lib/python3.7/site-packages/airflow/example_dags/example_complex.py
[2022-08-04 19:51:53,412] {processor.py:654} INFO - DAG(s) dict_keys(['example_complex']) retrieved from /home/airflow/.local/lib/python3.7/site-packages/airflow/example_dags/example_complex.py
[2022-08-04 19:51:53,446] {logging_mixin.py:109} INFO - [2022-08-04 19:51:53,445] {dag.py:2398} INFO - Sync 1 DAGs
[2022-08-04 19:51:53,474] {logging_mixin.py:109} INFO - [2022-08-04 19:51:53,474] {dag.py:2937} INFO - Setting next_dagrun for example_complex to None
[2022-08-04 19:51:53,495] {processor.py:171} INFO - Processing /home/airflow/.local/lib/python3.7/site-packages/airflow/example_dags/example_complex.py took 0.168 seconds
[2022-08-04 19:52:25,083] {processor.py:163} INFO - Started process (PID=246) to work on /home/airflow/.local/lib/python3.7/site-packages/airflow/example_dags/example_complex.py
[2022-08-04 19:52:25,086] {processor.py:642} INFO - Processing file /home/airflow/.local/lib/python3.7/site-packages/airflow/example_dags/example_complex.py for tasks to queue
[2022-08-04 19:52:25,088] {logging_mixin.py:109} INFO - [2022-08-04 19:52:25,087] {dagbag.py:500} INFO - Filling up the DagBag from /home/airflow/.local/lib/python3.7/site-packages/airflow/example_dags/example_complex.py
[2022-08-04 19:52:25,272] {processor.py:654} INFO - DAG(s) dict_keys(['example_complex']) retrieved from /home/airflow/.local/lib/python3.7/site-packages/airflow/example_dags/example_complex.py
[2022-08-04 19:52:25,371] {logging_mixin.py:109} INFO - [2022-08-04 19:52:25,371] {dag.py:2398} INFO - Sync 1 DAGs
[2022-08-04 19:52:25,432] {logging_mixin.py:109} INFO - [2022-08-04 19:52:25,432] {dag.py:2937} INFO - Setting next_dagrun for example_complex to None
[2022-08-04 19:52:25,476] {processor.py:171} INFO - Processing /home/airflow/.local/lib/python3.7/site-packages/airflow/example_dags/example_complex.py took 0.412 seconds
[2022-08-04 19:52:57,618] {processor.py:163} INFO - Started process (PID=299) to work on /home/airflow/.local/lib/python3.7/site-packages/airflow/example_dags/example_complex.py
[2022-08-04 19:52:57,623] {processor.py:642} INFO - Processing file /home/airflow/.local/lib/python3.7/site-packages/airflow/example_dags/example_complex.py for tasks to queue
[2022-08-04 19:52:57,625] {logging_mixin.py:109} INFO - [2022-08-04 19:52:57,625] {dagbag.py:500} INFO - Filling up the DagBag from /home/airflow/.local/lib/python3.7/site-packages/airflow/example_dags/example_complex.py
[2022-08-04 19:52:57,869] {processor.py:654} INFO - DAG(s) dict_keys(['example_complex']) retrieved from /home/airflow/.local/lib/python3.7/site-packages/airflow/example_dags/example_complex.py
[2022-08-04 19:52:57,929] {logging_mixin.py:109} INFO - [2022-08-04 19:52:57,928] {dag.py:2398} INFO - Sync 1 DAGs
[2022-08-04 19:52:57,988] {logging_mixin.py:109} INFO - [2022-08-04 19:52:57,988] {dag.py:2937} INFO - Setting next_dagrun for example_complex to None
[2022-08-04 19:52:58,030] {processor.py:171} INFO - Processing /home/airflow/.local/lib/python3.7/site-packages/airflow/example_dags/example_complex.py took 0.432 seconds
[2022-08-04 19:53:30,954] {processor.py:163} INFO - Started process (PID=352) to work on /home/airflow/.local/lib/python3.7/site-packages/airflow/example_dags/example_complex.py
[2022-08-04 19:53:30,957] {processor.py:642} INFO - Processing file /home/airflow/.local/lib/python3.7/site-packages/airflow/example_dags/example_complex.py for tasks to queue
[2022-08-04 19:53:30,958] {logging_mixin.py:109} INFO - [2022-08-04 19:53:30,958] {dagbag.py:500} INFO - Filling up the DagBag from /home/airflow/.local/lib/python3.7/site-packages/airflow/example_dags/example_complex.py
[2022-08-04 19:53:31,033] {processor.py:654} INFO - DAG(s) dict_keys(['example_complex']) retrieved from /home/airflow/.local/lib/python3.7/site-packages/airflow/example_dags/example_complex.py
[2022-08-04 19:53:31,075] {logging_mixin.py:109} INFO - [2022-08-04 19:53:31,075] {dag.py:2398} INFO - Sync 1 DAGs
[2022-08-04 19:53:31,115] {logging_mixin.py:109} INFO - [2022-08-04 19:53:31,115] {dag.py:2937} INFO - Setting next_dagrun for example_complex to None
[2022-08-04 19:53:31,137] {processor.py:171} INFO - Processing /home/airflow/.local/lib/python3.7/site-packages/airflow/example_dags/example_complex.py took 0.188 seconds
[2022-08-04 19:58:50,248] {processor.py:163} INFO - Started process (PID=48) to work on /home/airflow/.local/lib/python3.7/site-packages/airflow/example_dags/example_complex.py
[2022-08-04 19:58:50,255] {processor.py:642} INFO - Processing file /home/airflow/.local/lib/python3.7/site-packages/airflow/example_dags/example_complex.py for tasks to queue
[2022-08-04 19:58:50,258] {logging_mixin.py:109} INFO - [2022-08-04 19:58:50,258] {dagbag.py:500} INFO - Filling up the DagBag from /home/airflow/.local/lib/python3.7/site-packages/airflow/example_dags/example_complex.py
[2022-08-04 19:58:50,394] {processor.py:654} INFO - DAG(s) dict_keys(['example_complex']) retrieved from /home/airflow/.local/lib/python3.7/site-packages/airflow/example_dags/example_complex.py
[2022-08-04 19:58:50,432] {logging_mixin.py:109} INFO - [2022-08-04 19:58:50,432] {dag.py:2398} INFO - Sync 1 DAGs
[2022-08-04 19:58:50,466] {logging_mixin.py:109} INFO - [2022-08-04 19:58:50,466] {dag.py:2937} INFO - Setting next_dagrun for example_complex to None
[2022-08-04 19:58:50,492] {processor.py:171} INFO - Processing /home/airflow/.local/lib/python3.7/site-packages/airflow/example_dags/example_complex.py took 0.256 seconds
[2022-08-04 19:59:20,920] {processor.py:163} INFO - Started process (PID=102) to work on /home/airflow/.local/lib/python3.7/site-packages/airflow/example_dags/example_complex.py
[2022-08-04 19:59:20,923] {processor.py:642} INFO - Processing file /home/airflow/.local/lib/python3.7/site-packages/airflow/example_dags/example_complex.py for tasks to queue
[2022-08-04 19:59:20,925] {logging_mixin.py:109} INFO - [2022-08-04 19:59:20,924] {dagbag.py:500} INFO - Filling up the DagBag from /home/airflow/.local/lib/python3.7/site-packages/airflow/example_dags/example_complex.py
[2022-08-04 19:59:20,994] {processor.py:654} INFO - DAG(s) dict_keys(['example_complex']) retrieved from /home/airflow/.local/lib/python3.7/site-packages/airflow/example_dags/example_complex.py
[2022-08-04 19:59:21,026] {logging_mixin.py:109} INFO - [2022-08-04 19:59:21,025] {dag.py:2398} INFO - Sync 1 DAGs
[2022-08-04 19:59:21,055] {logging_mixin.py:109} INFO - [2022-08-04 19:59:21,055] {dag.py:2937} INFO - Setting next_dagrun for example_complex to None
[2022-08-04 19:59:21,074] {processor.py:171} INFO - Processing /home/airflow/.local/lib/python3.7/site-packages/airflow/example_dags/example_complex.py took 0.160 seconds
[2022-08-04 19:59:51,858] {processor.py:163} INFO - Started process (PID=154) to work on /home/airflow/.local/lib/python3.7/site-packages/airflow/example_dags/example_complex.py
[2022-08-04 19:59:51,859] {processor.py:642} INFO - Processing file /home/airflow/.local/lib/python3.7/site-packages/airflow/example_dags/example_complex.py for tasks to queue
[2022-08-04 19:59:51,860] {logging_mixin.py:109} INFO - [2022-08-04 19:59:51,860] {dagbag.py:500} INFO - Filling up the DagBag from /home/airflow/.local/lib/python3.7/site-packages/airflow/example_dags/example_complex.py
[2022-08-04 19:59:51,919] {processor.py:654} INFO - DAG(s) dict_keys(['example_complex']) retrieved from /home/airflow/.local/lib/python3.7/site-packages/airflow/example_dags/example_complex.py
[2022-08-04 19:59:51,945] {logging_mixin.py:109} INFO - [2022-08-04 19:59:51,944] {dag.py:2398} INFO - Sync 1 DAGs
[2022-08-04 19:59:51,970] {logging_mixin.py:109} INFO - [2022-08-04 19:59:51,969] {dag.py:2937} INFO - Setting next_dagrun for example_complex to None
[2022-08-04 19:59:51,982] {processor.py:171} INFO - Processing /home/airflow/.local/lib/python3.7/site-packages/airflow/example_dags/example_complex.py took 0.129 seconds
[2022-08-04 20:00:25,366] {processor.py:163} INFO - Started process (PID=206) to work on /home/airflow/.local/lib/python3.7/site-packages/airflow/example_dags/example_complex.py
[2022-08-04 20:00:25,370] {processor.py:642} INFO - Processing file /home/airflow/.local/lib/python3.7/site-packages/airflow/example_dags/example_complex.py for tasks to queue
[2022-08-04 20:00:25,374] {logging_mixin.py:109} INFO - [2022-08-04 20:00:25,373] {dagbag.py:500} INFO - Filling up the DagBag from /home/airflow/.local/lib/python3.7/site-packages/airflow/example_dags/example_complex.py
[2022-08-04 20:00:25,730] {processor.py:654} INFO - DAG(s) dict_keys(['example_complex']) retrieved from /home/airflow/.local/lib/python3.7/site-packages/airflow/example_dags/example_complex.py
[2022-08-04 20:00:25,794] {logging_mixin.py:109} INFO - [2022-08-04 20:00:25,794] {dag.py:2398} INFO - Sync 1 DAGs
[2022-08-04 20:00:25,832] {logging_mixin.py:109} INFO - [2022-08-04 20:00:25,832] {dag.py:2937} INFO - Setting next_dagrun for example_complex to None
[2022-08-04 20:00:25,849] {processor.py:171} INFO - Processing /home/airflow/.local/lib/python3.7/site-packages/airflow/example_dags/example_complex.py took 0.506 seconds
[2022-08-04 20:00:56,417] {processor.py:163} INFO - Started process (PID=249) to work on /home/airflow/.local/lib/python3.7/site-packages/airflow/example_dags/example_complex.py
[2022-08-04 20:00:56,419] {processor.py:642} INFO - Processing file /home/airflow/.local/lib/python3.7/site-packages/airflow/example_dags/example_complex.py for tasks to queue
[2022-08-04 20:00:56,421] {logging_mixin.py:109} INFO - [2022-08-04 20:00:56,421] {dagbag.py:500} INFO - Filling up the DagBag from /home/airflow/.local/lib/python3.7/site-packages/airflow/example_dags/example_complex.py
[2022-08-04 20:00:56,515] {processor.py:654} INFO - DAG(s) dict_keys(['example_complex']) retrieved from /home/airflow/.local/lib/python3.7/site-packages/airflow/example_dags/example_complex.py
[2022-08-04 20:00:56,542] {logging_mixin.py:109} INFO - [2022-08-04 20:00:56,541] {dag.py:2398} INFO - Sync 1 DAGs
[2022-08-04 20:00:56,562] {logging_mixin.py:109} INFO - [2022-08-04 20:00:56,562] {dag.py:2937} INFO - Setting next_dagrun for example_complex to None
[2022-08-04 20:00:56,574] {processor.py:171} INFO - Processing /home/airflow/.local/lib/python3.7/site-packages/airflow/example_dags/example_complex.py took 0.162 seconds
[2022-08-04 20:01:28,399] {processor.py:163} INFO - Started process (PID=301) to work on /home/airflow/.local/lib/python3.7/site-packages/airflow/example_dags/example_complex.py
[2022-08-04 20:01:28,405] {processor.py:642} INFO - Processing file /home/airflow/.local/lib/python3.7/site-packages/airflow/example_dags/example_complex.py for tasks to queue
[2022-08-04 20:01:28,407] {logging_mixin.py:109} INFO - [2022-08-04 20:01:28,407] {dagbag.py:500} INFO - Filling up the DagBag from /home/airflow/.local/lib/python3.7/site-packages/airflow/example_dags/example_complex.py
[2022-08-04 20:01:28,508] {processor.py:654} INFO - DAG(s) dict_keys(['example_complex']) retrieved from /home/airflow/.local/lib/python3.7/site-packages/airflow/example_dags/example_complex.py
[2022-08-04 20:01:28,557] {logging_mixin.py:109} INFO - [2022-08-04 20:01:28,557] {dag.py:2398} INFO - Sync 1 DAGs
[2022-08-04 20:01:28,595] {logging_mixin.py:109} INFO - [2022-08-04 20:01:28,595] {dag.py:2937} INFO - Setting next_dagrun for example_complex to None
[2022-08-04 20:01:28,618] {processor.py:171} INFO - Processing /home/airflow/.local/lib/python3.7/site-packages/airflow/example_dags/example_complex.py took 0.227 seconds
[2022-08-04 20:01:59,818] {processor.py:163} INFO - Started process (PID=355) to work on /home/airflow/.local/lib/python3.7/site-packages/airflow/example_dags/example_complex.py
[2022-08-04 20:01:59,820] {processor.py:642} INFO - Processing file /home/airflow/.local/lib/python3.7/site-packages/airflow/example_dags/example_complex.py for tasks to queue
[2022-08-04 20:01:59,822] {logging_mixin.py:109} INFO - [2022-08-04 20:01:59,821] {dagbag.py:500} INFO - Filling up the DagBag from /home/airflow/.local/lib/python3.7/site-packages/airflow/example_dags/example_complex.py
[2022-08-04 20:01:59,930] {processor.py:654} INFO - DAG(s) dict_keys(['example_complex']) retrieved from /home/airflow/.local/lib/python3.7/site-packages/airflow/example_dags/example_complex.py
[2022-08-04 20:01:59,971] {logging_mixin.py:109} INFO - [2022-08-04 20:01:59,971] {dag.py:2398} INFO - Sync 1 DAGs
[2022-08-04 20:01:59,999] {logging_mixin.py:109} INFO - [2022-08-04 20:01:59,999] {dag.py:2937} INFO - Setting next_dagrun for example_complex to None
[2022-08-04 20:02:00,024] {processor.py:171} INFO - Processing /home/airflow/.local/lib/python3.7/site-packages/airflow/example_dags/example_complex.py took 0.212 seconds
[2022-08-04 20:02:30,653] {processor.py:163} INFO - Started process (PID=398) to work on /home/airflow/.local/lib/python3.7/site-packages/airflow/example_dags/example_complex.py
[2022-08-04 20:02:30,655] {processor.py:642} INFO - Processing file /home/airflow/.local/lib/python3.7/site-packages/airflow/example_dags/example_complex.py for tasks to queue
[2022-08-04 20:02:30,656] {logging_mixin.py:109} INFO - [2022-08-04 20:02:30,656] {dagbag.py:500} INFO - Filling up the DagBag from /home/airflow/.local/lib/python3.7/site-packages/airflow/example_dags/example_complex.py
[2022-08-04 20:02:30,716] {processor.py:654} INFO - DAG(s) dict_keys(['example_complex']) retrieved from /home/airflow/.local/lib/python3.7/site-packages/airflow/example_dags/example_complex.py
[2022-08-04 20:02:30,747] {logging_mixin.py:109} INFO - [2022-08-04 20:02:30,747] {dag.py:2398} INFO - Sync 1 DAGs
[2022-08-04 20:02:30,774] {logging_mixin.py:109} INFO - [2022-08-04 20:02:30,774] {dag.py:2937} INFO - Setting next_dagrun for example_complex to None
[2022-08-04 20:02:30,798] {processor.py:171} INFO - Processing /home/airflow/.local/lib/python3.7/site-packages/airflow/example_dags/example_complex.py took 0.149 seconds
[2022-08-04 20:03:06,292] {processor.py:163} INFO - Started process (PID=452) to work on /home/airflow/.local/lib/python3.7/site-packages/airflow/example_dags/example_complex.py
[2022-08-04 20:03:06,296] {processor.py:642} INFO - Processing file /home/airflow/.local/lib/python3.7/site-packages/airflow/example_dags/example_complex.py for tasks to queue
[2022-08-04 20:03:06,298] {logging_mixin.py:109} INFO - [2022-08-04 20:03:06,297] {dagbag.py:500} INFO - Filling up the DagBag from /home/airflow/.local/lib/python3.7/site-packages/airflow/example_dags/example_complex.py
[2022-08-04 20:03:06,755] {processor.py:654} INFO - DAG(s) dict_keys(['example_complex']) retrieved from /home/airflow/.local/lib/python3.7/site-packages/airflow/example_dags/example_complex.py
[2022-08-04 20:03:06,926] {logging_mixin.py:109} INFO - [2022-08-04 20:03:06,913] {dag.py:2398} INFO - Sync 1 DAGs
[2022-08-04 20:03:07,050] {logging_mixin.py:109} INFO - [2022-08-04 20:03:07,050] {dag.py:2937} INFO - Setting next_dagrun for example_complex to None
[2022-08-04 20:03:07,096] {processor.py:171} INFO - Processing /home/airflow/.local/lib/python3.7/site-packages/airflow/example_dags/example_complex.py took 0.815 seconds
[2022-08-04 20:03:37,706] {processor.py:163} INFO - Started process (PID=507) to work on /home/airflow/.local/lib/python3.7/site-packages/airflow/example_dags/example_complex.py
[2022-08-04 20:03:37,709] {processor.py:642} INFO - Processing file /home/airflow/.local/lib/python3.7/site-packages/airflow/example_dags/example_complex.py for tasks to queue
[2022-08-04 20:03:37,710] {logging_mixin.py:109} INFO - [2022-08-04 20:03:37,710] {dagbag.py:500} INFO - Filling up the DagBag from /home/airflow/.local/lib/python3.7/site-packages/airflow/example_dags/example_complex.py
[2022-08-04 20:03:37,773] {processor.py:654} INFO - DAG(s) dict_keys(['example_complex']) retrieved from /home/airflow/.local/lib/python3.7/site-packages/airflow/example_dags/example_complex.py
[2022-08-04 20:03:37,805] {logging_mixin.py:109} INFO - [2022-08-04 20:03:37,805] {dag.py:2398} INFO - Sync 1 DAGs
[2022-08-04 20:03:37,834] {logging_mixin.py:109} INFO - [2022-08-04 20:03:37,834] {dag.py:2937} INFO - Setting next_dagrun for example_complex to None
[2022-08-04 20:03:37,849] {processor.py:171} INFO - Processing /home/airflow/.local/lib/python3.7/site-packages/airflow/example_dags/example_complex.py took 0.149 seconds
[2022-08-04 20:04:11,403] {processor.py:163} INFO - Started process (PID=559) to work on /home/airflow/.local/lib/python3.7/site-packages/airflow/example_dags/example_complex.py
[2022-08-04 20:04:11,406] {processor.py:642} INFO - Processing file /home/airflow/.local/lib/python3.7/site-packages/airflow/example_dags/example_complex.py for tasks to queue
[2022-08-04 20:04:11,408] {logging_mixin.py:109} INFO - [2022-08-04 20:04:11,407] {dagbag.py:500} INFO - Filling up the DagBag from /home/airflow/.local/lib/python3.7/site-packages/airflow/example_dags/example_complex.py
[2022-08-04 20:04:11,499] {processor.py:654} INFO - DAG(s) dict_keys(['example_complex']) retrieved from /home/airflow/.local/lib/python3.7/site-packages/airflow/example_dags/example_complex.py
[2022-08-04 20:04:11,540] {logging_mixin.py:109} INFO - [2022-08-04 20:04:11,540] {dag.py:2398} INFO - Sync 1 DAGs
[2022-08-04 20:04:11,590] {logging_mixin.py:109} INFO - [2022-08-04 20:04:11,589] {dag.py:2937} INFO - Setting next_dagrun for example_complex to None
[2022-08-04 20:04:11,614] {processor.py:171} INFO - Processing /home/airflow/.local/lib/python3.7/site-packages/airflow/example_dags/example_complex.py took 0.220 seconds
[2022-08-04 20:04:49,088] {processor.py:163} INFO - Started process (PID=612) to work on /home/airflow/.local/lib/python3.7/site-packages/airflow/example_dags/example_complex.py
[2022-08-04 20:04:49,091] {processor.py:642} INFO - Processing file /home/airflow/.local/lib/python3.7/site-packages/airflow/example_dags/example_complex.py for tasks to queue
[2022-08-04 20:04:49,092] {logging_mixin.py:109} INFO - [2022-08-04 20:04:49,092] {dagbag.py:500} INFO - Filling up the DagBag from /home/airflow/.local/lib/python3.7/site-packages/airflow/example_dags/example_complex.py
[2022-08-04 20:04:49,173] {processor.py:654} INFO - DAG(s) dict_keys(['example_complex']) retrieved from /home/airflow/.local/lib/python3.7/site-packages/airflow/example_dags/example_complex.py
[2022-08-04 20:04:49,216] {logging_mixin.py:109} INFO - [2022-08-04 20:04:49,216] {dag.py:2398} INFO - Sync 1 DAGs
[2022-08-04 20:04:49,251] {logging_mixin.py:109} INFO - [2022-08-04 20:04:49,251] {dag.py:2937} INFO - Setting next_dagrun for example_complex to None
[2022-08-04 20:04:49,269] {processor.py:171} INFO - Processing /home/airflow/.local/lib/python3.7/site-packages/airflow/example_dags/example_complex.py took 0.188 seconds
[2022-08-04 20:05:20,757] {processor.py:163} INFO - Started process (PID=664) to work on /home/airflow/.local/lib/python3.7/site-packages/airflow/example_dags/example_complex.py
[2022-08-04 20:05:20,760] {processor.py:642} INFO - Processing file /home/airflow/.local/lib/python3.7/site-packages/airflow/example_dags/example_complex.py for tasks to queue
[2022-08-04 20:05:20,761] {logging_mixin.py:109} INFO - [2022-08-04 20:05:20,761] {dagbag.py:500} INFO - Filling up the DagBag from /home/airflow/.local/lib/python3.7/site-packages/airflow/example_dags/example_complex.py
[2022-08-04 20:05:20,842] {processor.py:654} INFO - DAG(s) dict_keys(['example_complex']) retrieved from /home/airflow/.local/lib/python3.7/site-packages/airflow/example_dags/example_complex.py
[2022-08-04 20:05:20,876] {logging_mixin.py:109} INFO - [2022-08-04 20:05:20,876] {dag.py:2398} INFO - Sync 1 DAGs
[2022-08-04 20:05:20,907] {logging_mixin.py:109} INFO - [2022-08-04 20:05:20,906] {dag.py:2937} INFO - Setting next_dagrun for example_complex to None
[2022-08-04 20:05:20,927] {processor.py:171} INFO - Processing /home/airflow/.local/lib/python3.7/site-packages/airflow/example_dags/example_complex.py took 0.176 seconds
[2022-08-04 20:05:54,800] {processor.py:163} INFO - Started process (PID=707) to work on /home/airflow/.local/lib/python3.7/site-packages/airflow/example_dags/example_complex.py
[2022-08-04 20:05:54,809] {processor.py:642} INFO - Processing file /home/airflow/.local/lib/python3.7/site-packages/airflow/example_dags/example_complex.py for tasks to queue
[2022-08-04 20:05:54,812] {logging_mixin.py:109} INFO - [2022-08-04 20:05:54,811] {dagbag.py:500} INFO - Filling up the DagBag from /home/airflow/.local/lib/python3.7/site-packages/airflow/example_dags/example_complex.py
[2022-08-04 20:05:54,975] {processor.py:654} INFO - DAG(s) dict_keys(['example_complex']) retrieved from /home/airflow/.local/lib/python3.7/site-packages/airflow/example_dags/example_complex.py
[2022-08-04 20:05:55,007] {logging_mixin.py:109} INFO - [2022-08-04 20:05:55,007] {dag.py:2398} INFO - Sync 1 DAGs
[2022-08-04 20:05:55,042] {logging_mixin.py:109} INFO - [2022-08-04 20:05:55,042] {dag.py:2937} INFO - Setting next_dagrun for example_complex to None
[2022-08-04 20:05:55,058] {processor.py:171} INFO - Processing /home/airflow/.local/lib/python3.7/site-packages/airflow/example_dags/example_complex.py took 0.274 seconds
[2022-08-04 20:06:26,158] {processor.py:163} INFO - Started process (PID=759) to work on /home/airflow/.local/lib/python3.7/site-packages/airflow/example_dags/example_complex.py
[2022-08-04 20:06:26,161] {processor.py:642} INFO - Processing file /home/airflow/.local/lib/python3.7/site-packages/airflow/example_dags/example_complex.py for tasks to queue
[2022-08-04 20:06:26,164] {logging_mixin.py:109} INFO - [2022-08-04 20:06:26,162] {dagbag.py:500} INFO - Filling up the DagBag from /home/airflow/.local/lib/python3.7/site-packages/airflow/example_dags/example_complex.py
[2022-08-04 20:06:26,370] {processor.py:654} INFO - DAG(s) dict_keys(['example_complex']) retrieved from /home/airflow/.local/lib/python3.7/site-packages/airflow/example_dags/example_complex.py
[2022-08-04 20:06:26,411] {logging_mixin.py:109} INFO - [2022-08-04 20:06:26,411] {dag.py:2398} INFO - Sync 1 DAGs
[2022-08-04 20:06:26,463] {logging_mixin.py:109} INFO - [2022-08-04 20:06:26,463] {dag.py:2937} INFO - Setting next_dagrun for example_complex to None
[2022-08-04 20:06:26,485] {processor.py:171} INFO - Processing /home/airflow/.local/lib/python3.7/site-packages/airflow/example_dags/example_complex.py took 0.339 seconds
[2022-08-04 20:06:59,073] {processor.py:163} INFO - Started process (PID=811) to work on /home/airflow/.local/lib/python3.7/site-packages/airflow/example_dags/example_complex.py
[2022-08-04 20:06:59,082] {processor.py:642} INFO - Processing file /home/airflow/.local/lib/python3.7/site-packages/airflow/example_dags/example_complex.py for tasks to queue
[2022-08-04 20:06:59,083] {logging_mixin.py:109} INFO - [2022-08-04 20:06:59,083] {dagbag.py:500} INFO - Filling up the DagBag from /home/airflow/.local/lib/python3.7/site-packages/airflow/example_dags/example_complex.py
[2022-08-04 20:06:59,266] {processor.py:654} INFO - DAG(s) dict_keys(['example_complex']) retrieved from /home/airflow/.local/lib/python3.7/site-packages/airflow/example_dags/example_complex.py
[2022-08-04 20:06:59,348] {logging_mixin.py:109} INFO - [2022-08-04 20:06:59,348] {dag.py:2398} INFO - Sync 1 DAGs
[2022-08-04 20:06:59,399] {logging_mixin.py:109} INFO - [2022-08-04 20:06:59,399] {dag.py:2937} INFO - Setting next_dagrun for example_complex to None
[2022-08-04 20:06:59,432] {processor.py:171} INFO - Processing /home/airflow/.local/lib/python3.7/site-packages/airflow/example_dags/example_complex.py took 0.368 seconds
[2022-08-04 20:07:34,772] {processor.py:163} INFO - Started process (PID=856) to work on /home/airflow/.local/lib/python3.7/site-packages/airflow/example_dags/example_complex.py
[2022-08-04 20:07:34,776] {processor.py:642} INFO - Processing file /home/airflow/.local/lib/python3.7/site-packages/airflow/example_dags/example_complex.py for tasks to queue
[2022-08-04 20:07:34,779] {logging_mixin.py:109} INFO - [2022-08-04 20:07:34,778] {dagbag.py:500} INFO - Filling up the DagBag from /home/airflow/.local/lib/python3.7/site-packages/airflow/example_dags/example_complex.py
[2022-08-04 20:07:34,984] {processor.py:654} INFO - DAG(s) dict_keys(['example_complex']) retrieved from /home/airflow/.local/lib/python3.7/site-packages/airflow/example_dags/example_complex.py
[2022-08-04 20:07:35,037] {logging_mixin.py:109} INFO - [2022-08-04 20:07:35,036] {dag.py:2398} INFO - Sync 1 DAGs
[2022-08-04 20:07:35,075] {logging_mixin.py:109} INFO - [2022-08-04 20:07:35,074] {dag.py:2937} INFO - Setting next_dagrun for example_complex to None
[2022-08-04 20:07:35,093] {processor.py:171} INFO - Processing /home/airflow/.local/lib/python3.7/site-packages/airflow/example_dags/example_complex.py took 0.332 seconds
[2022-08-04 20:08:07,937] {processor.py:163} INFO - Started process (PID=909) to work on /home/airflow/.local/lib/python3.7/site-packages/airflow/example_dags/example_complex.py
[2022-08-04 20:08:07,960] {processor.py:642} INFO - Processing file /home/airflow/.local/lib/python3.7/site-packages/airflow/example_dags/example_complex.py for tasks to queue
[2022-08-04 20:08:07,962] {logging_mixin.py:109} INFO - [2022-08-04 20:08:07,962] {dagbag.py:500} INFO - Filling up the DagBag from /home/airflow/.local/lib/python3.7/site-packages/airflow/example_dags/example_complex.py
[2022-08-04 20:08:08,226] {processor.py:654} INFO - DAG(s) dict_keys(['example_complex']) retrieved from /home/airflow/.local/lib/python3.7/site-packages/airflow/example_dags/example_complex.py
[2022-08-04 20:08:08,265] {logging_mixin.py:109} INFO - [2022-08-04 20:08:08,265] {dag.py:2398} INFO - Sync 1 DAGs
[2022-08-04 20:08:08,304] {logging_mixin.py:109} INFO - [2022-08-04 20:08:08,304] {dag.py:2937} INFO - Setting next_dagrun for example_complex to None
[2022-08-04 20:08:08,329] {processor.py:171} INFO - Processing /home/airflow/.local/lib/python3.7/site-packages/airflow/example_dags/example_complex.py took 0.431 seconds
[2022-08-04 20:08:45,774] {processor.py:163} INFO - Started process (PID=961) to work on /home/airflow/.local/lib/python3.7/site-packages/airflow/example_dags/example_complex.py
[2022-08-04 20:08:45,780] {processor.py:642} INFO - Processing file /home/airflow/.local/lib/python3.7/site-packages/airflow/example_dags/example_complex.py for tasks to queue
[2022-08-04 20:08:45,783] {logging_mixin.py:109} INFO - [2022-08-04 20:08:45,782] {dagbag.py:500} INFO - Filling up the DagBag from /home/airflow/.local/lib/python3.7/site-packages/airflow/example_dags/example_complex.py
[2022-08-04 20:08:46,205] {processor.py:654} INFO - DAG(s) dict_keys(['example_complex']) retrieved from /home/airflow/.local/lib/python3.7/site-packages/airflow/example_dags/example_complex.py
[2022-08-04 20:08:46,385] {logging_mixin.py:109} INFO - [2022-08-04 20:08:46,383] {dag.py:2398} INFO - Sync 1 DAGs
[2022-08-04 20:08:46,807] {logging_mixin.py:109} INFO - [2022-08-04 20:08:46,806] {dag.py:2937} INFO - Setting next_dagrun for example_complex to None
[2022-08-04 20:08:50,045] {processor.py:171} INFO - Processing /home/airflow/.local/lib/python3.7/site-packages/airflow/example_dags/example_complex.py took 4.288 seconds
[2022-08-04 20:09:20,615] {processor.py:163} INFO - Started process (PID=1014) to work on /home/airflow/.local/lib/python3.7/site-packages/airflow/example_dags/example_complex.py
[2022-08-04 20:09:20,638] {processor.py:642} INFO - Processing file /home/airflow/.local/lib/python3.7/site-packages/airflow/example_dags/example_complex.py for tasks to queue
[2022-08-04 20:09:20,648] {logging_mixin.py:109} INFO - [2022-08-04 20:09:20,648] {dagbag.py:500} INFO - Filling up the DagBag from /home/airflow/.local/lib/python3.7/site-packages/airflow/example_dags/example_complex.py
[2022-08-04 20:09:21,514] {processor.py:654} INFO - DAG(s) dict_keys(['example_complex']) retrieved from /home/airflow/.local/lib/python3.7/site-packages/airflow/example_dags/example_complex.py
[2022-08-04 20:09:21,556] {logging_mixin.py:109} INFO - [2022-08-04 20:09:21,556] {dag.py:2398} INFO - Sync 1 DAGs
[2022-08-04 20:09:21,590] {logging_mixin.py:109} INFO - [2022-08-04 20:09:21,590] {dag.py:2937} INFO - Setting next_dagrun for example_complex to None
[2022-08-04 20:09:21,605] {processor.py:171} INFO - Processing /home/airflow/.local/lib/python3.7/site-packages/airflow/example_dags/example_complex.py took 1.012 seconds
[2022-08-04 20:09:51,904] {processor.py:163} INFO - Started process (PID=1059) to work on /home/airflow/.local/lib/python3.7/site-packages/airflow/example_dags/example_complex.py
[2022-08-04 20:09:51,906] {processor.py:642} INFO - Processing file /home/airflow/.local/lib/python3.7/site-packages/airflow/example_dags/example_complex.py for tasks to queue
[2022-08-04 20:09:51,907] {logging_mixin.py:109} INFO - [2022-08-04 20:09:51,907] {dagbag.py:500} INFO - Filling up the DagBag from /home/airflow/.local/lib/python3.7/site-packages/airflow/example_dags/example_complex.py
[2022-08-04 20:09:51,951] {processor.py:654} INFO - DAG(s) dict_keys(['example_complex']) retrieved from /home/airflow/.local/lib/python3.7/site-packages/airflow/example_dags/example_complex.py
[2022-08-04 20:09:51,972] {logging_mixin.py:109} INFO - [2022-08-04 20:09:51,971] {dag.py:2398} INFO - Sync 1 DAGs
[2022-08-04 20:09:51,989] {logging_mixin.py:109} INFO - [2022-08-04 20:09:51,989] {dag.py:2937} INFO - Setting next_dagrun for example_complex to None
[2022-08-04 20:09:51,999] {processor.py:171} INFO - Processing /home/airflow/.local/lib/python3.7/site-packages/airflow/example_dags/example_complex.py took 0.099 seconds
[2022-08-04 20:10:22,734] {processor.py:163} INFO - Started process (PID=1113) to work on /home/airflow/.local/lib/python3.7/site-packages/airflow/example_dags/example_complex.py
[2022-08-04 20:10:22,737] {processor.py:642} INFO - Processing file /home/airflow/.local/lib/python3.7/site-packages/airflow/example_dags/example_complex.py for tasks to queue
[2022-08-04 20:10:22,738] {logging_mixin.py:109} INFO - [2022-08-04 20:10:22,738] {dagbag.py:500} INFO - Filling up the DagBag from /home/airflow/.local/lib/python3.7/site-packages/airflow/example_dags/example_complex.py
[2022-08-04 20:10:22,812] {processor.py:654} INFO - DAG(s) dict_keys(['example_complex']) retrieved from /home/airflow/.local/lib/python3.7/site-packages/airflow/example_dags/example_complex.py
[2022-08-04 20:10:22,843] {logging_mixin.py:109} INFO - [2022-08-04 20:10:22,843] {dag.py:2398} INFO - Sync 1 DAGs
[2022-08-04 20:10:22,872] {logging_mixin.py:109} INFO - [2022-08-04 20:10:22,872] {dag.py:2937} INFO - Setting next_dagrun for example_complex to None
[2022-08-04 20:10:22,888] {processor.py:171} INFO - Processing /home/airflow/.local/lib/python3.7/site-packages/airflow/example_dags/example_complex.py took 0.160 seconds
[2022-08-04 20:10:53,678] {processor.py:163} INFO - Started process (PID=1165) to work on /home/airflow/.local/lib/python3.7/site-packages/airflow/example_dags/example_complex.py
[2022-08-04 20:10:53,682] {processor.py:642} INFO - Processing file /home/airflow/.local/lib/python3.7/site-packages/airflow/example_dags/example_complex.py for tasks to queue
[2022-08-04 20:10:53,683] {logging_mixin.py:109} INFO - [2022-08-04 20:10:53,683] {dagbag.py:500} INFO - Filling up the DagBag from /home/airflow/.local/lib/python3.7/site-packages/airflow/example_dags/example_complex.py
[2022-08-04 20:10:53,870] {processor.py:654} INFO - DAG(s) dict_keys(['example_complex']) retrieved from /home/airflow/.local/lib/python3.7/site-packages/airflow/example_dags/example_complex.py
[2022-08-04 20:10:53,896] {logging_mixin.py:109} INFO - [2022-08-04 20:10:53,896] {dag.py:2398} INFO - Sync 1 DAGs
[2022-08-04 20:10:53,922] {logging_mixin.py:109} INFO - [2022-08-04 20:10:53,922] {dag.py:2937} INFO - Setting next_dagrun for example_complex to None
[2022-08-04 20:10:53,945] {processor.py:171} INFO - Processing /home/airflow/.local/lib/python3.7/site-packages/airflow/example_dags/example_complex.py took 0.277 seconds
[2022-08-04 20:11:27,041] {processor.py:163} INFO - Started process (PID=1209) to work on /home/airflow/.local/lib/python3.7/site-packages/airflow/example_dags/example_complex.py
[2022-08-04 20:11:27,045] {processor.py:642} INFO - Processing file /home/airflow/.local/lib/python3.7/site-packages/airflow/example_dags/example_complex.py for tasks to queue
[2022-08-04 20:11:27,047] {logging_mixin.py:109} INFO - [2022-08-04 20:11:27,046] {dagbag.py:500} INFO - Filling up the DagBag from /home/airflow/.local/lib/python3.7/site-packages/airflow/example_dags/example_complex.py
[2022-08-04 20:11:27,237] {processor.py:654} INFO - DAG(s) dict_keys(['example_complex']) retrieved from /home/airflow/.local/lib/python3.7/site-packages/airflow/example_dags/example_complex.py
[2022-08-04 20:11:27,303] {logging_mixin.py:109} INFO - [2022-08-04 20:11:27,303] {dag.py:2398} INFO - Sync 1 DAGs
[2022-08-04 20:11:27,357] {logging_mixin.py:109} INFO - [2022-08-04 20:11:27,356] {dag.py:2937} INFO - Setting next_dagrun for example_complex to None
[2022-08-04 20:11:27,417] {processor.py:171} INFO - Processing /home/airflow/.local/lib/python3.7/site-packages/airflow/example_dags/example_complex.py took 0.395 seconds
