[2022-08-04 19:50:21,494] {processor.py:163} INFO - Started process (PID=64) to work on /home/airflow/.local/lib/python3.7/site-packages/airflow/example_dags/example_branch_python_dop_operator_3.py
[2022-08-04 19:50:21,497] {processor.py:642} INFO - Processing file /home/airflow/.local/lib/python3.7/site-packages/airflow/example_dags/example_branch_python_dop_operator_3.py for tasks to queue
[2022-08-04 19:50:21,499] {logging_mixin.py:109} INFO - [2022-08-04 19:50:21,499] {dagbag.py:500} INFO - Filling up the DagBag from /home/airflow/.local/lib/python3.7/site-packages/airflow/example_dags/example_branch_python_dop_operator_3.py
[2022-08-04 19:50:21,629] {processor.py:654} INFO - DAG(s) dict_keys(['example_branch_dop_operator_v3']) retrieved from /home/airflow/.local/lib/python3.7/site-packages/airflow/example_dags/example_branch_python_dop_operator_3.py
[2022-08-04 19:50:21,655] {logging_mixin.py:109} INFO - [2022-08-04 19:50:21,655] {dag.py:2398} INFO - Sync 1 DAGs
[2022-08-04 19:50:21,716] {logging_mixin.py:109} INFO - [2022-08-04 19:50:21,716] {dag.py:2937} INFO - Setting next_dagrun for example_branch_dop_operator_v3 to 2022-08-04T19:49:00+00:00
[2022-08-04 19:50:21,731] {processor.py:171} INFO - Processing /home/airflow/.local/lib/python3.7/site-packages/airflow/example_dags/example_branch_python_dop_operator_3.py took 0.242 seconds
[2022-08-04 19:50:52,546] {processor.py:163} INFO - Started process (PID=114) to work on /home/airflow/.local/lib/python3.7/site-packages/airflow/example_dags/example_branch_python_dop_operator_3.py
[2022-08-04 19:50:52,550] {processor.py:642} INFO - Processing file /home/airflow/.local/lib/python3.7/site-packages/airflow/example_dags/example_branch_python_dop_operator_3.py for tasks to queue
[2022-08-04 19:50:52,551] {logging_mixin.py:109} INFO - [2022-08-04 19:50:52,551] {dagbag.py:500} INFO - Filling up the DagBag from /home/airflow/.local/lib/python3.7/site-packages/airflow/example_dags/example_branch_python_dop_operator_3.py
[2022-08-04 19:50:52,630] {processor.py:654} INFO - DAG(s) dict_keys(['example_branch_dop_operator_v3']) retrieved from /home/airflow/.local/lib/python3.7/site-packages/airflow/example_dags/example_branch_python_dop_operator_3.py
[2022-08-04 19:50:52,652] {logging_mixin.py:109} INFO - [2022-08-04 19:50:52,652] {dag.py:2398} INFO - Sync 1 DAGs
[2022-08-04 19:50:52,692] {logging_mixin.py:109} INFO - [2022-08-04 19:50:52,692] {dag.py:2937} INFO - Setting next_dagrun for example_branch_dop_operator_v3 to 2022-08-04T19:49:00+00:00
[2022-08-04 19:50:52,705] {processor.py:171} INFO - Processing /home/airflow/.local/lib/python3.7/site-packages/airflow/example_dags/example_branch_python_dop_operator_3.py took 0.177 seconds
[2022-08-04 19:51:23,567] {processor.py:163} INFO - Started process (PID=166) to work on /home/airflow/.local/lib/python3.7/site-packages/airflow/example_dags/example_branch_python_dop_operator_3.py
[2022-08-04 19:51:23,573] {processor.py:642} INFO - Processing file /home/airflow/.local/lib/python3.7/site-packages/airflow/example_dags/example_branch_python_dop_operator_3.py for tasks to queue
[2022-08-04 19:51:23,576] {logging_mixin.py:109} INFO - [2022-08-04 19:51:23,576] {dagbag.py:500} INFO - Filling up the DagBag from /home/airflow/.local/lib/python3.7/site-packages/airflow/example_dags/example_branch_python_dop_operator_3.py
[2022-08-04 19:51:23,668] {processor.py:654} INFO - DAG(s) dict_keys(['example_branch_dop_operator_v3']) retrieved from /home/airflow/.local/lib/python3.7/site-packages/airflow/example_dags/example_branch_python_dop_operator_3.py
[2022-08-04 19:51:23,700] {logging_mixin.py:109} INFO - [2022-08-04 19:51:23,700] {dag.py:2398} INFO - Sync 1 DAGs
[2022-08-04 19:51:23,778] {logging_mixin.py:109} INFO - [2022-08-04 19:51:23,777] {dag.py:2937} INFO - Setting next_dagrun for example_branch_dop_operator_v3 to 2022-08-04T19:50:00+00:00
[2022-08-04 19:51:23,821] {processor.py:171} INFO - Processing /home/airflow/.local/lib/python3.7/site-packages/airflow/example_dags/example_branch_python_dop_operator_3.py took 0.261 seconds
[2022-08-04 19:51:55,369] {processor.py:163} INFO - Started process (PID=218) to work on /home/airflow/.local/lib/python3.7/site-packages/airflow/example_dags/example_branch_python_dop_operator_3.py
[2022-08-04 19:51:55,371] {processor.py:642} INFO - Processing file /home/airflow/.local/lib/python3.7/site-packages/airflow/example_dags/example_branch_python_dop_operator_3.py for tasks to queue
[2022-08-04 19:51:55,372] {logging_mixin.py:109} INFO - [2022-08-04 19:51:55,372] {dagbag.py:500} INFO - Filling up the DagBag from /home/airflow/.local/lib/python3.7/site-packages/airflow/example_dags/example_branch_python_dop_operator_3.py
[2022-08-04 19:51:55,441] {processor.py:654} INFO - DAG(s) dict_keys(['example_branch_dop_operator_v3']) retrieved from /home/airflow/.local/lib/python3.7/site-packages/airflow/example_dags/example_branch_python_dop_operator_3.py
[2022-08-04 19:51:55,458] {logging_mixin.py:109} INFO - [2022-08-04 19:51:55,458] {dag.py:2398} INFO - Sync 1 DAGs
[2022-08-04 19:51:55,510] {logging_mixin.py:109} INFO - [2022-08-04 19:51:55,510] {dag.py:2937} INFO - Setting next_dagrun for example_branch_dop_operator_v3 to 2022-08-04T19:50:00+00:00
[2022-08-04 19:51:55,532] {processor.py:171} INFO - Processing /home/airflow/.local/lib/python3.7/site-packages/airflow/example_dags/example_branch_python_dop_operator_3.py took 0.169 seconds
[2022-08-04 19:52:27,549] {processor.py:163} INFO - Started process (PID=271) to work on /home/airflow/.local/lib/python3.7/site-packages/airflow/example_dags/example_branch_python_dop_operator_3.py
[2022-08-04 19:52:27,551] {processor.py:642} INFO - Processing file /home/airflow/.local/lib/python3.7/site-packages/airflow/example_dags/example_branch_python_dop_operator_3.py for tasks to queue
[2022-08-04 19:52:27,553] {logging_mixin.py:109} INFO - [2022-08-04 19:52:27,553] {dagbag.py:500} INFO - Filling up the DagBag from /home/airflow/.local/lib/python3.7/site-packages/airflow/example_dags/example_branch_python_dop_operator_3.py
[2022-08-04 19:52:27,649] {processor.py:654} INFO - DAG(s) dict_keys(['example_branch_dop_operator_v3']) retrieved from /home/airflow/.local/lib/python3.7/site-packages/airflow/example_dags/example_branch_python_dop_operator_3.py
[2022-08-04 19:52:27,685] {logging_mixin.py:109} INFO - [2022-08-04 19:52:27,685] {dag.py:2398} INFO - Sync 1 DAGs
[2022-08-04 19:52:27,752] {logging_mixin.py:109} INFO - [2022-08-04 19:52:27,751] {dag.py:2937} INFO - Setting next_dagrun for example_branch_dop_operator_v3 to 2022-08-04T19:51:00+00:00
[2022-08-04 19:52:27,781] {processor.py:171} INFO - Processing /home/airflow/.local/lib/python3.7/site-packages/airflow/example_dags/example_branch_python_dop_operator_3.py took 0.238 seconds
[2022-08-04 19:52:59,966] {processor.py:163} INFO - Started process (PID=314) to work on /home/airflow/.local/lib/python3.7/site-packages/airflow/example_dags/example_branch_python_dop_operator_3.py
[2022-08-04 19:52:59,968] {processor.py:642} INFO - Processing file /home/airflow/.local/lib/python3.7/site-packages/airflow/example_dags/example_branch_python_dop_operator_3.py for tasks to queue
[2022-08-04 19:52:59,969] {logging_mixin.py:109} INFO - [2022-08-04 19:52:59,969] {dagbag.py:500} INFO - Filling up the DagBag from /home/airflow/.local/lib/python3.7/site-packages/airflow/example_dags/example_branch_python_dop_operator_3.py
[2022-08-04 19:53:00,024] {processor.py:654} INFO - DAG(s) dict_keys(['example_branch_dop_operator_v3']) retrieved from /home/airflow/.local/lib/python3.7/site-packages/airflow/example_dags/example_branch_python_dop_operator_3.py
[2022-08-04 19:53:00,048] {logging_mixin.py:109} INFO - [2022-08-04 19:53:00,048] {dag.py:2398} INFO - Sync 1 DAGs
[2022-08-04 19:53:00,090] {logging_mixin.py:109} INFO - [2022-08-04 19:53:00,090] {dag.py:2937} INFO - Setting next_dagrun for example_branch_dop_operator_v3 to 2022-08-04T19:52:00+00:00
[2022-08-04 19:53:00,106] {processor.py:171} INFO - Processing /home/airflow/.local/lib/python3.7/site-packages/airflow/example_dags/example_branch_python_dop_operator_3.py took 0.145 seconds
[2022-08-04 19:58:52,497] {processor.py:163} INFO - Started process (PID=64) to work on /home/airflow/.local/lib/python3.7/site-packages/airflow/example_dags/example_branch_python_dop_operator_3.py
[2022-08-04 19:58:52,501] {processor.py:642} INFO - Processing file /home/airflow/.local/lib/python3.7/site-packages/airflow/example_dags/example_branch_python_dop_operator_3.py for tasks to queue
[2022-08-04 19:58:52,502] {logging_mixin.py:109} INFO - [2022-08-04 19:58:52,502] {dagbag.py:500} INFO - Filling up the DagBag from /home/airflow/.local/lib/python3.7/site-packages/airflow/example_dags/example_branch_python_dop_operator_3.py
[2022-08-04 19:58:52,618] {processor.py:654} INFO - DAG(s) dict_keys(['example_branch_dop_operator_v3']) retrieved from /home/airflow/.local/lib/python3.7/site-packages/airflow/example_dags/example_branch_python_dop_operator_3.py
[2022-08-04 19:58:52,659] {logging_mixin.py:109} INFO - [2022-08-04 19:58:52,659] {dag.py:2398} INFO - Sync 1 DAGs
[2022-08-04 19:58:52,779] {logging_mixin.py:109} INFO - [2022-08-04 19:58:52,779] {dag.py:2937} INFO - Setting next_dagrun for example_branch_dop_operator_v3 to 2022-08-04T19:57:00+00:00
[2022-08-04 19:58:52,818] {processor.py:171} INFO - Processing /home/airflow/.local/lib/python3.7/site-packages/airflow/example_dags/example_branch_python_dop_operator_3.py took 0.330 seconds
[2022-08-04 19:59:23,333] {processor.py:163} INFO - Started process (PID=117) to work on /home/airflow/.local/lib/python3.7/site-packages/airflow/example_dags/example_branch_python_dop_operator_3.py
[2022-08-04 19:59:23,337] {processor.py:642} INFO - Processing file /home/airflow/.local/lib/python3.7/site-packages/airflow/example_dags/example_branch_python_dop_operator_3.py for tasks to queue
[2022-08-04 19:59:23,338] {logging_mixin.py:109} INFO - [2022-08-04 19:59:23,338] {dagbag.py:500} INFO - Filling up the DagBag from /home/airflow/.local/lib/python3.7/site-packages/airflow/example_dags/example_branch_python_dop_operator_3.py
[2022-08-04 19:59:23,395] {processor.py:654} INFO - DAG(s) dict_keys(['example_branch_dop_operator_v3']) retrieved from /home/airflow/.local/lib/python3.7/site-packages/airflow/example_dags/example_branch_python_dop_operator_3.py
[2022-08-04 19:59:23,412] {logging_mixin.py:109} INFO - [2022-08-04 19:59:23,412] {dag.py:2398} INFO - Sync 1 DAGs
[2022-08-04 19:59:23,450] {logging_mixin.py:109} INFO - [2022-08-04 19:59:23,449] {dag.py:2937} INFO - Setting next_dagrun for example_branch_dop_operator_v3 to 2022-08-04T19:58:00+00:00
[2022-08-04 19:59:23,469] {processor.py:171} INFO - Processing /home/airflow/.local/lib/python3.7/site-packages/airflow/example_dags/example_branch_python_dop_operator_3.py took 0.142 seconds
[2022-08-04 19:59:54,133] {processor.py:163} INFO - Started process (PID=169) to work on /home/airflow/.local/lib/python3.7/site-packages/airflow/example_dags/example_branch_python_dop_operator_3.py
[2022-08-04 19:59:54,135] {processor.py:642} INFO - Processing file /home/airflow/.local/lib/python3.7/site-packages/airflow/example_dags/example_branch_python_dop_operator_3.py for tasks to queue
[2022-08-04 19:59:54,136] {logging_mixin.py:109} INFO - [2022-08-04 19:59:54,135] {dagbag.py:500} INFO - Filling up the DagBag from /home/airflow/.local/lib/python3.7/site-packages/airflow/example_dags/example_branch_python_dop_operator_3.py
[2022-08-04 19:59:54,182] {processor.py:654} INFO - DAG(s) dict_keys(['example_branch_dop_operator_v3']) retrieved from /home/airflow/.local/lib/python3.7/site-packages/airflow/example_dags/example_branch_python_dop_operator_3.py
[2022-08-04 19:59:54,195] {logging_mixin.py:109} INFO - [2022-08-04 19:59:54,194] {dag.py:2398} INFO - Sync 1 DAGs
[2022-08-04 19:59:54,233] {logging_mixin.py:109} INFO - [2022-08-04 19:59:54,232] {dag.py:2937} INFO - Setting next_dagrun for example_branch_dop_operator_v3 to 2022-08-04T19:58:00+00:00
[2022-08-04 19:59:54,253] {processor.py:171} INFO - Processing /home/airflow/.local/lib/python3.7/site-packages/airflow/example_dags/example_branch_python_dop_operator_3.py took 0.125 seconds
[2022-08-04 20:00:35,694] {processor.py:163} INFO - Started process (PID=221) to work on /home/airflow/.local/lib/python3.7/site-packages/airflow/example_dags/example_branch_python_dop_operator_3.py
[2022-08-04 20:00:35,696] {processor.py:642} INFO - Processing file /home/airflow/.local/lib/python3.7/site-packages/airflow/example_dags/example_branch_python_dop_operator_3.py for tasks to queue
[2022-08-04 20:00:35,698] {logging_mixin.py:109} INFO - [2022-08-04 20:00:35,698] {dagbag.py:500} INFO - Filling up the DagBag from /home/airflow/.local/lib/python3.7/site-packages/airflow/example_dags/example_branch_python_dop_operator_3.py
[2022-08-04 20:00:35,763] {processor.py:654} INFO - DAG(s) dict_keys(['example_branch_dop_operator_v3']) retrieved from /home/airflow/.local/lib/python3.7/site-packages/airflow/example_dags/example_branch_python_dop_operator_3.py
[2022-08-04 20:00:35,783] {logging_mixin.py:109} INFO - [2022-08-04 20:00:35,783] {dag.py:2398} INFO - Sync 1 DAGs
[2022-08-04 20:00:35,828] {logging_mixin.py:109} INFO - [2022-08-04 20:00:35,828] {dag.py:2937} INFO - Setting next_dagrun for example_branch_dop_operator_v3 to 2022-08-04T19:59:00+00:00
[2022-08-04 20:00:35,846] {processor.py:171} INFO - Processing /home/airflow/.local/lib/python3.7/site-packages/airflow/example_dags/example_branch_python_dop_operator_3.py took 0.158 seconds
[2022-08-04 20:01:08,504] {processor.py:163} INFO - Started process (PID=274) to work on /home/airflow/.local/lib/python3.7/site-packages/airflow/example_dags/example_branch_python_dop_operator_3.py
[2022-08-04 20:01:08,506] {processor.py:642} INFO - Processing file /home/airflow/.local/lib/python3.7/site-packages/airflow/example_dags/example_branch_python_dop_operator_3.py for tasks to queue
[2022-08-04 20:01:08,509] {logging_mixin.py:109} INFO - [2022-08-04 20:01:08,509] {dagbag.py:500} INFO - Filling up the DagBag from /home/airflow/.local/lib/python3.7/site-packages/airflow/example_dags/example_branch_python_dop_operator_3.py
[2022-08-04 20:01:08,586] {processor.py:654} INFO - DAG(s) dict_keys(['example_branch_dop_operator_v3']) retrieved from /home/airflow/.local/lib/python3.7/site-packages/airflow/example_dags/example_branch_python_dop_operator_3.py
[2022-08-04 20:01:08,617] {logging_mixin.py:109} INFO - [2022-08-04 20:01:08,617] {dag.py:2398} INFO - Sync 1 DAGs
[2022-08-04 20:01:08,668] {logging_mixin.py:109} INFO - [2022-08-04 20:01:08,668] {dag.py:2937} INFO - Setting next_dagrun for example_branch_dop_operator_v3 to 2022-08-04T20:00:00+00:00
[2022-08-04 20:01:08,701] {processor.py:171} INFO - Processing /home/airflow/.local/lib/python3.7/site-packages/airflow/example_dags/example_branch_python_dop_operator_3.py took 0.204 seconds
[2022-08-04 20:01:40,740] {processor.py:163} INFO - Started process (PID=328) to work on /home/airflow/.local/lib/python3.7/site-packages/airflow/example_dags/example_branch_python_dop_operator_3.py
[2022-08-04 20:01:40,744] {processor.py:642} INFO - Processing file /home/airflow/.local/lib/python3.7/site-packages/airflow/example_dags/example_branch_python_dop_operator_3.py for tasks to queue
[2022-08-04 20:01:40,745] {logging_mixin.py:109} INFO - [2022-08-04 20:01:40,745] {dagbag.py:500} INFO - Filling up the DagBag from /home/airflow/.local/lib/python3.7/site-packages/airflow/example_dags/example_branch_python_dop_operator_3.py
[2022-08-04 20:01:40,949] {processor.py:654} INFO - DAG(s) dict_keys(['example_branch_dop_operator_v3']) retrieved from /home/airflow/.local/lib/python3.7/site-packages/airflow/example_dags/example_branch_python_dop_operator_3.py
[2022-08-04 20:01:41,008] {logging_mixin.py:109} INFO - [2022-08-04 20:01:41,008] {dag.py:2398} INFO - Sync 1 DAGs
[2022-08-04 20:01:41,126] {logging_mixin.py:109} INFO - [2022-08-04 20:01:41,126] {dag.py:2937} INFO - Setting next_dagrun for example_branch_dop_operator_v3 to 2022-08-04T20:00:00+00:00
[2022-08-04 20:01:41,161] {processor.py:171} INFO - Processing /home/airflow/.local/lib/python3.7/site-packages/airflow/example_dags/example_branch_python_dop_operator_3.py took 0.438 seconds
[2022-08-04 20:02:11,962] {processor.py:163} INFO - Started process (PID=380) to work on /home/airflow/.local/lib/python3.7/site-packages/airflow/example_dags/example_branch_python_dop_operator_3.py
[2022-08-04 20:02:11,965] {processor.py:642} INFO - Processing file /home/airflow/.local/lib/python3.7/site-packages/airflow/example_dags/example_branch_python_dop_operator_3.py for tasks to queue
[2022-08-04 20:02:11,967] {logging_mixin.py:109} INFO - [2022-08-04 20:02:11,966] {dagbag.py:500} INFO - Filling up the DagBag from /home/airflow/.local/lib/python3.7/site-packages/airflow/example_dags/example_branch_python_dop_operator_3.py
[2022-08-04 20:02:12,077] {processor.py:654} INFO - DAG(s) dict_keys(['example_branch_dop_operator_v3']) retrieved from /home/airflow/.local/lib/python3.7/site-packages/airflow/example_dags/example_branch_python_dop_operator_3.py
[2022-08-04 20:02:12,105] {logging_mixin.py:109} INFO - [2022-08-04 20:02:12,104] {dag.py:2398} INFO - Sync 1 DAGs
[2022-08-04 20:02:12,173] {logging_mixin.py:109} INFO - [2022-08-04 20:02:12,173] {dag.py:2937} INFO - Setting next_dagrun for example_branch_dop_operator_v3 to 2022-08-04T20:01:00+00:00
[2022-08-04 20:02:12,196] {processor.py:171} INFO - Processing /home/airflow/.local/lib/python3.7/site-packages/airflow/example_dags/example_branch_python_dop_operator_3.py took 0.251 seconds
[2022-08-04 20:02:43,573] {processor.py:163} INFO - Started process (PID=422) to work on /home/airflow/.local/lib/python3.7/site-packages/airflow/example_dags/example_branch_python_dop_operator_3.py
[2022-08-04 20:02:43,576] {processor.py:642} INFO - Processing file /home/airflow/.local/lib/python3.7/site-packages/airflow/example_dags/example_branch_python_dop_operator_3.py for tasks to queue
[2022-08-04 20:02:43,578] {logging_mixin.py:109} INFO - [2022-08-04 20:02:43,577] {dagbag.py:500} INFO - Filling up the DagBag from /home/airflow/.local/lib/python3.7/site-packages/airflow/example_dags/example_branch_python_dop_operator_3.py
[2022-08-04 20:02:43,703] {processor.py:654} INFO - DAG(s) dict_keys(['example_branch_dop_operator_v3']) retrieved from /home/airflow/.local/lib/python3.7/site-packages/airflow/example_dags/example_branch_python_dop_operator_3.py
[2022-08-04 20:02:43,731] {logging_mixin.py:109} INFO - [2022-08-04 20:02:43,730] {dag.py:2398} INFO - Sync 1 DAGs
[2022-08-04 20:02:43,798] {logging_mixin.py:109} INFO - [2022-08-04 20:02:43,797] {dag.py:2937} INFO - Setting next_dagrun for example_branch_dop_operator_v3 to 2022-08-04T20:01:00+00:00
[2022-08-04 20:02:43,824] {processor.py:171} INFO - Processing /home/airflow/.local/lib/python3.7/site-packages/airflow/example_dags/example_branch_python_dop_operator_3.py took 0.294 seconds
[2022-08-04 20:03:21,802] {processor.py:163} INFO - Started process (PID=478) to work on /home/airflow/.local/lib/python3.7/site-packages/airflow/example_dags/example_branch_python_dop_operator_3.py
[2022-08-04 20:03:21,809] {processor.py:642} INFO - Processing file /home/airflow/.local/lib/python3.7/site-packages/airflow/example_dags/example_branch_python_dop_operator_3.py for tasks to queue
[2022-08-04 20:03:21,811] {logging_mixin.py:109} INFO - [2022-08-04 20:03:21,811] {dagbag.py:500} INFO - Filling up the DagBag from /home/airflow/.local/lib/python3.7/site-packages/airflow/example_dags/example_branch_python_dop_operator_3.py
[2022-08-04 20:03:21,916] {processor.py:654} INFO - DAG(s) dict_keys(['example_branch_dop_operator_v3']) retrieved from /home/airflow/.local/lib/python3.7/site-packages/airflow/example_dags/example_branch_python_dop_operator_3.py
[2022-08-04 20:03:21,943] {logging_mixin.py:109} INFO - [2022-08-04 20:03:21,943] {dag.py:2398} INFO - Sync 1 DAGs
[2022-08-04 20:03:22,017] {logging_mixin.py:109} INFO - [2022-08-04 20:03:22,017] {dag.py:2937} INFO - Setting next_dagrun for example_branch_dop_operator_v3 to 2022-08-04T20:02:00+00:00
[2022-08-04 20:03:22,044] {processor.py:171} INFO - Processing /home/airflow/.local/lib/python3.7/site-packages/airflow/example_dags/example_branch_python_dop_operator_3.py took 0.249 seconds
[2022-08-04 20:03:55,066] {processor.py:163} INFO - Started process (PID=534) to work on /home/airflow/.local/lib/python3.7/site-packages/airflow/example_dags/example_branch_python_dop_operator_3.py
[2022-08-04 20:03:55,070] {processor.py:642} INFO - Processing file /home/airflow/.local/lib/python3.7/site-packages/airflow/example_dags/example_branch_python_dop_operator_3.py for tasks to queue
[2022-08-04 20:03:55,073] {logging_mixin.py:109} INFO - [2022-08-04 20:03:55,071] {dagbag.py:500} INFO - Filling up the DagBag from /home/airflow/.local/lib/python3.7/site-packages/airflow/example_dags/example_branch_python_dop_operator_3.py
[2022-08-04 20:03:55,195] {processor.py:654} INFO - DAG(s) dict_keys(['example_branch_dop_operator_v3']) retrieved from /home/airflow/.local/lib/python3.7/site-packages/airflow/example_dags/example_branch_python_dop_operator_3.py
[2022-08-04 20:03:55,224] {logging_mixin.py:109} INFO - [2022-08-04 20:03:55,223] {dag.py:2398} INFO - Sync 1 DAGs
[2022-08-04 20:03:55,309] {logging_mixin.py:109} INFO - [2022-08-04 20:03:55,308] {dag.py:2937} INFO - Setting next_dagrun for example_branch_dop_operator_v3 to 2022-08-04T20:02:00+00:00
[2022-08-04 20:03:55,337] {processor.py:171} INFO - Processing /home/airflow/.local/lib/python3.7/site-packages/airflow/example_dags/example_branch_python_dop_operator_3.py took 0.280 seconds
[2022-08-04 20:04:26,240] {processor.py:163} INFO - Started process (PID=585) to work on /home/airflow/.local/lib/python3.7/site-packages/airflow/example_dags/example_branch_python_dop_operator_3.py
[2022-08-04 20:04:26,242] {processor.py:642} INFO - Processing file /home/airflow/.local/lib/python3.7/site-packages/airflow/example_dags/example_branch_python_dop_operator_3.py for tasks to queue
[2022-08-04 20:04:26,243] {logging_mixin.py:109} INFO - [2022-08-04 20:04:26,243] {dagbag.py:500} INFO - Filling up the DagBag from /home/airflow/.local/lib/python3.7/site-packages/airflow/example_dags/example_branch_python_dop_operator_3.py
[2022-08-04 20:04:26,300] {processor.py:654} INFO - DAG(s) dict_keys(['example_branch_dop_operator_v3']) retrieved from /home/airflow/.local/lib/python3.7/site-packages/airflow/example_dags/example_branch_python_dop_operator_3.py
[2022-08-04 20:04:26,315] {logging_mixin.py:109} INFO - [2022-08-04 20:04:26,315] {dag.py:2398} INFO - Sync 1 DAGs
[2022-08-04 20:04:26,360] {logging_mixin.py:109} INFO - [2022-08-04 20:04:26,360] {dag.py:2937} INFO - Setting next_dagrun for example_branch_dop_operator_v3 to 2022-08-04T20:03:00+00:00
[2022-08-04 20:04:26,377] {processor.py:171} INFO - Processing /home/airflow/.local/lib/python3.7/site-packages/airflow/example_dags/example_branch_python_dop_operator_3.py took 0.141 seconds
[2022-08-04 20:04:59,524] {processor.py:163} INFO - Started process (PID=643) to work on /home/airflow/.local/lib/python3.7/site-packages/airflow/example_dags/example_branch_python_dop_operator_3.py
[2022-08-04 20:04:59,528] {processor.py:642} INFO - Processing file /home/airflow/.local/lib/python3.7/site-packages/airflow/example_dags/example_branch_python_dop_operator_3.py for tasks to queue
[2022-08-04 20:04:59,529] {logging_mixin.py:109} INFO - [2022-08-04 20:04:59,529] {dagbag.py:500} INFO - Filling up the DagBag from /home/airflow/.local/lib/python3.7/site-packages/airflow/example_dags/example_branch_python_dop_operator_3.py
[2022-08-04 20:04:59,673] {processor.py:654} INFO - DAG(s) dict_keys(['example_branch_dop_operator_v3']) retrieved from /home/airflow/.local/lib/python3.7/site-packages/airflow/example_dags/example_branch_python_dop_operator_3.py
[2022-08-04 20:04:59,750] {logging_mixin.py:109} INFO - [2022-08-04 20:04:59,749] {dag.py:2398} INFO - Sync 1 DAGs
[2022-08-04 20:04:59,906] {logging_mixin.py:109} INFO - [2022-08-04 20:04:59,906] {dag.py:2937} INFO - Setting next_dagrun for example_branch_dop_operator_v3 to 2022-08-04T20:03:00+00:00
[2022-08-04 20:04:59,949] {processor.py:171} INFO - Processing /home/airflow/.local/lib/python3.7/site-packages/airflow/example_dags/example_branch_python_dop_operator_3.py took 0.433 seconds
[2022-08-04 20:05:31,281] {processor.py:163} INFO - Started process (PID=684) to work on /home/airflow/.local/lib/python3.7/site-packages/airflow/example_dags/example_branch_python_dop_operator_3.py
[2022-08-04 20:05:31,284] {processor.py:642} INFO - Processing file /home/airflow/.local/lib/python3.7/site-packages/airflow/example_dags/example_branch_python_dop_operator_3.py for tasks to queue
[2022-08-04 20:05:31,286] {logging_mixin.py:109} INFO - [2022-08-04 20:05:31,286] {dagbag.py:500} INFO - Filling up the DagBag from /home/airflow/.local/lib/python3.7/site-packages/airflow/example_dags/example_branch_python_dop_operator_3.py
[2022-08-04 20:05:31,382] {processor.py:654} INFO - DAG(s) dict_keys(['example_branch_dop_operator_v3']) retrieved from /home/airflow/.local/lib/python3.7/site-packages/airflow/example_dags/example_branch_python_dop_operator_3.py
[2022-08-04 20:05:31,409] {logging_mixin.py:109} INFO - [2022-08-04 20:05:31,409] {dag.py:2398} INFO - Sync 1 DAGs
[2022-08-04 20:05:31,472] {logging_mixin.py:109} INFO - [2022-08-04 20:05:31,472] {dag.py:2937} INFO - Setting next_dagrun for example_branch_dop_operator_v3 to 2022-08-04T20:04:00+00:00
[2022-08-04 20:05:31,497] {processor.py:171} INFO - Processing /home/airflow/.local/lib/python3.7/site-packages/airflow/example_dags/example_branch_python_dop_operator_3.py took 0.224 seconds
[2022-08-04 20:06:11,780] {processor.py:163} INFO - Started process (PID=738) to work on /home/airflow/.local/lib/python3.7/site-packages/airflow/example_dags/example_branch_python_dop_operator_3.py
[2022-08-04 20:06:11,784] {processor.py:642} INFO - Processing file /home/airflow/.local/lib/python3.7/site-packages/airflow/example_dags/example_branch_python_dop_operator_3.py for tasks to queue
[2022-08-04 20:06:11,785] {logging_mixin.py:109} INFO - [2022-08-04 20:06:11,785] {dagbag.py:500} INFO - Filling up the DagBag from /home/airflow/.local/lib/python3.7/site-packages/airflow/example_dags/example_branch_python_dop_operator_3.py
[2022-08-04 20:06:11,861] {processor.py:654} INFO - DAG(s) dict_keys(['example_branch_dop_operator_v3']) retrieved from /home/airflow/.local/lib/python3.7/site-packages/airflow/example_dags/example_branch_python_dop_operator_3.py
[2022-08-04 20:06:11,928] {logging_mixin.py:109} INFO - [2022-08-04 20:06:11,928] {dag.py:2398} INFO - Sync 1 DAGs
[2022-08-04 20:06:12,017] {logging_mixin.py:109} INFO - [2022-08-04 20:06:12,017] {dag.py:2937} INFO - Setting next_dagrun for example_branch_dop_operator_v3 to 2022-08-04T20:05:00+00:00
[2022-08-04 20:06:12,047] {processor.py:171} INFO - Processing /home/airflow/.local/lib/python3.7/site-packages/airflow/example_dags/example_branch_python_dop_operator_3.py took 0.275 seconds
[2022-08-04 20:06:42,391] {processor.py:163} INFO - Started process (PID=790) to work on /home/airflow/.local/lib/python3.7/site-packages/airflow/example_dags/example_branch_python_dop_operator_3.py
[2022-08-04 20:06:42,395] {processor.py:642} INFO - Processing file /home/airflow/.local/lib/python3.7/site-packages/airflow/example_dags/example_branch_python_dop_operator_3.py for tasks to queue
[2022-08-04 20:06:42,396] {logging_mixin.py:109} INFO - [2022-08-04 20:06:42,396] {dagbag.py:500} INFO - Filling up the DagBag from /home/airflow/.local/lib/python3.7/site-packages/airflow/example_dags/example_branch_python_dop_operator_3.py
[2022-08-04 20:06:42,525] {processor.py:654} INFO - DAG(s) dict_keys(['example_branch_dop_operator_v3']) retrieved from /home/airflow/.local/lib/python3.7/site-packages/airflow/example_dags/example_branch_python_dop_operator_3.py
[2022-08-04 20:06:42,553] {logging_mixin.py:109} INFO - [2022-08-04 20:06:42,553] {dag.py:2398} INFO - Sync 1 DAGs
[2022-08-04 20:06:42,650] {logging_mixin.py:109} INFO - [2022-08-04 20:06:42,647] {dag.py:2937} INFO - Setting next_dagrun for example_branch_dop_operator_v3 to 2022-08-04T20:05:00+00:00
[2022-08-04 20:06:42,681] {processor.py:171} INFO - Processing /home/airflow/.local/lib/python3.7/site-packages/airflow/example_dags/example_branch_python_dop_operator_3.py took 0.299 seconds
[2022-08-04 20:07:13,041] {processor.py:163} INFO - Started process (PID=833) to work on /home/airflow/.local/lib/python3.7/site-packages/airflow/example_dags/example_branch_python_dop_operator_3.py
[2022-08-04 20:07:13,044] {processor.py:642} INFO - Processing file /home/airflow/.local/lib/python3.7/site-packages/airflow/example_dags/example_branch_python_dop_operator_3.py for tasks to queue
[2022-08-04 20:07:13,045] {logging_mixin.py:109} INFO - [2022-08-04 20:07:13,045] {dagbag.py:500} INFO - Filling up the DagBag from /home/airflow/.local/lib/python3.7/site-packages/airflow/example_dags/example_branch_python_dop_operator_3.py
[2022-08-04 20:07:13,110] {processor.py:654} INFO - DAG(s) dict_keys(['example_branch_dop_operator_v3']) retrieved from /home/airflow/.local/lib/python3.7/site-packages/airflow/example_dags/example_branch_python_dop_operator_3.py
[2022-08-04 20:07:13,129] {logging_mixin.py:109} INFO - [2022-08-04 20:07:13,129] {dag.py:2398} INFO - Sync 1 DAGs
[2022-08-04 20:07:13,176] {logging_mixin.py:109} INFO - [2022-08-04 20:07:13,176] {dag.py:2937} INFO - Setting next_dagrun for example_branch_dop_operator_v3 to 2022-08-04T20:06:00+00:00
[2022-08-04 20:07:13,193] {processor.py:171} INFO - Processing /home/airflow/.local/lib/python3.7/site-packages/airflow/example_dags/example_branch_python_dop_operator_3.py took 0.159 seconds
[2022-08-04 20:07:46,662] {processor.py:163} INFO - Started process (PID=885) to work on /home/airflow/.local/lib/python3.7/site-packages/airflow/example_dags/example_branch_python_dop_operator_3.py
[2022-08-04 20:07:46,667] {processor.py:642} INFO - Processing file /home/airflow/.local/lib/python3.7/site-packages/airflow/example_dags/example_branch_python_dop_operator_3.py for tasks to queue
[2022-08-04 20:07:46,670] {logging_mixin.py:109} INFO - [2022-08-04 20:07:46,670] {dagbag.py:500} INFO - Filling up the DagBag from /home/airflow/.local/lib/python3.7/site-packages/airflow/example_dags/example_branch_python_dop_operator_3.py
[2022-08-04 20:07:46,847] {processor.py:654} INFO - DAG(s) dict_keys(['example_branch_dop_operator_v3']) retrieved from /home/airflow/.local/lib/python3.7/site-packages/airflow/example_dags/example_branch_python_dop_operator_3.py
[2022-08-04 20:07:46,874] {logging_mixin.py:109} INFO - [2022-08-04 20:07:46,874] {dag.py:2398} INFO - Sync 1 DAGs
[2022-08-04 20:07:46,929] {logging_mixin.py:109} INFO - [2022-08-04 20:07:46,929] {dag.py:2937} INFO - Setting next_dagrun for example_branch_dop_operator_v3 to 2022-08-04T20:06:00+00:00
[2022-08-04 20:07:46,948] {processor.py:171} INFO - Processing /home/airflow/.local/lib/python3.7/site-packages/airflow/example_dags/example_branch_python_dop_operator_3.py took 0.294 seconds
[2022-08-04 20:08:17,365] {processor.py:163} INFO - Started process (PID=929) to work on /home/airflow/.local/lib/python3.7/site-packages/airflow/example_dags/example_branch_python_dop_operator_3.py
[2022-08-04 20:08:17,368] {processor.py:642} INFO - Processing file /home/airflow/.local/lib/python3.7/site-packages/airflow/example_dags/example_branch_python_dop_operator_3.py for tasks to queue
[2022-08-04 20:08:17,369] {logging_mixin.py:109} INFO - [2022-08-04 20:08:17,369] {dagbag.py:500} INFO - Filling up the DagBag from /home/airflow/.local/lib/python3.7/site-packages/airflow/example_dags/example_branch_python_dop_operator_3.py
[2022-08-04 20:08:17,452] {processor.py:654} INFO - DAG(s) dict_keys(['example_branch_dop_operator_v3']) retrieved from /home/airflow/.local/lib/python3.7/site-packages/airflow/example_dags/example_branch_python_dop_operator_3.py
[2022-08-04 20:08:17,466] {logging_mixin.py:109} INFO - [2022-08-04 20:08:17,466] {dag.py:2398} INFO - Sync 1 DAGs
[2022-08-04 20:08:17,505] {logging_mixin.py:109} INFO - [2022-08-04 20:08:17,505] {dag.py:2937} INFO - Setting next_dagrun for example_branch_dop_operator_v3 to 2022-08-04T20:07:00+00:00
[2022-08-04 20:08:17,518] {processor.py:171} INFO - Processing /home/airflow/.local/lib/python3.7/site-packages/airflow/example_dags/example_branch_python_dop_operator_3.py took 0.159 seconds
[2022-08-04 20:08:54,252] {processor.py:163} INFO - Started process (PID=981) to work on /home/airflow/.local/lib/python3.7/site-packages/airflow/example_dags/example_branch_python_dop_operator_3.py
[2022-08-04 20:08:54,255] {processor.py:642} INFO - Processing file /home/airflow/.local/lib/python3.7/site-packages/airflow/example_dags/example_branch_python_dop_operator_3.py for tasks to queue
[2022-08-04 20:08:54,257] {logging_mixin.py:109} INFO - [2022-08-04 20:08:54,257] {dagbag.py:500} INFO - Filling up the DagBag from /home/airflow/.local/lib/python3.7/site-packages/airflow/example_dags/example_branch_python_dop_operator_3.py
[2022-08-04 20:08:54,324] {processor.py:654} INFO - DAG(s) dict_keys(['example_branch_dop_operator_v3']) retrieved from /home/airflow/.local/lib/python3.7/site-packages/airflow/example_dags/example_branch_python_dop_operator_3.py
[2022-08-04 20:08:54,340] {logging_mixin.py:109} INFO - [2022-08-04 20:08:54,340] {dag.py:2398} INFO - Sync 1 DAGs
[2022-08-04 20:08:54,389] {logging_mixin.py:109} INFO - [2022-08-04 20:08:54,388] {dag.py:2937} INFO - Setting next_dagrun for example_branch_dop_operator_v3 to 2022-08-04T20:07:00+00:00
[2022-08-04 20:08:54,407] {processor.py:171} INFO - Processing /home/airflow/.local/lib/python3.7/site-packages/airflow/example_dags/example_branch_python_dop_operator_3.py took 0.162 seconds
[2022-08-04 20:09:24,961] {processor.py:163} INFO - Started process (PID=1034) to work on /home/airflow/.local/lib/python3.7/site-packages/airflow/example_dags/example_branch_python_dop_operator_3.py
[2022-08-04 20:09:24,963] {processor.py:642} INFO - Processing file /home/airflow/.local/lib/python3.7/site-packages/airflow/example_dags/example_branch_python_dop_operator_3.py for tasks to queue
[2022-08-04 20:09:24,964] {logging_mixin.py:109} INFO - [2022-08-04 20:09:24,964] {dagbag.py:500} INFO - Filling up the DagBag from /home/airflow/.local/lib/python3.7/site-packages/airflow/example_dags/example_branch_python_dop_operator_3.py
[2022-08-04 20:09:25,019] {processor.py:654} INFO - DAG(s) dict_keys(['example_branch_dop_operator_v3']) retrieved from /home/airflow/.local/lib/python3.7/site-packages/airflow/example_dags/example_branch_python_dop_operator_3.py
[2022-08-04 20:09:25,036] {logging_mixin.py:109} INFO - [2022-08-04 20:09:25,035] {dag.py:2398} INFO - Sync 1 DAGs
[2022-08-04 20:09:25,072] {logging_mixin.py:109} INFO - [2022-08-04 20:09:25,072] {dag.py:2937} INFO - Setting next_dagrun for example_branch_dop_operator_v3 to 2022-08-04T20:08:00+00:00
[2022-08-04 20:09:25,087] {processor.py:171} INFO - Processing /home/airflow/.local/lib/python3.7/site-packages/airflow/example_dags/example_branch_python_dop_operator_3.py took 0.132 seconds
[2022-08-04 20:09:59,296] {processor.py:163} INFO - Started process (PID=1087) to work on /home/airflow/.local/lib/python3.7/site-packages/airflow/example_dags/example_branch_python_dop_operator_3.py
[2022-08-04 20:09:59,311] {processor.py:642} INFO - Processing file /home/airflow/.local/lib/python3.7/site-packages/airflow/example_dags/example_branch_python_dop_operator_3.py for tasks to queue
[2022-08-04 20:09:59,313] {logging_mixin.py:109} INFO - [2022-08-04 20:09:59,312] {dagbag.py:500} INFO - Filling up the DagBag from /home/airflow/.local/lib/python3.7/site-packages/airflow/example_dags/example_branch_python_dop_operator_3.py
[2022-08-04 20:10:02,082] {processor.py:654} INFO - DAG(s) dict_keys(['example_branch_dop_operator_v3']) retrieved from /home/airflow/.local/lib/python3.7/site-packages/airflow/example_dags/example_branch_python_dop_operator_3.py
[2022-08-04 20:10:02,141] {logging_mixin.py:109} INFO - [2022-08-04 20:10:02,141] {dag.py:2398} INFO - Sync 1 DAGs
[2022-08-04 20:10:02,211] {logging_mixin.py:109} INFO - [2022-08-04 20:10:02,211] {dag.py:2937} INFO - Setting next_dagrun for example_branch_dop_operator_v3 to 2022-08-04T20:09:00+00:00
[2022-08-04 20:10:02,246] {processor.py:171} INFO - Processing /home/airflow/.local/lib/python3.7/site-packages/airflow/example_dags/example_branch_python_dop_operator_3.py took 2.976 seconds
[2022-08-04 20:10:32,375] {processor.py:163} INFO - Started process (PID=1139) to work on /home/airflow/.local/lib/python3.7/site-packages/airflow/example_dags/example_branch_python_dop_operator_3.py
[2022-08-04 20:10:32,377] {processor.py:642} INFO - Processing file /home/airflow/.local/lib/python3.7/site-packages/airflow/example_dags/example_branch_python_dop_operator_3.py for tasks to queue
[2022-08-04 20:10:32,377] {logging_mixin.py:109} INFO - [2022-08-04 20:10:32,377] {dagbag.py:500} INFO - Filling up the DagBag from /home/airflow/.local/lib/python3.7/site-packages/airflow/example_dags/example_branch_python_dop_operator_3.py
[2022-08-04 20:10:32,510] {processor.py:654} INFO - DAG(s) dict_keys(['example_branch_dop_operator_v3']) retrieved from /home/airflow/.local/lib/python3.7/site-packages/airflow/example_dags/example_branch_python_dop_operator_3.py
[2022-08-04 20:10:32,526] {logging_mixin.py:109} INFO - [2022-08-04 20:10:32,526] {dag.py:2398} INFO - Sync 1 DAGs
[2022-08-04 20:10:32,574] {logging_mixin.py:109} INFO - [2022-08-04 20:10:32,574] {dag.py:2937} INFO - Setting next_dagrun for example_branch_dop_operator_v3 to 2022-08-04T20:09:00+00:00
[2022-08-04 20:10:32,593] {processor.py:171} INFO - Processing /home/airflow/.local/lib/python3.7/site-packages/airflow/example_dags/example_branch_python_dop_operator_3.py took 0.224 seconds
[2022-08-04 20:11:02,901] {processor.py:163} INFO - Started process (PID=1181) to work on /home/airflow/.local/lib/python3.7/site-packages/airflow/example_dags/example_branch_python_dop_operator_3.py
[2022-08-04 20:11:02,904] {processor.py:642} INFO - Processing file /home/airflow/.local/lib/python3.7/site-packages/airflow/example_dags/example_branch_python_dop_operator_3.py for tasks to queue
[2022-08-04 20:11:02,905] {logging_mixin.py:109} INFO - [2022-08-04 20:11:02,905] {dagbag.py:500} INFO - Filling up the DagBag from /home/airflow/.local/lib/python3.7/site-packages/airflow/example_dags/example_branch_python_dop_operator_3.py
[2022-08-04 20:11:03,056] {processor.py:654} INFO - DAG(s) dict_keys(['example_branch_dop_operator_v3']) retrieved from /home/airflow/.local/lib/python3.7/site-packages/airflow/example_dags/example_branch_python_dop_operator_3.py
[2022-08-04 20:11:03,082] {logging_mixin.py:109} INFO - [2022-08-04 20:11:03,082] {dag.py:2398} INFO - Sync 1 DAGs
[2022-08-04 20:11:03,159] {logging_mixin.py:109} INFO - [2022-08-04 20:11:03,159] {dag.py:2937} INFO - Setting next_dagrun for example_branch_dop_operator_v3 to 2022-08-04T20:10:00+00:00
[2022-08-04 20:11:03,193] {processor.py:171} INFO - Processing /home/airflow/.local/lib/python3.7/site-packages/airflow/example_dags/example_branch_python_dop_operator_3.py took 0.298 seconds
