[2022-08-04 19:50:22,206] {processor.py:163} INFO - Started process (PID=68) to work on /home/airflow/.local/lib/python3.7/site-packages/airflow/example_dags/example_subdag_operator.py
[2022-08-04 19:50:22,209] {processor.py:642} INFO - Processing file /home/airflow/.local/lib/python3.7/site-packages/airflow/example_dags/example_subdag_operator.py for tasks to queue
[2022-08-04 19:50:22,210] {logging_mixin.py:109} INFO - [2022-08-04 19:50:22,209] {dagbag.py:500} INFO - Filling up the DagBag from /home/airflow/.local/lib/python3.7/site-packages/airflow/example_dags/example_subdag_operator.py
[2022-08-04 19:50:22,287] {processor.py:654} INFO - DAG(s) dict_keys(['example_subdag_operator.section-1', 'example_subdag_operator.section-2', 'example_subdag_operator']) retrieved from /home/airflow/.local/lib/python3.7/site-packages/airflow/example_dags/example_subdag_operator.py
[2022-08-04 19:50:23,717] {logging_mixin.py:109} INFO - [2022-08-04 19:50:23,717] {dag.py:2398} INFO - Sync 3 DAGs
[2022-08-04 19:50:23,818] {logging_mixin.py:109} INFO - [2022-08-04 19:50:23,817] {dag.py:2937} INFO - Setting next_dagrun for example_subdag_operator to 2022-08-02T00:00:00+00:00
[2022-08-04 19:50:23,820] {logging_mixin.py:109} INFO - [2022-08-04 19:50:23,820] {dag.py:2937} INFO - Setting next_dagrun for example_subdag_operator.section-1 to None
[2022-08-04 19:50:23,821] {logging_mixin.py:109} INFO - [2022-08-04 19:50:23,820] {dag.py:2937} INFO - Setting next_dagrun for example_subdag_operator.section-2 to None
[2022-08-04 19:50:23,871] {logging_mixin.py:109} INFO - [2022-08-04 19:50:23,870] {dag.py:2398} INFO - Sync 2 DAGs
[2022-08-04 19:50:23,896] {logging_mixin.py:109} INFO - [2022-08-04 19:50:23,896] {dag.py:2937} INFO - Setting next_dagrun for example_subdag_operator.section-1 to None
[2022-08-04 19:50:23,897] {logging_mixin.py:109} INFO - [2022-08-04 19:50:23,897] {dag.py:2937} INFO - Setting next_dagrun for example_subdag_operator.section-2 to None
[2022-08-04 19:50:23,924] {processor.py:171} INFO - Processing /home/airflow/.local/lib/python3.7/site-packages/airflow/example_dags/example_subdag_operator.py took 1.723 seconds
[2022-08-04 19:50:54,198] {processor.py:163} INFO - Started process (PID=119) to work on /home/airflow/.local/lib/python3.7/site-packages/airflow/example_dags/example_subdag_operator.py
[2022-08-04 19:50:54,205] {processor.py:642} INFO - Processing file /home/airflow/.local/lib/python3.7/site-packages/airflow/example_dags/example_subdag_operator.py for tasks to queue
[2022-08-04 19:50:54,205] {logging_mixin.py:109} INFO - [2022-08-04 19:50:54,205] {dagbag.py:500} INFO - Filling up the DagBag from /home/airflow/.local/lib/python3.7/site-packages/airflow/example_dags/example_subdag_operator.py
[2022-08-04 19:50:54,249] {processor.py:654} INFO - DAG(s) dict_keys(['example_subdag_operator.section-1', 'example_subdag_operator.section-2', 'example_subdag_operator']) retrieved from /home/airflow/.local/lib/python3.7/site-packages/airflow/example_dags/example_subdag_operator.py
[2022-08-04 19:50:54,262] {logging_mixin.py:109} INFO - [2022-08-04 19:50:54,262] {dag.py:2398} INFO - Sync 3 DAGs
[2022-08-04 19:50:54,280] {logging_mixin.py:109} INFO - [2022-08-04 19:50:54,280] {dag.py:2937} INFO - Setting next_dagrun for example_subdag_operator to 2022-08-02T00:00:00+00:00
[2022-08-04 19:50:54,281] {logging_mixin.py:109} INFO - [2022-08-04 19:50:54,281] {dag.py:2937} INFO - Setting next_dagrun for example_subdag_operator.section-1 to None
[2022-08-04 19:50:54,281] {logging_mixin.py:109} INFO - [2022-08-04 19:50:54,281] {dag.py:2937} INFO - Setting next_dagrun for example_subdag_operator.section-2 to None
[2022-08-04 19:50:54,290] {logging_mixin.py:109} INFO - [2022-08-04 19:50:54,289] {dag.py:2398} INFO - Sync 2 DAGs
[2022-08-04 19:50:54,300] {logging_mixin.py:109} INFO - [2022-08-04 19:50:54,300] {dag.py:2937} INFO - Setting next_dagrun for example_subdag_operator.section-1 to None
[2022-08-04 19:50:54,301] {logging_mixin.py:109} INFO - [2022-08-04 19:50:54,301] {dag.py:2937} INFO - Setting next_dagrun for example_subdag_operator.section-2 to None
[2022-08-04 19:50:54,311] {processor.py:171} INFO - Processing /home/airflow/.local/lib/python3.7/site-packages/airflow/example_dags/example_subdag_operator.py took 0.116 seconds
[2022-08-04 19:51:24,593] {processor.py:163} INFO - Started process (PID=171) to work on /home/airflow/.local/lib/python3.7/site-packages/airflow/example_dags/example_subdag_operator.py
[2022-08-04 19:51:24,595] {processor.py:642} INFO - Processing file /home/airflow/.local/lib/python3.7/site-packages/airflow/example_dags/example_subdag_operator.py for tasks to queue
[2022-08-04 19:51:24,597] {logging_mixin.py:109} INFO - [2022-08-04 19:51:24,597] {dagbag.py:500} INFO - Filling up the DagBag from /home/airflow/.local/lib/python3.7/site-packages/airflow/example_dags/example_subdag_operator.py
[2022-08-04 19:51:24,685] {processor.py:654} INFO - DAG(s) dict_keys(['example_subdag_operator.section-1', 'example_subdag_operator.section-2', 'example_subdag_operator']) retrieved from /home/airflow/.local/lib/python3.7/site-packages/airflow/example_dags/example_subdag_operator.py
[2022-08-04 19:51:24,715] {logging_mixin.py:109} INFO - [2022-08-04 19:51:24,715] {dag.py:2398} INFO - Sync 3 DAGs
[2022-08-04 19:51:24,745] {logging_mixin.py:109} INFO - [2022-08-04 19:51:24,745] {dag.py:2937} INFO - Setting next_dagrun for example_subdag_operator to 2022-08-02T00:00:00+00:00
[2022-08-04 19:51:24,746] {logging_mixin.py:109} INFO - [2022-08-04 19:51:24,745] {dag.py:2937} INFO - Setting next_dagrun for example_subdag_operator.section-1 to None
[2022-08-04 19:51:24,746] {logging_mixin.py:109} INFO - [2022-08-04 19:51:24,746] {dag.py:2937} INFO - Setting next_dagrun for example_subdag_operator.section-2 to None
[2022-08-04 19:51:24,756] {logging_mixin.py:109} INFO - [2022-08-04 19:51:24,756] {dag.py:2398} INFO - Sync 2 DAGs
[2022-08-04 19:51:24,773] {logging_mixin.py:109} INFO - [2022-08-04 19:51:24,773] {dag.py:2937} INFO - Setting next_dagrun for example_subdag_operator.section-1 to None
[2022-08-04 19:51:24,774] {logging_mixin.py:109} INFO - [2022-08-04 19:51:24,774] {dag.py:2937} INFO - Setting next_dagrun for example_subdag_operator.section-2 to None
[2022-08-04 19:51:24,788] {processor.py:171} INFO - Processing /home/airflow/.local/lib/python3.7/site-packages/airflow/example_dags/example_subdag_operator.py took 0.202 seconds
[2022-08-04 19:51:56,315] {processor.py:163} INFO - Started process (PID=223) to work on /home/airflow/.local/lib/python3.7/site-packages/airflow/example_dags/example_subdag_operator.py
[2022-08-04 19:51:56,318] {processor.py:642} INFO - Processing file /home/airflow/.local/lib/python3.7/site-packages/airflow/example_dags/example_subdag_operator.py for tasks to queue
[2022-08-04 19:51:56,319] {logging_mixin.py:109} INFO - [2022-08-04 19:51:56,319] {dagbag.py:500} INFO - Filling up the DagBag from /home/airflow/.local/lib/python3.7/site-packages/airflow/example_dags/example_subdag_operator.py
[2022-08-04 19:51:56,423] {processor.py:654} INFO - DAG(s) dict_keys(['example_subdag_operator.section-1', 'example_subdag_operator.section-2', 'example_subdag_operator']) retrieved from /home/airflow/.local/lib/python3.7/site-packages/airflow/example_dags/example_subdag_operator.py
[2022-08-04 19:51:56,498] {logging_mixin.py:109} INFO - [2022-08-04 19:51:56,498] {dag.py:2398} INFO - Sync 3 DAGs
[2022-08-04 19:51:56,609] {logging_mixin.py:109} INFO - [2022-08-04 19:51:56,609] {dag.py:2937} INFO - Setting next_dagrun for example_subdag_operator to 2022-08-02T00:00:00+00:00
[2022-08-04 19:51:56,620] {logging_mixin.py:109} INFO - [2022-08-04 19:51:56,620] {dag.py:2937} INFO - Setting next_dagrun for example_subdag_operator.section-1 to None
[2022-08-04 19:51:56,621] {logging_mixin.py:109} INFO - [2022-08-04 19:51:56,621] {dag.py:2937} INFO - Setting next_dagrun for example_subdag_operator.section-2 to None
[2022-08-04 19:51:56,676] {logging_mixin.py:109} INFO - [2022-08-04 19:51:56,675] {dag.py:2398} INFO - Sync 2 DAGs
[2022-08-04 19:51:56,723] {logging_mixin.py:109} INFO - [2022-08-04 19:51:56,722] {dag.py:2937} INFO - Setting next_dagrun for example_subdag_operator.section-1 to None
[2022-08-04 19:51:56,724] {logging_mixin.py:109} INFO - [2022-08-04 19:51:56,724] {dag.py:2937} INFO - Setting next_dagrun for example_subdag_operator.section-2 to None
[2022-08-04 19:51:56,750] {processor.py:171} INFO - Processing /home/airflow/.local/lib/python3.7/site-packages/airflow/example_dags/example_subdag_operator.py took 0.442 seconds
[2022-08-04 19:52:28,573] {processor.py:163} INFO - Started process (PID=276) to work on /home/airflow/.local/lib/python3.7/site-packages/airflow/example_dags/example_subdag_operator.py
[2022-08-04 19:52:28,587] {processor.py:642} INFO - Processing file /home/airflow/.local/lib/python3.7/site-packages/airflow/example_dags/example_subdag_operator.py for tasks to queue
[2022-08-04 19:52:28,589] {logging_mixin.py:109} INFO - [2022-08-04 19:52:28,588] {dagbag.py:500} INFO - Filling up the DagBag from /home/airflow/.local/lib/python3.7/site-packages/airflow/example_dags/example_subdag_operator.py
[2022-08-04 19:52:28,703] {processor.py:654} INFO - DAG(s) dict_keys(['example_subdag_operator.section-1', 'example_subdag_operator.section-2', 'example_subdag_operator']) retrieved from /home/airflow/.local/lib/python3.7/site-packages/airflow/example_dags/example_subdag_operator.py
[2022-08-04 19:52:28,730] {logging_mixin.py:109} INFO - [2022-08-04 19:52:28,730] {dag.py:2398} INFO - Sync 3 DAGs
[2022-08-04 19:52:28,770] {logging_mixin.py:109} INFO - [2022-08-04 19:52:28,770] {dag.py:2937} INFO - Setting next_dagrun for example_subdag_operator to 2022-08-02T00:00:00+00:00
[2022-08-04 19:52:28,772] {logging_mixin.py:109} INFO - [2022-08-04 19:52:28,772] {dag.py:2937} INFO - Setting next_dagrun for example_subdag_operator.section-1 to None
[2022-08-04 19:52:28,773] {logging_mixin.py:109} INFO - [2022-08-04 19:52:28,773] {dag.py:2937} INFO - Setting next_dagrun for example_subdag_operator.section-2 to None
[2022-08-04 19:52:28,791] {logging_mixin.py:109} INFO - [2022-08-04 19:52:28,790] {dag.py:2398} INFO - Sync 2 DAGs
[2022-08-04 19:52:28,816] {logging_mixin.py:109} INFO - [2022-08-04 19:52:28,816] {dag.py:2937} INFO - Setting next_dagrun for example_subdag_operator.section-1 to None
[2022-08-04 19:52:28,817] {logging_mixin.py:109} INFO - [2022-08-04 19:52:28,817] {dag.py:2937} INFO - Setting next_dagrun for example_subdag_operator.section-2 to None
[2022-08-04 19:52:28,845] {processor.py:171} INFO - Processing /home/airflow/.local/lib/python3.7/site-packages/airflow/example_dags/example_subdag_operator.py took 0.288 seconds
[2022-08-04 19:53:00,588] {processor.py:163} INFO - Started process (PID=319) to work on /home/airflow/.local/lib/python3.7/site-packages/airflow/example_dags/example_subdag_operator.py
[2022-08-04 19:53:00,591] {processor.py:642} INFO - Processing file /home/airflow/.local/lib/python3.7/site-packages/airflow/example_dags/example_subdag_operator.py for tasks to queue
[2022-08-04 19:53:00,592] {logging_mixin.py:109} INFO - [2022-08-04 19:53:00,592] {dagbag.py:500} INFO - Filling up the DagBag from /home/airflow/.local/lib/python3.7/site-packages/airflow/example_dags/example_subdag_operator.py
[2022-08-04 19:53:00,681] {processor.py:654} INFO - DAG(s) dict_keys(['example_subdag_operator.section-1', 'example_subdag_operator.section-2', 'example_subdag_operator']) retrieved from /home/airflow/.local/lib/python3.7/site-packages/airflow/example_dags/example_subdag_operator.py
[2022-08-04 19:53:00,701] {logging_mixin.py:109} INFO - [2022-08-04 19:53:00,701] {dag.py:2398} INFO - Sync 3 DAGs
[2022-08-04 19:53:00,728] {logging_mixin.py:109} INFO - [2022-08-04 19:53:00,728] {dag.py:2937} INFO - Setting next_dagrun for example_subdag_operator to 2022-08-02T00:00:00+00:00
[2022-08-04 19:53:00,728] {logging_mixin.py:109} INFO - [2022-08-04 19:53:00,728] {dag.py:2937} INFO - Setting next_dagrun for example_subdag_operator.section-1 to None
[2022-08-04 19:53:00,729] {logging_mixin.py:109} INFO - [2022-08-04 19:53:00,729] {dag.py:2937} INFO - Setting next_dagrun for example_subdag_operator.section-2 to None
[2022-08-04 19:53:00,739] {logging_mixin.py:109} INFO - [2022-08-04 19:53:00,738] {dag.py:2398} INFO - Sync 2 DAGs
[2022-08-04 19:53:00,754] {logging_mixin.py:109} INFO - [2022-08-04 19:53:00,754] {dag.py:2937} INFO - Setting next_dagrun for example_subdag_operator.section-1 to None
[2022-08-04 19:53:00,755] {logging_mixin.py:109} INFO - [2022-08-04 19:53:00,755] {dag.py:2937} INFO - Setting next_dagrun for example_subdag_operator.section-2 to None
[2022-08-04 19:53:00,768] {processor.py:171} INFO - Processing /home/airflow/.local/lib/python3.7/site-packages/airflow/example_dags/example_subdag_operator.py took 0.190 seconds
[2022-08-04 19:58:53,883] {processor.py:163} INFO - Started process (PID=68) to work on /home/airflow/.local/lib/python3.7/site-packages/airflow/example_dags/example_subdag_operator.py
[2022-08-04 19:58:53,887] {processor.py:642} INFO - Processing file /home/airflow/.local/lib/python3.7/site-packages/airflow/example_dags/example_subdag_operator.py for tasks to queue
[2022-08-04 19:58:53,889] {logging_mixin.py:109} INFO - [2022-08-04 19:58:53,889] {dagbag.py:500} INFO - Filling up the DagBag from /home/airflow/.local/lib/python3.7/site-packages/airflow/example_dags/example_subdag_operator.py
[2022-08-04 19:58:54,073] {processor.py:654} INFO - DAG(s) dict_keys(['example_subdag_operator.section-1', 'example_subdag_operator.section-2', 'example_subdag_operator']) retrieved from /home/airflow/.local/lib/python3.7/site-packages/airflow/example_dags/example_subdag_operator.py
[2022-08-04 19:58:54,148] {logging_mixin.py:109} INFO - [2022-08-04 19:58:54,147] {dag.py:2398} INFO - Sync 3 DAGs
[2022-08-04 19:58:54,254] {logging_mixin.py:109} INFO - [2022-08-04 19:58:54,254] {dag.py:2937} INFO - Setting next_dagrun for example_subdag_operator to 2022-08-02T00:00:00+00:00
[2022-08-04 19:58:54,262] {logging_mixin.py:109} INFO - [2022-08-04 19:58:54,262] {dag.py:2937} INFO - Setting next_dagrun for example_subdag_operator.section-1 to None
[2022-08-04 19:58:54,263] {logging_mixin.py:109} INFO - [2022-08-04 19:58:54,263] {dag.py:2937} INFO - Setting next_dagrun for example_subdag_operator.section-2 to None
[2022-08-04 19:58:54,284] {logging_mixin.py:109} INFO - [2022-08-04 19:58:54,283] {dag.py:2398} INFO - Sync 2 DAGs
[2022-08-04 19:58:54,323] {logging_mixin.py:109} INFO - [2022-08-04 19:58:54,323] {dag.py:2937} INFO - Setting next_dagrun for example_subdag_operator.section-1 to None
[2022-08-04 19:58:54,324] {logging_mixin.py:109} INFO - [2022-08-04 19:58:54,323] {dag.py:2937} INFO - Setting next_dagrun for example_subdag_operator.section-2 to None
[2022-08-04 19:58:54,344] {processor.py:171} INFO - Processing /home/airflow/.local/lib/python3.7/site-packages/airflow/example_dags/example_subdag_operator.py took 0.491 seconds
[2022-08-04 19:59:24,716] {processor.py:163} INFO - Started process (PID=122) to work on /home/airflow/.local/lib/python3.7/site-packages/airflow/example_dags/example_subdag_operator.py
[2022-08-04 19:59:24,720] {processor.py:642} INFO - Processing file /home/airflow/.local/lib/python3.7/site-packages/airflow/example_dags/example_subdag_operator.py for tasks to queue
[2022-08-04 19:59:24,722] {logging_mixin.py:109} INFO - [2022-08-04 19:59:24,722] {dagbag.py:500} INFO - Filling up the DagBag from /home/airflow/.local/lib/python3.7/site-packages/airflow/example_dags/example_subdag_operator.py
[2022-08-04 19:59:24,779] {processor.py:654} INFO - DAG(s) dict_keys(['example_subdag_operator.section-1', 'example_subdag_operator.section-2', 'example_subdag_operator']) retrieved from /home/airflow/.local/lib/python3.7/site-packages/airflow/example_dags/example_subdag_operator.py
[2022-08-04 19:59:24,796] {logging_mixin.py:109} INFO - [2022-08-04 19:59:24,795] {dag.py:2398} INFO - Sync 3 DAGs
[2022-08-04 19:59:24,815] {logging_mixin.py:109} INFO - [2022-08-04 19:59:24,815] {dag.py:2937} INFO - Setting next_dagrun for example_subdag_operator to 2022-08-02T00:00:00+00:00
[2022-08-04 19:59:24,816] {logging_mixin.py:109} INFO - [2022-08-04 19:59:24,816] {dag.py:2937} INFO - Setting next_dagrun for example_subdag_operator.section-1 to None
[2022-08-04 19:59:24,816] {logging_mixin.py:109} INFO - [2022-08-04 19:59:24,816] {dag.py:2937} INFO - Setting next_dagrun for example_subdag_operator.section-2 to None
[2022-08-04 19:59:24,824] {logging_mixin.py:109} INFO - [2022-08-04 19:59:24,823] {dag.py:2398} INFO - Sync 2 DAGs
[2022-08-04 19:59:24,837] {logging_mixin.py:109} INFO - [2022-08-04 19:59:24,837] {dag.py:2937} INFO - Setting next_dagrun for example_subdag_operator.section-1 to None
[2022-08-04 19:59:24,837] {logging_mixin.py:109} INFO - [2022-08-04 19:59:24,837] {dag.py:2937} INFO - Setting next_dagrun for example_subdag_operator.section-2 to None
[2022-08-04 19:59:24,846] {processor.py:171} INFO - Processing /home/airflow/.local/lib/python3.7/site-packages/airflow/example_dags/example_subdag_operator.py took 0.137 seconds
[2022-08-04 19:59:55,708] {processor.py:163} INFO - Started process (PID=174) to work on /home/airflow/.local/lib/python3.7/site-packages/airflow/example_dags/example_subdag_operator.py
[2022-08-04 19:59:55,710] {processor.py:642} INFO - Processing file /home/airflow/.local/lib/python3.7/site-packages/airflow/example_dags/example_subdag_operator.py for tasks to queue
[2022-08-04 19:59:55,711] {logging_mixin.py:109} INFO - [2022-08-04 19:59:55,711] {dagbag.py:500} INFO - Filling up the DagBag from /home/airflow/.local/lib/python3.7/site-packages/airflow/example_dags/example_subdag_operator.py
[2022-08-04 19:59:55,775] {processor.py:654} INFO - DAG(s) dict_keys(['example_subdag_operator.section-1', 'example_subdag_operator.section-2', 'example_subdag_operator']) retrieved from /home/airflow/.local/lib/python3.7/site-packages/airflow/example_dags/example_subdag_operator.py
[2022-08-04 19:59:55,805] {logging_mixin.py:109} INFO - [2022-08-04 19:59:55,805] {dag.py:2398} INFO - Sync 3 DAGs
[2022-08-04 19:59:55,847] {logging_mixin.py:109} INFO - [2022-08-04 19:59:55,847] {dag.py:2937} INFO - Setting next_dagrun for example_subdag_operator to 2022-08-02T00:00:00+00:00
[2022-08-04 19:59:55,848] {logging_mixin.py:109} INFO - [2022-08-04 19:59:55,847] {dag.py:2937} INFO - Setting next_dagrun for example_subdag_operator.section-1 to None
[2022-08-04 19:59:55,848] {logging_mixin.py:109} INFO - [2022-08-04 19:59:55,848] {dag.py:2937} INFO - Setting next_dagrun for example_subdag_operator.section-2 to None
[2022-08-04 19:59:55,863] {logging_mixin.py:109} INFO - [2022-08-04 19:59:55,863] {dag.py:2398} INFO - Sync 2 DAGs
[2022-08-04 19:59:55,881] {logging_mixin.py:109} INFO - [2022-08-04 19:59:55,881] {dag.py:2937} INFO - Setting next_dagrun for example_subdag_operator.section-1 to None
[2022-08-04 19:59:55,882] {logging_mixin.py:109} INFO - [2022-08-04 19:59:55,882] {dag.py:2937} INFO - Setting next_dagrun for example_subdag_operator.section-2 to None
[2022-08-04 19:59:55,895] {processor.py:171} INFO - Processing /home/airflow/.local/lib/python3.7/site-packages/airflow/example_dags/example_subdag_operator.py took 0.191 seconds
[2022-08-04 20:00:36,756] {processor.py:163} INFO - Started process (PID=226) to work on /home/airflow/.local/lib/python3.7/site-packages/airflow/example_dags/example_subdag_operator.py
[2022-08-04 20:00:36,759] {processor.py:642} INFO - Processing file /home/airflow/.local/lib/python3.7/site-packages/airflow/example_dags/example_subdag_operator.py for tasks to queue
[2022-08-04 20:00:36,761] {logging_mixin.py:109} INFO - [2022-08-04 20:00:36,761] {dagbag.py:500} INFO - Filling up the DagBag from /home/airflow/.local/lib/python3.7/site-packages/airflow/example_dags/example_subdag_operator.py
[2022-08-04 20:00:36,837] {processor.py:654} INFO - DAG(s) dict_keys(['example_subdag_operator.section-1', 'example_subdag_operator.section-2', 'example_subdag_operator']) retrieved from /home/airflow/.local/lib/python3.7/site-packages/airflow/example_dags/example_subdag_operator.py
[2022-08-04 20:00:36,861] {logging_mixin.py:109} INFO - [2022-08-04 20:00:36,861] {dag.py:2398} INFO - Sync 3 DAGs
[2022-08-04 20:00:36,888] {logging_mixin.py:109} INFO - [2022-08-04 20:00:36,888] {dag.py:2937} INFO - Setting next_dagrun for example_subdag_operator to 2022-08-02T00:00:00+00:00
[2022-08-04 20:00:36,889] {logging_mixin.py:109} INFO - [2022-08-04 20:00:36,889] {dag.py:2937} INFO - Setting next_dagrun for example_subdag_operator.section-1 to None
[2022-08-04 20:00:36,889] {logging_mixin.py:109} INFO - [2022-08-04 20:00:36,889] {dag.py:2937} INFO - Setting next_dagrun for example_subdag_operator.section-2 to None
[2022-08-04 20:00:36,900] {logging_mixin.py:109} INFO - [2022-08-04 20:00:36,899] {dag.py:2398} INFO - Sync 2 DAGs
[2022-08-04 20:00:36,915] {logging_mixin.py:109} INFO - [2022-08-04 20:00:36,915] {dag.py:2937} INFO - Setting next_dagrun for example_subdag_operator.section-1 to None
[2022-08-04 20:00:36,916] {logging_mixin.py:109} INFO - [2022-08-04 20:00:36,916] {dag.py:2937} INFO - Setting next_dagrun for example_subdag_operator.section-2 to None
[2022-08-04 20:00:36,932] {processor.py:171} INFO - Processing /home/airflow/.local/lib/python3.7/site-packages/airflow/example_dags/example_subdag_operator.py took 0.180 seconds
[2022-08-04 20:01:09,116] {processor.py:163} INFO - Started process (PID=278) to work on /home/airflow/.local/lib/python3.7/site-packages/airflow/example_dags/example_subdag_operator.py
[2022-08-04 20:01:09,119] {processor.py:642} INFO - Processing file /home/airflow/.local/lib/python3.7/site-packages/airflow/example_dags/example_subdag_operator.py for tasks to queue
[2022-08-04 20:01:09,120] {logging_mixin.py:109} INFO - [2022-08-04 20:01:09,120] {dagbag.py:500} INFO - Filling up the DagBag from /home/airflow/.local/lib/python3.7/site-packages/airflow/example_dags/example_subdag_operator.py
[2022-08-04 20:01:09,194] {processor.py:654} INFO - DAG(s) dict_keys(['example_subdag_operator.section-1', 'example_subdag_operator.section-2', 'example_subdag_operator']) retrieved from /home/airflow/.local/lib/python3.7/site-packages/airflow/example_dags/example_subdag_operator.py
[2022-08-04 20:01:09,218] {logging_mixin.py:109} INFO - [2022-08-04 20:01:09,218] {dag.py:2398} INFO - Sync 3 DAGs
[2022-08-04 20:01:09,257] {logging_mixin.py:109} INFO - [2022-08-04 20:01:09,257] {dag.py:2937} INFO - Setting next_dagrun for example_subdag_operator to 2022-08-02T00:00:00+00:00
[2022-08-04 20:01:09,258] {logging_mixin.py:109} INFO - [2022-08-04 20:01:09,257] {dag.py:2937} INFO - Setting next_dagrun for example_subdag_operator.section-1 to None
[2022-08-04 20:01:09,258] {logging_mixin.py:109} INFO - [2022-08-04 20:01:09,258] {dag.py:2937} INFO - Setting next_dagrun for example_subdag_operator.section-2 to None
[2022-08-04 20:01:09,274] {logging_mixin.py:109} INFO - [2022-08-04 20:01:09,273] {dag.py:2398} INFO - Sync 2 DAGs
[2022-08-04 20:01:09,296] {logging_mixin.py:109} INFO - [2022-08-04 20:01:09,296] {dag.py:2937} INFO - Setting next_dagrun for example_subdag_operator.section-1 to None
[2022-08-04 20:01:09,297] {logging_mixin.py:109} INFO - [2022-08-04 20:01:09,297] {dag.py:2937} INFO - Setting next_dagrun for example_subdag_operator.section-2 to None
[2022-08-04 20:01:09,312] {processor.py:171} INFO - Processing /home/airflow/.local/lib/python3.7/site-packages/airflow/example_dags/example_subdag_operator.py took 0.202 seconds
[2022-08-04 20:01:42,212] {processor.py:163} INFO - Started process (PID=332) to work on /home/airflow/.local/lib/python3.7/site-packages/airflow/example_dags/example_subdag_operator.py
[2022-08-04 20:01:42,215] {processor.py:642} INFO - Processing file /home/airflow/.local/lib/python3.7/site-packages/airflow/example_dags/example_subdag_operator.py for tasks to queue
[2022-08-04 20:01:42,217] {logging_mixin.py:109} INFO - [2022-08-04 20:01:42,217] {dagbag.py:500} INFO - Filling up the DagBag from /home/airflow/.local/lib/python3.7/site-packages/airflow/example_dags/example_subdag_operator.py
[2022-08-04 20:01:42,340] {processor.py:654} INFO - DAG(s) dict_keys(['example_subdag_operator.section-1', 'example_subdag_operator.section-2', 'example_subdag_operator']) retrieved from /home/airflow/.local/lib/python3.7/site-packages/airflow/example_dags/example_subdag_operator.py
[2022-08-04 20:01:42,396] {logging_mixin.py:109} INFO - [2022-08-04 20:01:42,394] {dag.py:2398} INFO - Sync 3 DAGs
[2022-08-04 20:01:42,449] {logging_mixin.py:109} INFO - [2022-08-04 20:01:42,448] {dag.py:2937} INFO - Setting next_dagrun for example_subdag_operator to 2022-08-02T00:00:00+00:00
[2022-08-04 20:01:42,449] {logging_mixin.py:109} INFO - [2022-08-04 20:01:42,449] {dag.py:2937} INFO - Setting next_dagrun for example_subdag_operator.section-1 to None
[2022-08-04 20:01:42,450] {logging_mixin.py:109} INFO - [2022-08-04 20:01:42,450] {dag.py:2937} INFO - Setting next_dagrun for example_subdag_operator.section-2 to None
[2022-08-04 20:01:42,467] {logging_mixin.py:109} INFO - [2022-08-04 20:01:42,467] {dag.py:2398} INFO - Sync 2 DAGs
[2022-08-04 20:01:42,490] {logging_mixin.py:109} INFO - [2022-08-04 20:01:42,490] {dag.py:2937} INFO - Setting next_dagrun for example_subdag_operator.section-1 to None
[2022-08-04 20:01:42,491] {logging_mixin.py:109} INFO - [2022-08-04 20:01:42,491] {dag.py:2937} INFO - Setting next_dagrun for example_subdag_operator.section-2 to None
[2022-08-04 20:01:42,510] {processor.py:171} INFO - Processing /home/airflow/.local/lib/python3.7/site-packages/airflow/example_dags/example_subdag_operator.py took 0.312 seconds
[2022-08-04 20:02:12,813] {processor.py:163} INFO - Started process (PID=385) to work on /home/airflow/.local/lib/python3.7/site-packages/airflow/example_dags/example_subdag_operator.py
[2022-08-04 20:02:12,818] {processor.py:642} INFO - Processing file /home/airflow/.local/lib/python3.7/site-packages/airflow/example_dags/example_subdag_operator.py for tasks to queue
[2022-08-04 20:02:12,821] {logging_mixin.py:109} INFO - [2022-08-04 20:02:12,820] {dagbag.py:500} INFO - Filling up the DagBag from /home/airflow/.local/lib/python3.7/site-packages/airflow/example_dags/example_subdag_operator.py
[2022-08-04 20:02:12,947] {processor.py:654} INFO - DAG(s) dict_keys(['example_subdag_operator.section-1', 'example_subdag_operator.section-2', 'example_subdag_operator']) retrieved from /home/airflow/.local/lib/python3.7/site-packages/airflow/example_dags/example_subdag_operator.py
[2022-08-04 20:02:12,979] {logging_mixin.py:109} INFO - [2022-08-04 20:02:12,979] {dag.py:2398} INFO - Sync 3 DAGs
[2022-08-04 20:02:13,035] {logging_mixin.py:109} INFO - [2022-08-04 20:02:13,035] {dag.py:2937} INFO - Setting next_dagrun for example_subdag_operator to 2022-08-02T00:00:00+00:00
[2022-08-04 20:02:13,036] {logging_mixin.py:109} INFO - [2022-08-04 20:02:13,036] {dag.py:2937} INFO - Setting next_dagrun for example_subdag_operator.section-1 to None
[2022-08-04 20:02:13,037] {logging_mixin.py:109} INFO - [2022-08-04 20:02:13,037] {dag.py:2937} INFO - Setting next_dagrun for example_subdag_operator.section-2 to None
[2022-08-04 20:02:13,063] {logging_mixin.py:109} INFO - [2022-08-04 20:02:13,063] {dag.py:2398} INFO - Sync 2 DAGs
[2022-08-04 20:02:13,093] {logging_mixin.py:109} INFO - [2022-08-04 20:02:13,091] {dag.py:2937} INFO - Setting next_dagrun for example_subdag_operator.section-1 to None
[2022-08-04 20:02:13,095] {logging_mixin.py:109} INFO - [2022-08-04 20:02:13,095] {dag.py:2937} INFO - Setting next_dagrun for example_subdag_operator.section-2 to None
[2022-08-04 20:02:13,121] {processor.py:171} INFO - Processing /home/airflow/.local/lib/python3.7/site-packages/airflow/example_dags/example_subdag_operator.py took 0.315 seconds
[2022-08-04 20:02:44,953] {processor.py:163} INFO - Started process (PID=427) to work on /home/airflow/.local/lib/python3.7/site-packages/airflow/example_dags/example_subdag_operator.py
[2022-08-04 20:02:44,956] {processor.py:642} INFO - Processing file /home/airflow/.local/lib/python3.7/site-packages/airflow/example_dags/example_subdag_operator.py for tasks to queue
[2022-08-04 20:02:44,960] {logging_mixin.py:109} INFO - [2022-08-04 20:02:44,960] {dagbag.py:500} INFO - Filling up the DagBag from /home/airflow/.local/lib/python3.7/site-packages/airflow/example_dags/example_subdag_operator.py
[2022-08-04 20:02:45,048] {processor.py:654} INFO - DAG(s) dict_keys(['example_subdag_operator.section-1', 'example_subdag_operator.section-2', 'example_subdag_operator']) retrieved from /home/airflow/.local/lib/python3.7/site-packages/airflow/example_dags/example_subdag_operator.py
[2022-08-04 20:02:45,082] {logging_mixin.py:109} INFO - [2022-08-04 20:02:45,082] {dag.py:2398} INFO - Sync 3 DAGs
[2022-08-04 20:02:45,121] {logging_mixin.py:109} INFO - [2022-08-04 20:02:45,120] {dag.py:2937} INFO - Setting next_dagrun for example_subdag_operator to 2022-08-02T00:00:00+00:00
[2022-08-04 20:02:45,121] {logging_mixin.py:109} INFO - [2022-08-04 20:02:45,121] {dag.py:2937} INFO - Setting next_dagrun for example_subdag_operator.section-1 to None
[2022-08-04 20:02:45,122] {logging_mixin.py:109} INFO - [2022-08-04 20:02:45,122] {dag.py:2937} INFO - Setting next_dagrun for example_subdag_operator.section-2 to None
[2022-08-04 20:02:45,134] {logging_mixin.py:109} INFO - [2022-08-04 20:02:45,134] {dag.py:2398} INFO - Sync 2 DAGs
[2022-08-04 20:02:45,153] {logging_mixin.py:109} INFO - [2022-08-04 20:02:45,152] {dag.py:2937} INFO - Setting next_dagrun for example_subdag_operator.section-1 to None
[2022-08-04 20:02:45,153] {logging_mixin.py:109} INFO - [2022-08-04 20:02:45,153] {dag.py:2937} INFO - Setting next_dagrun for example_subdag_operator.section-2 to None
[2022-08-04 20:02:45,166] {processor.py:171} INFO - Processing /home/airflow/.local/lib/python3.7/site-packages/airflow/example_dags/example_subdag_operator.py took 0.219 seconds
[2022-08-04 20:03:22,595] {processor.py:163} INFO - Started process (PID=482) to work on /home/airflow/.local/lib/python3.7/site-packages/airflow/example_dags/example_subdag_operator.py
[2022-08-04 20:03:22,598] {processor.py:642} INFO - Processing file /home/airflow/.local/lib/python3.7/site-packages/airflow/example_dags/example_subdag_operator.py for tasks to queue
[2022-08-04 20:03:22,599] {logging_mixin.py:109} INFO - [2022-08-04 20:03:22,599] {dagbag.py:500} INFO - Filling up the DagBag from /home/airflow/.local/lib/python3.7/site-packages/airflow/example_dags/example_subdag_operator.py
[2022-08-04 20:03:22,719] {processor.py:654} INFO - DAG(s) dict_keys(['example_subdag_operator.section-1', 'example_subdag_operator.section-2', 'example_subdag_operator']) retrieved from /home/airflow/.local/lib/python3.7/site-packages/airflow/example_dags/example_subdag_operator.py
[2022-08-04 20:03:22,757] {logging_mixin.py:109} INFO - [2022-08-04 20:03:22,756] {dag.py:2398} INFO - Sync 3 DAGs
[2022-08-04 20:03:22,795] {logging_mixin.py:109} INFO - [2022-08-04 20:03:22,795] {dag.py:2937} INFO - Setting next_dagrun for example_subdag_operator to 2022-08-02T00:00:00+00:00
[2022-08-04 20:03:22,796] {logging_mixin.py:109} INFO - [2022-08-04 20:03:22,796] {dag.py:2937} INFO - Setting next_dagrun for example_subdag_operator.section-1 to None
[2022-08-04 20:03:22,797] {logging_mixin.py:109} INFO - [2022-08-04 20:03:22,796] {dag.py:2937} INFO - Setting next_dagrun for example_subdag_operator.section-2 to None
[2022-08-04 20:03:22,809] {logging_mixin.py:109} INFO - [2022-08-04 20:03:22,809] {dag.py:2398} INFO - Sync 2 DAGs
[2022-08-04 20:03:22,829] {logging_mixin.py:109} INFO - [2022-08-04 20:03:22,829] {dag.py:2937} INFO - Setting next_dagrun for example_subdag_operator.section-1 to None
[2022-08-04 20:03:22,830] {logging_mixin.py:109} INFO - [2022-08-04 20:03:22,830] {dag.py:2937} INFO - Setting next_dagrun for example_subdag_operator.section-2 to None
[2022-08-04 20:03:22,845] {processor.py:171} INFO - Processing /home/airflow/.local/lib/python3.7/site-packages/airflow/example_dags/example_subdag_operator.py took 0.258 seconds
[2022-08-04 20:03:56,289] {processor.py:163} INFO - Started process (PID=538) to work on /home/airflow/.local/lib/python3.7/site-packages/airflow/example_dags/example_subdag_operator.py
[2022-08-04 20:03:56,293] {processor.py:642} INFO - Processing file /home/airflow/.local/lib/python3.7/site-packages/airflow/example_dags/example_subdag_operator.py for tasks to queue
[2022-08-04 20:03:56,294] {logging_mixin.py:109} INFO - [2022-08-04 20:03:56,294] {dagbag.py:500} INFO - Filling up the DagBag from /home/airflow/.local/lib/python3.7/site-packages/airflow/example_dags/example_subdag_operator.py
[2022-08-04 20:03:56,422] {processor.py:654} INFO - DAG(s) dict_keys(['example_subdag_operator.section-1', 'example_subdag_operator.section-2', 'example_subdag_operator']) retrieved from /home/airflow/.local/lib/python3.7/site-packages/airflow/example_dags/example_subdag_operator.py
[2022-08-04 20:03:56,460] {logging_mixin.py:109} INFO - [2022-08-04 20:03:56,459] {dag.py:2398} INFO - Sync 3 DAGs
[2022-08-04 20:03:56,508] {logging_mixin.py:109} INFO - [2022-08-04 20:03:56,507] {dag.py:2937} INFO - Setting next_dagrun for example_subdag_operator to 2022-08-02T00:00:00+00:00
[2022-08-04 20:03:56,508] {logging_mixin.py:109} INFO - [2022-08-04 20:03:56,508] {dag.py:2937} INFO - Setting next_dagrun for example_subdag_operator.section-1 to None
[2022-08-04 20:03:56,509] {logging_mixin.py:109} INFO - [2022-08-04 20:03:56,509] {dag.py:2937} INFO - Setting next_dagrun for example_subdag_operator.section-2 to None
[2022-08-04 20:03:56,520] {logging_mixin.py:109} INFO - [2022-08-04 20:03:56,520] {dag.py:2398} INFO - Sync 2 DAGs
[2022-08-04 20:03:56,543] {logging_mixin.py:109} INFO - [2022-08-04 20:03:56,543] {dag.py:2937} INFO - Setting next_dagrun for example_subdag_operator.section-1 to None
[2022-08-04 20:03:56,543] {logging_mixin.py:109} INFO - [2022-08-04 20:03:56,543] {dag.py:2937} INFO - Setting next_dagrun for example_subdag_operator.section-2 to None
[2022-08-04 20:03:56,557] {processor.py:171} INFO - Processing /home/airflow/.local/lib/python3.7/site-packages/airflow/example_dags/example_subdag_operator.py took 0.277 seconds
[2022-08-04 20:04:27,112] {processor.py:163} INFO - Started process (PID=590) to work on /home/airflow/.local/lib/python3.7/site-packages/airflow/example_dags/example_subdag_operator.py
[2022-08-04 20:04:27,115] {processor.py:642} INFO - Processing file /home/airflow/.local/lib/python3.7/site-packages/airflow/example_dags/example_subdag_operator.py for tasks to queue
[2022-08-04 20:04:27,116] {logging_mixin.py:109} INFO - [2022-08-04 20:04:27,116] {dagbag.py:500} INFO - Filling up the DagBag from /home/airflow/.local/lib/python3.7/site-packages/airflow/example_dags/example_subdag_operator.py
[2022-08-04 20:04:27,213] {processor.py:654} INFO - DAG(s) dict_keys(['example_subdag_operator.section-1', 'example_subdag_operator.section-2', 'example_subdag_operator']) retrieved from /home/airflow/.local/lib/python3.7/site-packages/airflow/example_dags/example_subdag_operator.py
[2022-08-04 20:04:27,240] {logging_mixin.py:109} INFO - [2022-08-04 20:04:27,240] {dag.py:2398} INFO - Sync 3 DAGs
[2022-08-04 20:04:27,279] {logging_mixin.py:109} INFO - [2022-08-04 20:04:27,279] {dag.py:2937} INFO - Setting next_dagrun for example_subdag_operator to 2022-08-02T00:00:00+00:00
[2022-08-04 20:04:27,280] {logging_mixin.py:109} INFO - [2022-08-04 20:04:27,280] {dag.py:2937} INFO - Setting next_dagrun for example_subdag_operator.section-1 to None
[2022-08-04 20:04:27,280] {logging_mixin.py:109} INFO - [2022-08-04 20:04:27,280] {dag.py:2937} INFO - Setting next_dagrun for example_subdag_operator.section-2 to None
[2022-08-04 20:04:27,293] {logging_mixin.py:109} INFO - [2022-08-04 20:04:27,293] {dag.py:2398} INFO - Sync 2 DAGs
[2022-08-04 20:04:27,312] {logging_mixin.py:109} INFO - [2022-08-04 20:04:27,312] {dag.py:2937} INFO - Setting next_dagrun for example_subdag_operator.section-1 to None
[2022-08-04 20:04:27,313] {logging_mixin.py:109} INFO - [2022-08-04 20:04:27,313] {dag.py:2937} INFO - Setting next_dagrun for example_subdag_operator.section-2 to None
[2022-08-04 20:04:27,328] {processor.py:171} INFO - Processing /home/airflow/.local/lib/python3.7/site-packages/airflow/example_dags/example_subdag_operator.py took 0.223 seconds
[2022-08-04 20:05:01,001] {processor.py:163} INFO - Started process (PID=647) to work on /home/airflow/.local/lib/python3.7/site-packages/airflow/example_dags/example_subdag_operator.py
[2022-08-04 20:05:01,005] {processor.py:642} INFO - Processing file /home/airflow/.local/lib/python3.7/site-packages/airflow/example_dags/example_subdag_operator.py for tasks to queue
[2022-08-04 20:05:01,009] {logging_mixin.py:109} INFO - [2022-08-04 20:05:01,008] {dagbag.py:500} INFO - Filling up the DagBag from /home/airflow/.local/lib/python3.7/site-packages/airflow/example_dags/example_subdag_operator.py
[2022-08-04 20:05:01,151] {processor.py:654} INFO - DAG(s) dict_keys(['example_subdag_operator.section-1', 'example_subdag_operator.section-2', 'example_subdag_operator']) retrieved from /home/airflow/.local/lib/python3.7/site-packages/airflow/example_dags/example_subdag_operator.py
[2022-08-04 20:05:01,187] {logging_mixin.py:109} INFO - [2022-08-04 20:05:01,187] {dag.py:2398} INFO - Sync 3 DAGs
[2022-08-04 20:05:01,229] {logging_mixin.py:109} INFO - [2022-08-04 20:05:01,229] {dag.py:2937} INFO - Setting next_dagrun for example_subdag_operator to 2022-08-02T00:00:00+00:00
[2022-08-04 20:05:01,230] {logging_mixin.py:109} INFO - [2022-08-04 20:05:01,230] {dag.py:2937} INFO - Setting next_dagrun for example_subdag_operator.section-1 to None
[2022-08-04 20:05:01,231] {logging_mixin.py:109} INFO - [2022-08-04 20:05:01,231] {dag.py:2937} INFO - Setting next_dagrun for example_subdag_operator.section-2 to None
[2022-08-04 20:05:01,245] {logging_mixin.py:109} INFO - [2022-08-04 20:05:01,244] {dag.py:2398} INFO - Sync 2 DAGs
[2022-08-04 20:05:01,265] {logging_mixin.py:109} INFO - [2022-08-04 20:05:01,265] {dag.py:2937} INFO - Setting next_dagrun for example_subdag_operator.section-1 to None
[2022-08-04 20:05:01,266] {logging_mixin.py:109} INFO - [2022-08-04 20:05:01,266] {dag.py:2937} INFO - Setting next_dagrun for example_subdag_operator.section-2 to None
[2022-08-04 20:05:01,283] {processor.py:171} INFO - Processing /home/airflow/.local/lib/python3.7/site-packages/airflow/example_dags/example_subdag_operator.py took 0.292 seconds
[2022-08-04 20:05:31,923] {processor.py:163} INFO - Started process (PID=689) to work on /home/airflow/.local/lib/python3.7/site-packages/airflow/example_dags/example_subdag_operator.py
[2022-08-04 20:05:31,925] {processor.py:642} INFO - Processing file /home/airflow/.local/lib/python3.7/site-packages/airflow/example_dags/example_subdag_operator.py for tasks to queue
[2022-08-04 20:05:31,926] {logging_mixin.py:109} INFO - [2022-08-04 20:05:31,926] {dagbag.py:500} INFO - Filling up the DagBag from /home/airflow/.local/lib/python3.7/site-packages/airflow/example_dags/example_subdag_operator.py
[2022-08-04 20:05:32,009] {processor.py:654} INFO - DAG(s) dict_keys(['example_subdag_operator.section-1', 'example_subdag_operator.section-2', 'example_subdag_operator']) retrieved from /home/airflow/.local/lib/python3.7/site-packages/airflow/example_dags/example_subdag_operator.py
[2022-08-04 20:05:32,032] {logging_mixin.py:109} INFO - [2022-08-04 20:05:32,031] {dag.py:2398} INFO - Sync 3 DAGs
[2022-08-04 20:05:32,059] {logging_mixin.py:109} INFO - [2022-08-04 20:05:32,059] {dag.py:2937} INFO - Setting next_dagrun for example_subdag_operator to 2022-08-02T00:00:00+00:00
[2022-08-04 20:05:32,060] {logging_mixin.py:109} INFO - [2022-08-04 20:05:32,060] {dag.py:2937} INFO - Setting next_dagrun for example_subdag_operator.section-1 to None
[2022-08-04 20:05:32,060] {logging_mixin.py:109} INFO - [2022-08-04 20:05:32,060] {dag.py:2937} INFO - Setting next_dagrun for example_subdag_operator.section-2 to None
[2022-08-04 20:05:32,073] {logging_mixin.py:109} INFO - [2022-08-04 20:05:32,073] {dag.py:2398} INFO - Sync 2 DAGs
[2022-08-04 20:05:32,096] {logging_mixin.py:109} INFO - [2022-08-04 20:05:32,096] {dag.py:2937} INFO - Setting next_dagrun for example_subdag_operator.section-1 to None
[2022-08-04 20:05:32,097] {logging_mixin.py:109} INFO - [2022-08-04 20:05:32,097] {dag.py:2937} INFO - Setting next_dagrun for example_subdag_operator.section-2 to None
[2022-08-04 20:05:32,114] {processor.py:171} INFO - Processing /home/airflow/.local/lib/python3.7/site-packages/airflow/example_dags/example_subdag_operator.py took 0.199 seconds
[2022-08-04 20:06:12,859] {processor.py:163} INFO - Started process (PID=742) to work on /home/airflow/.local/lib/python3.7/site-packages/airflow/example_dags/example_subdag_operator.py
[2022-08-04 20:06:12,865] {processor.py:642} INFO - Processing file /home/airflow/.local/lib/python3.7/site-packages/airflow/example_dags/example_subdag_operator.py for tasks to queue
[2022-08-04 20:06:12,867] {logging_mixin.py:109} INFO - [2022-08-04 20:06:12,867] {dagbag.py:500} INFO - Filling up the DagBag from /home/airflow/.local/lib/python3.7/site-packages/airflow/example_dags/example_subdag_operator.py
[2022-08-04 20:06:13,215] {processor.py:654} INFO - DAG(s) dict_keys(['example_subdag_operator.section-1', 'example_subdag_operator.section-2', 'example_subdag_operator']) retrieved from /home/airflow/.local/lib/python3.7/site-packages/airflow/example_dags/example_subdag_operator.py
[2022-08-04 20:06:13,357] {logging_mixin.py:109} INFO - [2022-08-04 20:06:13,353] {dag.py:2398} INFO - Sync 3 DAGs
[2022-08-04 20:06:13,454] {logging_mixin.py:109} INFO - [2022-08-04 20:06:13,428] {dag.py:2937} INFO - Setting next_dagrun for example_subdag_operator to 2022-08-02T00:00:00+00:00
[2022-08-04 20:06:13,456] {logging_mixin.py:109} INFO - [2022-08-04 20:06:13,455] {dag.py:2937} INFO - Setting next_dagrun for example_subdag_operator.section-1 to None
[2022-08-04 20:06:13,456] {logging_mixin.py:109} INFO - [2022-08-04 20:06:13,456] {dag.py:2937} INFO - Setting next_dagrun for example_subdag_operator.section-2 to None
[2022-08-04 20:06:13,728] {logging_mixin.py:109} INFO - [2022-08-04 20:06:13,723] {dag.py:2398} INFO - Sync 2 DAGs
[2022-08-04 20:06:13,826] {logging_mixin.py:109} INFO - [2022-08-04 20:06:13,819] {dag.py:2937} INFO - Setting next_dagrun for example_subdag_operator.section-1 to None
[2022-08-04 20:06:13,827] {logging_mixin.py:109} INFO - [2022-08-04 20:06:13,827] {dag.py:2937} INFO - Setting next_dagrun for example_subdag_operator.section-2 to None
[2022-08-04 20:06:14,151] {processor.py:171} INFO - Processing /home/airflow/.local/lib/python3.7/site-packages/airflow/example_dags/example_subdag_operator.py took 1.300 seconds
[2022-08-04 20:06:44,338] {processor.py:163} INFO - Started process (PID=794) to work on /home/airflow/.local/lib/python3.7/site-packages/airflow/example_dags/example_subdag_operator.py
[2022-08-04 20:06:44,345] {processor.py:642} INFO - Processing file /home/airflow/.local/lib/python3.7/site-packages/airflow/example_dags/example_subdag_operator.py for tasks to queue
[2022-08-04 20:06:44,347] {logging_mixin.py:109} INFO - [2022-08-04 20:06:44,346] {dagbag.py:500} INFO - Filling up the DagBag from /home/airflow/.local/lib/python3.7/site-packages/airflow/example_dags/example_subdag_operator.py
[2022-08-04 20:06:49,770] {processor.py:654} INFO - DAG(s) dict_keys(['example_subdag_operator.section-1', 'example_subdag_operator.section-2', 'example_subdag_operator']) retrieved from /home/airflow/.local/lib/python3.7/site-packages/airflow/example_dags/example_subdag_operator.py
[2022-08-04 20:06:49,816] {logging_mixin.py:109} INFO - [2022-08-04 20:06:49,816] {dag.py:2398} INFO - Sync 3 DAGs
[2022-08-04 20:06:49,877] {logging_mixin.py:109} INFO - [2022-08-04 20:06:49,877] {dag.py:2937} INFO - Setting next_dagrun for example_subdag_operator to 2022-08-02T00:00:00+00:00
[2022-08-04 20:06:49,878] {logging_mixin.py:109} INFO - [2022-08-04 20:06:49,878] {dag.py:2937} INFO - Setting next_dagrun for example_subdag_operator.section-1 to None
[2022-08-04 20:06:49,879] {logging_mixin.py:109} INFO - [2022-08-04 20:06:49,879] {dag.py:2937} INFO - Setting next_dagrun for example_subdag_operator.section-2 to None
[2022-08-04 20:06:49,933] {logging_mixin.py:109} INFO - [2022-08-04 20:06:49,933] {dag.py:2398} INFO - Sync 2 DAGs
[2022-08-04 20:06:50,017] {logging_mixin.py:109} INFO - [2022-08-04 20:06:50,017] {dag.py:2937} INFO - Setting next_dagrun for example_subdag_operator.section-1 to None
[2022-08-04 20:06:50,021] {logging_mixin.py:109} INFO - [2022-08-04 20:06:50,020] {dag.py:2937} INFO - Setting next_dagrun for example_subdag_operator.section-2 to None
[2022-08-04 20:06:50,101] {processor.py:171} INFO - Processing /home/airflow/.local/lib/python3.7/site-packages/airflow/example_dags/example_subdag_operator.py took 5.775 seconds
[2022-08-04 20:07:20,448] {processor.py:163} INFO - Started process (PID=847) to work on /home/airflow/.local/lib/python3.7/site-packages/airflow/example_dags/example_subdag_operator.py
[2022-08-04 20:07:20,450] {processor.py:642} INFO - Processing file /home/airflow/.local/lib/python3.7/site-packages/airflow/example_dags/example_subdag_operator.py for tasks to queue
[2022-08-04 20:07:20,451] {logging_mixin.py:109} INFO - [2022-08-04 20:07:20,450] {dagbag.py:500} INFO - Filling up the DagBag from /home/airflow/.local/lib/python3.7/site-packages/airflow/example_dags/example_subdag_operator.py
[2022-08-04 20:07:20,647] {processor.py:654} INFO - DAG(s) dict_keys(['example_subdag_operator.section-1', 'example_subdag_operator.section-2', 'example_subdag_operator']) retrieved from /home/airflow/.local/lib/python3.7/site-packages/airflow/example_dags/example_subdag_operator.py
[2022-08-04 20:07:20,680] {logging_mixin.py:109} INFO - [2022-08-04 20:07:20,680] {dag.py:2398} INFO - Sync 3 DAGs
[2022-08-04 20:07:20,722] {logging_mixin.py:109} INFO - [2022-08-04 20:07:20,722] {dag.py:2937} INFO - Setting next_dagrun for example_subdag_operator to 2022-08-02T00:00:00+00:00
[2022-08-04 20:07:20,723] {logging_mixin.py:109} INFO - [2022-08-04 20:07:20,723] {dag.py:2937} INFO - Setting next_dagrun for example_subdag_operator.section-1 to None
[2022-08-04 20:07:20,724] {logging_mixin.py:109} INFO - [2022-08-04 20:07:20,724] {dag.py:2937} INFO - Setting next_dagrun for example_subdag_operator.section-2 to None
[2022-08-04 20:07:20,745] {logging_mixin.py:109} INFO - [2022-08-04 20:07:20,745] {dag.py:2398} INFO - Sync 2 DAGs
[2022-08-04 20:07:20,777] {logging_mixin.py:109} INFO - [2022-08-04 20:07:20,777] {dag.py:2937} INFO - Setting next_dagrun for example_subdag_operator.section-1 to None
[2022-08-04 20:07:20,778] {logging_mixin.py:109} INFO - [2022-08-04 20:07:20,778] {dag.py:2937} INFO - Setting next_dagrun for example_subdag_operator.section-2 to None
[2022-08-04 20:07:20,801] {processor.py:171} INFO - Processing /home/airflow/.local/lib/python3.7/site-packages/airflow/example_dags/example_subdag_operator.py took 0.358 seconds
[2022-08-04 20:07:51,297] {processor.py:163} INFO - Started process (PID=889) to work on /home/airflow/.local/lib/python3.7/site-packages/airflow/example_dags/example_subdag_operator.py
[2022-08-04 20:07:51,301] {processor.py:642} INFO - Processing file /home/airflow/.local/lib/python3.7/site-packages/airflow/example_dags/example_subdag_operator.py for tasks to queue
[2022-08-04 20:07:51,302] {logging_mixin.py:109} INFO - [2022-08-04 20:07:51,302] {dagbag.py:500} INFO - Filling up the DagBag from /home/airflow/.local/lib/python3.7/site-packages/airflow/example_dags/example_subdag_operator.py
[2022-08-04 20:07:51,501] {processor.py:654} INFO - DAG(s) dict_keys(['example_subdag_operator.section-1', 'example_subdag_operator.section-2', 'example_subdag_operator']) retrieved from /home/airflow/.local/lib/python3.7/site-packages/airflow/example_dags/example_subdag_operator.py
[2022-08-04 20:07:51,536] {logging_mixin.py:109} INFO - [2022-08-04 20:07:51,535] {dag.py:2398} INFO - Sync 3 DAGs
[2022-08-04 20:07:51,619] {logging_mixin.py:109} INFO - [2022-08-04 20:07:51,617] {dag.py:2937} INFO - Setting next_dagrun for example_subdag_operator to 2022-08-02T00:00:00+00:00
[2022-08-04 20:07:51,620] {logging_mixin.py:109} INFO - [2022-08-04 20:07:51,620] {dag.py:2937} INFO - Setting next_dagrun for example_subdag_operator.section-1 to None
[2022-08-04 20:07:51,621] {logging_mixin.py:109} INFO - [2022-08-04 20:07:51,621] {dag.py:2937} INFO - Setting next_dagrun for example_subdag_operator.section-2 to None
[2022-08-04 20:07:51,669] {logging_mixin.py:109} INFO - [2022-08-04 20:07:51,662] {dag.py:2398} INFO - Sync 2 DAGs
[2022-08-04 20:07:51,749] {logging_mixin.py:109} INFO - [2022-08-04 20:07:51,749] {dag.py:2937} INFO - Setting next_dagrun for example_subdag_operator.section-1 to None
[2022-08-04 20:07:51,750] {logging_mixin.py:109} INFO - [2022-08-04 20:07:51,750] {dag.py:2937} INFO - Setting next_dagrun for example_subdag_operator.section-2 to None
[2022-08-04 20:07:51,898] {processor.py:171} INFO - Processing /home/airflow/.local/lib/python3.7/site-packages/airflow/example_dags/example_subdag_operator.py took 0.608 seconds
[2022-08-04 20:08:22,651] {processor.py:163} INFO - Started process (PID=943) to work on /home/airflow/.local/lib/python3.7/site-packages/airflow/example_dags/example_subdag_operator.py
[2022-08-04 20:08:22,655] {processor.py:642} INFO - Processing file /home/airflow/.local/lib/python3.7/site-packages/airflow/example_dags/example_subdag_operator.py for tasks to queue
[2022-08-04 20:08:22,657] {logging_mixin.py:109} INFO - [2022-08-04 20:08:22,656] {dagbag.py:500} INFO - Filling up the DagBag from /home/airflow/.local/lib/python3.7/site-packages/airflow/example_dags/example_subdag_operator.py
[2022-08-04 20:08:24,283] {processor.py:654} INFO - DAG(s) dict_keys(['example_subdag_operator.section-1', 'example_subdag_operator.section-2', 'example_subdag_operator']) retrieved from /home/airflow/.local/lib/python3.7/site-packages/airflow/example_dags/example_subdag_operator.py
[2022-08-04 20:08:24,317] {logging_mixin.py:109} INFO - [2022-08-04 20:08:24,317] {dag.py:2398} INFO - Sync 3 DAGs
[2022-08-04 20:08:24,383] {logging_mixin.py:109} INFO - [2022-08-04 20:08:24,382] {dag.py:2937} INFO - Setting next_dagrun for example_subdag_operator to 2022-08-02T00:00:00+00:00
[2022-08-04 20:08:24,384] {logging_mixin.py:109} INFO - [2022-08-04 20:08:24,383] {dag.py:2937} INFO - Setting next_dagrun for example_subdag_operator.section-1 to None
[2022-08-04 20:08:24,385] {logging_mixin.py:109} INFO - [2022-08-04 20:08:24,384] {dag.py:2937} INFO - Setting next_dagrun for example_subdag_operator.section-2 to None
[2022-08-04 20:08:24,406] {logging_mixin.py:109} INFO - [2022-08-04 20:08:24,406] {dag.py:2398} INFO - Sync 2 DAGs
[2022-08-04 20:08:24,439] {logging_mixin.py:109} INFO - [2022-08-04 20:08:24,439] {dag.py:2937} INFO - Setting next_dagrun for example_subdag_operator.section-1 to None
[2022-08-04 20:08:24,441] {logging_mixin.py:109} INFO - [2022-08-04 20:08:24,440] {dag.py:2937} INFO - Setting next_dagrun for example_subdag_operator.section-2 to None
[2022-08-04 20:08:24,460] {processor.py:171} INFO - Processing /home/airflow/.local/lib/python3.7/site-packages/airflow/example_dags/example_subdag_operator.py took 1.818 seconds
[2022-08-04 20:08:54,593] {processor.py:163} INFO - Started process (PID=985) to work on /home/airflow/.local/lib/python3.7/site-packages/airflow/example_dags/example_subdag_operator.py
[2022-08-04 20:08:54,595] {processor.py:642} INFO - Processing file /home/airflow/.local/lib/python3.7/site-packages/airflow/example_dags/example_subdag_operator.py for tasks to queue
[2022-08-04 20:08:54,596] {logging_mixin.py:109} INFO - [2022-08-04 20:08:54,596] {dagbag.py:500} INFO - Filling up the DagBag from /home/airflow/.local/lib/python3.7/site-packages/airflow/example_dags/example_subdag_operator.py
[2022-08-04 20:08:54,662] {processor.py:654} INFO - DAG(s) dict_keys(['example_subdag_operator.section-1', 'example_subdag_operator.section-2', 'example_subdag_operator']) retrieved from /home/airflow/.local/lib/python3.7/site-packages/airflow/example_dags/example_subdag_operator.py
[2022-08-04 20:08:54,680] {logging_mixin.py:109} INFO - [2022-08-04 20:08:54,680] {dag.py:2398} INFO - Sync 3 DAGs
[2022-08-04 20:08:54,707] {logging_mixin.py:109} INFO - [2022-08-04 20:08:54,706] {dag.py:2937} INFO - Setting next_dagrun for example_subdag_operator to 2022-08-02T00:00:00+00:00
[2022-08-04 20:08:54,707] {logging_mixin.py:109} INFO - [2022-08-04 20:08:54,707] {dag.py:2937} INFO - Setting next_dagrun for example_subdag_operator.section-1 to None
[2022-08-04 20:08:54,708] {logging_mixin.py:109} INFO - [2022-08-04 20:08:54,708] {dag.py:2937} INFO - Setting next_dagrun for example_subdag_operator.section-2 to None
[2022-08-04 20:08:54,718] {logging_mixin.py:109} INFO - [2022-08-04 20:08:54,718] {dag.py:2398} INFO - Sync 2 DAGs
[2022-08-04 20:08:54,731] {logging_mixin.py:109} INFO - [2022-08-04 20:08:54,731] {dag.py:2937} INFO - Setting next_dagrun for example_subdag_operator.section-1 to None
[2022-08-04 20:08:54,731] {logging_mixin.py:109} INFO - [2022-08-04 20:08:54,731] {dag.py:2937} INFO - Setting next_dagrun for example_subdag_operator.section-2 to None
[2022-08-04 20:08:54,742] {processor.py:171} INFO - Processing /home/airflow/.local/lib/python3.7/site-packages/airflow/example_dags/example_subdag_operator.py took 0.155 seconds
[2022-08-04 20:09:25,247] {processor.py:163} INFO - Started process (PID=1038) to work on /home/airflow/.local/lib/python3.7/site-packages/airflow/example_dags/example_subdag_operator.py
[2022-08-04 20:09:25,249] {processor.py:642} INFO - Processing file /home/airflow/.local/lib/python3.7/site-packages/airflow/example_dags/example_subdag_operator.py for tasks to queue
[2022-08-04 20:09:25,251] {logging_mixin.py:109} INFO - [2022-08-04 20:09:25,250] {dagbag.py:500} INFO - Filling up the DagBag from /home/airflow/.local/lib/python3.7/site-packages/airflow/example_dags/example_subdag_operator.py
[2022-08-04 20:09:25,334] {processor.py:654} INFO - DAG(s) dict_keys(['example_subdag_operator.section-1', 'example_subdag_operator.section-2', 'example_subdag_operator']) retrieved from /home/airflow/.local/lib/python3.7/site-packages/airflow/example_dags/example_subdag_operator.py
[2022-08-04 20:09:25,364] {logging_mixin.py:109} INFO - [2022-08-04 20:09:25,364] {dag.py:2398} INFO - Sync 3 DAGs
[2022-08-04 20:09:25,402] {logging_mixin.py:109} INFO - [2022-08-04 20:09:25,402] {dag.py:2937} INFO - Setting next_dagrun for example_subdag_operator to 2022-08-02T00:00:00+00:00
[2022-08-04 20:09:25,402] {logging_mixin.py:109} INFO - [2022-08-04 20:09:25,402] {dag.py:2937} INFO - Setting next_dagrun for example_subdag_operator.section-1 to None
[2022-08-04 20:09:25,403] {logging_mixin.py:109} INFO - [2022-08-04 20:09:25,403] {dag.py:2937} INFO - Setting next_dagrun for example_subdag_operator.section-2 to None
[2022-08-04 20:09:25,416] {logging_mixin.py:109} INFO - [2022-08-04 20:09:25,416] {dag.py:2398} INFO - Sync 2 DAGs
[2022-08-04 20:09:25,432] {logging_mixin.py:109} INFO - [2022-08-04 20:09:25,432] {dag.py:2937} INFO - Setting next_dagrun for example_subdag_operator.section-1 to None
[2022-08-04 20:09:25,432] {logging_mixin.py:109} INFO - [2022-08-04 20:09:25,432] {dag.py:2937} INFO - Setting next_dagrun for example_subdag_operator.section-2 to None
[2022-08-04 20:09:25,444] {processor.py:171} INFO - Processing /home/airflow/.local/lib/python3.7/site-packages/airflow/example_dags/example_subdag_operator.py took 0.204 seconds
[2022-08-04 20:10:02,713] {processor.py:163} INFO - Started process (PID=1091) to work on /home/airflow/.local/lib/python3.7/site-packages/airflow/example_dags/example_subdag_operator.py
[2022-08-04 20:10:02,716] {processor.py:642} INFO - Processing file /home/airflow/.local/lib/python3.7/site-packages/airflow/example_dags/example_subdag_operator.py for tasks to queue
[2022-08-04 20:10:02,718] {logging_mixin.py:109} INFO - [2022-08-04 20:10:02,717] {dagbag.py:500} INFO - Filling up the DagBag from /home/airflow/.local/lib/python3.7/site-packages/airflow/example_dags/example_subdag_operator.py
[2022-08-04 20:10:02,822] {processor.py:654} INFO - DAG(s) dict_keys(['example_subdag_operator.section-1', 'example_subdag_operator.section-2', 'example_subdag_operator']) retrieved from /home/airflow/.local/lib/python3.7/site-packages/airflow/example_dags/example_subdag_operator.py
[2022-08-04 20:10:02,848] {logging_mixin.py:109} INFO - [2022-08-04 20:10:02,848] {dag.py:2398} INFO - Sync 3 DAGs
[2022-08-04 20:10:02,880] {logging_mixin.py:109} INFO - [2022-08-04 20:10:02,880] {dag.py:2937} INFO - Setting next_dagrun for example_subdag_operator to 2022-08-02T00:00:00+00:00
[2022-08-04 20:10:02,880] {logging_mixin.py:109} INFO - [2022-08-04 20:10:02,880] {dag.py:2937} INFO - Setting next_dagrun for example_subdag_operator.section-1 to None
[2022-08-04 20:10:02,881] {logging_mixin.py:109} INFO - [2022-08-04 20:10:02,881] {dag.py:2937} INFO - Setting next_dagrun for example_subdag_operator.section-2 to None
[2022-08-04 20:10:02,894] {logging_mixin.py:109} INFO - [2022-08-04 20:10:02,894] {dag.py:2398} INFO - Sync 2 DAGs
[2022-08-04 20:10:02,913] {logging_mixin.py:109} INFO - [2022-08-04 20:10:02,913] {dag.py:2937} INFO - Setting next_dagrun for example_subdag_operator.section-1 to None
[2022-08-04 20:10:02,914] {logging_mixin.py:109} INFO - [2022-08-04 20:10:02,914] {dag.py:2937} INFO - Setting next_dagrun for example_subdag_operator.section-2 to None
[2022-08-04 20:10:02,928] {processor.py:171} INFO - Processing /home/airflow/.local/lib/python3.7/site-packages/airflow/example_dags/example_subdag_operator.py took 0.227 seconds
[2022-08-04 20:10:33,848] {processor.py:163} INFO - Started process (PID=1143) to work on /home/airflow/.local/lib/python3.7/site-packages/airflow/example_dags/example_subdag_operator.py
[2022-08-04 20:10:33,854] {processor.py:642} INFO - Processing file /home/airflow/.local/lib/python3.7/site-packages/airflow/example_dags/example_subdag_operator.py for tasks to queue
[2022-08-04 20:10:33,855] {logging_mixin.py:109} INFO - [2022-08-04 20:10:33,855] {dagbag.py:500} INFO - Filling up the DagBag from /home/airflow/.local/lib/python3.7/site-packages/airflow/example_dags/example_subdag_operator.py
[2022-08-04 20:10:34,205] {processor.py:654} INFO - DAG(s) dict_keys(['example_subdag_operator.section-1', 'example_subdag_operator.section-2', 'example_subdag_operator']) retrieved from /home/airflow/.local/lib/python3.7/site-packages/airflow/example_dags/example_subdag_operator.py
[2022-08-04 20:10:34,293] {logging_mixin.py:109} INFO - [2022-08-04 20:10:34,292] {dag.py:2398} INFO - Sync 3 DAGs
[2022-08-04 20:10:34,412] {logging_mixin.py:109} INFO - [2022-08-04 20:10:34,411] {dag.py:2937} INFO - Setting next_dagrun for example_subdag_operator to 2022-08-02T00:00:00+00:00
[2022-08-04 20:10:34,414] {logging_mixin.py:109} INFO - [2022-08-04 20:10:34,414] {dag.py:2937} INFO - Setting next_dagrun for example_subdag_operator.section-1 to None
[2022-08-04 20:10:34,415] {logging_mixin.py:109} INFO - [2022-08-04 20:10:34,415] {dag.py:2937} INFO - Setting next_dagrun for example_subdag_operator.section-2 to None
[2022-08-04 20:10:34,454] {logging_mixin.py:109} INFO - [2022-08-04 20:10:34,453] {dag.py:2398} INFO - Sync 2 DAGs
[2022-08-04 20:10:34,536] {logging_mixin.py:109} INFO - [2022-08-04 20:10:34,536] {dag.py:2937} INFO - Setting next_dagrun for example_subdag_operator.section-1 to None
[2022-08-04 20:10:34,540] {logging_mixin.py:109} INFO - [2022-08-04 20:10:34,540] {dag.py:2937} INFO - Setting next_dagrun for example_subdag_operator.section-2 to None
[2022-08-04 20:10:34,625] {processor.py:171} INFO - Processing /home/airflow/.local/lib/python3.7/site-packages/airflow/example_dags/example_subdag_operator.py took 0.783 seconds
[2022-08-04 20:11:04,860] {processor.py:163} INFO - Started process (PID=1185) to work on /home/airflow/.local/lib/python3.7/site-packages/airflow/example_dags/example_subdag_operator.py
[2022-08-04 20:11:04,865] {processor.py:642} INFO - Processing file /home/airflow/.local/lib/python3.7/site-packages/airflow/example_dags/example_subdag_operator.py for tasks to queue
[2022-08-04 20:11:04,867] {logging_mixin.py:109} INFO - [2022-08-04 20:11:04,867] {dagbag.py:500} INFO - Filling up the DagBag from /home/airflow/.local/lib/python3.7/site-packages/airflow/example_dags/example_subdag_operator.py
[2022-08-04 20:11:05,042] {processor.py:654} INFO - DAG(s) dict_keys(['example_subdag_operator.section-1', 'example_subdag_operator.section-2', 'example_subdag_operator']) retrieved from /home/airflow/.local/lib/python3.7/site-packages/airflow/example_dags/example_subdag_operator.py
[2022-08-04 20:11:05,076] {logging_mixin.py:109} INFO - [2022-08-04 20:11:05,075] {dag.py:2398} INFO - Sync 3 DAGs
[2022-08-04 20:11:05,113] {logging_mixin.py:109} INFO - [2022-08-04 20:11:05,113] {dag.py:2937} INFO - Setting next_dagrun for example_subdag_operator to 2022-08-02T00:00:00+00:00
[2022-08-04 20:11:05,114] {logging_mixin.py:109} INFO - [2022-08-04 20:11:05,114] {dag.py:2937} INFO - Setting next_dagrun for example_subdag_operator.section-1 to None
[2022-08-04 20:11:05,115] {logging_mixin.py:109} INFO - [2022-08-04 20:11:05,115] {dag.py:2937} INFO - Setting next_dagrun for example_subdag_operator.section-2 to None
[2022-08-04 20:11:05,127] {logging_mixin.py:109} INFO - [2022-08-04 20:11:05,127] {dag.py:2398} INFO - Sync 2 DAGs
[2022-08-04 20:11:05,146] {logging_mixin.py:109} INFO - [2022-08-04 20:11:05,145] {dag.py:2937} INFO - Setting next_dagrun for example_subdag_operator.section-1 to None
[2022-08-04 20:11:05,146] {logging_mixin.py:109} INFO - [2022-08-04 20:11:05,146] {dag.py:2937} INFO - Setting next_dagrun for example_subdag_operator.section-2 to None
[2022-08-04 20:11:05,163] {processor.py:171} INFO - Processing /home/airflow/.local/lib/python3.7/site-packages/airflow/example_dags/example_subdag_operator.py took 0.312 seconds
