[2022-08-04 19:50:18,571] {processor.py:163} INFO - Started process (PID=44) to work on /home/airflow/.local/lib/python3.7/site-packages/airflow/example_dags/example_kubernetes_executor.py
[2022-08-04 19:50:18,573] {processor.py:642} INFO - Processing file /home/airflow/.local/lib/python3.7/site-packages/airflow/example_dags/example_kubernetes_executor.py for tasks to queue
[2022-08-04 19:50:18,574] {logging_mixin.py:109} INFO - [2022-08-04 19:50:18,574] {dagbag.py:500} INFO - Filling up the DagBag from /home/airflow/.local/lib/python3.7/site-packages/airflow/example_dags/example_kubernetes_executor.py
[2022-08-04 19:50:18,637] {processor.py:654} INFO - DAG(s) dict_keys(['example_kubernetes_executor']) retrieved from /home/airflow/.local/lib/python3.7/site-packages/airflow/example_dags/example_kubernetes_executor.py
[2022-08-04 19:50:18,664] {logging_mixin.py:109} INFO - [2022-08-04 19:50:18,664] {dag.py:2398} INFO - Sync 1 DAGs
[2022-08-04 19:50:18,698] {logging_mixin.py:109} INFO - [2022-08-04 19:50:18,698] {dag.py:2937} INFO - Setting next_dagrun for example_kubernetes_executor to None
[2022-08-04 19:50:18,714] {processor.py:171} INFO - Processing /home/airflow/.local/lib/python3.7/site-packages/airflow/example_dags/example_kubernetes_executor.py took 0.148 seconds
[2022-08-04 19:50:48,854] {processor.py:163} INFO - Started process (PID=94) to work on /home/airflow/.local/lib/python3.7/site-packages/airflow/example_dags/example_kubernetes_executor.py
[2022-08-04 19:50:48,857] {processor.py:642} INFO - Processing file /home/airflow/.local/lib/python3.7/site-packages/airflow/example_dags/example_kubernetes_executor.py for tasks to queue
[2022-08-04 19:50:48,858] {logging_mixin.py:109} INFO - [2022-08-04 19:50:48,858] {dagbag.py:500} INFO - Filling up the DagBag from /home/airflow/.local/lib/python3.7/site-packages/airflow/example_dags/example_kubernetes_executor.py
[2022-08-04 19:50:48,935] {processor.py:654} INFO - DAG(s) dict_keys(['example_kubernetes_executor']) retrieved from /home/airflow/.local/lib/python3.7/site-packages/airflow/example_dags/example_kubernetes_executor.py
[2022-08-04 19:50:48,957] {logging_mixin.py:109} INFO - [2022-08-04 19:50:48,957] {dag.py:2398} INFO - Sync 1 DAGs
[2022-08-04 19:50:48,988] {logging_mixin.py:109} INFO - [2022-08-04 19:50:48,988] {dag.py:2937} INFO - Setting next_dagrun for example_kubernetes_executor to None
[2022-08-04 19:50:49,003] {processor.py:171} INFO - Processing /home/airflow/.local/lib/python3.7/site-packages/airflow/example_dags/example_kubernetes_executor.py took 0.159 seconds
[2022-08-04 19:51:19,173] {processor.py:163} INFO - Started process (PID=146) to work on /home/airflow/.local/lib/python3.7/site-packages/airflow/example_dags/example_kubernetes_executor.py
[2022-08-04 19:51:19,175] {processor.py:642} INFO - Processing file /home/airflow/.local/lib/python3.7/site-packages/airflow/example_dags/example_kubernetes_executor.py for tasks to queue
[2022-08-04 19:51:19,176] {logging_mixin.py:109} INFO - [2022-08-04 19:51:19,176] {dagbag.py:500} INFO - Filling up the DagBag from /home/airflow/.local/lib/python3.7/site-packages/airflow/example_dags/example_kubernetes_executor.py
[2022-08-04 19:51:19,248] {processor.py:654} INFO - DAG(s) dict_keys(['example_kubernetes_executor']) retrieved from /home/airflow/.local/lib/python3.7/site-packages/airflow/example_dags/example_kubernetes_executor.py
[2022-08-04 19:51:19,281] {logging_mixin.py:109} INFO - [2022-08-04 19:51:19,281] {dag.py:2398} INFO - Sync 1 DAGs
[2022-08-04 19:51:19,316] {logging_mixin.py:109} INFO - [2022-08-04 19:51:19,316] {dag.py:2937} INFO - Setting next_dagrun for example_kubernetes_executor to None
[2022-08-04 19:51:19,335] {processor.py:171} INFO - Processing /home/airflow/.local/lib/python3.7/site-packages/airflow/example_dags/example_kubernetes_executor.py took 0.169 seconds
[2022-08-04 19:51:50,277] {processor.py:163} INFO - Started process (PID=189) to work on /home/airflow/.local/lib/python3.7/site-packages/airflow/example_dags/example_kubernetes_executor.py
[2022-08-04 19:51:50,279] {processor.py:642} INFO - Processing file /home/airflow/.local/lib/python3.7/site-packages/airflow/example_dags/example_kubernetes_executor.py for tasks to queue
[2022-08-04 19:51:50,280] {logging_mixin.py:109} INFO - [2022-08-04 19:51:50,280] {dagbag.py:500} INFO - Filling up the DagBag from /home/airflow/.local/lib/python3.7/site-packages/airflow/example_dags/example_kubernetes_executor.py
[2022-08-04 19:51:50,340] {processor.py:654} INFO - DAG(s) dict_keys(['example_kubernetes_executor']) retrieved from /home/airflow/.local/lib/python3.7/site-packages/airflow/example_dags/example_kubernetes_executor.py
[2022-08-04 19:51:50,367] {logging_mixin.py:109} INFO - [2022-08-04 19:51:50,367] {dag.py:2398} INFO - Sync 1 DAGs
[2022-08-04 19:51:50,392] {logging_mixin.py:109} INFO - [2022-08-04 19:51:50,392] {dag.py:2937} INFO - Setting next_dagrun for example_kubernetes_executor to None
[2022-08-04 19:51:50,408] {processor.py:171} INFO - Processing /home/airflow/.local/lib/python3.7/site-packages/airflow/example_dags/example_kubernetes_executor.py took 0.136 seconds
[2022-08-04 19:52:21,128] {processor.py:163} INFO - Started process (PID=241) to work on /home/airflow/.local/lib/python3.7/site-packages/airflow/example_dags/example_kubernetes_executor.py
[2022-08-04 19:52:21,129] {processor.py:642} INFO - Processing file /home/airflow/.local/lib/python3.7/site-packages/airflow/example_dags/example_kubernetes_executor.py for tasks to queue
[2022-08-04 19:52:21,130] {logging_mixin.py:109} INFO - [2022-08-04 19:52:21,130] {dagbag.py:500} INFO - Filling up the DagBag from /home/airflow/.local/lib/python3.7/site-packages/airflow/example_dags/example_kubernetes_executor.py
[2022-08-04 19:52:21,175] {processor.py:654} INFO - DAG(s) dict_keys(['example_kubernetes_executor']) retrieved from /home/airflow/.local/lib/python3.7/site-packages/airflow/example_dags/example_kubernetes_executor.py
[2022-08-04 19:52:21,194] {logging_mixin.py:109} INFO - [2022-08-04 19:52:21,194] {dag.py:2398} INFO - Sync 1 DAGs
[2022-08-04 19:52:21,214] {logging_mixin.py:109} INFO - [2022-08-04 19:52:21,213] {dag.py:2937} INFO - Setting next_dagrun for example_kubernetes_executor to None
[2022-08-04 19:52:21,227] {processor.py:171} INFO - Processing /home/airflow/.local/lib/python3.7/site-packages/airflow/example_dags/example_kubernetes_executor.py took 0.103 seconds
[2022-08-04 19:52:54,506] {processor.py:163} INFO - Started process (PID=294) to work on /home/airflow/.local/lib/python3.7/site-packages/airflow/example_dags/example_kubernetes_executor.py
[2022-08-04 19:52:54,508] {processor.py:642} INFO - Processing file /home/airflow/.local/lib/python3.7/site-packages/airflow/example_dags/example_kubernetes_executor.py for tasks to queue
[2022-08-04 19:52:54,510] {logging_mixin.py:109} INFO - [2022-08-04 19:52:54,509] {dagbag.py:500} INFO - Filling up the DagBag from /home/airflow/.local/lib/python3.7/site-packages/airflow/example_dags/example_kubernetes_executor.py
[2022-08-04 19:52:54,609] {processor.py:654} INFO - DAG(s) dict_keys(['example_kubernetes_executor']) retrieved from /home/airflow/.local/lib/python3.7/site-packages/airflow/example_dags/example_kubernetes_executor.py
[2022-08-04 19:52:54,639] {logging_mixin.py:109} INFO - [2022-08-04 19:52:54,639] {dag.py:2398} INFO - Sync 1 DAGs
[2022-08-04 19:52:54,674] {logging_mixin.py:109} INFO - [2022-08-04 19:52:54,674] {dag.py:2937} INFO - Setting next_dagrun for example_kubernetes_executor to None
[2022-08-04 19:52:54,693] {processor.py:171} INFO - Processing /home/airflow/.local/lib/python3.7/site-packages/airflow/example_dags/example_kubernetes_executor.py took 0.196 seconds
[2022-08-04 19:53:25,877] {processor.py:163} INFO - Started process (PID=347) to work on /home/airflow/.local/lib/python3.7/site-packages/airflow/example_dags/example_kubernetes_executor.py
[2022-08-04 19:53:25,881] {processor.py:642} INFO - Processing file /home/airflow/.local/lib/python3.7/site-packages/airflow/example_dags/example_kubernetes_executor.py for tasks to queue
[2022-08-04 19:53:25,882] {logging_mixin.py:109} INFO - [2022-08-04 19:53:25,882] {dagbag.py:500} INFO - Filling up the DagBag from /home/airflow/.local/lib/python3.7/site-packages/airflow/example_dags/example_kubernetes_executor.py
[2022-08-04 19:53:26,024] {processor.py:654} INFO - DAG(s) dict_keys(['example_kubernetes_executor']) retrieved from /home/airflow/.local/lib/python3.7/site-packages/airflow/example_dags/example_kubernetes_executor.py
[2022-08-04 19:53:26,063] {logging_mixin.py:109} INFO - [2022-08-04 19:53:26,062] {dag.py:2398} INFO - Sync 1 DAGs
[2022-08-04 19:53:26,102] {logging_mixin.py:109} INFO - [2022-08-04 19:53:26,101] {dag.py:2937} INFO - Setting next_dagrun for example_kubernetes_executor to None
[2022-08-04 19:53:26,123] {processor.py:171} INFO - Processing /home/airflow/.local/lib/python3.7/site-packages/airflow/example_dags/example_kubernetes_executor.py took 0.255 seconds
[2022-08-04 19:58:48,715] {processor.py:163} INFO - Started process (PID=44) to work on /home/airflow/.local/lib/python3.7/site-packages/airflow/example_dags/example_kubernetes_executor.py
[2022-08-04 19:58:48,717] {processor.py:642} INFO - Processing file /home/airflow/.local/lib/python3.7/site-packages/airflow/example_dags/example_kubernetes_executor.py for tasks to queue
[2022-08-04 19:58:48,718] {logging_mixin.py:109} INFO - [2022-08-04 19:58:48,718] {dagbag.py:500} INFO - Filling up the DagBag from /home/airflow/.local/lib/python3.7/site-packages/airflow/example_dags/example_kubernetes_executor.py
[2022-08-04 19:58:48,780] {processor.py:654} INFO - DAG(s) dict_keys(['example_kubernetes_executor']) retrieved from /home/airflow/.local/lib/python3.7/site-packages/airflow/example_dags/example_kubernetes_executor.py
[2022-08-04 19:58:48,804] {logging_mixin.py:109} INFO - [2022-08-04 19:58:48,804] {dag.py:2398} INFO - Sync 1 DAGs
[2022-08-04 19:58:48,830] {logging_mixin.py:109} INFO - [2022-08-04 19:58:48,829] {dag.py:2937} INFO - Setting next_dagrun for example_kubernetes_executor to None
[2022-08-04 19:58:48,850] {processor.py:171} INFO - Processing /home/airflow/.local/lib/python3.7/site-packages/airflow/example_dags/example_kubernetes_executor.py took 0.139 seconds
[2022-08-04 19:59:19,358] {processor.py:163} INFO - Started process (PID=97) to work on /home/airflow/.local/lib/python3.7/site-packages/airflow/example_dags/example_kubernetes_executor.py
[2022-08-04 19:59:19,365] {processor.py:642} INFO - Processing file /home/airflow/.local/lib/python3.7/site-packages/airflow/example_dags/example_kubernetes_executor.py for tasks to queue
[2022-08-04 19:59:19,366] {logging_mixin.py:109} INFO - [2022-08-04 19:59:19,366] {dagbag.py:500} INFO - Filling up the DagBag from /home/airflow/.local/lib/python3.7/site-packages/airflow/example_dags/example_kubernetes_executor.py
[2022-08-04 19:59:19,435] {processor.py:654} INFO - DAG(s) dict_keys(['example_kubernetes_executor']) retrieved from /home/airflow/.local/lib/python3.7/site-packages/airflow/example_dags/example_kubernetes_executor.py
[2022-08-04 19:59:19,469] {logging_mixin.py:109} INFO - [2022-08-04 19:59:19,468] {dag.py:2398} INFO - Sync 1 DAGs
[2022-08-04 19:59:19,503] {logging_mixin.py:109} INFO - [2022-08-04 19:59:19,503] {dag.py:2937} INFO - Setting next_dagrun for example_kubernetes_executor to None
[2022-08-04 19:59:19,526] {processor.py:171} INFO - Processing /home/airflow/.local/lib/python3.7/site-packages/airflow/example_dags/example_kubernetes_executor.py took 0.175 seconds
[2022-08-04 19:59:50,285] {processor.py:163} INFO - Started process (PID=149) to work on /home/airflow/.local/lib/python3.7/site-packages/airflow/example_dags/example_kubernetes_executor.py
[2022-08-04 19:59:50,287] {processor.py:642} INFO - Processing file /home/airflow/.local/lib/python3.7/site-packages/airflow/example_dags/example_kubernetes_executor.py for tasks to queue
[2022-08-04 19:59:50,287] {logging_mixin.py:109} INFO - [2022-08-04 19:59:50,287] {dagbag.py:500} INFO - Filling up the DagBag from /home/airflow/.local/lib/python3.7/site-packages/airflow/example_dags/example_kubernetes_executor.py
[2022-08-04 19:59:50,334] {processor.py:654} INFO - DAG(s) dict_keys(['example_kubernetes_executor']) retrieved from /home/airflow/.local/lib/python3.7/site-packages/airflow/example_dags/example_kubernetes_executor.py
[2022-08-04 19:59:50,352] {logging_mixin.py:109} INFO - [2022-08-04 19:59:50,352] {dag.py:2398} INFO - Sync 1 DAGs
[2022-08-04 19:59:50,375] {logging_mixin.py:109} INFO - [2022-08-04 19:59:50,375] {dag.py:2937} INFO - Setting next_dagrun for example_kubernetes_executor to None
[2022-08-04 19:59:50,387] {processor.py:171} INFO - Processing /home/airflow/.local/lib/python3.7/site-packages/airflow/example_dags/example_kubernetes_executor.py took 0.107 seconds
[2022-08-04 20:00:20,740] {processor.py:163} INFO - Started process (PID=201) to work on /home/airflow/.local/lib/python3.7/site-packages/airflow/example_dags/example_kubernetes_executor.py
[2022-08-04 20:00:20,742] {processor.py:642} INFO - Processing file /home/airflow/.local/lib/python3.7/site-packages/airflow/example_dags/example_kubernetes_executor.py for tasks to queue
[2022-08-04 20:00:20,744] {logging_mixin.py:109} INFO - [2022-08-04 20:00:20,743] {dagbag.py:500} INFO - Filling up the DagBag from /home/airflow/.local/lib/python3.7/site-packages/airflow/example_dags/example_kubernetes_executor.py
[2022-08-04 20:00:20,842] {processor.py:654} INFO - DAG(s) dict_keys(['example_kubernetes_executor']) retrieved from /home/airflow/.local/lib/python3.7/site-packages/airflow/example_dags/example_kubernetes_executor.py
[2022-08-04 20:00:20,881] {logging_mixin.py:109} INFO - [2022-08-04 20:00:20,881] {dag.py:2398} INFO - Sync 1 DAGs
[2022-08-04 20:00:20,918] {logging_mixin.py:109} INFO - [2022-08-04 20:00:20,917] {dag.py:2937} INFO - Setting next_dagrun for example_kubernetes_executor to None
[2022-08-04 20:00:20,934] {processor.py:171} INFO - Processing /home/airflow/.local/lib/python3.7/site-packages/airflow/example_dags/example_kubernetes_executor.py took 0.201 seconds
[2022-08-04 20:00:51,080] {processor.py:163} INFO - Started process (PID=244) to work on /home/airflow/.local/lib/python3.7/site-packages/airflow/example_dags/example_kubernetes_executor.py
[2022-08-04 20:00:51,083] {processor.py:642} INFO - Processing file /home/airflow/.local/lib/python3.7/site-packages/airflow/example_dags/example_kubernetes_executor.py for tasks to queue
[2022-08-04 20:00:51,084] {logging_mixin.py:109} INFO - [2022-08-04 20:00:51,084] {dagbag.py:500} INFO - Filling up the DagBag from /home/airflow/.local/lib/python3.7/site-packages/airflow/example_dags/example_kubernetes_executor.py
[2022-08-04 20:00:51,180] {processor.py:654} INFO - DAG(s) dict_keys(['example_kubernetes_executor']) retrieved from /home/airflow/.local/lib/python3.7/site-packages/airflow/example_dags/example_kubernetes_executor.py
[2022-08-04 20:00:51,226] {logging_mixin.py:109} INFO - [2022-08-04 20:00:51,225] {dag.py:2398} INFO - Sync 1 DAGs
[2022-08-04 20:00:51,251] {logging_mixin.py:109} INFO - [2022-08-04 20:00:51,250] {dag.py:2937} INFO - Setting next_dagrun for example_kubernetes_executor to None
[2022-08-04 20:00:51,268] {processor.py:171} INFO - Processing /home/airflow/.local/lib/python3.7/site-packages/airflow/example_dags/example_kubernetes_executor.py took 0.194 seconds
[2022-08-04 20:01:21,692] {processor.py:163} INFO - Started process (PID=296) to work on /home/airflow/.local/lib/python3.7/site-packages/airflow/example_dags/example_kubernetes_executor.py
[2022-08-04 20:01:21,696] {processor.py:642} INFO - Processing file /home/airflow/.local/lib/python3.7/site-packages/airflow/example_dags/example_kubernetes_executor.py for tasks to queue
[2022-08-04 20:01:21,697] {logging_mixin.py:109} INFO - [2022-08-04 20:01:21,697] {dagbag.py:500} INFO - Filling up the DagBag from /home/airflow/.local/lib/python3.7/site-packages/airflow/example_dags/example_kubernetes_executor.py
[2022-08-04 20:01:21,840] {processor.py:654} INFO - DAG(s) dict_keys(['example_kubernetes_executor']) retrieved from /home/airflow/.local/lib/python3.7/site-packages/airflow/example_dags/example_kubernetes_executor.py
[2022-08-04 20:01:21,914] {logging_mixin.py:109} INFO - [2022-08-04 20:01:21,914] {dag.py:2398} INFO - Sync 1 DAGs
[2022-08-04 20:01:21,971] {logging_mixin.py:109} INFO - [2022-08-04 20:01:21,971] {dag.py:2937} INFO - Setting next_dagrun for example_kubernetes_executor to None
[2022-08-04 20:01:21,996] {processor.py:171} INFO - Processing /home/airflow/.local/lib/python3.7/site-packages/airflow/example_dags/example_kubernetes_executor.py took 0.313 seconds
[2022-08-04 20:01:52,839] {processor.py:163} INFO - Started process (PID=340) to work on /home/airflow/.local/lib/python3.7/site-packages/airflow/example_dags/example_kubernetes_executor.py
[2022-08-04 20:01:52,843] {processor.py:642} INFO - Processing file /home/airflow/.local/lib/python3.7/site-packages/airflow/example_dags/example_kubernetes_executor.py for tasks to queue
[2022-08-04 20:01:52,844] {logging_mixin.py:109} INFO - [2022-08-04 20:01:52,844] {dagbag.py:500} INFO - Filling up the DagBag from /home/airflow/.local/lib/python3.7/site-packages/airflow/example_dags/example_kubernetes_executor.py
[2022-08-04 20:01:52,930] {processor.py:654} INFO - DAG(s) dict_keys(['example_kubernetes_executor']) retrieved from /home/airflow/.local/lib/python3.7/site-packages/airflow/example_dags/example_kubernetes_executor.py
[2022-08-04 20:01:52,975] {logging_mixin.py:109} INFO - [2022-08-04 20:01:52,975] {dag.py:2398} INFO - Sync 1 DAGs
[2022-08-04 20:01:53,005] {logging_mixin.py:109} INFO - [2022-08-04 20:01:53,004] {dag.py:2937} INFO - Setting next_dagrun for example_kubernetes_executor to None
[2022-08-04 20:01:53,026] {processor.py:171} INFO - Processing /home/airflow/.local/lib/python3.7/site-packages/airflow/example_dags/example_kubernetes_executor.py took 0.200 seconds
[2022-08-04 20:02:23,590] {processor.py:163} INFO - Started process (PID=393) to work on /home/airflow/.local/lib/python3.7/site-packages/airflow/example_dags/example_kubernetes_executor.py
[2022-08-04 20:02:23,592] {processor.py:642} INFO - Processing file /home/airflow/.local/lib/python3.7/site-packages/airflow/example_dags/example_kubernetes_executor.py for tasks to queue
[2022-08-04 20:02:23,594] {logging_mixin.py:109} INFO - [2022-08-04 20:02:23,593] {dagbag.py:500} INFO - Filling up the DagBag from /home/airflow/.local/lib/python3.7/site-packages/airflow/example_dags/example_kubernetes_executor.py
[2022-08-04 20:02:23,667] {processor.py:654} INFO - DAG(s) dict_keys(['example_kubernetes_executor']) retrieved from /home/airflow/.local/lib/python3.7/site-packages/airflow/example_dags/example_kubernetes_executor.py
[2022-08-04 20:02:23,689] {logging_mixin.py:109} INFO - [2022-08-04 20:02:23,688] {dag.py:2398} INFO - Sync 1 DAGs
[2022-08-04 20:02:23,715] {logging_mixin.py:109} INFO - [2022-08-04 20:02:23,715] {dag.py:2937} INFO - Setting next_dagrun for example_kubernetes_executor to None
[2022-08-04 20:02:23,730] {processor.py:171} INFO - Processing /home/airflow/.local/lib/python3.7/site-packages/airflow/example_dags/example_kubernetes_executor.py took 0.148 seconds
[2022-08-04 20:02:54,071] {processor.py:163} INFO - Started process (PID=447) to work on /home/airflow/.local/lib/python3.7/site-packages/airflow/example_dags/example_kubernetes_executor.py
[2022-08-04 20:02:54,076] {processor.py:642} INFO - Processing file /home/airflow/.local/lib/python3.7/site-packages/airflow/example_dags/example_kubernetes_executor.py for tasks to queue
[2022-08-04 20:02:54,077] {logging_mixin.py:109} INFO - [2022-08-04 20:02:54,077] {dagbag.py:500} INFO - Filling up the DagBag from /home/airflow/.local/lib/python3.7/site-packages/airflow/example_dags/example_kubernetes_executor.py
[2022-08-04 20:02:54,380] {processor.py:654} INFO - DAG(s) dict_keys(['example_kubernetes_executor']) retrieved from /home/airflow/.local/lib/python3.7/site-packages/airflow/example_dags/example_kubernetes_executor.py
[2022-08-04 20:02:54,452] {logging_mixin.py:109} INFO - [2022-08-04 20:02:54,451] {dag.py:2398} INFO - Sync 1 DAGs
[2022-08-04 20:02:54,523] {logging_mixin.py:109} INFO - [2022-08-04 20:02:54,522] {dag.py:2937} INFO - Setting next_dagrun for example_kubernetes_executor to None
[2022-08-04 20:02:54,568] {processor.py:171} INFO - Processing /home/airflow/.local/lib/python3.7/site-packages/airflow/example_dags/example_kubernetes_executor.py took 0.509 seconds
[2022-08-04 20:03:24,757] {processor.py:163} INFO - Started process (PID=490) to work on /home/airflow/.local/lib/python3.7/site-packages/airflow/example_dags/example_kubernetes_executor.py
[2022-08-04 20:03:24,760] {processor.py:642} INFO - Processing file /home/airflow/.local/lib/python3.7/site-packages/airflow/example_dags/example_kubernetes_executor.py for tasks to queue
[2022-08-04 20:03:24,761] {logging_mixin.py:109} INFO - [2022-08-04 20:03:24,761] {dagbag.py:500} INFO - Filling up the DagBag from /home/airflow/.local/lib/python3.7/site-packages/airflow/example_dags/example_kubernetes_executor.py
[2022-08-04 20:03:24,867] {processor.py:654} INFO - DAG(s) dict_keys(['example_kubernetes_executor']) retrieved from /home/airflow/.local/lib/python3.7/site-packages/airflow/example_dags/example_kubernetes_executor.py
[2022-08-04 20:03:25,013] {logging_mixin.py:109} INFO - [2022-08-04 20:03:25,013] {dag.py:2398} INFO - Sync 1 DAGs
[2022-08-04 20:03:25,052] {logging_mixin.py:109} INFO - [2022-08-04 20:03:25,052] {dag.py:2937} INFO - Setting next_dagrun for example_kubernetes_executor to None
[2022-08-04 20:03:25,073] {processor.py:171} INFO - Processing /home/airflow/.local/lib/python3.7/site-packages/airflow/example_dags/example_kubernetes_executor.py took 0.325 seconds
[2022-08-04 20:03:57,216] {processor.py:163} INFO - Started process (PID=544) to work on /home/airflow/.local/lib/python3.7/site-packages/airflow/example_dags/example_kubernetes_executor.py
[2022-08-04 20:03:57,221] {processor.py:642} INFO - Processing file /home/airflow/.local/lib/python3.7/site-packages/airflow/example_dags/example_kubernetes_executor.py for tasks to queue
[2022-08-04 20:03:57,222] {logging_mixin.py:109} INFO - [2022-08-04 20:03:57,222] {dagbag.py:500} INFO - Filling up the DagBag from /home/airflow/.local/lib/python3.7/site-packages/airflow/example_dags/example_kubernetes_executor.py
[2022-08-04 20:03:57,307] {processor.py:654} INFO - DAG(s) dict_keys(['example_kubernetes_executor']) retrieved from /home/airflow/.local/lib/python3.7/site-packages/airflow/example_dags/example_kubernetes_executor.py
[2022-08-04 20:03:57,338] {logging_mixin.py:109} INFO - [2022-08-04 20:03:57,338] {dag.py:2398} INFO - Sync 1 DAGs
[2022-08-04 20:03:57,373] {logging_mixin.py:109} INFO - [2022-08-04 20:03:57,373] {dag.py:2937} INFO - Setting next_dagrun for example_kubernetes_executor to None
[2022-08-04 20:03:57,396] {processor.py:171} INFO - Processing /home/airflow/.local/lib/python3.7/site-packages/airflow/example_dags/example_kubernetes_executor.py took 0.187 seconds
[2022-08-04 20:04:27,453] {processor.py:163} INFO - Started process (PID=595) to work on /home/airflow/.local/lib/python3.7/site-packages/airflow/example_dags/example_kubernetes_executor.py
[2022-08-04 20:04:27,456] {processor.py:642} INFO - Processing file /home/airflow/.local/lib/python3.7/site-packages/airflow/example_dags/example_kubernetes_executor.py for tasks to queue
[2022-08-04 20:04:27,458] {logging_mixin.py:109} INFO - [2022-08-04 20:04:27,457] {dagbag.py:500} INFO - Filling up the DagBag from /home/airflow/.local/lib/python3.7/site-packages/airflow/example_dags/example_kubernetes_executor.py
[2022-08-04 20:04:27,571] {processor.py:654} INFO - DAG(s) dict_keys(['example_kubernetes_executor']) retrieved from /home/airflow/.local/lib/python3.7/site-packages/airflow/example_dags/example_kubernetes_executor.py
[2022-08-04 20:04:27,622] {logging_mixin.py:109} INFO - [2022-08-04 20:04:27,622] {dag.py:2398} INFO - Sync 1 DAGs
[2022-08-04 20:04:27,669] {logging_mixin.py:109} INFO - [2022-08-04 20:04:27,669] {dag.py:2937} INFO - Setting next_dagrun for example_kubernetes_executor to None
[2022-08-04 20:04:27,687] {processor.py:171} INFO - Processing /home/airflow/.local/lib/python3.7/site-packages/airflow/example_dags/example_kubernetes_executor.py took 0.241 seconds
[2022-08-04 20:04:58,664] {processor.py:163} INFO - Started process (PID=635) to work on /home/airflow/.local/lib/python3.7/site-packages/airflow/example_dags/example_kubernetes_executor.py
[2022-08-04 20:04:58,667] {processor.py:642} INFO - Processing file /home/airflow/.local/lib/python3.7/site-packages/airflow/example_dags/example_kubernetes_executor.py for tasks to queue
[2022-08-04 20:04:58,669] {logging_mixin.py:109} INFO - [2022-08-04 20:04:58,668] {dagbag.py:500} INFO - Filling up the DagBag from /home/airflow/.local/lib/python3.7/site-packages/airflow/example_dags/example_kubernetes_executor.py
[2022-08-04 20:04:58,768] {processor.py:654} INFO - DAG(s) dict_keys(['example_kubernetes_executor']) retrieved from /home/airflow/.local/lib/python3.7/site-packages/airflow/example_dags/example_kubernetes_executor.py
[2022-08-04 20:04:58,885] {logging_mixin.py:109} INFO - [2022-08-04 20:04:58,885] {dag.py:2398} INFO - Sync 1 DAGs
[2022-08-04 20:04:58,922] {logging_mixin.py:109} INFO - [2022-08-04 20:04:58,922] {dag.py:2937} INFO - Setting next_dagrun for example_kubernetes_executor to None
[2022-08-04 20:04:58,946] {processor.py:171} INFO - Processing /home/airflow/.local/lib/python3.7/site-packages/airflow/example_dags/example_kubernetes_executor.py took 0.290 seconds
[2022-08-04 20:05:30,357] {processor.py:163} INFO - Started process (PID=677) to work on /home/airflow/.local/lib/python3.7/site-packages/airflow/example_dags/example_kubernetes_executor.py
[2022-08-04 20:05:30,359] {processor.py:642} INFO - Processing file /home/airflow/.local/lib/python3.7/site-packages/airflow/example_dags/example_kubernetes_executor.py for tasks to queue
[2022-08-04 20:05:30,361] {logging_mixin.py:109} INFO - [2022-08-04 20:05:30,360] {dagbag.py:500} INFO - Filling up the DagBag from /home/airflow/.local/lib/python3.7/site-packages/airflow/example_dags/example_kubernetes_executor.py
[2022-08-04 20:05:30,457] {processor.py:654} INFO - DAG(s) dict_keys(['example_kubernetes_executor']) retrieved from /home/airflow/.local/lib/python3.7/site-packages/airflow/example_dags/example_kubernetes_executor.py
[2022-08-04 20:05:30,491] {logging_mixin.py:109} INFO - [2022-08-04 20:05:30,491] {dag.py:2398} INFO - Sync 1 DAGs
[2022-08-04 20:05:30,521] {logging_mixin.py:109} INFO - [2022-08-04 20:05:30,521] {dag.py:2937} INFO - Setting next_dagrun for example_kubernetes_executor to None
[2022-08-04 20:05:30,537] {processor.py:171} INFO - Processing /home/airflow/.local/lib/python3.7/site-packages/airflow/example_dags/example_kubernetes_executor.py took 0.187 seconds
[2022-08-04 20:06:05,631] {processor.py:163} INFO - Started process (PID=730) to work on /home/airflow/.local/lib/python3.7/site-packages/airflow/example_dags/example_kubernetes_executor.py
[2022-08-04 20:06:05,674] {processor.py:642} INFO - Processing file /home/airflow/.local/lib/python3.7/site-packages/airflow/example_dags/example_kubernetes_executor.py for tasks to queue
[2022-08-04 20:06:05,688] {logging_mixin.py:109} INFO - [2022-08-04 20:06:05,687] {dagbag.py:500} INFO - Filling up the DagBag from /home/airflow/.local/lib/python3.7/site-packages/airflow/example_dags/example_kubernetes_executor.py
[2022-08-04 20:06:07,533] {processor.py:654} INFO - DAG(s) dict_keys(['example_kubernetes_executor']) retrieved from /home/airflow/.local/lib/python3.7/site-packages/airflow/example_dags/example_kubernetes_executor.py
[2022-08-04 20:06:10,518] {logging_mixin.py:109} INFO - [2022-08-04 20:06:10,517] {dag.py:2398} INFO - Sync 1 DAGs
[2022-08-04 20:06:10,694] {logging_mixin.py:109} INFO - [2022-08-04 20:06:10,694] {dag.py:2937} INFO - Setting next_dagrun for example_kubernetes_executor to None
[2022-08-04 20:06:10,754] {processor.py:171} INFO - Processing /home/airflow/.local/lib/python3.7/site-packages/airflow/example_dags/example_kubernetes_executor.py took 5.269 seconds
[2022-08-04 20:06:41,488] {processor.py:163} INFO - Started process (PID=783) to work on /home/airflow/.local/lib/python3.7/site-packages/airflow/example_dags/example_kubernetes_executor.py
[2022-08-04 20:06:41,492] {processor.py:642} INFO - Processing file /home/airflow/.local/lib/python3.7/site-packages/airflow/example_dags/example_kubernetes_executor.py for tasks to queue
[2022-08-04 20:06:41,494] {logging_mixin.py:109} INFO - [2022-08-04 20:06:41,493] {dagbag.py:500} INFO - Filling up the DagBag from /home/airflow/.local/lib/python3.7/site-packages/airflow/example_dags/example_kubernetes_executor.py
[2022-08-04 20:06:41,685] {processor.py:654} INFO - DAG(s) dict_keys(['example_kubernetes_executor']) retrieved from /home/airflow/.local/lib/python3.7/site-packages/airflow/example_dags/example_kubernetes_executor.py
[2022-08-04 20:06:41,814] {logging_mixin.py:109} INFO - [2022-08-04 20:06:41,814] {dag.py:2398} INFO - Sync 1 DAGs
[2022-08-04 20:06:41,850] {logging_mixin.py:109} INFO - [2022-08-04 20:06:41,850] {dag.py:2937} INFO - Setting next_dagrun for example_kubernetes_executor to None
[2022-08-04 20:06:41,867] {processor.py:171} INFO - Processing /home/airflow/.local/lib/python3.7/site-packages/airflow/example_dags/example_kubernetes_executor.py took 0.395 seconds
[2022-08-04 20:07:12,281] {processor.py:163} INFO - Started process (PID=826) to work on /home/airflow/.local/lib/python3.7/site-packages/airflow/example_dags/example_kubernetes_executor.py
[2022-08-04 20:07:12,283] {processor.py:642} INFO - Processing file /home/airflow/.local/lib/python3.7/site-packages/airflow/example_dags/example_kubernetes_executor.py for tasks to queue
[2022-08-04 20:07:12,284] {logging_mixin.py:109} INFO - [2022-08-04 20:07:12,284] {dagbag.py:500} INFO - Filling up the DagBag from /home/airflow/.local/lib/python3.7/site-packages/airflow/example_dags/example_kubernetes_executor.py
[2022-08-04 20:07:12,366] {processor.py:654} INFO - DAG(s) dict_keys(['example_kubernetes_executor']) retrieved from /home/airflow/.local/lib/python3.7/site-packages/airflow/example_dags/example_kubernetes_executor.py
[2022-08-04 20:07:12,388] {logging_mixin.py:109} INFO - [2022-08-04 20:07:12,388] {dag.py:2398} INFO - Sync 1 DAGs
[2022-08-04 20:07:12,417] {logging_mixin.py:109} INFO - [2022-08-04 20:07:12,416] {dag.py:2937} INFO - Setting next_dagrun for example_kubernetes_executor to None
[2022-08-04 20:07:12,434] {processor.py:171} INFO - Processing /home/airflow/.local/lib/python3.7/site-packages/airflow/example_dags/example_kubernetes_executor.py took 0.160 seconds
[2022-08-04 20:07:45,554] {processor.py:163} INFO - Started process (PID=878) to work on /home/airflow/.local/lib/python3.7/site-packages/airflow/example_dags/example_kubernetes_executor.py
[2022-08-04 20:07:45,573] {processor.py:642} INFO - Processing file /home/airflow/.local/lib/python3.7/site-packages/airflow/example_dags/example_kubernetes_executor.py for tasks to queue
[2022-08-04 20:07:45,580] {logging_mixin.py:109} INFO - [2022-08-04 20:07:45,580] {dagbag.py:500} INFO - Filling up the DagBag from /home/airflow/.local/lib/python3.7/site-packages/airflow/example_dags/example_kubernetes_executor.py
[2022-08-04 20:07:45,767] {processor.py:654} INFO - DAG(s) dict_keys(['example_kubernetes_executor']) retrieved from /home/airflow/.local/lib/python3.7/site-packages/airflow/example_dags/example_kubernetes_executor.py
[2022-08-04 20:07:45,965] {logging_mixin.py:109} INFO - [2022-08-04 20:07:45,965] {dag.py:2398} INFO - Sync 1 DAGs
[2022-08-04 20:07:46,041] {logging_mixin.py:109} INFO - [2022-08-04 20:07:46,040] {dag.py:2937} INFO - Setting next_dagrun for example_kubernetes_executor to None
[2022-08-04 20:07:46,085] {processor.py:171} INFO - Processing /home/airflow/.local/lib/python3.7/site-packages/airflow/example_dags/example_kubernetes_executor.py took 0.582 seconds
[2022-08-04 20:08:16,313] {processor.py:163} INFO - Started process (PID=921) to work on /home/airflow/.local/lib/python3.7/site-packages/airflow/example_dags/example_kubernetes_executor.py
[2022-08-04 20:08:16,315] {processor.py:642} INFO - Processing file /home/airflow/.local/lib/python3.7/site-packages/airflow/example_dags/example_kubernetes_executor.py for tasks to queue
[2022-08-04 20:08:16,316] {logging_mixin.py:109} INFO - [2022-08-04 20:08:16,316] {dagbag.py:500} INFO - Filling up the DagBag from /home/airflow/.local/lib/python3.7/site-packages/airflow/example_dags/example_kubernetes_executor.py
[2022-08-04 20:08:16,471] {processor.py:654} INFO - DAG(s) dict_keys(['example_kubernetes_executor']) retrieved from /home/airflow/.local/lib/python3.7/site-packages/airflow/example_dags/example_kubernetes_executor.py
[2022-08-04 20:08:16,546] {logging_mixin.py:109} INFO - [2022-08-04 20:08:16,546] {dag.py:2398} INFO - Sync 1 DAGs
[2022-08-04 20:08:16,577] {logging_mixin.py:109} INFO - [2022-08-04 20:08:16,576] {dag.py:2937} INFO - Setting next_dagrun for example_kubernetes_executor to None
[2022-08-04 20:08:16,595] {processor.py:171} INFO - Processing /home/airflow/.local/lib/python3.7/site-packages/airflow/example_dags/example_kubernetes_executor.py took 0.288 seconds
[2022-08-04 20:08:52,483] {processor.py:163} INFO - Started process (PID=974) to work on /home/airflow/.local/lib/python3.7/site-packages/airflow/example_dags/example_kubernetes_executor.py
[2022-08-04 20:08:52,486] {processor.py:642} INFO - Processing file /home/airflow/.local/lib/python3.7/site-packages/airflow/example_dags/example_kubernetes_executor.py for tasks to queue
[2022-08-04 20:08:52,488] {logging_mixin.py:109} INFO - [2022-08-04 20:08:52,488] {dagbag.py:500} INFO - Filling up the DagBag from /home/airflow/.local/lib/python3.7/site-packages/airflow/example_dags/example_kubernetes_executor.py
[2022-08-04 20:08:52,693] {processor.py:654} INFO - DAG(s) dict_keys(['example_kubernetes_executor']) retrieved from /home/airflow/.local/lib/python3.7/site-packages/airflow/example_dags/example_kubernetes_executor.py
[2022-08-04 20:08:52,942] {logging_mixin.py:109} INFO - [2022-08-04 20:08:52,935] {dag.py:2398} INFO - Sync 1 DAGs
[2022-08-04 20:08:53,057] {logging_mixin.py:109} INFO - [2022-08-04 20:08:53,051] {dag.py:2937} INFO - Setting next_dagrun for example_kubernetes_executor to None
[2022-08-04 20:08:53,120] {processor.py:171} INFO - Processing /home/airflow/.local/lib/python3.7/site-packages/airflow/example_dags/example_kubernetes_executor.py took 0.643 seconds
[2022-08-04 20:09:23,417] {processor.py:163} INFO - Started process (PID=1026) to work on /home/airflow/.local/lib/python3.7/site-packages/airflow/example_dags/example_kubernetes_executor.py
[2022-08-04 20:09:23,420] {processor.py:642} INFO - Processing file /home/airflow/.local/lib/python3.7/site-packages/airflow/example_dags/example_kubernetes_executor.py for tasks to queue
[2022-08-04 20:09:23,421] {logging_mixin.py:109} INFO - [2022-08-04 20:09:23,421] {dagbag.py:500} INFO - Filling up the DagBag from /home/airflow/.local/lib/python3.7/site-packages/airflow/example_dags/example_kubernetes_executor.py
[2022-08-04 20:09:23,534] {processor.py:654} INFO - DAG(s) dict_keys(['example_kubernetes_executor']) retrieved from /home/airflow/.local/lib/python3.7/site-packages/airflow/example_dags/example_kubernetes_executor.py
[2022-08-04 20:09:23,573] {logging_mixin.py:109} INFO - [2022-08-04 20:09:23,573] {dag.py:2398} INFO - Sync 1 DAGs
[2022-08-04 20:09:23,620] {logging_mixin.py:109} INFO - [2022-08-04 20:09:23,620] {dag.py:2937} INFO - Setting next_dagrun for example_kubernetes_executor to None
[2022-08-04 20:09:23,648] {processor.py:171} INFO - Processing /home/airflow/.local/lib/python3.7/site-packages/airflow/example_dags/example_kubernetes_executor.py took 0.237 seconds
[2022-08-04 20:09:53,694] {processor.py:163} INFO - Started process (PID=1077) to work on /home/airflow/.local/lib/python3.7/site-packages/airflow/example_dags/example_kubernetes_executor.py
[2022-08-04 20:09:53,696] {processor.py:642} INFO - Processing file /home/airflow/.local/lib/python3.7/site-packages/airflow/example_dags/example_kubernetes_executor.py for tasks to queue
[2022-08-04 20:09:53,698] {logging_mixin.py:109} INFO - [2022-08-04 20:09:53,698] {dagbag.py:500} INFO - Filling up the DagBag from /home/airflow/.local/lib/python3.7/site-packages/airflow/example_dags/example_kubernetes_executor.py
[2022-08-04 20:09:53,818] {processor.py:654} INFO - DAG(s) dict_keys(['example_kubernetes_executor']) retrieved from /home/airflow/.local/lib/python3.7/site-packages/airflow/example_dags/example_kubernetes_executor.py
[2022-08-04 20:09:53,854] {logging_mixin.py:109} INFO - [2022-08-04 20:09:53,854] {dag.py:2398} INFO - Sync 1 DAGs
[2022-08-04 20:09:53,896] {logging_mixin.py:109} INFO - [2022-08-04 20:09:53,895] {dag.py:2937} INFO - Setting next_dagrun for example_kubernetes_executor to None
[2022-08-04 20:09:53,928] {processor.py:171} INFO - Processing /home/airflow/.local/lib/python3.7/site-packages/airflow/example_dags/example_kubernetes_executor.py took 0.241 seconds
[2022-08-04 20:10:24,401] {processor.py:163} INFO - Started process (PID=1119) to work on /home/airflow/.local/lib/python3.7/site-packages/airflow/example_dags/example_kubernetes_executor.py
[2022-08-04 20:10:24,403] {processor.py:642} INFO - Processing file /home/airflow/.local/lib/python3.7/site-packages/airflow/example_dags/example_kubernetes_executor.py for tasks to queue
[2022-08-04 20:10:24,404] {logging_mixin.py:109} INFO - [2022-08-04 20:10:24,404] {dagbag.py:500} INFO - Filling up the DagBag from /home/airflow/.local/lib/python3.7/site-packages/airflow/example_dags/example_kubernetes_executor.py
[2022-08-04 20:10:24,474] {processor.py:654} INFO - DAG(s) dict_keys(['example_kubernetes_executor']) retrieved from /home/airflow/.local/lib/python3.7/site-packages/airflow/example_dags/example_kubernetes_executor.py
[2022-08-04 20:10:24,497] {logging_mixin.py:109} INFO - [2022-08-04 20:10:24,497] {dag.py:2398} INFO - Sync 1 DAGs
[2022-08-04 20:10:24,522] {logging_mixin.py:109} INFO - [2022-08-04 20:10:24,522] {dag.py:2937} INFO - Setting next_dagrun for example_kubernetes_executor to None
[2022-08-04 20:10:24,542] {processor.py:171} INFO - Processing /home/airflow/.local/lib/python3.7/site-packages/airflow/example_dags/example_kubernetes_executor.py took 0.149 seconds
[2022-08-04 20:10:54,608] {processor.py:163} INFO - Started process (PID=1170) to work on /home/airflow/.local/lib/python3.7/site-packages/airflow/example_dags/example_kubernetes_executor.py
[2022-08-04 20:10:54,611] {processor.py:642} INFO - Processing file /home/airflow/.local/lib/python3.7/site-packages/airflow/example_dags/example_kubernetes_executor.py for tasks to queue
[2022-08-04 20:10:54,612] {logging_mixin.py:109} INFO - [2022-08-04 20:10:54,612] {dagbag.py:500} INFO - Filling up the DagBag from /home/airflow/.local/lib/python3.7/site-packages/airflow/example_dags/example_kubernetes_executor.py
[2022-08-04 20:10:54,824] {processor.py:654} INFO - DAG(s) dict_keys(['example_kubernetes_executor']) retrieved from /home/airflow/.local/lib/python3.7/site-packages/airflow/example_dags/example_kubernetes_executor.py
[2022-08-04 20:10:55,238] {logging_mixin.py:109} INFO - [2022-08-04 20:10:55,235] {dag.py:2398} INFO - Sync 1 DAGs
[2022-08-04 20:10:55,439] {logging_mixin.py:109} INFO - [2022-08-04 20:10:55,438] {dag.py:2937} INFO - Setting next_dagrun for example_kubernetes_executor to None
[2022-08-04 20:10:55,556] {processor.py:171} INFO - Processing /home/airflow/.local/lib/python3.7/site-packages/airflow/example_dags/example_kubernetes_executor.py took 0.954 seconds
[2022-08-04 20:11:26,738] {processor.py:163} INFO - Started process (PID=1206) to work on /home/airflow/.local/lib/python3.7/site-packages/airflow/example_dags/example_kubernetes_executor.py
[2022-08-04 20:11:26,741] {processor.py:642} INFO - Processing file /home/airflow/.local/lib/python3.7/site-packages/airflow/example_dags/example_kubernetes_executor.py for tasks to queue
[2022-08-04 20:11:26,742] {logging_mixin.py:109} INFO - [2022-08-04 20:11:26,742] {dagbag.py:500} INFO - Filling up the DagBag from /home/airflow/.local/lib/python3.7/site-packages/airflow/example_dags/example_kubernetes_executor.py
[2022-08-04 20:11:26,848] {processor.py:654} INFO - DAG(s) dict_keys(['example_kubernetes_executor']) retrieved from /home/airflow/.local/lib/python3.7/site-packages/airflow/example_dags/example_kubernetes_executor.py
[2022-08-04 20:11:26,922] {logging_mixin.py:109} INFO - [2022-08-04 20:11:26,921] {dag.py:2398} INFO - Sync 1 DAGs
[2022-08-04 20:11:26,957] {logging_mixin.py:109} INFO - [2022-08-04 20:11:26,957] {dag.py:2937} INFO - Setting next_dagrun for example_kubernetes_executor to None
[2022-08-04 20:11:26,984] {processor.py:171} INFO - Processing /home/airflow/.local/lib/python3.7/site-packages/airflow/example_dags/example_kubernetes_executor.py took 0.255 seconds
