[2022-08-04 19:50:18,738] {processor.py:163} INFO - Started process (PID=45) to work on /home/airflow/.local/lib/python3.7/site-packages/airflow/example_dags/example_branch_labels.py
[2022-08-04 19:50:18,741] {processor.py:642} INFO - Processing file /home/airflow/.local/lib/python3.7/site-packages/airflow/example_dags/example_branch_labels.py for tasks to queue
[2022-08-04 19:50:18,742] {logging_mixin.py:109} INFO - [2022-08-04 19:50:18,742] {dagbag.py:500} INFO - Filling up the DagBag from /home/airflow/.local/lib/python3.7/site-packages/airflow/example_dags/example_branch_labels.py
[2022-08-04 19:50:18,804] {processor.py:654} INFO - DAG(s) dict_keys(['example_branch_labels']) retrieved from /home/airflow/.local/lib/python3.7/site-packages/airflow/example_dags/example_branch_labels.py
[2022-08-04 19:50:18,824] {logging_mixin.py:109} INFO - [2022-08-04 19:50:18,824] {dag.py:2398} INFO - Sync 1 DAGs
[2022-08-04 19:50:18,856] {logging_mixin.py:109} INFO - [2022-08-04 19:50:18,856] {dag.py:2937} INFO - Setting next_dagrun for example_branch_labels to 2022-08-03 00:00:00+00:00
[2022-08-04 19:50:18,870] {processor.py:171} INFO - Processing /home/airflow/.local/lib/python3.7/site-packages/airflow/example_dags/example_branch_labels.py took 0.137 seconds
[2022-08-04 19:50:49,029] {processor.py:163} INFO - Started process (PID=95) to work on /home/airflow/.local/lib/python3.7/site-packages/airflow/example_dags/example_branch_labels.py
[2022-08-04 19:50:49,031] {processor.py:642} INFO - Processing file /home/airflow/.local/lib/python3.7/site-packages/airflow/example_dags/example_branch_labels.py for tasks to queue
[2022-08-04 19:50:49,033] {logging_mixin.py:109} INFO - [2022-08-04 19:50:49,033] {dagbag.py:500} INFO - Filling up the DagBag from /home/airflow/.local/lib/python3.7/site-packages/airflow/example_dags/example_branch_labels.py
[2022-08-04 19:50:49,089] {processor.py:654} INFO - DAG(s) dict_keys(['example_branch_labels']) retrieved from /home/airflow/.local/lib/python3.7/site-packages/airflow/example_dags/example_branch_labels.py
[2022-08-04 19:50:49,106] {logging_mixin.py:109} INFO - [2022-08-04 19:50:49,106] {dag.py:2398} INFO - Sync 1 DAGs
[2022-08-04 19:50:49,140] {logging_mixin.py:109} INFO - [2022-08-04 19:50:49,140] {dag.py:2937} INFO - Setting next_dagrun for example_branch_labels to 2022-08-03 00:00:00+00:00
[2022-08-04 19:50:49,153] {processor.py:171} INFO - Processing /home/airflow/.local/lib/python3.7/site-packages/airflow/example_dags/example_branch_labels.py took 0.129 seconds
[2022-08-04 19:51:19,233] {processor.py:163} INFO - Started process (PID=147) to work on /home/airflow/.local/lib/python3.7/site-packages/airflow/example_dags/example_branch_labels.py
[2022-08-04 19:51:19,235] {processor.py:642} INFO - Processing file /home/airflow/.local/lib/python3.7/site-packages/airflow/example_dags/example_branch_labels.py for tasks to queue
[2022-08-04 19:51:19,237] {logging_mixin.py:109} INFO - [2022-08-04 19:51:19,237] {dagbag.py:500} INFO - Filling up the DagBag from /home/airflow/.local/lib/python3.7/site-packages/airflow/example_dags/example_branch_labels.py
[2022-08-04 19:51:19,298] {processor.py:654} INFO - DAG(s) dict_keys(['example_branch_labels']) retrieved from /home/airflow/.local/lib/python3.7/site-packages/airflow/example_dags/example_branch_labels.py
[2022-08-04 19:51:19,315] {logging_mixin.py:109} INFO - [2022-08-04 19:51:19,315] {dag.py:2398} INFO - Sync 1 DAGs
[2022-08-04 19:51:19,353] {logging_mixin.py:109} INFO - [2022-08-04 19:51:19,353] {dag.py:2937} INFO - Setting next_dagrun for example_branch_labels to 2022-08-03 00:00:00+00:00
[2022-08-04 19:51:19,372] {processor.py:171} INFO - Processing /home/airflow/.local/lib/python3.7/site-packages/airflow/example_dags/example_branch_labels.py took 0.146 seconds
[2022-08-04 19:51:50,283] {processor.py:163} INFO - Started process (PID=190) to work on /home/airflow/.local/lib/python3.7/site-packages/airflow/example_dags/example_branch_labels.py
[2022-08-04 19:51:50,285] {processor.py:642} INFO - Processing file /home/airflow/.local/lib/python3.7/site-packages/airflow/example_dags/example_branch_labels.py for tasks to queue
[2022-08-04 19:51:50,286] {logging_mixin.py:109} INFO - [2022-08-04 19:51:50,286] {dagbag.py:500} INFO - Filling up the DagBag from /home/airflow/.local/lib/python3.7/site-packages/airflow/example_dags/example_branch_labels.py
[2022-08-04 19:51:50,334] {processor.py:654} INFO - DAG(s) dict_keys(['example_branch_labels']) retrieved from /home/airflow/.local/lib/python3.7/site-packages/airflow/example_dags/example_branch_labels.py
[2022-08-04 19:51:50,352] {logging_mixin.py:109} INFO - [2022-08-04 19:51:50,352] {dag.py:2398} INFO - Sync 1 DAGs
[2022-08-04 19:51:50,382] {logging_mixin.py:109} INFO - [2022-08-04 19:51:50,382] {dag.py:2937} INFO - Setting next_dagrun for example_branch_labels to 2022-08-03 00:00:00+00:00
[2022-08-04 19:51:50,396] {processor.py:171} INFO - Processing /home/airflow/.local/lib/python3.7/site-packages/airflow/example_dags/example_branch_labels.py took 0.118 seconds
[2022-08-04 19:52:21,154] {processor.py:163} INFO - Started process (PID=242) to work on /home/airflow/.local/lib/python3.7/site-packages/airflow/example_dags/example_branch_labels.py
[2022-08-04 19:52:21,156] {processor.py:642} INFO - Processing file /home/airflow/.local/lib/python3.7/site-packages/airflow/example_dags/example_branch_labels.py for tasks to queue
[2022-08-04 19:52:21,156] {logging_mixin.py:109} INFO - [2022-08-04 19:52:21,156] {dagbag.py:500} INFO - Filling up the DagBag from /home/airflow/.local/lib/python3.7/site-packages/airflow/example_dags/example_branch_labels.py
[2022-08-04 19:52:21,193] {processor.py:654} INFO - DAG(s) dict_keys(['example_branch_labels']) retrieved from /home/airflow/.local/lib/python3.7/site-packages/airflow/example_dags/example_branch_labels.py
[2022-08-04 19:52:21,206] {logging_mixin.py:109} INFO - [2022-08-04 19:52:21,206] {dag.py:2398} INFO - Sync 1 DAGs
[2022-08-04 19:52:21,231] {logging_mixin.py:109} INFO - [2022-08-04 19:52:21,231] {dag.py:2937} INFO - Setting next_dagrun for example_branch_labels to 2022-08-03 00:00:00+00:00
[2022-08-04 19:52:21,243] {processor.py:171} INFO - Processing /home/airflow/.local/lib/python3.7/site-packages/airflow/example_dags/example_branch_labels.py took 0.093 seconds
[2022-08-04 19:52:54,732] {processor.py:163} INFO - Started process (PID=295) to work on /home/airflow/.local/lib/python3.7/site-packages/airflow/example_dags/example_branch_labels.py
[2022-08-04 19:52:54,736] {processor.py:642} INFO - Processing file /home/airflow/.local/lib/python3.7/site-packages/airflow/example_dags/example_branch_labels.py for tasks to queue
[2022-08-04 19:52:54,737] {logging_mixin.py:109} INFO - [2022-08-04 19:52:54,737] {dagbag.py:500} INFO - Filling up the DagBag from /home/airflow/.local/lib/python3.7/site-packages/airflow/example_dags/example_branch_labels.py
[2022-08-04 19:52:54,848] {processor.py:654} INFO - DAG(s) dict_keys(['example_branch_labels']) retrieved from /home/airflow/.local/lib/python3.7/site-packages/airflow/example_dags/example_branch_labels.py
[2022-08-04 19:52:54,881] {logging_mixin.py:109} INFO - [2022-08-04 19:52:54,881] {dag.py:2398} INFO - Sync 1 DAGs
[2022-08-04 19:52:54,934] {logging_mixin.py:109} INFO - [2022-08-04 19:52:54,934] {dag.py:2937} INFO - Setting next_dagrun for example_branch_labels to 2022-08-03 00:00:00+00:00
[2022-08-04 19:52:54,991] {processor.py:171} INFO - Processing /home/airflow/.local/lib/python3.7/site-packages/airflow/example_dags/example_branch_labels.py took 0.266 seconds
[2022-08-04 19:53:25,912] {processor.py:163} INFO - Started process (PID=348) to work on /home/airflow/.local/lib/python3.7/site-packages/airflow/example_dags/example_branch_labels.py
[2022-08-04 19:53:25,914] {processor.py:642} INFO - Processing file /home/airflow/.local/lib/python3.7/site-packages/airflow/example_dags/example_branch_labels.py for tasks to queue
[2022-08-04 19:53:25,916] {logging_mixin.py:109} INFO - [2022-08-04 19:53:25,916] {dagbag.py:500} INFO - Filling up the DagBag from /home/airflow/.local/lib/python3.7/site-packages/airflow/example_dags/example_branch_labels.py
[2022-08-04 19:53:26,024] {processor.py:654} INFO - DAG(s) dict_keys(['example_branch_labels']) retrieved from /home/airflow/.local/lib/python3.7/site-packages/airflow/example_dags/example_branch_labels.py
[2022-08-04 19:53:26,063] {logging_mixin.py:109} INFO - [2022-08-04 19:53:26,063] {dag.py:2398} INFO - Sync 1 DAGs
[2022-08-04 19:53:26,106] {logging_mixin.py:109} INFO - [2022-08-04 19:53:26,106] {dag.py:2937} INFO - Setting next_dagrun for example_branch_labels to 2022-08-03 00:00:00+00:00
[2022-08-04 19:53:26,123] {processor.py:171} INFO - Processing /home/airflow/.local/lib/python3.7/site-packages/airflow/example_dags/example_branch_labels.py took 0.220 seconds
[2022-08-04 19:58:48,894] {processor.py:163} INFO - Started process (PID=45) to work on /home/airflow/.local/lib/python3.7/site-packages/airflow/example_dags/example_branch_labels.py
[2022-08-04 19:58:48,897] {processor.py:642} INFO - Processing file /home/airflow/.local/lib/python3.7/site-packages/airflow/example_dags/example_branch_labels.py for tasks to queue
[2022-08-04 19:58:48,898] {logging_mixin.py:109} INFO - [2022-08-04 19:58:48,898] {dagbag.py:500} INFO - Filling up the DagBag from /home/airflow/.local/lib/python3.7/site-packages/airflow/example_dags/example_branch_labels.py
[2022-08-04 19:58:49,186] {processor.py:654} INFO - DAG(s) dict_keys(['example_branch_labels']) retrieved from /home/airflow/.local/lib/python3.7/site-packages/airflow/example_dags/example_branch_labels.py
[2022-08-04 19:58:49,226] {logging_mixin.py:109} INFO - [2022-08-04 19:58:49,226] {dag.py:2398} INFO - Sync 1 DAGs
[2022-08-04 19:58:49,265] {logging_mixin.py:109} INFO - [2022-08-04 19:58:49,265] {dag.py:2937} INFO - Setting next_dagrun for example_branch_labels to 2022-08-03 00:00:00+00:00
[2022-08-04 19:58:49,283] {processor.py:171} INFO - Processing /home/airflow/.local/lib/python3.7/site-packages/airflow/example_dags/example_branch_labels.py took 0.396 seconds
[2022-08-04 19:59:19,386] {processor.py:163} INFO - Started process (PID=98) to work on /home/airflow/.local/lib/python3.7/site-packages/airflow/example_dags/example_branch_labels.py
[2022-08-04 19:59:19,388] {processor.py:642} INFO - Processing file /home/airflow/.local/lib/python3.7/site-packages/airflow/example_dags/example_branch_labels.py for tasks to queue
[2022-08-04 19:59:19,389] {logging_mixin.py:109} INFO - [2022-08-04 19:59:19,389] {dagbag.py:500} INFO - Filling up the DagBag from /home/airflow/.local/lib/python3.7/site-packages/airflow/example_dags/example_branch_labels.py
[2022-08-04 19:59:19,442] {processor.py:654} INFO - DAG(s) dict_keys(['example_branch_labels']) retrieved from /home/airflow/.local/lib/python3.7/site-packages/airflow/example_dags/example_branch_labels.py
[2022-08-04 19:59:19,461] {logging_mixin.py:109} INFO - [2022-08-04 19:59:19,461] {dag.py:2398} INFO - Sync 1 DAGs
[2022-08-04 19:59:19,509] {logging_mixin.py:109} INFO - [2022-08-04 19:59:19,508] {dag.py:2937} INFO - Setting next_dagrun for example_branch_labels to 2022-08-03 00:00:00+00:00
[2022-08-04 19:59:19,528] {processor.py:171} INFO - Processing /home/airflow/.local/lib/python3.7/site-packages/airflow/example_dags/example_branch_labels.py took 0.147 seconds
[2022-08-04 19:59:50,298] {processor.py:163} INFO - Started process (PID=150) to work on /home/airflow/.local/lib/python3.7/site-packages/airflow/example_dags/example_branch_labels.py
[2022-08-04 19:59:50,300] {processor.py:642} INFO - Processing file /home/airflow/.local/lib/python3.7/site-packages/airflow/example_dags/example_branch_labels.py for tasks to queue
[2022-08-04 19:59:50,301] {logging_mixin.py:109} INFO - [2022-08-04 19:59:50,301] {dagbag.py:500} INFO - Filling up the DagBag from /home/airflow/.local/lib/python3.7/site-packages/airflow/example_dags/example_branch_labels.py
[2022-08-04 19:59:50,348] {processor.py:654} INFO - DAG(s) dict_keys(['example_branch_labels']) retrieved from /home/airflow/.local/lib/python3.7/site-packages/airflow/example_dags/example_branch_labels.py
[2022-08-04 19:59:50,363] {logging_mixin.py:109} INFO - [2022-08-04 19:59:50,363] {dag.py:2398} INFO - Sync 1 DAGs
[2022-08-04 19:59:50,387] {logging_mixin.py:109} INFO - [2022-08-04 19:59:50,387] {dag.py:2937} INFO - Setting next_dagrun for example_branch_labels to 2022-08-03 00:00:00+00:00
[2022-08-04 19:59:50,399] {processor.py:171} INFO - Processing /home/airflow/.local/lib/python3.7/site-packages/airflow/example_dags/example_branch_labels.py took 0.105 seconds
[2022-08-04 20:00:20,958] {processor.py:163} INFO - Started process (PID=202) to work on /home/airflow/.local/lib/python3.7/site-packages/airflow/example_dags/example_branch_labels.py
[2022-08-04 20:00:20,961] {processor.py:642} INFO - Processing file /home/airflow/.local/lib/python3.7/site-packages/airflow/example_dags/example_branch_labels.py for tasks to queue
[2022-08-04 20:00:20,962] {logging_mixin.py:109} INFO - [2022-08-04 20:00:20,962] {dagbag.py:500} INFO - Filling up the DagBag from /home/airflow/.local/lib/python3.7/site-packages/airflow/example_dags/example_branch_labels.py
[2022-08-04 20:00:21,019] {processor.py:654} INFO - DAG(s) dict_keys(['example_branch_labels']) retrieved from /home/airflow/.local/lib/python3.7/site-packages/airflow/example_dags/example_branch_labels.py
[2022-08-04 20:00:21,041] {logging_mixin.py:109} INFO - [2022-08-04 20:00:21,041] {dag.py:2398} INFO - Sync 1 DAGs
[2022-08-04 20:00:21,072] {logging_mixin.py:109} INFO - [2022-08-04 20:00:21,072] {dag.py:2937} INFO - Setting next_dagrun for example_branch_labels to 2022-08-03 00:00:00+00:00
[2022-08-04 20:00:21,087] {processor.py:171} INFO - Processing /home/airflow/.local/lib/python3.7/site-packages/airflow/example_dags/example_branch_labels.py took 0.134 seconds
[2022-08-04 20:00:51,295] {processor.py:163} INFO - Started process (PID=245) to work on /home/airflow/.local/lib/python3.7/site-packages/airflow/example_dags/example_branch_labels.py
[2022-08-04 20:00:51,299] {processor.py:642} INFO - Processing file /home/airflow/.local/lib/python3.7/site-packages/airflow/example_dags/example_branch_labels.py for tasks to queue
[2022-08-04 20:00:51,300] {logging_mixin.py:109} INFO - [2022-08-04 20:00:51,300] {dagbag.py:500} INFO - Filling up the DagBag from /home/airflow/.local/lib/python3.7/site-packages/airflow/example_dags/example_branch_labels.py
[2022-08-04 20:00:51,346] {processor.py:654} INFO - DAG(s) dict_keys(['example_branch_labels']) retrieved from /home/airflow/.local/lib/python3.7/site-packages/airflow/example_dags/example_branch_labels.py
[2022-08-04 20:00:51,361] {logging_mixin.py:109} INFO - [2022-08-04 20:00:51,360] {dag.py:2398} INFO - Sync 1 DAGs
[2022-08-04 20:00:51,384] {logging_mixin.py:109} INFO - [2022-08-04 20:00:51,384] {dag.py:2937} INFO - Setting next_dagrun for example_branch_labels to 2022-08-03 00:00:00+00:00
[2022-08-04 20:00:51,396] {processor.py:171} INFO - Processing /home/airflow/.local/lib/python3.7/site-packages/airflow/example_dags/example_branch_labels.py took 0.106 seconds
[2022-08-04 20:01:22,005] {processor.py:163} INFO - Started process (PID=297) to work on /home/airflow/.local/lib/python3.7/site-packages/airflow/example_dags/example_branch_labels.py
[2022-08-04 20:01:22,008] {processor.py:642} INFO - Processing file /home/airflow/.local/lib/python3.7/site-packages/airflow/example_dags/example_branch_labels.py for tasks to queue
[2022-08-04 20:01:22,009] {logging_mixin.py:109} INFO - [2022-08-04 20:01:22,009] {dagbag.py:500} INFO - Filling up the DagBag from /home/airflow/.local/lib/python3.7/site-packages/airflow/example_dags/example_branch_labels.py
[2022-08-04 20:01:22,079] {processor.py:654} INFO - DAG(s) dict_keys(['example_branch_labels']) retrieved from /home/airflow/.local/lib/python3.7/site-packages/airflow/example_dags/example_branch_labels.py
[2022-08-04 20:01:22,104] {logging_mixin.py:109} INFO - [2022-08-04 20:01:22,104] {dag.py:2398} INFO - Sync 1 DAGs
[2022-08-04 20:01:22,144] {logging_mixin.py:109} INFO - [2022-08-04 20:01:22,144] {dag.py:2937} INFO - Setting next_dagrun for example_branch_labels to 2022-08-03 00:00:00+00:00
[2022-08-04 20:01:22,160] {processor.py:171} INFO - Processing /home/airflow/.local/lib/python3.7/site-packages/airflow/example_dags/example_branch_labels.py took 0.162 seconds
[2022-08-04 20:01:53,041] {processor.py:163} INFO - Started process (PID=341) to work on /home/airflow/.local/lib/python3.7/site-packages/airflow/example_dags/example_branch_labels.py
[2022-08-04 20:01:53,043] {processor.py:642} INFO - Processing file /home/airflow/.local/lib/python3.7/site-packages/airflow/example_dags/example_branch_labels.py for tasks to queue
[2022-08-04 20:01:53,045] {logging_mixin.py:109} INFO - [2022-08-04 20:01:53,045] {dagbag.py:500} INFO - Filling up the DagBag from /home/airflow/.local/lib/python3.7/site-packages/airflow/example_dags/example_branch_labels.py
[2022-08-04 20:01:53,108] {processor.py:654} INFO - DAG(s) dict_keys(['example_branch_labels']) retrieved from /home/airflow/.local/lib/python3.7/site-packages/airflow/example_dags/example_branch_labels.py
[2022-08-04 20:01:53,131] {logging_mixin.py:109} INFO - [2022-08-04 20:01:53,131] {dag.py:2398} INFO - Sync 1 DAGs
[2022-08-04 20:01:53,164] {logging_mixin.py:109} INFO - [2022-08-04 20:01:53,164] {dag.py:2937} INFO - Setting next_dagrun for example_branch_labels to 2022-08-03 00:00:00+00:00
[2022-08-04 20:01:53,181] {processor.py:171} INFO - Processing /home/airflow/.local/lib/python3.7/site-packages/airflow/example_dags/example_branch_labels.py took 0.148 seconds
[2022-08-04 20:02:23,756] {processor.py:163} INFO - Started process (PID=394) to work on /home/airflow/.local/lib/python3.7/site-packages/airflow/example_dags/example_branch_labels.py
[2022-08-04 20:02:23,759] {processor.py:642} INFO - Processing file /home/airflow/.local/lib/python3.7/site-packages/airflow/example_dags/example_branch_labels.py for tasks to queue
[2022-08-04 20:02:23,760] {logging_mixin.py:109} INFO - [2022-08-04 20:02:23,760] {dagbag.py:500} INFO - Filling up the DagBag from /home/airflow/.local/lib/python3.7/site-packages/airflow/example_dags/example_branch_labels.py
[2022-08-04 20:02:23,809] {processor.py:654} INFO - DAG(s) dict_keys(['example_branch_labels']) retrieved from /home/airflow/.local/lib/python3.7/site-packages/airflow/example_dags/example_branch_labels.py
[2022-08-04 20:02:23,827] {logging_mixin.py:109} INFO - [2022-08-04 20:02:23,826] {dag.py:2398} INFO - Sync 1 DAGs
[2022-08-04 20:02:23,865] {logging_mixin.py:109} INFO - [2022-08-04 20:02:23,865] {dag.py:2937} INFO - Setting next_dagrun for example_branch_labels to 2022-08-03 00:00:00+00:00
[2022-08-04 20:02:23,879] {processor.py:171} INFO - Processing /home/airflow/.local/lib/python3.7/site-packages/airflow/example_dags/example_branch_labels.py took 0.128 seconds
[2022-08-04 20:02:54,615] {processor.py:163} INFO - Started process (PID=448) to work on /home/airflow/.local/lib/python3.7/site-packages/airflow/example_dags/example_branch_labels.py
[2022-08-04 20:02:54,619] {processor.py:642} INFO - Processing file /home/airflow/.local/lib/python3.7/site-packages/airflow/example_dags/example_branch_labels.py for tasks to queue
[2022-08-04 20:02:54,620] {logging_mixin.py:109} INFO - [2022-08-04 20:02:54,620] {dagbag.py:500} INFO - Filling up the DagBag from /home/airflow/.local/lib/python3.7/site-packages/airflow/example_dags/example_branch_labels.py
[2022-08-04 20:02:54,725] {processor.py:654} INFO - DAG(s) dict_keys(['example_branch_labels']) retrieved from /home/airflow/.local/lib/python3.7/site-packages/airflow/example_dags/example_branch_labels.py
[2022-08-04 20:02:54,751] {logging_mixin.py:109} INFO - [2022-08-04 20:02:54,751] {dag.py:2398} INFO - Sync 1 DAGs
[2022-08-04 20:02:54,808] {logging_mixin.py:109} INFO - [2022-08-04 20:02:54,807] {dag.py:2937} INFO - Setting next_dagrun for example_branch_labels to 2022-08-03 00:00:00+00:00
[2022-08-04 20:02:54,842] {processor.py:171} INFO - Processing /home/airflow/.local/lib/python3.7/site-packages/airflow/example_dags/example_branch_labels.py took 0.235 seconds
[2022-08-04 20:03:25,016] {processor.py:163} INFO - Started process (PID=491) to work on /home/airflow/.local/lib/python3.7/site-packages/airflow/example_dags/example_branch_labels.py
[2022-08-04 20:03:25,019] {processor.py:642} INFO - Processing file /home/airflow/.local/lib/python3.7/site-packages/airflow/example_dags/example_branch_labels.py for tasks to queue
[2022-08-04 20:03:25,021] {logging_mixin.py:109} INFO - [2022-08-04 20:03:25,021] {dagbag.py:500} INFO - Filling up the DagBag from /home/airflow/.local/lib/python3.7/site-packages/airflow/example_dags/example_branch_labels.py
[2022-08-04 20:03:25,091] {processor.py:654} INFO - DAG(s) dict_keys(['example_branch_labels']) retrieved from /home/airflow/.local/lib/python3.7/site-packages/airflow/example_dags/example_branch_labels.py
[2022-08-04 20:03:25,112] {logging_mixin.py:109} INFO - [2022-08-04 20:03:25,112] {dag.py:2398} INFO - Sync 1 DAGs
[2022-08-04 20:03:25,149] {logging_mixin.py:109} INFO - [2022-08-04 20:03:25,149] {dag.py:2937} INFO - Setting next_dagrun for example_branch_labels to 2022-08-03 00:00:00+00:00
[2022-08-04 20:03:25,174] {processor.py:171} INFO - Processing /home/airflow/.local/lib/python3.7/site-packages/airflow/example_dags/example_branch_labels.py took 0.166 seconds
[2022-08-04 20:03:57,420] {processor.py:163} INFO - Started process (PID=545) to work on /home/airflow/.local/lib/python3.7/site-packages/airflow/example_dags/example_branch_labels.py
[2022-08-04 20:03:57,424] {processor.py:642} INFO - Processing file /home/airflow/.local/lib/python3.7/site-packages/airflow/example_dags/example_branch_labels.py for tasks to queue
[2022-08-04 20:03:57,425] {logging_mixin.py:109} INFO - [2022-08-04 20:03:57,425] {dagbag.py:500} INFO - Filling up the DagBag from /home/airflow/.local/lib/python3.7/site-packages/airflow/example_dags/example_branch_labels.py
[2022-08-04 20:03:57,490] {processor.py:654} INFO - DAG(s) dict_keys(['example_branch_labels']) retrieved from /home/airflow/.local/lib/python3.7/site-packages/airflow/example_dags/example_branch_labels.py
[2022-08-04 20:03:57,514] {logging_mixin.py:109} INFO - [2022-08-04 20:03:57,514] {dag.py:2398} INFO - Sync 1 DAGs
[2022-08-04 20:03:57,551] {logging_mixin.py:109} INFO - [2022-08-04 20:03:57,551] {dag.py:2937} INFO - Setting next_dagrun for example_branch_labels to 2022-08-03 00:00:00+00:00
[2022-08-04 20:03:57,567] {processor.py:171} INFO - Processing /home/airflow/.local/lib/python3.7/site-packages/airflow/example_dags/example_branch_labels.py took 0.154 seconds
[2022-08-04 20:04:27,740] {processor.py:163} INFO - Started process (PID=597) to work on /home/airflow/.local/lib/python3.7/site-packages/airflow/example_dags/example_branch_labels.py
[2022-08-04 20:04:27,742] {processor.py:642} INFO - Processing file /home/airflow/.local/lib/python3.7/site-packages/airflow/example_dags/example_branch_labels.py for tasks to queue
[2022-08-04 20:04:27,744] {logging_mixin.py:109} INFO - [2022-08-04 20:04:27,743] {dagbag.py:500} INFO - Filling up the DagBag from /home/airflow/.local/lib/python3.7/site-packages/airflow/example_dags/example_branch_labels.py
[2022-08-04 20:04:27,795] {processor.py:654} INFO - DAG(s) dict_keys(['example_branch_labels']) retrieved from /home/airflow/.local/lib/python3.7/site-packages/airflow/example_dags/example_branch_labels.py
[2022-08-04 20:04:27,817] {logging_mixin.py:109} INFO - [2022-08-04 20:04:27,817] {dag.py:2398} INFO - Sync 1 DAGs
[2022-08-04 20:04:27,852] {logging_mixin.py:109} INFO - [2022-08-04 20:04:27,852] {dag.py:2937} INFO - Setting next_dagrun for example_branch_labels to 2022-08-03 00:00:00+00:00
[2022-08-04 20:04:27,868] {processor.py:171} INFO - Processing /home/airflow/.local/lib/python3.7/site-packages/airflow/example_dags/example_branch_labels.py took 0.133 seconds
[2022-08-04 20:04:58,701] {processor.py:163} INFO - Started process (PID=636) to work on /home/airflow/.local/lib/python3.7/site-packages/airflow/example_dags/example_branch_labels.py
[2022-08-04 20:04:58,705] {processor.py:642} INFO - Processing file /home/airflow/.local/lib/python3.7/site-packages/airflow/example_dags/example_branch_labels.py for tasks to queue
[2022-08-04 20:04:58,707] {logging_mixin.py:109} INFO - [2022-08-04 20:04:58,706] {dagbag.py:500} INFO - Filling up the DagBag from /home/airflow/.local/lib/python3.7/site-packages/airflow/example_dags/example_branch_labels.py
[2022-08-04 20:04:58,802] {processor.py:654} INFO - DAG(s) dict_keys(['example_branch_labels']) retrieved from /home/airflow/.local/lib/python3.7/site-packages/airflow/example_dags/example_branch_labels.py
[2022-08-04 20:04:58,836] {logging_mixin.py:109} INFO - [2022-08-04 20:04:58,835] {dag.py:2398} INFO - Sync 1 DAGs
[2022-08-04 20:04:58,883] {logging_mixin.py:109} INFO - [2022-08-04 20:04:58,883] {dag.py:2937} INFO - Setting next_dagrun for example_branch_labels to 2022-08-03 00:00:00+00:00
[2022-08-04 20:04:58,903] {processor.py:171} INFO - Processing /home/airflow/.local/lib/python3.7/site-packages/airflow/example_dags/example_branch_labels.py took 0.209 seconds
[2022-08-04 20:05:30,520] {processor.py:163} INFO - Started process (PID=678) to work on /home/airflow/.local/lib/python3.7/site-packages/airflow/example_dags/example_branch_labels.py
[2022-08-04 20:05:30,522] {processor.py:642} INFO - Processing file /home/airflow/.local/lib/python3.7/site-packages/airflow/example_dags/example_branch_labels.py for tasks to queue
[2022-08-04 20:05:30,523] {logging_mixin.py:109} INFO - [2022-08-04 20:05:30,523] {dagbag.py:500} INFO - Filling up the DagBag from /home/airflow/.local/lib/python3.7/site-packages/airflow/example_dags/example_branch_labels.py
[2022-08-04 20:05:30,573] {processor.py:654} INFO - DAG(s) dict_keys(['example_branch_labels']) retrieved from /home/airflow/.local/lib/python3.7/site-packages/airflow/example_dags/example_branch_labels.py
[2022-08-04 20:05:30,591] {logging_mixin.py:109} INFO - [2022-08-04 20:05:30,591] {dag.py:2398} INFO - Sync 1 DAGs
[2022-08-04 20:05:30,625] {logging_mixin.py:109} INFO - [2022-08-04 20:05:30,625] {dag.py:2937} INFO - Setting next_dagrun for example_branch_labels to 2022-08-03 00:00:00+00:00
[2022-08-04 20:05:30,640] {processor.py:171} INFO - Processing /home/airflow/.local/lib/python3.7/site-packages/airflow/example_dags/example_branch_labels.py took 0.126 seconds
[2022-08-04 20:06:06,420] {processor.py:163} INFO - Started process (PID=731) to work on /home/airflow/.local/lib/python3.7/site-packages/airflow/example_dags/example_branch_labels.py
[2022-08-04 20:06:06,451] {processor.py:642} INFO - Processing file /home/airflow/.local/lib/python3.7/site-packages/airflow/example_dags/example_branch_labels.py for tasks to queue
[2022-08-04 20:06:06,467] {logging_mixin.py:109} INFO - [2022-08-04 20:06:06,466] {dagbag.py:500} INFO - Filling up the DagBag from /home/airflow/.local/lib/python3.7/site-packages/airflow/example_dags/example_branch_labels.py
[2022-08-04 20:06:07,630] {processor.py:654} INFO - DAG(s) dict_keys(['example_branch_labels']) retrieved from /home/airflow/.local/lib/python3.7/site-packages/airflow/example_dags/example_branch_labels.py
[2022-08-04 20:06:10,551] {logging_mixin.py:109} INFO - [2022-08-04 20:06:10,551] {dag.py:2398} INFO - Sync 1 DAGs
[2022-08-04 20:06:10,723] {logging_mixin.py:109} INFO - [2022-08-04 20:06:10,723] {dag.py:2937} INFO - Setting next_dagrun for example_branch_labels to 2022-08-03 00:00:00+00:00
[2022-08-04 20:06:10,768] {processor.py:171} INFO - Processing /home/airflow/.local/lib/python3.7/site-packages/airflow/example_dags/example_branch_labels.py took 4.390 seconds
[2022-08-04 20:06:41,488] {processor.py:163} INFO - Started process (PID=784) to work on /home/airflow/.local/lib/python3.7/site-packages/airflow/example_dags/example_branch_labels.py
[2022-08-04 20:06:41,493] {processor.py:642} INFO - Processing file /home/airflow/.local/lib/python3.7/site-packages/airflow/example_dags/example_branch_labels.py for tasks to queue
[2022-08-04 20:06:41,495] {logging_mixin.py:109} INFO - [2022-08-04 20:06:41,494] {dagbag.py:500} INFO - Filling up the DagBag from /home/airflow/.local/lib/python3.7/site-packages/airflow/example_dags/example_branch_labels.py
[2022-08-04 20:06:41,684] {processor.py:654} INFO - DAG(s) dict_keys(['example_branch_labels']) retrieved from /home/airflow/.local/lib/python3.7/site-packages/airflow/example_dags/example_branch_labels.py
[2022-08-04 20:06:41,708] {logging_mixin.py:109} INFO - [2022-08-04 20:06:41,707] {dag.py:2398} INFO - Sync 1 DAGs
[2022-08-04 20:06:41,764] {logging_mixin.py:109} INFO - [2022-08-04 20:06:41,762] {dag.py:2937} INFO - Setting next_dagrun for example_branch_labels to 2022-08-03 00:00:00+00:00
[2022-08-04 20:06:41,797] {processor.py:171} INFO - Processing /home/airflow/.local/lib/python3.7/site-packages/airflow/example_dags/example_branch_labels.py took 0.325 seconds
[2022-08-04 20:07:12,287] {processor.py:163} INFO - Started process (PID=827) to work on /home/airflow/.local/lib/python3.7/site-packages/airflow/example_dags/example_branch_labels.py
[2022-08-04 20:07:12,289] {processor.py:642} INFO - Processing file /home/airflow/.local/lib/python3.7/site-packages/airflow/example_dags/example_branch_labels.py for tasks to queue
[2022-08-04 20:07:12,291] {logging_mixin.py:109} INFO - [2022-08-04 20:07:12,290] {dagbag.py:500} INFO - Filling up the DagBag from /home/airflow/.local/lib/python3.7/site-packages/airflow/example_dags/example_branch_labels.py
[2022-08-04 20:07:12,366] {processor.py:654} INFO - DAG(s) dict_keys(['example_branch_labels']) retrieved from /home/airflow/.local/lib/python3.7/site-packages/airflow/example_dags/example_branch_labels.py
[2022-08-04 20:07:12,385] {logging_mixin.py:109} INFO - [2022-08-04 20:07:12,384] {dag.py:2398} INFO - Sync 1 DAGs
[2022-08-04 20:07:12,418] {logging_mixin.py:109} INFO - [2022-08-04 20:07:12,418] {dag.py:2937} INFO - Setting next_dagrun for example_branch_labels to 2022-08-03 00:00:00+00:00
[2022-08-04 20:07:12,433] {processor.py:171} INFO - Processing /home/airflow/.local/lib/python3.7/site-packages/airflow/example_dags/example_branch_labels.py took 0.152 seconds
[2022-08-04 20:07:45,608] {processor.py:163} INFO - Started process (PID=879) to work on /home/airflow/.local/lib/python3.7/site-packages/airflow/example_dags/example_branch_labels.py
[2022-08-04 20:07:45,613] {processor.py:642} INFO - Processing file /home/airflow/.local/lib/python3.7/site-packages/airflow/example_dags/example_branch_labels.py for tasks to queue
[2022-08-04 20:07:45,614] {logging_mixin.py:109} INFO - [2022-08-04 20:07:45,614] {dagbag.py:500} INFO - Filling up the DagBag from /home/airflow/.local/lib/python3.7/site-packages/airflow/example_dags/example_branch_labels.py
[2022-08-04 20:07:45,765] {processor.py:654} INFO - DAG(s) dict_keys(['example_branch_labels']) retrieved from /home/airflow/.local/lib/python3.7/site-packages/airflow/example_dags/example_branch_labels.py
[2022-08-04 20:07:45,810] {logging_mixin.py:109} INFO - [2022-08-04 20:07:45,810] {dag.py:2398} INFO - Sync 1 DAGs
[2022-08-04 20:07:45,873] {logging_mixin.py:109} INFO - [2022-08-04 20:07:45,873] {dag.py:2937} INFO - Setting next_dagrun for example_branch_labels to 2022-08-03 00:00:00+00:00
[2022-08-04 20:07:45,900] {processor.py:171} INFO - Processing /home/airflow/.local/lib/python3.7/site-packages/airflow/example_dags/example_branch_labels.py took 0.306 seconds
[2022-08-04 20:08:16,316] {processor.py:163} INFO - Started process (PID=922) to work on /home/airflow/.local/lib/python3.7/site-packages/airflow/example_dags/example_branch_labels.py
[2022-08-04 20:08:16,319] {processor.py:642} INFO - Processing file /home/airflow/.local/lib/python3.7/site-packages/airflow/example_dags/example_branch_labels.py for tasks to queue
[2022-08-04 20:08:16,320] {logging_mixin.py:109} INFO - [2022-08-04 20:08:16,320] {dagbag.py:500} INFO - Filling up the DagBag from /home/airflow/.local/lib/python3.7/site-packages/airflow/example_dags/example_branch_labels.py
[2022-08-04 20:08:16,471] {processor.py:654} INFO - DAG(s) dict_keys(['example_branch_labels']) retrieved from /home/airflow/.local/lib/python3.7/site-packages/airflow/example_dags/example_branch_labels.py
[2022-08-04 20:08:16,503] {logging_mixin.py:109} INFO - [2022-08-04 20:08:16,502] {dag.py:2398} INFO - Sync 1 DAGs
[2022-08-04 20:08:16,546] {logging_mixin.py:109} INFO - [2022-08-04 20:08:16,546] {dag.py:2937} INFO - Setting next_dagrun for example_branch_labels to 2022-08-03 00:00:00+00:00
[2022-08-04 20:08:16,565] {processor.py:171} INFO - Processing /home/airflow/.local/lib/python3.7/site-packages/airflow/example_dags/example_branch_labels.py took 0.255 seconds
[2022-08-04 20:08:51,577] {processor.py:163} INFO - Started process (PID=965) to work on /home/airflow/.local/lib/python3.7/site-packages/airflow/example_dags/example_branch_labels.py
[2022-08-04 20:08:51,580] {processor.py:642} INFO - Processing file /home/airflow/.local/lib/python3.7/site-packages/airflow/example_dags/example_branch_labels.py for tasks to queue
[2022-08-04 20:08:51,581] {logging_mixin.py:109} INFO - [2022-08-04 20:08:51,581] {dagbag.py:500} INFO - Filling up the DagBag from /home/airflow/.local/lib/python3.7/site-packages/airflow/example_dags/example_branch_labels.py
[2022-08-04 20:08:51,651] {processor.py:654} INFO - DAG(s) dict_keys(['example_branch_labels']) retrieved from /home/airflow/.local/lib/python3.7/site-packages/airflow/example_dags/example_branch_labels.py
[2022-08-04 20:08:51,685] {logging_mixin.py:109} INFO - [2022-08-04 20:08:51,685] {dag.py:2398} INFO - Sync 1 DAGs
[2022-08-04 20:08:51,723] {logging_mixin.py:109} INFO - [2022-08-04 20:08:51,723] {dag.py:2937} INFO - Setting next_dagrun for example_branch_labels to 2022-08-03 00:00:00+00:00
[2022-08-04 20:08:51,742] {processor.py:171} INFO - Processing /home/airflow/.local/lib/python3.7/site-packages/airflow/example_dags/example_branch_labels.py took 0.172 seconds
[2022-08-04 20:09:21,910] {processor.py:163} INFO - Started process (PID=1018) to work on /home/airflow/.local/lib/python3.7/site-packages/airflow/example_dags/example_branch_labels.py
[2022-08-04 20:09:21,913] {processor.py:642} INFO - Processing file /home/airflow/.local/lib/python3.7/site-packages/airflow/example_dags/example_branch_labels.py for tasks to queue
[2022-08-04 20:09:21,916] {logging_mixin.py:109} INFO - [2022-08-04 20:09:21,916] {dagbag.py:500} INFO - Filling up the DagBag from /home/airflow/.local/lib/python3.7/site-packages/airflow/example_dags/example_branch_labels.py
[2022-08-04 20:09:21,982] {processor.py:654} INFO - DAG(s) dict_keys(['example_branch_labels']) retrieved from /home/airflow/.local/lib/python3.7/site-packages/airflow/example_dags/example_branch_labels.py
[2022-08-04 20:09:22,005] {logging_mixin.py:109} INFO - [2022-08-04 20:09:22,004] {dag.py:2398} INFO - Sync 1 DAGs
[2022-08-04 20:09:22,049] {logging_mixin.py:109} INFO - [2022-08-04 20:09:22,049] {dag.py:2937} INFO - Setting next_dagrun for example_branch_labels to 2022-08-03 00:00:00+00:00
[2022-08-04 20:09:22,076] {processor.py:171} INFO - Processing /home/airflow/.local/lib/python3.7/site-packages/airflow/example_dags/example_branch_labels.py took 0.173 seconds
[2022-08-04 20:09:52,117] {processor.py:163} INFO - Started process (PID=1062) to work on /home/airflow/.local/lib/python3.7/site-packages/airflow/example_dags/example_branch_labels.py
[2022-08-04 20:09:52,119] {processor.py:642} INFO - Processing file /home/airflow/.local/lib/python3.7/site-packages/airflow/example_dags/example_branch_labels.py for tasks to queue
[2022-08-04 20:09:52,120] {logging_mixin.py:109} INFO - [2022-08-04 20:09:52,120] {dagbag.py:500} INFO - Filling up the DagBag from /home/airflow/.local/lib/python3.7/site-packages/airflow/example_dags/example_branch_labels.py
[2022-08-04 20:09:52,158] {processor.py:654} INFO - DAG(s) dict_keys(['example_branch_labels']) retrieved from /home/airflow/.local/lib/python3.7/site-packages/airflow/example_dags/example_branch_labels.py
[2022-08-04 20:09:52,171] {logging_mixin.py:109} INFO - [2022-08-04 20:09:52,171] {dag.py:2398} INFO - Sync 1 DAGs
[2022-08-04 20:09:52,191] {logging_mixin.py:109} INFO - [2022-08-04 20:09:52,191] {dag.py:2937} INFO - Setting next_dagrun for example_branch_labels to 2022-08-03 00:00:00+00:00
[2022-08-04 20:09:52,201] {processor.py:171} INFO - Processing /home/airflow/.local/lib/python3.7/site-packages/airflow/example_dags/example_branch_labels.py took 0.087 seconds
[2022-08-04 20:10:22,573] {processor.py:163} INFO - Started process (PID=1111) to work on /home/airflow/.local/lib/python3.7/site-packages/airflow/example_dags/example_branch_labels.py
[2022-08-04 20:10:22,576] {processor.py:642} INFO - Processing file /home/airflow/.local/lib/python3.7/site-packages/airflow/example_dags/example_branch_labels.py for tasks to queue
[2022-08-04 20:10:22,578] {logging_mixin.py:109} INFO - [2022-08-04 20:10:22,578] {dagbag.py:500} INFO - Filling up the DagBag from /home/airflow/.local/lib/python3.7/site-packages/airflow/example_dags/example_branch_labels.py
[2022-08-04 20:10:22,648] {processor.py:654} INFO - DAG(s) dict_keys(['example_branch_labels']) retrieved from /home/airflow/.local/lib/python3.7/site-packages/airflow/example_dags/example_branch_labels.py
[2022-08-04 20:10:22,665] {logging_mixin.py:109} INFO - [2022-08-04 20:10:22,665] {dag.py:2398} INFO - Sync 1 DAGs
[2022-08-04 20:10:22,694] {logging_mixin.py:109} INFO - [2022-08-04 20:10:22,694] {dag.py:2937} INFO - Setting next_dagrun for example_branch_labels to 2022-08-03 00:00:00+00:00
[2022-08-04 20:10:22,708] {processor.py:171} INFO - Processing /home/airflow/.local/lib/python3.7/site-packages/airflow/example_dags/example_branch_labels.py took 0.143 seconds
[2022-08-04 20:10:53,023] {processor.py:163} INFO - Started process (PID=1163) to work on /home/airflow/.local/lib/python3.7/site-packages/airflow/example_dags/example_branch_labels.py
[2022-08-04 20:10:53,042] {processor.py:642} INFO - Processing file /home/airflow/.local/lib/python3.7/site-packages/airflow/example_dags/example_branch_labels.py for tasks to queue
[2022-08-04 20:10:53,047] {logging_mixin.py:109} INFO - [2022-08-04 20:10:53,047] {dagbag.py:500} INFO - Filling up the DagBag from /home/airflow/.local/lib/python3.7/site-packages/airflow/example_dags/example_branch_labels.py
[2022-08-04 20:10:53,425] {processor.py:654} INFO - DAG(s) dict_keys(['example_branch_labels']) retrieved from /home/airflow/.local/lib/python3.7/site-packages/airflow/example_dags/example_branch_labels.py
[2022-08-04 20:10:53,488] {logging_mixin.py:109} INFO - [2022-08-04 20:10:53,486] {dag.py:2398} INFO - Sync 1 DAGs
[2022-08-04 20:10:53,564] {logging_mixin.py:109} INFO - [2022-08-04 20:10:53,563] {dag.py:2937} INFO - Setting next_dagrun for example_branch_labels to 2022-08-03 00:00:00+00:00
[2022-08-04 20:10:53,594] {processor.py:171} INFO - Processing /home/airflow/.local/lib/python3.7/site-packages/airflow/example_dags/example_branch_labels.py took 0.589 seconds
[2022-08-04 20:11:26,755] {processor.py:163} INFO - Started process (PID=1207) to work on /home/airflow/.local/lib/python3.7/site-packages/airflow/example_dags/example_branch_labels.py
[2022-08-04 20:11:26,759] {processor.py:642} INFO - Processing file /home/airflow/.local/lib/python3.7/site-packages/airflow/example_dags/example_branch_labels.py for tasks to queue
[2022-08-04 20:11:26,761] {logging_mixin.py:109} INFO - [2022-08-04 20:11:26,760] {dagbag.py:500} INFO - Filling up the DagBag from /home/airflow/.local/lib/python3.7/site-packages/airflow/example_dags/example_branch_labels.py
[2022-08-04 20:11:26,838] {processor.py:654} INFO - DAG(s) dict_keys(['example_branch_labels']) retrieved from /home/airflow/.local/lib/python3.7/site-packages/airflow/example_dags/example_branch_labels.py
[2022-08-04 20:11:26,860] {logging_mixin.py:109} INFO - [2022-08-04 20:11:26,860] {dag.py:2398} INFO - Sync 1 DAGs
[2022-08-04 20:11:26,900] {logging_mixin.py:109} INFO - [2022-08-04 20:11:26,900] {dag.py:2937} INFO - Setting next_dagrun for example_branch_labels to 2022-08-03 00:00:00+00:00
[2022-08-04 20:11:26,917] {processor.py:171} INFO - Processing /home/airflow/.local/lib/python3.7/site-packages/airflow/example_dags/example_branch_labels.py took 0.170 seconds
