[2022-08-04 19:50:20,779] {processor.py:163} INFO - Started process (PID=58) to work on /home/airflow/.local/lib/python3.7/site-packages/airflow/example_dags/example_branch_operator.py
[2022-08-04 19:50:20,783] {processor.py:642} INFO - Processing file /home/airflow/.local/lib/python3.7/site-packages/airflow/example_dags/example_branch_operator.py for tasks to queue
[2022-08-04 19:50:20,784] {logging_mixin.py:109} INFO - [2022-08-04 19:50:20,784] {dagbag.py:500} INFO - Filling up the DagBag from /home/airflow/.local/lib/python3.7/site-packages/airflow/example_dags/example_branch_operator.py
[2022-08-04 19:50:20,868] {processor.py:654} INFO - DAG(s) dict_keys(['example_branch_operator']) retrieved from /home/airflow/.local/lib/python3.7/site-packages/airflow/example_dags/example_branch_operator.py
[2022-08-04 19:50:20,893] {logging_mixin.py:109} INFO - [2022-08-04 19:50:20,892] {dag.py:2398} INFO - Sync 1 DAGs
[2022-08-04 19:50:20,923] {logging_mixin.py:109} INFO - [2022-08-04 19:50:20,923] {dag.py:2937} INFO - Setting next_dagrun for example_branch_operator to 2022-08-03 00:00:00+00:00
[2022-08-04 19:50:20,940] {processor.py:171} INFO - Processing /home/airflow/.local/lib/python3.7/site-packages/airflow/example_dags/example_branch_operator.py took 0.171 seconds
[2022-08-04 19:50:51,719] {processor.py:163} INFO - Started process (PID=108) to work on /home/airflow/.local/lib/python3.7/site-packages/airflow/example_dags/example_branch_operator.py
[2022-08-04 19:50:51,721] {processor.py:642} INFO - Processing file /home/airflow/.local/lib/python3.7/site-packages/airflow/example_dags/example_branch_operator.py for tasks to queue
[2022-08-04 19:50:51,722] {logging_mixin.py:109} INFO - [2022-08-04 19:50:51,721] {dagbag.py:500} INFO - Filling up the DagBag from /home/airflow/.local/lib/python3.7/site-packages/airflow/example_dags/example_branch_operator.py
[2022-08-04 19:50:51,777] {processor.py:654} INFO - DAG(s) dict_keys(['example_branch_operator']) retrieved from /home/airflow/.local/lib/python3.7/site-packages/airflow/example_dags/example_branch_operator.py
[2022-08-04 19:50:51,798] {logging_mixin.py:109} INFO - [2022-08-04 19:50:51,798] {dag.py:2398} INFO - Sync 1 DAGs
[2022-08-04 19:50:51,836] {logging_mixin.py:109} INFO - [2022-08-04 19:50:51,836] {dag.py:2937} INFO - Setting next_dagrun for example_branch_operator to 2022-08-03 00:00:00+00:00
[2022-08-04 19:50:51,854] {processor.py:171} INFO - Processing /home/airflow/.local/lib/python3.7/site-packages/airflow/example_dags/example_branch_operator.py took 0.141 seconds
[2022-08-04 19:51:22,781] {processor.py:163} INFO - Started process (PID=160) to work on /home/airflow/.local/lib/python3.7/site-packages/airflow/example_dags/example_branch_operator.py
[2022-08-04 19:51:22,783] {processor.py:642} INFO - Processing file /home/airflow/.local/lib/python3.7/site-packages/airflow/example_dags/example_branch_operator.py for tasks to queue
[2022-08-04 19:51:22,784] {logging_mixin.py:109} INFO - [2022-08-04 19:51:22,783] {dagbag.py:500} INFO - Filling up the DagBag from /home/airflow/.local/lib/python3.7/site-packages/airflow/example_dags/example_branch_operator.py
[2022-08-04 19:51:22,840] {processor.py:654} INFO - DAG(s) dict_keys(['example_branch_operator']) retrieved from /home/airflow/.local/lib/python3.7/site-packages/airflow/example_dags/example_branch_operator.py
[2022-08-04 19:51:22,860] {logging_mixin.py:109} INFO - [2022-08-04 19:51:22,860] {dag.py:2398} INFO - Sync 1 DAGs
[2022-08-04 19:51:22,886] {logging_mixin.py:109} INFO - [2022-08-04 19:51:22,886] {dag.py:2937} INFO - Setting next_dagrun for example_branch_operator to 2022-08-03 00:00:00+00:00
[2022-08-04 19:51:22,900] {processor.py:171} INFO - Processing /home/airflow/.local/lib/python3.7/site-packages/airflow/example_dags/example_branch_operator.py took 0.125 seconds
[2022-08-04 19:51:54,623] {processor.py:163} INFO - Started process (PID=213) to work on /home/airflow/.local/lib/python3.7/site-packages/airflow/example_dags/example_branch_operator.py
[2022-08-04 19:51:54,625] {processor.py:642} INFO - Processing file /home/airflow/.local/lib/python3.7/site-packages/airflow/example_dags/example_branch_operator.py for tasks to queue
[2022-08-04 19:51:54,627] {logging_mixin.py:109} INFO - [2022-08-04 19:51:54,626] {dagbag.py:500} INFO - Filling up the DagBag from /home/airflow/.local/lib/python3.7/site-packages/airflow/example_dags/example_branch_operator.py
[2022-08-04 19:51:54,700] {processor.py:654} INFO - DAG(s) dict_keys(['example_branch_operator']) retrieved from /home/airflow/.local/lib/python3.7/site-packages/airflow/example_dags/example_branch_operator.py
[2022-08-04 19:51:54,726] {logging_mixin.py:109} INFO - [2022-08-04 19:51:54,726] {dag.py:2398} INFO - Sync 1 DAGs
[2022-08-04 19:51:54,773] {logging_mixin.py:109} INFO - [2022-08-04 19:51:54,772] {dag.py:2937} INFO - Setting next_dagrun for example_branch_operator to 2022-08-03 00:00:00+00:00
[2022-08-04 19:51:54,796] {processor.py:171} INFO - Processing /home/airflow/.local/lib/python3.7/site-packages/airflow/example_dags/example_branch_operator.py took 0.179 seconds
[2022-08-04 19:52:26,599] {processor.py:163} INFO - Started process (PID=266) to work on /home/airflow/.local/lib/python3.7/site-packages/airflow/example_dags/example_branch_operator.py
[2022-08-04 19:52:26,601] {processor.py:642} INFO - Processing file /home/airflow/.local/lib/python3.7/site-packages/airflow/example_dags/example_branch_operator.py for tasks to queue
[2022-08-04 19:52:26,602] {logging_mixin.py:109} INFO - [2022-08-04 19:52:26,602] {dagbag.py:500} INFO - Filling up the DagBag from /home/airflow/.local/lib/python3.7/site-packages/airflow/example_dags/example_branch_operator.py
[2022-08-04 19:52:26,675] {processor.py:654} INFO - DAG(s) dict_keys(['example_branch_operator']) retrieved from /home/airflow/.local/lib/python3.7/site-packages/airflow/example_dags/example_branch_operator.py
[2022-08-04 19:52:26,703] {logging_mixin.py:109} INFO - [2022-08-04 19:52:26,703] {dag.py:2398} INFO - Sync 1 DAGs
[2022-08-04 19:52:26,744] {logging_mixin.py:109} INFO - [2022-08-04 19:52:26,744] {dag.py:2937} INFO - Setting next_dagrun for example_branch_operator to 2022-08-03 00:00:00+00:00
[2022-08-04 19:52:26,763] {processor.py:171} INFO - Processing /home/airflow/.local/lib/python3.7/site-packages/airflow/example_dags/example_branch_operator.py took 0.171 seconds
[2022-08-04 19:52:59,295] {processor.py:163} INFO - Started process (PID=309) to work on /home/airflow/.local/lib/python3.7/site-packages/airflow/example_dags/example_branch_operator.py
[2022-08-04 19:52:59,297] {processor.py:642} INFO - Processing file /home/airflow/.local/lib/python3.7/site-packages/airflow/example_dags/example_branch_operator.py for tasks to queue
[2022-08-04 19:52:59,298] {logging_mixin.py:109} INFO - [2022-08-04 19:52:59,297] {dagbag.py:500} INFO - Filling up the DagBag from /home/airflow/.local/lib/python3.7/site-packages/airflow/example_dags/example_branch_operator.py
[2022-08-04 19:52:59,432] {processor.py:654} INFO - DAG(s) dict_keys(['example_branch_operator']) retrieved from /home/airflow/.local/lib/python3.7/site-packages/airflow/example_dags/example_branch_operator.py
[2022-08-04 19:52:59,456] {logging_mixin.py:109} INFO - [2022-08-04 19:52:59,455] {dag.py:2398} INFO - Sync 1 DAGs
[2022-08-04 19:52:59,488] {logging_mixin.py:109} INFO - [2022-08-04 19:52:59,487] {dag.py:2937} INFO - Setting next_dagrun for example_branch_operator to 2022-08-03 00:00:00+00:00
[2022-08-04 19:52:59,515] {processor.py:171} INFO - Processing /home/airflow/.local/lib/python3.7/site-packages/airflow/example_dags/example_branch_operator.py took 0.228 seconds
[2022-08-04 19:58:51,574] {processor.py:163} INFO - Started process (PID=58) to work on /home/airflow/.local/lib/python3.7/site-packages/airflow/example_dags/example_branch_operator.py
[2022-08-04 19:58:51,576] {processor.py:642} INFO - Processing file /home/airflow/.local/lib/python3.7/site-packages/airflow/example_dags/example_branch_operator.py for tasks to queue
[2022-08-04 19:58:51,577] {logging_mixin.py:109} INFO - [2022-08-04 19:58:51,577] {dagbag.py:500} INFO - Filling up the DagBag from /home/airflow/.local/lib/python3.7/site-packages/airflow/example_dags/example_branch_operator.py
[2022-08-04 19:58:51,630] {processor.py:654} INFO - DAG(s) dict_keys(['example_branch_operator']) retrieved from /home/airflow/.local/lib/python3.7/site-packages/airflow/example_dags/example_branch_operator.py
[2022-08-04 19:58:51,646] {logging_mixin.py:109} INFO - [2022-08-04 19:58:51,646] {dag.py:2398} INFO - Sync 1 DAGs
[2022-08-04 19:58:51,682] {logging_mixin.py:109} INFO - [2022-08-04 19:58:51,682] {dag.py:2937} INFO - Setting next_dagrun for example_branch_operator to 2022-08-03 00:00:00+00:00
[2022-08-04 19:58:51,700] {processor.py:171} INFO - Processing /home/airflow/.local/lib/python3.7/site-packages/airflow/example_dags/example_branch_operator.py took 0.131 seconds
[2022-08-04 19:59:22,602] {processor.py:163} INFO - Started process (PID=111) to work on /home/airflow/.local/lib/python3.7/site-packages/airflow/example_dags/example_branch_operator.py
[2022-08-04 19:59:22,604] {processor.py:642} INFO - Processing file /home/airflow/.local/lib/python3.7/site-packages/airflow/example_dags/example_branch_operator.py for tasks to queue
[2022-08-04 19:59:22,604] {logging_mixin.py:109} INFO - [2022-08-04 19:59:22,604] {dagbag.py:500} INFO - Filling up the DagBag from /home/airflow/.local/lib/python3.7/site-packages/airflow/example_dags/example_branch_operator.py
[2022-08-04 19:59:22,648] {processor.py:654} INFO - DAG(s) dict_keys(['example_branch_operator']) retrieved from /home/airflow/.local/lib/python3.7/site-packages/airflow/example_dags/example_branch_operator.py
[2022-08-04 19:59:22,663] {logging_mixin.py:109} INFO - [2022-08-04 19:59:22,663] {dag.py:2398} INFO - Sync 1 DAGs
[2022-08-04 19:59:22,686] {logging_mixin.py:109} INFO - [2022-08-04 19:59:22,686] {dag.py:2937} INFO - Setting next_dagrun for example_branch_operator to 2022-08-03 00:00:00+00:00
[2022-08-04 19:59:22,697] {processor.py:171} INFO - Processing /home/airflow/.local/lib/python3.7/site-packages/airflow/example_dags/example_branch_operator.py took 0.100 seconds
[2022-08-04 19:59:53,644] {processor.py:163} INFO - Started process (PID=163) to work on /home/airflow/.local/lib/python3.7/site-packages/airflow/example_dags/example_branch_operator.py
[2022-08-04 19:59:53,646] {processor.py:642} INFO - Processing file /home/airflow/.local/lib/python3.7/site-packages/airflow/example_dags/example_branch_operator.py for tasks to queue
[2022-08-04 19:59:53,647] {logging_mixin.py:109} INFO - [2022-08-04 19:59:53,647] {dagbag.py:500} INFO - Filling up the DagBag from /home/airflow/.local/lib/python3.7/site-packages/airflow/example_dags/example_branch_operator.py
[2022-08-04 19:59:53,703] {processor.py:654} INFO - DAG(s) dict_keys(['example_branch_operator']) retrieved from /home/airflow/.local/lib/python3.7/site-packages/airflow/example_dags/example_branch_operator.py
[2022-08-04 19:59:53,724] {logging_mixin.py:109} INFO - [2022-08-04 19:59:53,724] {dag.py:2398} INFO - Sync 1 DAGs
[2022-08-04 19:59:53,755] {logging_mixin.py:109} INFO - [2022-08-04 19:59:53,755] {dag.py:2937} INFO - Setting next_dagrun for example_branch_operator to 2022-08-03 00:00:00+00:00
[2022-08-04 19:59:53,771] {processor.py:171} INFO - Processing /home/airflow/.local/lib/python3.7/site-packages/airflow/example_dags/example_branch_operator.py took 0.131 seconds
[2022-08-04 20:00:33,882] {processor.py:163} INFO - Started process (PID=216) to work on /home/airflow/.local/lib/python3.7/site-packages/airflow/example_dags/example_branch_operator.py
[2022-08-04 20:00:33,885] {processor.py:642} INFO - Processing file /home/airflow/.local/lib/python3.7/site-packages/airflow/example_dags/example_branch_operator.py for tasks to queue
[2022-08-04 20:00:33,886] {logging_mixin.py:109} INFO - [2022-08-04 20:00:33,886] {dagbag.py:500} INFO - Filling up the DagBag from /home/airflow/.local/lib/python3.7/site-packages/airflow/example_dags/example_branch_operator.py
[2022-08-04 20:00:34,021] {processor.py:654} INFO - DAG(s) dict_keys(['example_branch_operator']) retrieved from /home/airflow/.local/lib/python3.7/site-packages/airflow/example_dags/example_branch_operator.py
[2022-08-04 20:00:34,066] {logging_mixin.py:109} INFO - [2022-08-04 20:00:34,065] {dag.py:2398} INFO - Sync 1 DAGs
[2022-08-04 20:00:34,132] {logging_mixin.py:109} INFO - [2022-08-04 20:00:34,132] {dag.py:2937} INFO - Setting next_dagrun for example_branch_operator to 2022-08-03 00:00:00+00:00
[2022-08-04 20:00:34,169] {processor.py:171} INFO - Processing /home/airflow/.local/lib/python3.7/site-packages/airflow/example_dags/example_branch_operator.py took 0.295 seconds
[2022-08-04 20:01:07,573] {processor.py:163} INFO - Started process (PID=268) to work on /home/airflow/.local/lib/python3.7/site-packages/airflow/example_dags/example_branch_operator.py
[2022-08-04 20:01:07,576] {processor.py:642} INFO - Processing file /home/airflow/.local/lib/python3.7/site-packages/airflow/example_dags/example_branch_operator.py for tasks to queue
[2022-08-04 20:01:07,578] {logging_mixin.py:109} INFO - [2022-08-04 20:01:07,577] {dagbag.py:500} INFO - Filling up the DagBag from /home/airflow/.local/lib/python3.7/site-packages/airflow/example_dags/example_branch_operator.py
[2022-08-04 20:01:07,701] {processor.py:654} INFO - DAG(s) dict_keys(['example_branch_operator']) retrieved from /home/airflow/.local/lib/python3.7/site-packages/airflow/example_dags/example_branch_operator.py
[2022-08-04 20:01:07,730] {logging_mixin.py:109} INFO - [2022-08-04 20:01:07,729] {dag.py:2398} INFO - Sync 1 DAGs
[2022-08-04 20:01:07,775] {logging_mixin.py:109} INFO - [2022-08-04 20:01:07,775] {dag.py:2937} INFO - Setting next_dagrun for example_branch_operator to 2022-08-03 00:00:00+00:00
[2022-08-04 20:01:07,793] {processor.py:171} INFO - Processing /home/airflow/.local/lib/python3.7/site-packages/airflow/example_dags/example_branch_operator.py took 0.234 seconds
[2022-08-04 20:01:39,063] {processor.py:163} INFO - Started process (PID=321) to work on /home/airflow/.local/lib/python3.7/site-packages/airflow/example_dags/example_branch_operator.py
[2022-08-04 20:01:39,066] {processor.py:642} INFO - Processing file /home/airflow/.local/lib/python3.7/site-packages/airflow/example_dags/example_branch_operator.py for tasks to queue
[2022-08-04 20:01:39,069] {logging_mixin.py:109} INFO - [2022-08-04 20:01:39,069] {dagbag.py:500} INFO - Filling up the DagBag from /home/airflow/.local/lib/python3.7/site-packages/airflow/example_dags/example_branch_operator.py
[2022-08-04 20:01:39,163] {processor.py:654} INFO - DAG(s) dict_keys(['example_branch_operator']) retrieved from /home/airflow/.local/lib/python3.7/site-packages/airflow/example_dags/example_branch_operator.py
[2022-08-04 20:01:39,196] {logging_mixin.py:109} INFO - [2022-08-04 20:01:39,196] {dag.py:2398} INFO - Sync 1 DAGs
[2022-08-04 20:01:39,255] {logging_mixin.py:109} INFO - [2022-08-04 20:01:39,253] {dag.py:2937} INFO - Setting next_dagrun for example_branch_operator to 2022-08-03 00:00:00+00:00
[2022-08-04 20:01:39,289] {processor.py:171} INFO - Processing /home/airflow/.local/lib/python3.7/site-packages/airflow/example_dags/example_branch_operator.py took 0.233 seconds
[2022-08-04 20:02:09,690] {processor.py:163} INFO - Started process (PID=364) to work on /home/airflow/.local/lib/python3.7/site-packages/airflow/example_dags/example_branch_operator.py
[2022-08-04 20:02:09,692] {processor.py:642} INFO - Processing file /home/airflow/.local/lib/python3.7/site-packages/airflow/example_dags/example_branch_operator.py for tasks to queue
[2022-08-04 20:02:09,693] {logging_mixin.py:109} INFO - [2022-08-04 20:02:09,693] {dagbag.py:500} INFO - Filling up the DagBag from /home/airflow/.local/lib/python3.7/site-packages/airflow/example_dags/example_branch_operator.py
[2022-08-04 20:02:09,788] {processor.py:654} INFO - DAG(s) dict_keys(['example_branch_operator']) retrieved from /home/airflow/.local/lib/python3.7/site-packages/airflow/example_dags/example_branch_operator.py
[2022-08-04 20:02:09,809] {logging_mixin.py:109} INFO - [2022-08-04 20:02:09,809] {dag.py:2398} INFO - Sync 1 DAGs
[2022-08-04 20:02:09,843] {logging_mixin.py:109} INFO - [2022-08-04 20:02:09,843] {dag.py:2937} INFO - Setting next_dagrun for example_branch_operator to 2022-08-03 00:00:00+00:00
[2022-08-04 20:02:09,860] {processor.py:171} INFO - Processing /home/airflow/.local/lib/python3.7/site-packages/airflow/example_dags/example_branch_operator.py took 0.174 seconds
[2022-08-04 20:02:40,210] {processor.py:163} INFO - Started process (PID=415) to work on /home/airflow/.local/lib/python3.7/site-packages/airflow/example_dags/example_branch_operator.py
[2022-08-04 20:02:40,212] {processor.py:642} INFO - Processing file /home/airflow/.local/lib/python3.7/site-packages/airflow/example_dags/example_branch_operator.py for tasks to queue
[2022-08-04 20:02:40,214] {logging_mixin.py:109} INFO - [2022-08-04 20:02:40,213] {dagbag.py:500} INFO - Filling up the DagBag from /home/airflow/.local/lib/python3.7/site-packages/airflow/example_dags/example_branch_operator.py
[2022-08-04 20:02:40,261] {processor.py:654} INFO - DAG(s) dict_keys(['example_branch_operator']) retrieved from /home/airflow/.local/lib/python3.7/site-packages/airflow/example_dags/example_branch_operator.py
[2022-08-04 20:02:40,282] {logging_mixin.py:109} INFO - [2022-08-04 20:02:40,282] {dag.py:2398} INFO - Sync 1 DAGs
[2022-08-04 20:02:40,310] {logging_mixin.py:109} INFO - [2022-08-04 20:02:40,309] {dag.py:2937} INFO - Setting next_dagrun for example_branch_operator to 2022-08-03 00:00:00+00:00
[2022-08-04 20:02:40,327] {processor.py:171} INFO - Processing /home/airflow/.local/lib/python3.7/site-packages/airflow/example_dags/example_branch_operator.py took 0.123 seconds
[2022-08-04 20:03:21,121] {processor.py:163} INFO - Started process (PID=472) to work on /home/airflow/.local/lib/python3.7/site-packages/airflow/example_dags/example_branch_operator.py
[2022-08-04 20:03:21,124] {processor.py:642} INFO - Processing file /home/airflow/.local/lib/python3.7/site-packages/airflow/example_dags/example_branch_operator.py for tasks to queue
[2022-08-04 20:03:21,125] {logging_mixin.py:109} INFO - [2022-08-04 20:03:21,125] {dagbag.py:500} INFO - Filling up the DagBag from /home/airflow/.local/lib/python3.7/site-packages/airflow/example_dags/example_branch_operator.py
[2022-08-04 20:03:21,210] {processor.py:654} INFO - DAG(s) dict_keys(['example_branch_operator']) retrieved from /home/airflow/.local/lib/python3.7/site-packages/airflow/example_dags/example_branch_operator.py
[2022-08-04 20:03:21,241] {logging_mixin.py:109} INFO - [2022-08-04 20:03:21,241] {dag.py:2398} INFO - Sync 1 DAGs
[2022-08-04 20:03:21,285] {logging_mixin.py:109} INFO - [2022-08-04 20:03:21,284] {dag.py:2937} INFO - Setting next_dagrun for example_branch_operator to 2022-08-03 00:00:00+00:00
[2022-08-04 20:03:21,311] {processor.py:171} INFO - Processing /home/airflow/.local/lib/python3.7/site-packages/airflow/example_dags/example_branch_operator.py took 0.197 seconds
[2022-08-04 20:03:53,478] {processor.py:163} INFO - Started process (PID=526) to work on /home/airflow/.local/lib/python3.7/site-packages/airflow/example_dags/example_branch_operator.py
[2022-08-04 20:03:53,490] {processor.py:642} INFO - Processing file /home/airflow/.local/lib/python3.7/site-packages/airflow/example_dags/example_branch_operator.py for tasks to queue
[2022-08-04 20:03:53,491] {logging_mixin.py:109} INFO - [2022-08-04 20:03:53,491] {dagbag.py:500} INFO - Filling up the DagBag from /home/airflow/.local/lib/python3.7/site-packages/airflow/example_dags/example_branch_operator.py
[2022-08-04 20:03:53,750] {processor.py:654} INFO - DAG(s) dict_keys(['example_branch_operator']) retrieved from /home/airflow/.local/lib/python3.7/site-packages/airflow/example_dags/example_branch_operator.py
[2022-08-04 20:03:53,781] {logging_mixin.py:109} INFO - [2022-08-04 20:03:53,780] {dag.py:2398} INFO - Sync 1 DAGs
[2022-08-04 20:03:53,830] {logging_mixin.py:109} INFO - [2022-08-04 20:03:53,830] {dag.py:2937} INFO - Setting next_dagrun for example_branch_operator to 2022-08-03 00:00:00+00:00
[2022-08-04 20:03:53,871] {processor.py:171} INFO - Processing /home/airflow/.local/lib/python3.7/site-packages/airflow/example_dags/example_branch_operator.py took 0.412 seconds
[2022-08-04 20:04:24,722] {processor.py:163} INFO - Started process (PID=578) to work on /home/airflow/.local/lib/python3.7/site-packages/airflow/example_dags/example_branch_operator.py
[2022-08-04 20:04:24,724] {processor.py:642} INFO - Processing file /home/airflow/.local/lib/python3.7/site-packages/airflow/example_dags/example_branch_operator.py for tasks to queue
[2022-08-04 20:04:24,725] {logging_mixin.py:109} INFO - [2022-08-04 20:04:24,725] {dagbag.py:500} INFO - Filling up the DagBag from /home/airflow/.local/lib/python3.7/site-packages/airflow/example_dags/example_branch_operator.py
[2022-08-04 20:04:24,787] {processor.py:654} INFO - DAG(s) dict_keys(['example_branch_operator']) retrieved from /home/airflow/.local/lib/python3.7/site-packages/airflow/example_dags/example_branch_operator.py
[2022-08-04 20:04:24,808] {logging_mixin.py:109} INFO - [2022-08-04 20:04:24,807] {dag.py:2398} INFO - Sync 1 DAGs
[2022-08-04 20:04:24,846] {logging_mixin.py:109} INFO - [2022-08-04 20:04:24,845] {dag.py:2937} INFO - Setting next_dagrun for example_branch_operator to 2022-08-03 00:00:00+00:00
[2022-08-04 20:04:24,864] {processor.py:171} INFO - Processing /home/airflow/.local/lib/python3.7/site-packages/airflow/example_dags/example_branch_operator.py took 0.148 seconds
[2022-08-04 20:04:58,167] {processor.py:163} INFO - Started process (PID=623) to work on /home/airflow/.local/lib/python3.7/site-packages/airflow/example_dags/example_branch_operator.py
[2022-08-04 20:04:58,171] {processor.py:642} INFO - Processing file /home/airflow/.local/lib/python3.7/site-packages/airflow/example_dags/example_branch_operator.py for tasks to queue
[2022-08-04 20:04:58,172] {logging_mixin.py:109} INFO - [2022-08-04 20:04:58,172] {dagbag.py:500} INFO - Filling up the DagBag from /home/airflow/.local/lib/python3.7/site-packages/airflow/example_dags/example_branch_operator.py
[2022-08-04 20:04:58,344] {processor.py:654} INFO - DAG(s) dict_keys(['example_branch_operator']) retrieved from /home/airflow/.local/lib/python3.7/site-packages/airflow/example_dags/example_branch_operator.py
[2022-08-04 20:04:58,370] {logging_mixin.py:109} INFO - [2022-08-04 20:04:58,370] {dag.py:2398} INFO - Sync 1 DAGs
[2022-08-04 20:04:58,408] {logging_mixin.py:109} INFO - [2022-08-04 20:04:58,407] {dag.py:2937} INFO - Setting next_dagrun for example_branch_operator to 2022-08-03 00:00:00+00:00
[2022-08-04 20:04:58,427] {processor.py:171} INFO - Processing /home/airflow/.local/lib/python3.7/site-packages/airflow/example_dags/example_branch_operator.py took 0.269 seconds
[2022-08-04 20:05:30,565] {processor.py:163} INFO - Started process (PID=679) to work on /home/airflow/.local/lib/python3.7/site-packages/airflow/example_dags/example_branch_operator.py
[2022-08-04 20:05:30,568] {processor.py:642} INFO - Processing file /home/airflow/.local/lib/python3.7/site-packages/airflow/example_dags/example_branch_operator.py for tasks to queue
[2022-08-04 20:05:30,569] {logging_mixin.py:109} INFO - [2022-08-04 20:05:30,569] {dagbag.py:500} INFO - Filling up the DagBag from /home/airflow/.local/lib/python3.7/site-packages/airflow/example_dags/example_branch_operator.py
[2022-08-04 20:05:30,633] {processor.py:654} INFO - DAG(s) dict_keys(['example_branch_operator']) retrieved from /home/airflow/.local/lib/python3.7/site-packages/airflow/example_dags/example_branch_operator.py
[2022-08-04 20:05:30,652] {logging_mixin.py:109} INFO - [2022-08-04 20:05:30,651] {dag.py:2398} INFO - Sync 1 DAGs
[2022-08-04 20:05:30,680] {logging_mixin.py:109} INFO - [2022-08-04 20:05:30,680] {dag.py:2937} INFO - Setting next_dagrun for example_branch_operator to 2022-08-03 00:00:00+00:00
[2022-08-04 20:05:30,697] {processor.py:171} INFO - Processing /home/airflow/.local/lib/python3.7/site-packages/airflow/example_dags/example_branch_operator.py took 0.137 seconds
[2022-08-04 20:06:10,800] {processor.py:163} INFO - Started process (PID=732) to work on /home/airflow/.local/lib/python3.7/site-packages/airflow/example_dags/example_branch_operator.py
[2022-08-04 20:06:10,806] {processor.py:642} INFO - Processing file /home/airflow/.local/lib/python3.7/site-packages/airflow/example_dags/example_branch_operator.py for tasks to queue
[2022-08-04 20:06:10,808] {logging_mixin.py:109} INFO - [2022-08-04 20:06:10,807] {dagbag.py:500} INFO - Filling up the DagBag from /home/airflow/.local/lib/python3.7/site-packages/airflow/example_dags/example_branch_operator.py
[2022-08-04 20:06:11,030] {processor.py:654} INFO - DAG(s) dict_keys(['example_branch_operator']) retrieved from /home/airflow/.local/lib/python3.7/site-packages/airflow/example_dags/example_branch_operator.py
[2022-08-04 20:06:11,110] {logging_mixin.py:109} INFO - [2022-08-04 20:06:11,109] {dag.py:2398} INFO - Sync 1 DAGs
[2022-08-04 20:06:11,232] {logging_mixin.py:109} INFO - [2022-08-04 20:06:11,232] {dag.py:2937} INFO - Setting next_dagrun for example_branch_operator to 2022-08-03 00:00:00+00:00
[2022-08-04 20:06:11,273] {processor.py:171} INFO - Processing /home/airflow/.local/lib/python3.7/site-packages/airflow/example_dags/example_branch_operator.py took 0.483 seconds
[2022-08-04 20:06:41,836] {processor.py:163} INFO - Started process (PID=785) to work on /home/airflow/.local/lib/python3.7/site-packages/airflow/example_dags/example_branch_operator.py
[2022-08-04 20:06:41,839] {processor.py:642} INFO - Processing file /home/airflow/.local/lib/python3.7/site-packages/airflow/example_dags/example_branch_operator.py for tasks to queue
[2022-08-04 20:06:41,840] {logging_mixin.py:109} INFO - [2022-08-04 20:06:41,840] {dagbag.py:500} INFO - Filling up the DagBag from /home/airflow/.local/lib/python3.7/site-packages/airflow/example_dags/example_branch_operator.py
[2022-08-04 20:06:41,942] {processor.py:654} INFO - DAG(s) dict_keys(['example_branch_operator']) retrieved from /home/airflow/.local/lib/python3.7/site-packages/airflow/example_dags/example_branch_operator.py
[2022-08-04 20:06:41,968] {logging_mixin.py:109} INFO - [2022-08-04 20:06:41,967] {dag.py:2398} INFO - Sync 1 DAGs
[2022-08-04 20:06:42,009] {logging_mixin.py:109} INFO - [2022-08-04 20:06:42,009] {dag.py:2937} INFO - Setting next_dagrun for example_branch_operator to 2022-08-03 00:00:00+00:00
[2022-08-04 20:06:42,030] {processor.py:171} INFO - Processing /home/airflow/.local/lib/python3.7/site-packages/airflow/example_dags/example_branch_operator.py took 0.200 seconds
[2022-08-04 20:07:12,462] {processor.py:163} INFO - Started process (PID=828) to work on /home/airflow/.local/lib/python3.7/site-packages/airflow/example_dags/example_branch_operator.py
[2022-08-04 20:07:12,465] {processor.py:642} INFO - Processing file /home/airflow/.local/lib/python3.7/site-packages/airflow/example_dags/example_branch_operator.py for tasks to queue
[2022-08-04 20:07:12,467] {logging_mixin.py:109} INFO - [2022-08-04 20:07:12,466] {dagbag.py:500} INFO - Filling up the DagBag from /home/airflow/.local/lib/python3.7/site-packages/airflow/example_dags/example_branch_operator.py
[2022-08-04 20:07:12,548] {processor.py:654} INFO - DAG(s) dict_keys(['example_branch_operator']) retrieved from /home/airflow/.local/lib/python3.7/site-packages/airflow/example_dags/example_branch_operator.py
[2022-08-04 20:07:12,570] {logging_mixin.py:109} INFO - [2022-08-04 20:07:12,570] {dag.py:2398} INFO - Sync 1 DAGs
[2022-08-04 20:07:12,616] {logging_mixin.py:109} INFO - [2022-08-04 20:07:12,616] {dag.py:2937} INFO - Setting next_dagrun for example_branch_operator to 2022-08-03 00:00:00+00:00
[2022-08-04 20:07:12,646] {processor.py:171} INFO - Processing /home/airflow/.local/lib/python3.7/site-packages/airflow/example_dags/example_branch_operator.py took 0.192 seconds
[2022-08-04 20:07:45,977] {processor.py:163} INFO - Started process (PID=880) to work on /home/airflow/.local/lib/python3.7/site-packages/airflow/example_dags/example_branch_operator.py
[2022-08-04 20:07:45,984] {processor.py:642} INFO - Processing file /home/airflow/.local/lib/python3.7/site-packages/airflow/example_dags/example_branch_operator.py for tasks to queue
[2022-08-04 20:07:45,989] {logging_mixin.py:109} INFO - [2022-08-04 20:07:45,988] {dagbag.py:500} INFO - Filling up the DagBag from /home/airflow/.local/lib/python3.7/site-packages/airflow/example_dags/example_branch_operator.py
[2022-08-04 20:07:46,126] {processor.py:654} INFO - DAG(s) dict_keys(['example_branch_operator']) retrieved from /home/airflow/.local/lib/python3.7/site-packages/airflow/example_dags/example_branch_operator.py
[2022-08-04 20:07:46,163] {logging_mixin.py:109} INFO - [2022-08-04 20:07:46,163] {dag.py:2398} INFO - Sync 1 DAGs
[2022-08-04 20:07:46,284] {logging_mixin.py:109} INFO - [2022-08-04 20:07:46,283] {dag.py:2937} INFO - Setting next_dagrun for example_branch_operator to 2022-08-03 00:00:00+00:00
[2022-08-04 20:07:46,338] {processor.py:171} INFO - Processing /home/airflow/.local/lib/python3.7/site-packages/airflow/example_dags/example_branch_operator.py took 0.375 seconds
[2022-08-04 20:08:16,632] {processor.py:163} INFO - Started process (PID=924) to work on /home/airflow/.local/lib/python3.7/site-packages/airflow/example_dags/example_branch_operator.py
[2022-08-04 20:08:16,635] {processor.py:642} INFO - Processing file /home/airflow/.local/lib/python3.7/site-packages/airflow/example_dags/example_branch_operator.py for tasks to queue
[2022-08-04 20:08:16,636] {logging_mixin.py:109} INFO - [2022-08-04 20:08:16,636] {dagbag.py:500} INFO - Filling up the DagBag from /home/airflow/.local/lib/python3.7/site-packages/airflow/example_dags/example_branch_operator.py
[2022-08-04 20:08:16,692] {processor.py:654} INFO - DAG(s) dict_keys(['example_branch_operator']) retrieved from /home/airflow/.local/lib/python3.7/site-packages/airflow/example_dags/example_branch_operator.py
[2022-08-04 20:08:16,713] {logging_mixin.py:109} INFO - [2022-08-04 20:08:16,713] {dag.py:2398} INFO - Sync 1 DAGs
[2022-08-04 20:08:16,745] {logging_mixin.py:109} INFO - [2022-08-04 20:08:16,745] {dag.py:2937} INFO - Setting next_dagrun for example_branch_operator to 2022-08-03 00:00:00+00:00
[2022-08-04 20:08:16,759] {processor.py:171} INFO - Processing /home/airflow/.local/lib/python3.7/site-packages/airflow/example_dags/example_branch_operator.py took 0.134 seconds
[2022-08-04 20:08:53,670] {processor.py:163} INFO - Started process (PID=976) to work on /home/airflow/.local/lib/python3.7/site-packages/airflow/example_dags/example_branch_operator.py
[2022-08-04 20:08:53,673] {processor.py:642} INFO - Processing file /home/airflow/.local/lib/python3.7/site-packages/airflow/example_dags/example_branch_operator.py for tasks to queue
[2022-08-04 20:08:53,674] {logging_mixin.py:109} INFO - [2022-08-04 20:08:53,674] {dagbag.py:500} INFO - Filling up the DagBag from /home/airflow/.local/lib/python3.7/site-packages/airflow/example_dags/example_branch_operator.py
[2022-08-04 20:08:53,739] {processor.py:654} INFO - DAG(s) dict_keys(['example_branch_operator']) retrieved from /home/airflow/.local/lib/python3.7/site-packages/airflow/example_dags/example_branch_operator.py
[2022-08-04 20:08:53,757] {logging_mixin.py:109} INFO - [2022-08-04 20:08:53,757] {dag.py:2398} INFO - Sync 1 DAGs
[2022-08-04 20:08:53,785] {logging_mixin.py:109} INFO - [2022-08-04 20:08:53,785] {dag.py:2937} INFO - Setting next_dagrun for example_branch_operator to 2022-08-03 00:00:00+00:00
[2022-08-04 20:08:53,799] {processor.py:171} INFO - Processing /home/airflow/.local/lib/python3.7/site-packages/airflow/example_dags/example_branch_operator.py took 0.136 seconds
[2022-08-04 20:09:24,304] {processor.py:163} INFO - Started process (PID=1029) to work on /home/airflow/.local/lib/python3.7/site-packages/airflow/example_dags/example_branch_operator.py
[2022-08-04 20:09:24,307] {processor.py:642} INFO - Processing file /home/airflow/.local/lib/python3.7/site-packages/airflow/example_dags/example_branch_operator.py for tasks to queue
[2022-08-04 20:09:24,308] {logging_mixin.py:109} INFO - [2022-08-04 20:09:24,308] {dagbag.py:500} INFO - Filling up the DagBag from /home/airflow/.local/lib/python3.7/site-packages/airflow/example_dags/example_branch_operator.py
[2022-08-04 20:09:24,369] {processor.py:654} INFO - DAG(s) dict_keys(['example_branch_operator']) retrieved from /home/airflow/.local/lib/python3.7/site-packages/airflow/example_dags/example_branch_operator.py
[2022-08-04 20:09:24,386] {logging_mixin.py:109} INFO - [2022-08-04 20:09:24,386] {dag.py:2398} INFO - Sync 1 DAGs
[2022-08-04 20:09:24,413] {logging_mixin.py:109} INFO - [2022-08-04 20:09:24,413] {dag.py:2937} INFO - Setting next_dagrun for example_branch_operator to 2022-08-03 00:00:00+00:00
[2022-08-04 20:09:24,426] {processor.py:171} INFO - Processing /home/airflow/.local/lib/python3.7/site-packages/airflow/example_dags/example_branch_operator.py took 0.127 seconds
[2022-08-04 20:09:56,442] {processor.py:163} INFO - Started process (PID=1082) to work on /home/airflow/.local/lib/python3.7/site-packages/airflow/example_dags/example_branch_operator.py
[2022-08-04 20:09:56,445] {processor.py:642} INFO - Processing file /home/airflow/.local/lib/python3.7/site-packages/airflow/example_dags/example_branch_operator.py for tasks to queue
[2022-08-04 20:09:56,446] {logging_mixin.py:109} INFO - [2022-08-04 20:09:56,446] {dagbag.py:500} INFO - Filling up the DagBag from /home/airflow/.local/lib/python3.7/site-packages/airflow/example_dags/example_branch_operator.py
[2022-08-04 20:09:56,633] {processor.py:654} INFO - DAG(s) dict_keys(['example_branch_operator']) retrieved from /home/airflow/.local/lib/python3.7/site-packages/airflow/example_dags/example_branch_operator.py
[2022-08-04 20:09:56,662] {logging_mixin.py:109} INFO - [2022-08-04 20:09:56,662] {dag.py:2398} INFO - Sync 1 DAGs
[2022-08-04 20:09:56,701] {logging_mixin.py:109} INFO - [2022-08-04 20:09:56,700] {dag.py:2937} INFO - Setting next_dagrun for example_branch_operator to 2022-08-03 00:00:00+00:00
[2022-08-04 20:09:56,721] {processor.py:171} INFO - Processing /home/airflow/.local/lib/python3.7/site-packages/airflow/example_dags/example_branch_operator.py took 0.286 seconds
[2022-08-04 20:10:27,505] {processor.py:163} INFO - Started process (PID=1124) to work on /home/airflow/.local/lib/python3.7/site-packages/airflow/example_dags/example_branch_operator.py
[2022-08-04 20:10:27,507] {processor.py:642} INFO - Processing file /home/airflow/.local/lib/python3.7/site-packages/airflow/example_dags/example_branch_operator.py for tasks to queue
[2022-08-04 20:10:27,508] {logging_mixin.py:109} INFO - [2022-08-04 20:10:27,508] {dagbag.py:500} INFO - Filling up the DagBag from /home/airflow/.local/lib/python3.7/site-packages/airflow/example_dags/example_branch_operator.py
[2022-08-04 20:10:27,628] {processor.py:654} INFO - DAG(s) dict_keys(['example_branch_operator']) retrieved from /home/airflow/.local/lib/python3.7/site-packages/airflow/example_dags/example_branch_operator.py
[2022-08-04 20:10:27,645] {logging_mixin.py:109} INFO - [2022-08-04 20:10:27,645] {dag.py:2398} INFO - Sync 1 DAGs
[2022-08-04 20:10:27,672] {logging_mixin.py:109} INFO - [2022-08-04 20:10:27,671] {dag.py:2937} INFO - Setting next_dagrun for example_branch_operator to 2022-08-03 00:00:00+00:00
[2022-08-04 20:10:27,688] {processor.py:171} INFO - Processing /home/airflow/.local/lib/python3.7/site-packages/airflow/example_dags/example_branch_operator.py took 0.188 seconds
[2022-08-04 20:10:59,508] {processor.py:163} INFO - Started process (PID=1176) to work on /home/airflow/.local/lib/python3.7/site-packages/airflow/example_dags/example_branch_operator.py
[2022-08-04 20:10:59,513] {processor.py:642} INFO - Processing file /home/airflow/.local/lib/python3.7/site-packages/airflow/example_dags/example_branch_operator.py for tasks to queue
[2022-08-04 20:10:59,515] {logging_mixin.py:109} INFO - [2022-08-04 20:10:59,515] {dagbag.py:500} INFO - Filling up the DagBag from /home/airflow/.local/lib/python3.7/site-packages/airflow/example_dags/example_branch_operator.py
[2022-08-04 20:10:59,618] {processor.py:654} INFO - DAG(s) dict_keys(['example_branch_operator']) retrieved from /home/airflow/.local/lib/python3.7/site-packages/airflow/example_dags/example_branch_operator.py
[2022-08-04 20:10:59,641] {logging_mixin.py:109} INFO - [2022-08-04 20:10:59,640] {dag.py:2398} INFO - Sync 1 DAGs
[2022-08-04 20:10:59,668] {logging_mixin.py:109} INFO - [2022-08-04 20:10:59,668] {dag.py:2937} INFO - Setting next_dagrun for example_branch_operator to 2022-08-03 00:00:00+00:00
[2022-08-04 20:10:59,681] {processor.py:171} INFO - Processing /home/airflow/.local/lib/python3.7/site-packages/airflow/example_dags/example_branch_operator.py took 0.181 seconds
