[2022-08-04 19:50:18,533] {processor.py:163} INFO - Started process (PID=43) to work on /home/airflow/.local/lib/python3.7/site-packages/airflow/example_dags/example_xcom.py
[2022-08-04 19:50:18,535] {processor.py:642} INFO - Processing file /home/airflow/.local/lib/python3.7/site-packages/airflow/example_dags/example_xcom.py for tasks to queue
[2022-08-04 19:50:18,536] {logging_mixin.py:109} INFO - [2022-08-04 19:50:18,536] {dagbag.py:500} INFO - Filling up the DagBag from /home/airflow/.local/lib/python3.7/site-packages/airflow/example_dags/example_xcom.py
[2022-08-04 19:50:18,599] {processor.py:654} INFO - DAG(s) dict_keys(['example_xcom']) retrieved from /home/airflow/.local/lib/python3.7/site-packages/airflow/example_dags/example_xcom.py
[2022-08-04 19:50:19,112] {logging_mixin.py:109} INFO - [2022-08-04 19:50:19,112] {dag.py:2398} INFO - Sync 1 DAGs
[2022-08-04 19:50:19,139] {logging_mixin.py:109} INFO - [2022-08-04 19:50:19,139] {dag.py:2937} INFO - Setting next_dagrun for example_xcom to 2021-01-01T00:00:00+00:00
[2022-08-04 19:50:19,158] {processor.py:171} INFO - Processing /home/airflow/.local/lib/python3.7/site-packages/airflow/example_dags/example_xcom.py took 0.631 seconds
[2022-08-04 19:50:50,041] {processor.py:163} INFO - Started process (PID=96) to work on /home/airflow/.local/lib/python3.7/site-packages/airflow/example_dags/example_xcom.py
[2022-08-04 19:50:50,045] {processor.py:642} INFO - Processing file /home/airflow/.local/lib/python3.7/site-packages/airflow/example_dags/example_xcom.py for tasks to queue
[2022-08-04 19:50:50,047] {logging_mixin.py:109} INFO - [2022-08-04 19:50:50,047] {dagbag.py:500} INFO - Filling up the DagBag from /home/airflow/.local/lib/python3.7/site-packages/airflow/example_dags/example_xcom.py
[2022-08-04 19:50:50,106] {processor.py:654} INFO - DAG(s) dict_keys(['example_xcom']) retrieved from /home/airflow/.local/lib/python3.7/site-packages/airflow/example_dags/example_xcom.py
[2022-08-04 19:50:50,507] {logging_mixin.py:109} INFO - [2022-08-04 19:50:50,507] {dag.py:2398} INFO - Sync 1 DAGs
[2022-08-04 19:50:50,528] {logging_mixin.py:109} INFO - [2022-08-04 19:50:50,528] {dag.py:2937} INFO - Setting next_dagrun for example_xcom to 2021-01-01T00:00:00+00:00
[2022-08-04 19:50:50,546] {processor.py:171} INFO - Processing /home/airflow/.local/lib/python3.7/site-packages/airflow/example_dags/example_xcom.py took 0.510 seconds
[2022-08-04 19:51:21,367] {processor.py:163} INFO - Started process (PID=148) to work on /home/airflow/.local/lib/python3.7/site-packages/airflow/example_dags/example_xcom.py
[2022-08-04 19:51:21,369] {processor.py:642} INFO - Processing file /home/airflow/.local/lib/python3.7/site-packages/airflow/example_dags/example_xcom.py for tasks to queue
[2022-08-04 19:51:21,370] {logging_mixin.py:109} INFO - [2022-08-04 19:51:21,370] {dagbag.py:500} INFO - Filling up the DagBag from /home/airflow/.local/lib/python3.7/site-packages/airflow/example_dags/example_xcom.py
[2022-08-04 19:51:21,420] {processor.py:654} INFO - DAG(s) dict_keys(['example_xcom']) retrieved from /home/airflow/.local/lib/python3.7/site-packages/airflow/example_dags/example_xcom.py
[2022-08-04 19:51:21,758] {logging_mixin.py:109} INFO - [2022-08-04 19:51:21,757] {dag.py:2398} INFO - Sync 1 DAGs
[2022-08-04 19:51:21,787] {logging_mixin.py:109} INFO - [2022-08-04 19:51:21,787] {dag.py:2937} INFO - Setting next_dagrun for example_xcom to 2021-01-01T00:00:00+00:00
[2022-08-04 19:51:21,806] {processor.py:171} INFO - Processing /home/airflow/.local/lib/python3.7/site-packages/airflow/example_dags/example_xcom.py took 0.443 seconds
[2022-08-04 19:51:52,485] {processor.py:163} INFO - Started process (PID=200) to work on /home/airflow/.local/lib/python3.7/site-packages/airflow/example_dags/example_xcom.py
[2022-08-04 19:51:52,488] {processor.py:642} INFO - Processing file /home/airflow/.local/lib/python3.7/site-packages/airflow/example_dags/example_xcom.py for tasks to queue
[2022-08-04 19:51:52,489] {logging_mixin.py:109} INFO - [2022-08-04 19:51:52,489] {dagbag.py:500} INFO - Filling up the DagBag from /home/airflow/.local/lib/python3.7/site-packages/airflow/example_dags/example_xcom.py
[2022-08-04 19:51:52,638] {processor.py:654} INFO - DAG(s) dict_keys(['example_xcom']) retrieved from /home/airflow/.local/lib/python3.7/site-packages/airflow/example_dags/example_xcom.py
[2022-08-04 19:51:53,248] {logging_mixin.py:109} INFO - [2022-08-04 19:51:53,247] {dag.py:2398} INFO - Sync 1 DAGs
[2022-08-04 19:51:53,276] {logging_mixin.py:109} INFO - [2022-08-04 19:51:53,275] {dag.py:2937} INFO - Setting next_dagrun for example_xcom to 2021-01-01T00:00:00+00:00
[2022-08-04 19:51:53,295] {processor.py:171} INFO - Processing /home/airflow/.local/lib/python3.7/site-packages/airflow/example_dags/example_xcom.py took 0.823 seconds
[2022-08-04 19:52:24,260] {processor.py:163} INFO - Started process (PID=243) to work on /home/airflow/.local/lib/python3.7/site-packages/airflow/example_dags/example_xcom.py
[2022-08-04 19:52:24,262] {processor.py:642} INFO - Processing file /home/airflow/.local/lib/python3.7/site-packages/airflow/example_dags/example_xcom.py for tasks to queue
[2022-08-04 19:52:24,263] {logging_mixin.py:109} INFO - [2022-08-04 19:52:24,263] {dagbag.py:500} INFO - Filling up the DagBag from /home/airflow/.local/lib/python3.7/site-packages/airflow/example_dags/example_xcom.py
[2022-08-04 19:52:24,316] {processor.py:654} INFO - DAG(s) dict_keys(['example_xcom']) retrieved from /home/airflow/.local/lib/python3.7/site-packages/airflow/example_dags/example_xcom.py
[2022-08-04 19:52:24,773] {logging_mixin.py:109} INFO - [2022-08-04 19:52:24,773] {dag.py:2398} INFO - Sync 1 DAGs
[2022-08-04 19:52:24,798] {logging_mixin.py:109} INFO - [2022-08-04 19:52:24,798] {dag.py:2937} INFO - Setting next_dagrun for example_xcom to 2021-01-01T00:00:00+00:00
[2022-08-04 19:52:24,820] {processor.py:171} INFO - Processing /home/airflow/.local/lib/python3.7/site-packages/airflow/example_dags/example_xcom.py took 0.566 seconds
[2022-08-04 19:52:55,072] {processor.py:163} INFO - Started process (PID=296) to work on /home/airflow/.local/lib/python3.7/site-packages/airflow/example_dags/example_xcom.py
[2022-08-04 19:52:55,075] {processor.py:642} INFO - Processing file /home/airflow/.local/lib/python3.7/site-packages/airflow/example_dags/example_xcom.py for tasks to queue
[2022-08-04 19:52:55,077] {logging_mixin.py:109} INFO - [2022-08-04 19:52:55,076] {dagbag.py:500} INFO - Filling up the DagBag from /home/airflow/.local/lib/python3.7/site-packages/airflow/example_dags/example_xcom.py
[2022-08-04 19:52:55,272] {processor.py:654} INFO - DAG(s) dict_keys(['example_xcom']) retrieved from /home/airflow/.local/lib/python3.7/site-packages/airflow/example_dags/example_xcom.py
[2022-08-04 19:52:57,280] {logging_mixin.py:109} INFO - [2022-08-04 19:52:57,280] {dag.py:2398} INFO - Sync 1 DAGs
[2022-08-04 19:52:57,339] {logging_mixin.py:109} INFO - [2022-08-04 19:52:57,339] {dag.py:2937} INFO - Setting next_dagrun for example_xcom to 2021-01-01T00:00:00+00:00
[2022-08-04 19:52:57,478] {processor.py:171} INFO - Processing /home/airflow/.local/lib/python3.7/site-packages/airflow/example_dags/example_xcom.py took 2.416 seconds
[2022-08-04 19:53:27,988] {processor.py:163} INFO - Started process (PID=349) to work on /home/airflow/.local/lib/python3.7/site-packages/airflow/example_dags/example_xcom.py
[2022-08-04 19:53:28,001] {processor.py:642} INFO - Processing file /home/airflow/.local/lib/python3.7/site-packages/airflow/example_dags/example_xcom.py for tasks to queue
[2022-08-04 19:53:28,003] {logging_mixin.py:109} INFO - [2022-08-04 19:53:28,002] {dagbag.py:500} INFO - Filling up the DagBag from /home/airflow/.local/lib/python3.7/site-packages/airflow/example_dags/example_xcom.py
[2022-08-04 19:53:28,595] {processor.py:654} INFO - DAG(s) dict_keys(['example_xcom']) retrieved from /home/airflow/.local/lib/python3.7/site-packages/airflow/example_dags/example_xcom.py
[2022-08-04 19:53:30,673] {logging_mixin.py:109} INFO - [2022-08-04 19:53:30,673] {dag.py:2398} INFO - Sync 1 DAGs
[2022-08-04 19:53:30,704] {logging_mixin.py:109} INFO - [2022-08-04 19:53:30,704] {dag.py:2937} INFO - Setting next_dagrun for example_xcom to 2021-01-01T00:00:00+00:00
[2022-08-04 19:53:30,733] {processor.py:171} INFO - Processing /home/airflow/.local/lib/python3.7/site-packages/airflow/example_dags/example_xcom.py took 2.766 seconds
[2022-08-04 19:58:48,677] {processor.py:163} INFO - Started process (PID=43) to work on /home/airflow/.local/lib/python3.7/site-packages/airflow/example_dags/example_xcom.py
[2022-08-04 19:58:48,680] {processor.py:642} INFO - Processing file /home/airflow/.local/lib/python3.7/site-packages/airflow/example_dags/example_xcom.py for tasks to queue
[2022-08-04 19:58:48,681] {logging_mixin.py:109} INFO - [2022-08-04 19:58:48,681] {dagbag.py:500} INFO - Filling up the DagBag from /home/airflow/.local/lib/python3.7/site-packages/airflow/example_dags/example_xcom.py
[2022-08-04 19:58:48,745] {processor.py:654} INFO - DAG(s) dict_keys(['example_xcom']) retrieved from /home/airflow/.local/lib/python3.7/site-packages/airflow/example_dags/example_xcom.py
[2022-08-04 19:58:49,957] {logging_mixin.py:109} INFO - [2022-08-04 19:58:49,957] {dag.py:2398} INFO - Sync 1 DAGs
[2022-08-04 19:58:49,997] {logging_mixin.py:109} INFO - [2022-08-04 19:58:49,997] {dag.py:2937} INFO - Setting next_dagrun for example_xcom to 2021-01-01T00:00:00+00:00
[2022-08-04 19:58:50,025] {processor.py:171} INFO - Processing /home/airflow/.local/lib/python3.7/site-packages/airflow/example_dags/example_xcom.py took 1.354 seconds
[2022-08-04 19:59:20,390] {processor.py:163} INFO - Started process (PID=99) to work on /home/airflow/.local/lib/python3.7/site-packages/airflow/example_dags/example_xcom.py
[2022-08-04 19:59:20,392] {processor.py:642} INFO - Processing file /home/airflow/.local/lib/python3.7/site-packages/airflow/example_dags/example_xcom.py for tasks to queue
[2022-08-04 19:59:20,393] {logging_mixin.py:109} INFO - [2022-08-04 19:59:20,392] {dagbag.py:500} INFO - Filling up the DagBag from /home/airflow/.local/lib/python3.7/site-packages/airflow/example_dags/example_xcom.py
[2022-08-04 19:59:20,436] {processor.py:654} INFO - DAG(s) dict_keys(['example_xcom']) retrieved from /home/airflow/.local/lib/python3.7/site-packages/airflow/example_dags/example_xcom.py
[2022-08-04 19:59:20,724] {logging_mixin.py:109} INFO - [2022-08-04 19:59:20,723] {dag.py:2398} INFO - Sync 1 DAGs
[2022-08-04 19:59:20,745] {logging_mixin.py:109} INFO - [2022-08-04 19:59:20,745] {dag.py:2937} INFO - Setting next_dagrun for example_xcom to 2021-01-01T00:00:00+00:00
[2022-08-04 19:59:20,770] {processor.py:171} INFO - Processing /home/airflow/.local/lib/python3.7/site-packages/airflow/example_dags/example_xcom.py took 0.384 seconds
[2022-08-04 19:59:51,409] {processor.py:163} INFO - Started process (PID=151) to work on /home/airflow/.local/lib/python3.7/site-packages/airflow/example_dags/example_xcom.py
[2022-08-04 19:59:51,413] {processor.py:642} INFO - Processing file /home/airflow/.local/lib/python3.7/site-packages/airflow/example_dags/example_xcom.py for tasks to queue
[2022-08-04 19:59:51,414] {logging_mixin.py:109} INFO - [2022-08-04 19:59:51,414] {dagbag.py:500} INFO - Filling up the DagBag from /home/airflow/.local/lib/python3.7/site-packages/airflow/example_dags/example_xcom.py
[2022-08-04 19:59:51,462] {processor.py:654} INFO - DAG(s) dict_keys(['example_xcom']) retrieved from /home/airflow/.local/lib/python3.7/site-packages/airflow/example_dags/example_xcom.py
[2022-08-04 19:59:51,766] {logging_mixin.py:109} INFO - [2022-08-04 19:59:51,766] {dag.py:2398} INFO - Sync 1 DAGs
[2022-08-04 19:59:51,790] {logging_mixin.py:109} INFO - [2022-08-04 19:59:51,790] {dag.py:2937} INFO - Setting next_dagrun for example_xcom to 2021-01-01T00:00:00+00:00
[2022-08-04 19:59:51,807] {processor.py:171} INFO - Processing /home/airflow/.local/lib/python3.7/site-packages/airflow/example_dags/example_xcom.py took 0.401 seconds
[2022-08-04 20:00:21,995] {processor.py:163} INFO - Started process (PID=203) to work on /home/airflow/.local/lib/python3.7/site-packages/airflow/example_dags/example_xcom.py
[2022-08-04 20:00:21,999] {processor.py:642} INFO - Processing file /home/airflow/.local/lib/python3.7/site-packages/airflow/example_dags/example_xcom.py for tasks to queue
[2022-08-04 20:00:22,000] {logging_mixin.py:109} INFO - [2022-08-04 20:00:22,000] {dagbag.py:500} INFO - Filling up the DagBag from /home/airflow/.local/lib/python3.7/site-packages/airflow/example_dags/example_xcom.py
[2022-08-04 20:00:22,143] {processor.py:654} INFO - DAG(s) dict_keys(['example_xcom']) retrieved from /home/airflow/.local/lib/python3.7/site-packages/airflow/example_dags/example_xcom.py
[2022-08-04 20:00:23,573] {logging_mixin.py:109} INFO - [2022-08-04 20:00:23,570] {dag.py:2398} INFO - Sync 1 DAGs
[2022-08-04 20:00:24,304] {logging_mixin.py:109} INFO - [2022-08-04 20:00:24,297] {dag.py:2937} INFO - Setting next_dagrun for example_xcom to 2021-01-01T00:00:00+00:00
[2022-08-04 20:00:24,573] {processor.py:171} INFO - Processing /home/airflow/.local/lib/python3.7/site-packages/airflow/example_dags/example_xcom.py took 2.599 seconds
[2022-08-04 20:00:55,316] {processor.py:163} INFO - Started process (PID=246) to work on /home/airflow/.local/lib/python3.7/site-packages/airflow/example_dags/example_xcom.py
[2022-08-04 20:00:55,318] {processor.py:642} INFO - Processing file /home/airflow/.local/lib/python3.7/site-packages/airflow/example_dags/example_xcom.py for tasks to queue
[2022-08-04 20:00:55,319] {logging_mixin.py:109} INFO - [2022-08-04 20:00:55,319] {dagbag.py:500} INFO - Filling up the DagBag from /home/airflow/.local/lib/python3.7/site-packages/airflow/example_dags/example_xcom.py
[2022-08-04 20:00:55,449] {processor.py:654} INFO - DAG(s) dict_keys(['example_xcom']) retrieved from /home/airflow/.local/lib/python3.7/site-packages/airflow/example_dags/example_xcom.py
[2022-08-04 20:00:56,320] {logging_mixin.py:109} INFO - [2022-08-04 20:00:56,319] {dag.py:2398} INFO - Sync 1 DAGs
[2022-08-04 20:00:56,359] {logging_mixin.py:109} INFO - [2022-08-04 20:00:56,359] {dag.py:2937} INFO - Setting next_dagrun for example_xcom to 2021-01-01T00:00:00+00:00
[2022-08-04 20:00:56,389] {processor.py:171} INFO - Processing /home/airflow/.local/lib/python3.7/site-packages/airflow/example_dags/example_xcom.py took 1.076 seconds
[2022-08-04 20:01:27,072] {processor.py:163} INFO - Started process (PID=298) to work on /home/airflow/.local/lib/python3.7/site-packages/airflow/example_dags/example_xcom.py
[2022-08-04 20:01:27,074] {processor.py:642} INFO - Processing file /home/airflow/.local/lib/python3.7/site-packages/airflow/example_dags/example_xcom.py for tasks to queue
[2022-08-04 20:01:27,077] {logging_mixin.py:109} INFO - [2022-08-04 20:01:27,077] {dagbag.py:500} INFO - Filling up the DagBag from /home/airflow/.local/lib/python3.7/site-packages/airflow/example_dags/example_xcom.py
[2022-08-04 20:01:27,268] {processor.py:654} INFO - DAG(s) dict_keys(['example_xcom']) retrieved from /home/airflow/.local/lib/python3.7/site-packages/airflow/example_dags/example_xcom.py
[2022-08-04 20:01:28,226] {logging_mixin.py:109} INFO - [2022-08-04 20:01:28,226] {dag.py:2398} INFO - Sync 1 DAGs
[2022-08-04 20:01:28,269] {logging_mixin.py:109} INFO - [2022-08-04 20:01:28,269] {dag.py:2937} INFO - Setting next_dagrun for example_xcom to 2021-01-01T00:00:00+00:00
[2022-08-04 20:01:28,336] {processor.py:171} INFO - Processing /home/airflow/.local/lib/python3.7/site-packages/airflow/example_dags/example_xcom.py took 1.279 seconds
[2022-08-04 20:01:59,087] {processor.py:163} INFO - Started process (PID=352) to work on /home/airflow/.local/lib/python3.7/site-packages/airflow/example_dags/example_xcom.py
[2022-08-04 20:01:59,090] {processor.py:642} INFO - Processing file /home/airflow/.local/lib/python3.7/site-packages/airflow/example_dags/example_xcom.py for tasks to queue
[2022-08-04 20:01:59,091] {logging_mixin.py:109} INFO - [2022-08-04 20:01:59,091] {dagbag.py:500} INFO - Filling up the DagBag from /home/airflow/.local/lib/python3.7/site-packages/airflow/example_dags/example_xcom.py
[2022-08-04 20:01:59,159] {processor.py:654} INFO - DAG(s) dict_keys(['example_xcom']) retrieved from /home/airflow/.local/lib/python3.7/site-packages/airflow/example_dags/example_xcom.py
[2022-08-04 20:01:59,733] {logging_mixin.py:109} INFO - [2022-08-04 20:01:59,732] {dag.py:2398} INFO - Sync 1 DAGs
[2022-08-04 20:01:59,758] {logging_mixin.py:109} INFO - [2022-08-04 20:01:59,758] {dag.py:2937} INFO - Setting next_dagrun for example_xcom to 2021-01-01T00:00:00+00:00
[2022-08-04 20:01:59,776] {processor.py:171} INFO - Processing /home/airflow/.local/lib/python3.7/site-packages/airflow/example_dags/example_xcom.py took 0.693 seconds
[2022-08-04 20:02:29,912] {processor.py:163} INFO - Started process (PID=395) to work on /home/airflow/.local/lib/python3.7/site-packages/airflow/example_dags/example_xcom.py
[2022-08-04 20:02:29,914] {processor.py:642} INFO - Processing file /home/airflow/.local/lib/python3.7/site-packages/airflow/example_dags/example_xcom.py for tasks to queue
[2022-08-04 20:02:29,915] {logging_mixin.py:109} INFO - [2022-08-04 20:02:29,915] {dagbag.py:500} INFO - Filling up the DagBag from /home/airflow/.local/lib/python3.7/site-packages/airflow/example_dags/example_xcom.py
[2022-08-04 20:02:29,968] {processor.py:654} INFO - DAG(s) dict_keys(['example_xcom']) retrieved from /home/airflow/.local/lib/python3.7/site-packages/airflow/example_dags/example_xcom.py
[2022-08-04 20:02:30,460] {logging_mixin.py:109} INFO - [2022-08-04 20:02:30,460] {dag.py:2398} INFO - Sync 1 DAGs
[2022-08-04 20:02:30,482] {logging_mixin.py:109} INFO - [2022-08-04 20:02:30,482] {dag.py:2937} INFO - Setting next_dagrun for example_xcom to 2021-01-01T00:00:00+00:00
[2022-08-04 20:02:30,502] {processor.py:171} INFO - Processing /home/airflow/.local/lib/python3.7/site-packages/airflow/example_dags/example_xcom.py took 0.594 seconds
[2022-08-04 20:03:01,116] {processor.py:163} INFO - Started process (PID=449) to work on /home/airflow/.local/lib/python3.7/site-packages/airflow/example_dags/example_xcom.py
[2022-08-04 20:03:01,129] {processor.py:642} INFO - Processing file /home/airflow/.local/lib/python3.7/site-packages/airflow/example_dags/example_xcom.py for tasks to queue
[2022-08-04 20:03:01,138] {logging_mixin.py:109} INFO - [2022-08-04 20:03:01,137] {dagbag.py:500} INFO - Filling up the DagBag from /home/airflow/.local/lib/python3.7/site-packages/airflow/example_dags/example_xcom.py
[2022-08-04 20:03:01,696] {processor.py:654} INFO - DAG(s) dict_keys(['example_xcom']) retrieved from /home/airflow/.local/lib/python3.7/site-packages/airflow/example_dags/example_xcom.py
[2022-08-04 20:03:04,456] {logging_mixin.py:109} INFO - [2022-08-04 20:03:04,456] {dag.py:2398} INFO - Sync 1 DAGs
[2022-08-04 20:03:04,873] {logging_mixin.py:109} INFO - [2022-08-04 20:03:04,852] {dag.py:2937} INFO - Setting next_dagrun for example_xcom to 2021-01-01T00:00:00+00:00
[2022-08-04 20:03:05,296] {processor.py:171} INFO - Processing /home/airflow/.local/lib/python3.7/site-packages/airflow/example_dags/example_xcom.py took 4.250 seconds
[2022-08-04 20:03:36,139] {processor.py:163} INFO - Started process (PID=504) to work on /home/airflow/.local/lib/python3.7/site-packages/airflow/example_dags/example_xcom.py
[2022-08-04 20:03:36,141] {processor.py:642} INFO - Processing file /home/airflow/.local/lib/python3.7/site-packages/airflow/example_dags/example_xcom.py for tasks to queue
[2022-08-04 20:03:36,142] {logging_mixin.py:109} INFO - [2022-08-04 20:03:36,142] {dagbag.py:500} INFO - Filling up the DagBag from /home/airflow/.local/lib/python3.7/site-packages/airflow/example_dags/example_xcom.py
[2022-08-04 20:03:36,213] {processor.py:654} INFO - DAG(s) dict_keys(['example_xcom']) retrieved from /home/airflow/.local/lib/python3.7/site-packages/airflow/example_dags/example_xcom.py
[2022-08-04 20:03:36,621] {logging_mixin.py:109} INFO - [2022-08-04 20:03:36,621] {dag.py:2398} INFO - Sync 1 DAGs
[2022-08-04 20:03:36,651] {logging_mixin.py:109} INFO - [2022-08-04 20:03:36,651] {dag.py:2937} INFO - Setting next_dagrun for example_xcom to 2021-01-01T00:00:00+00:00
[2022-08-04 20:03:36,670] {processor.py:171} INFO - Processing /home/airflow/.local/lib/python3.7/site-packages/airflow/example_dags/example_xcom.py took 0.537 seconds
[2022-08-04 20:04:07,486] {processor.py:163} INFO - Started process (PID=556) to work on /home/airflow/.local/lib/python3.7/site-packages/airflow/example_dags/example_xcom.py
[2022-08-04 20:04:07,488] {processor.py:642} INFO - Processing file /home/airflow/.local/lib/python3.7/site-packages/airflow/example_dags/example_xcom.py for tasks to queue
[2022-08-04 20:04:07,489] {logging_mixin.py:109} INFO - [2022-08-04 20:04:07,489] {dagbag.py:500} INFO - Filling up the DagBag from /home/airflow/.local/lib/python3.7/site-packages/airflow/example_dags/example_xcom.py
[2022-08-04 20:04:10,392] {processor.py:654} INFO - DAG(s) dict_keys(['example_xcom']) retrieved from /home/airflow/.local/lib/python3.7/site-packages/airflow/example_dags/example_xcom.py
[2022-08-04 20:04:11,204] {logging_mixin.py:109} INFO - [2022-08-04 20:04:11,204] {dag.py:2398} INFO - Sync 1 DAGs
[2022-08-04 20:04:11,243] {logging_mixin.py:109} INFO - [2022-08-04 20:04:11,243] {dag.py:2937} INFO - Setting next_dagrun for example_xcom to 2021-01-01T00:00:00+00:00
[2022-08-04 20:04:11,269] {processor.py:171} INFO - Processing /home/airflow/.local/lib/python3.7/site-packages/airflow/example_dags/example_xcom.py took 3.787 seconds
[2022-08-04 20:04:42,155] {processor.py:163} INFO - Started process (PID=609) to work on /home/airflow/.local/lib/python3.7/site-packages/airflow/example_dags/example_xcom.py
[2022-08-04 20:04:42,161] {processor.py:642} INFO - Processing file /home/airflow/.local/lib/python3.7/site-packages/airflow/example_dags/example_xcom.py for tasks to queue
[2022-08-04 20:04:42,163] {logging_mixin.py:109} INFO - [2022-08-04 20:04:42,162] {dagbag.py:500} INFO - Filling up the DagBag from /home/airflow/.local/lib/python3.7/site-packages/airflow/example_dags/example_xcom.py
[2022-08-04 20:04:42,377] {processor.py:654} INFO - DAG(s) dict_keys(['example_xcom']) retrieved from /home/airflow/.local/lib/python3.7/site-packages/airflow/example_dags/example_xcom.py
[2022-08-04 20:04:48,682] {logging_mixin.py:109} INFO - [2022-08-04 20:04:48,682] {dag.py:2398} INFO - Sync 1 DAGs
[2022-08-04 20:04:48,770] {logging_mixin.py:109} INFO - [2022-08-04 20:04:48,769] {dag.py:2937} INFO - Setting next_dagrun for example_xcom to 2021-01-01T00:00:00+00:00
[2022-08-04 20:04:48,813] {processor.py:171} INFO - Processing /home/airflow/.local/lib/python3.7/site-packages/airflow/example_dags/example_xcom.py took 6.667 seconds
[2022-08-04 20:05:19,049] {processor.py:163} INFO - Started process (PID=661) to work on /home/airflow/.local/lib/python3.7/site-packages/airflow/example_dags/example_xcom.py
[2022-08-04 20:05:19,051] {processor.py:642} INFO - Processing file /home/airflow/.local/lib/python3.7/site-packages/airflow/example_dags/example_xcom.py for tasks to queue
[2022-08-04 20:05:19,052] {logging_mixin.py:109} INFO - [2022-08-04 20:05:19,052] {dagbag.py:500} INFO - Filling up the DagBag from /home/airflow/.local/lib/python3.7/site-packages/airflow/example_dags/example_xcom.py
[2022-08-04 20:05:19,175] {processor.py:654} INFO - DAG(s) dict_keys(['example_xcom']) retrieved from /home/airflow/.local/lib/python3.7/site-packages/airflow/example_dags/example_xcom.py
[2022-08-04 20:05:19,827] {logging_mixin.py:109} INFO - [2022-08-04 20:05:19,823] {dag.py:2398} INFO - Sync 1 DAGs
[2022-08-04 20:05:19,878] {logging_mixin.py:109} INFO - [2022-08-04 20:05:19,873] {dag.py:2937} INFO - Setting next_dagrun for example_xcom to 2021-01-01T00:00:00+00:00
[2022-08-04 20:05:20,395] {processor.py:171} INFO - Processing /home/airflow/.local/lib/python3.7/site-packages/airflow/example_dags/example_xcom.py took 1.352 seconds
[2022-08-04 20:05:51,187] {processor.py:163} INFO - Started process (PID=704) to work on /home/airflow/.local/lib/python3.7/site-packages/airflow/example_dags/example_xcom.py
[2022-08-04 20:05:51,190] {processor.py:642} INFO - Processing file /home/airflow/.local/lib/python3.7/site-packages/airflow/example_dags/example_xcom.py for tasks to queue
[2022-08-04 20:05:51,193] {logging_mixin.py:109} INFO - [2022-08-04 20:05:51,193] {dagbag.py:500} INFO - Filling up the DagBag from /home/airflow/.local/lib/python3.7/site-packages/airflow/example_dags/example_xcom.py
[2022-08-04 20:05:51,373] {processor.py:654} INFO - DAG(s) dict_keys(['example_xcom']) retrieved from /home/airflow/.local/lib/python3.7/site-packages/airflow/example_dags/example_xcom.py
[2022-08-04 20:05:52,646] {logging_mixin.py:109} INFO - [2022-08-04 20:05:52,639] {dag.py:2398} INFO - Sync 1 DAGs
[2022-08-04 20:05:52,805] {logging_mixin.py:109} INFO - [2022-08-04 20:05:52,791] {dag.py:2937} INFO - Setting next_dagrun for example_xcom to 2021-01-01T00:00:00+00:00
[2022-08-04 20:05:54,666] {processor.py:171} INFO - Processing /home/airflow/.local/lib/python3.7/site-packages/airflow/example_dags/example_xcom.py took 3.488 seconds
[2022-08-04 20:06:25,006] {processor.py:163} INFO - Started process (PID=756) to work on /home/airflow/.local/lib/python3.7/site-packages/airflow/example_dags/example_xcom.py
[2022-08-04 20:06:25,009] {processor.py:642} INFO - Processing file /home/airflow/.local/lib/python3.7/site-packages/airflow/example_dags/example_xcom.py for tasks to queue
[2022-08-04 20:06:25,010] {logging_mixin.py:109} INFO - [2022-08-04 20:06:25,010] {dagbag.py:500} INFO - Filling up the DagBag from /home/airflow/.local/lib/python3.7/site-packages/airflow/example_dags/example_xcom.py
[2022-08-04 20:06:25,141] {processor.py:654} INFO - DAG(s) dict_keys(['example_xcom']) retrieved from /home/airflow/.local/lib/python3.7/site-packages/airflow/example_dags/example_xcom.py
[2022-08-04 20:06:26,034] {logging_mixin.py:109} INFO - [2022-08-04 20:06:26,033] {dag.py:2398} INFO - Sync 1 DAGs
[2022-08-04 20:06:26,066] {logging_mixin.py:109} INFO - [2022-08-04 20:06:26,066] {dag.py:2937} INFO - Setting next_dagrun for example_xcom to 2021-01-01T00:00:00+00:00
[2022-08-04 20:06:26,099] {processor.py:171} INFO - Processing /home/airflow/.local/lib/python3.7/site-packages/airflow/example_dags/example_xcom.py took 1.101 seconds
[2022-08-04 20:06:56,285] {processor.py:163} INFO - Started process (PID=800) to work on /home/airflow/.local/lib/python3.7/site-packages/airflow/example_dags/example_xcom.py
[2022-08-04 20:06:56,287] {processor.py:642} INFO - Processing file /home/airflow/.local/lib/python3.7/site-packages/airflow/example_dags/example_xcom.py for tasks to queue
[2022-08-04 20:06:56,288] {logging_mixin.py:109} INFO - [2022-08-04 20:06:56,288] {dagbag.py:500} INFO - Filling up the DagBag from /home/airflow/.local/lib/python3.7/site-packages/airflow/example_dags/example_xcom.py
[2022-08-04 20:06:56,410] {processor.py:654} INFO - DAG(s) dict_keys(['example_xcom']) retrieved from /home/airflow/.local/lib/python3.7/site-packages/airflow/example_dags/example_xcom.py
[2022-08-04 20:06:57,242] {logging_mixin.py:109} INFO - [2022-08-04 20:06:57,238] {dag.py:2398} INFO - Sync 1 DAGs
[2022-08-04 20:06:58,865] {logging_mixin.py:109} INFO - [2022-08-04 20:06:58,864] {dag.py:2937} INFO - Setting next_dagrun for example_xcom to 2021-01-01T00:00:00+00:00
[2022-08-04 20:06:59,000] {processor.py:171} INFO - Processing /home/airflow/.local/lib/python3.7/site-packages/airflow/example_dags/example_xcom.py took 2.719 seconds
[2022-08-04 20:07:32,641] {processor.py:163} INFO - Started process (PID=853) to work on /home/airflow/.local/lib/python3.7/site-packages/airflow/example_dags/example_xcom.py
[2022-08-04 20:07:32,650] {processor.py:642} INFO - Processing file /home/airflow/.local/lib/python3.7/site-packages/airflow/example_dags/example_xcom.py for tasks to queue
[2022-08-04 20:07:32,652] {logging_mixin.py:109} INFO - [2022-08-04 20:07:32,652] {dagbag.py:500} INFO - Filling up the DagBag from /home/airflow/.local/lib/python3.7/site-packages/airflow/example_dags/example_xcom.py
[2022-08-04 20:07:33,047] {processor.py:654} INFO - DAG(s) dict_keys(['example_xcom']) retrieved from /home/airflow/.local/lib/python3.7/site-packages/airflow/example_dags/example_xcom.py
[2022-08-04 20:07:34,423] {logging_mixin.py:109} INFO - [2022-08-04 20:07:34,422] {dag.py:2398} INFO - Sync 1 DAGs
[2022-08-04 20:07:34,640] {logging_mixin.py:109} INFO - [2022-08-04 20:07:34,635] {dag.py:2937} INFO - Setting next_dagrun for example_xcom to 2021-01-01T00:00:00+00:00
[2022-08-04 20:07:34,711] {processor.py:171} INFO - Processing /home/airflow/.local/lib/python3.7/site-packages/airflow/example_dags/example_xcom.py took 2.100 seconds
[2022-08-04 20:08:05,854] {processor.py:163} INFO - Started process (PID=906) to work on /home/airflow/.local/lib/python3.7/site-packages/airflow/example_dags/example_xcom.py
[2022-08-04 20:08:05,857] {processor.py:642} INFO - Processing file /home/airflow/.local/lib/python3.7/site-packages/airflow/example_dags/example_xcom.py for tasks to queue
[2022-08-04 20:08:05,859] {logging_mixin.py:109} INFO - [2022-08-04 20:08:05,859] {dagbag.py:500} INFO - Filling up the DagBag from /home/airflow/.local/lib/python3.7/site-packages/airflow/example_dags/example_xcom.py
[2022-08-04 20:08:06,171] {processor.py:654} INFO - DAG(s) dict_keys(['example_xcom']) retrieved from /home/airflow/.local/lib/python3.7/site-packages/airflow/example_dags/example_xcom.py
[2022-08-04 20:08:07,709] {logging_mixin.py:109} INFO - [2022-08-04 20:08:07,709] {dag.py:2398} INFO - Sync 1 DAGs
[2022-08-04 20:08:07,756] {logging_mixin.py:109} INFO - [2022-08-04 20:08:07,756] {dag.py:2937} INFO - Setting next_dagrun for example_xcom to 2021-01-01T00:00:00+00:00
[2022-08-04 20:08:07,802] {processor.py:171} INFO - Processing /home/airflow/.local/lib/python3.7/site-packages/airflow/example_dags/example_xcom.py took 1.963 seconds
[2022-08-04 20:08:38,427] {processor.py:163} INFO - Started process (PID=958) to work on /home/airflow/.local/lib/python3.7/site-packages/airflow/example_dags/example_xcom.py
[2022-08-04 20:08:38,436] {processor.py:642} INFO - Processing file /home/airflow/.local/lib/python3.7/site-packages/airflow/example_dags/example_xcom.py for tasks to queue
[2022-08-04 20:08:38,438] {logging_mixin.py:109} INFO - [2022-08-04 20:08:38,437] {dagbag.py:500} INFO - Filling up the DagBag from /home/airflow/.local/lib/python3.7/site-packages/airflow/example_dags/example_xcom.py
[2022-08-04 20:08:38,889] {processor.py:654} INFO - DAG(s) dict_keys(['example_xcom']) retrieved from /home/airflow/.local/lib/python3.7/site-packages/airflow/example_dags/example_xcom.py
[2022-08-04 20:08:40,280] {logging_mixin.py:109} INFO - [2022-08-04 20:08:40,279] {dag.py:2398} INFO - Sync 1 DAGs
[2022-08-04 20:08:42,520] {logging_mixin.py:109} INFO - [2022-08-04 20:08:42,514] {dag.py:2937} INFO - Setting next_dagrun for example_xcom to 2021-01-01T00:00:00+00:00
[2022-08-04 20:08:45,615] {processor.py:171} INFO - Processing /home/airflow/.local/lib/python3.7/site-packages/airflow/example_dags/example_xcom.py took 7.198 seconds
[2022-08-04 20:09:16,548] {processor.py:163} INFO - Started process (PID=1009) to work on /home/airflow/.local/lib/python3.7/site-packages/airflow/example_dags/example_xcom.py
[2022-08-04 20:09:16,551] {processor.py:642} INFO - Processing file /home/airflow/.local/lib/python3.7/site-packages/airflow/example_dags/example_xcom.py for tasks to queue
[2022-08-04 20:09:16,552] {logging_mixin.py:109} INFO - [2022-08-04 20:09:16,552] {dagbag.py:500} INFO - Filling up the DagBag from /home/airflow/.local/lib/python3.7/site-packages/airflow/example_dags/example_xcom.py
[2022-08-04 20:09:16,666] {processor.py:654} INFO - DAG(s) dict_keys(['example_xcom']) retrieved from /home/airflow/.local/lib/python3.7/site-packages/airflow/example_dags/example_xcom.py
[2022-08-04 20:09:17,208] {logging_mixin.py:109} INFO - [2022-08-04 20:09:17,208] {dag.py:2398} INFO - Sync 1 DAGs
[2022-08-04 20:09:17,242] {logging_mixin.py:109} INFO - [2022-08-04 20:09:17,242] {dag.py:2937} INFO - Setting next_dagrun for example_xcom to 2021-01-01T00:00:00+00:00
[2022-08-04 20:09:17,267] {processor.py:171} INFO - Processing /home/airflow/.local/lib/python3.7/site-packages/airflow/example_dags/example_xcom.py took 0.727 seconds
[2022-08-04 20:09:47,807] {processor.py:163} INFO - Started process (PID=1055) to work on /home/airflow/.local/lib/python3.7/site-packages/airflow/example_dags/example_xcom.py
[2022-08-04 20:09:47,810] {processor.py:642} INFO - Processing file /home/airflow/.local/lib/python3.7/site-packages/airflow/example_dags/example_xcom.py for tasks to queue
[2022-08-04 20:09:47,813] {logging_mixin.py:109} INFO - [2022-08-04 20:09:47,811] {dagbag.py:500} INFO - Filling up the DagBag from /home/airflow/.local/lib/python3.7/site-packages/airflow/example_dags/example_xcom.py
[2022-08-04 20:09:48,098] {processor.py:654} INFO - DAG(s) dict_keys(['example_xcom']) retrieved from /home/airflow/.local/lib/python3.7/site-packages/airflow/example_dags/example_xcom.py
[2022-08-04 20:09:48,847] {logging_mixin.py:109} INFO - [2022-08-04 20:09:48,847] {dag.py:2398} INFO - Sync 1 DAGs
[2022-08-04 20:09:48,871] {logging_mixin.py:109} INFO - [2022-08-04 20:09:48,871] {dag.py:2937} INFO - Setting next_dagrun for example_xcom to 2021-01-01T00:00:00+00:00
[2022-08-04 20:09:48,891] {processor.py:171} INFO - Processing /home/airflow/.local/lib/python3.7/site-packages/airflow/example_dags/example_xcom.py took 1.090 seconds
[2022-08-04 20:10:19,358] {processor.py:163} INFO - Started process (PID=1106) to work on /home/airflow/.local/lib/python3.7/site-packages/airflow/example_dags/example_xcom.py
[2022-08-04 20:10:19,361] {processor.py:642} INFO - Processing file /home/airflow/.local/lib/python3.7/site-packages/airflow/example_dags/example_xcom.py for tasks to queue
[2022-08-04 20:10:19,363] {logging_mixin.py:109} INFO - [2022-08-04 20:10:19,363] {dagbag.py:500} INFO - Filling up the DagBag from /home/airflow/.local/lib/python3.7/site-packages/airflow/example_dags/example_xcom.py
[2022-08-04 20:10:19,577] {processor.py:654} INFO - DAG(s) dict_keys(['example_xcom']) retrieved from /home/airflow/.local/lib/python3.7/site-packages/airflow/example_dags/example_xcom.py
[2022-08-04 20:10:20,381] {logging_mixin.py:109} INFO - [2022-08-04 20:10:20,381] {dag.py:2398} INFO - Sync 1 DAGs
[2022-08-04 20:10:20,414] {logging_mixin.py:109} INFO - [2022-08-04 20:10:20,413] {dag.py:2937} INFO - Setting next_dagrun for example_xcom to 2021-01-01T00:00:00+00:00
[2022-08-04 20:10:20,439] {processor.py:171} INFO - Processing /home/airflow/.local/lib/python3.7/site-packages/airflow/example_dags/example_xcom.py took 1.088 seconds
[2022-08-04 20:10:50,803] {processor.py:163} INFO - Started process (PID=1158) to work on /home/airflow/.local/lib/python3.7/site-packages/airflow/example_dags/example_xcom.py
[2022-08-04 20:10:50,805] {processor.py:642} INFO - Processing file /home/airflow/.local/lib/python3.7/site-packages/airflow/example_dags/example_xcom.py for tasks to queue
[2022-08-04 20:10:50,806] {logging_mixin.py:109} INFO - [2022-08-04 20:10:50,806] {dagbag.py:500} INFO - Filling up the DagBag from /home/airflow/.local/lib/python3.7/site-packages/airflow/example_dags/example_xcom.py
[2022-08-04 20:10:50,939] {processor.py:654} INFO - DAG(s) dict_keys(['example_xcom']) retrieved from /home/airflow/.local/lib/python3.7/site-packages/airflow/example_dags/example_xcom.py
[2022-08-04 20:10:51,496] {logging_mixin.py:109} INFO - [2022-08-04 20:10:51,494] {dag.py:2398} INFO - Sync 1 DAGs
[2022-08-04 20:10:51,537] {logging_mixin.py:109} INFO - [2022-08-04 20:10:51,536] {dag.py:2937} INFO - Setting next_dagrun for example_xcom to 2021-01-01T00:00:00+00:00
[2022-08-04 20:10:51,594] {processor.py:171} INFO - Processing /home/airflow/.local/lib/python3.7/site-packages/airflow/example_dags/example_xcom.py took 0.795 seconds
[2022-08-04 20:11:22,497] {processor.py:163} INFO - Started process (PID=1201) to work on /home/airflow/.local/lib/python3.7/site-packages/airflow/example_dags/example_xcom.py
[2022-08-04 20:11:22,510] {processor.py:642} INFO - Processing file /home/airflow/.local/lib/python3.7/site-packages/airflow/example_dags/example_xcom.py for tasks to queue
[2022-08-04 20:11:22,511] {logging_mixin.py:109} INFO - [2022-08-04 20:11:22,511] {dagbag.py:500} INFO - Filling up the DagBag from /home/airflow/.local/lib/python3.7/site-packages/airflow/example_dags/example_xcom.py
[2022-08-04 20:11:23,343] {processor.py:654} INFO - DAG(s) dict_keys(['example_xcom']) retrieved from /home/airflow/.local/lib/python3.7/site-packages/airflow/example_dags/example_xcom.py
[2022-08-04 20:11:25,905] {logging_mixin.py:109} INFO - [2022-08-04 20:11:25,893] {dag.py:2398} INFO - Sync 1 DAGs
[2022-08-04 20:11:26,038] {logging_mixin.py:109} INFO - [2022-08-04 20:11:26,030] {dag.py:2937} INFO - Setting next_dagrun for example_xcom to 2021-01-01T00:00:00+00:00
[2022-08-04 20:11:26,163] {processor.py:171} INFO - Processing /home/airflow/.local/lib/python3.7/site-packages/airflow/example_dags/example_xcom.py took 3.687 seconds
