[2022-08-04 19:50:21,476] {processor.py:163} INFO - Started process (PID=63) to work on /home/airflow/.local/lib/python3.7/site-packages/airflow/example_dags/example_task_group_decorator.py
[2022-08-04 19:50:21,478] {processor.py:642} INFO - Processing file /home/airflow/.local/lib/python3.7/site-packages/airflow/example_dags/example_task_group_decorator.py for tasks to queue
[2022-08-04 19:50:21,480] {logging_mixin.py:109} INFO - [2022-08-04 19:50:21,479] {dagbag.py:500} INFO - Filling up the DagBag from /home/airflow/.local/lib/python3.7/site-packages/airflow/example_dags/example_task_group_decorator.py
[2022-08-04 19:50:21,627] {processor.py:654} INFO - DAG(s) dict_keys(['example_task_group_decorator']) retrieved from /home/airflow/.local/lib/python3.7/site-packages/airflow/example_dags/example_task_group_decorator.py
[2022-08-04 19:50:22,136] {logging_mixin.py:109} INFO - [2022-08-04 19:50:22,136] {dag.py:2398} INFO - Sync 1 DAGs
[2022-08-04 19:50:22,160] {logging_mixin.py:109} INFO - [2022-08-04 19:50:22,159] {dag.py:2937} INFO - Setting next_dagrun for example_task_group_decorator to 2022-08-03T19:50:22.159586+00:00
[2022-08-04 19:50:22,179] {processor.py:171} INFO - Processing /home/airflow/.local/lib/python3.7/site-packages/airflow/example_dags/example_task_group_decorator.py took 0.710 seconds
[2022-08-04 19:50:52,675] {processor.py:163} INFO - Started process (PID=115) to work on /home/airflow/.local/lib/python3.7/site-packages/airflow/example_dags/example_task_group_decorator.py
[2022-08-04 19:50:52,677] {processor.py:642} INFO - Processing file /home/airflow/.local/lib/python3.7/site-packages/airflow/example_dags/example_task_group_decorator.py for tasks to queue
[2022-08-04 19:50:52,678] {logging_mixin.py:109} INFO - [2022-08-04 19:50:52,678] {dagbag.py:500} INFO - Filling up the DagBag from /home/airflow/.local/lib/python3.7/site-packages/airflow/example_dags/example_task_group_decorator.py
[2022-08-04 19:50:52,747] {processor.py:654} INFO - DAG(s) dict_keys(['example_task_group_decorator']) retrieved from /home/airflow/.local/lib/python3.7/site-packages/airflow/example_dags/example_task_group_decorator.py
[2022-08-04 19:50:53,145] {logging_mixin.py:109} INFO - [2022-08-04 19:50:53,144] {dag.py:2398} INFO - Sync 1 DAGs
[2022-08-04 19:50:53,188] {logging_mixin.py:109} INFO - [2022-08-04 19:50:53,188] {dag.py:2937} INFO - Setting next_dagrun for example_task_group_decorator to 2022-08-03T19:50:53.187584+00:00
[2022-08-04 19:50:53,207] {processor.py:171} INFO - Processing /home/airflow/.local/lib/python3.7/site-packages/airflow/example_dags/example_task_group_decorator.py took 0.538 seconds
[2022-08-04 19:51:23,858] {processor.py:163} INFO - Started process (PID=168) to work on /home/airflow/.local/lib/python3.7/site-packages/airflow/example_dags/example_task_group_decorator.py
[2022-08-04 19:51:23,860] {processor.py:642} INFO - Processing file /home/airflow/.local/lib/python3.7/site-packages/airflow/example_dags/example_task_group_decorator.py for tasks to queue
[2022-08-04 19:51:23,862] {logging_mixin.py:109} INFO - [2022-08-04 19:51:23,861] {dagbag.py:500} INFO - Filling up the DagBag from /home/airflow/.local/lib/python3.7/site-packages/airflow/example_dags/example_task_group_decorator.py
[2022-08-04 19:51:23,956] {processor.py:654} INFO - DAG(s) dict_keys(['example_task_group_decorator']) retrieved from /home/airflow/.local/lib/python3.7/site-packages/airflow/example_dags/example_task_group_decorator.py
[2022-08-04 19:51:24,502] {logging_mixin.py:109} INFO - [2022-08-04 19:51:24,502] {dag.py:2398} INFO - Sync 1 DAGs
[2022-08-04 19:51:24,532] {logging_mixin.py:109} INFO - [2022-08-04 19:51:24,531] {dag.py:2937} INFO - Setting next_dagrun for example_task_group_decorator to 2022-08-03T19:51:24.530418+00:00
[2022-08-04 19:51:24,562] {processor.py:171} INFO - Processing /home/airflow/.local/lib/python3.7/site-packages/airflow/example_dags/example_task_group_decorator.py took 0.709 seconds
[2022-08-04 19:51:55,565] {processor.py:163} INFO - Started process (PID=220) to work on /home/airflow/.local/lib/python3.7/site-packages/airflow/example_dags/example_task_group_decorator.py
[2022-08-04 19:51:55,568] {processor.py:642} INFO - Processing file /home/airflow/.local/lib/python3.7/site-packages/airflow/example_dags/example_task_group_decorator.py for tasks to queue
[2022-08-04 19:51:55,570] {logging_mixin.py:109} INFO - [2022-08-04 19:51:55,569] {dagbag.py:500} INFO - Filling up the DagBag from /home/airflow/.local/lib/python3.7/site-packages/airflow/example_dags/example_task_group_decorator.py
[2022-08-04 19:51:55,663] {processor.py:654} INFO - DAG(s) dict_keys(['example_task_group_decorator']) retrieved from /home/airflow/.local/lib/python3.7/site-packages/airflow/example_dags/example_task_group_decorator.py
[2022-08-04 19:51:56,064] {logging_mixin.py:109} INFO - [2022-08-04 19:51:56,064] {dag.py:2398} INFO - Sync 1 DAGs
[2022-08-04 19:51:56,090] {logging_mixin.py:109} INFO - [2022-08-04 19:51:56,090] {dag.py:2937} INFO - Setting next_dagrun for example_task_group_decorator to 2022-08-03T19:51:56.089770+00:00
[2022-08-04 19:51:56,116] {processor.py:171} INFO - Processing /home/airflow/.local/lib/python3.7/site-packages/airflow/example_dags/example_task_group_decorator.py took 0.556 seconds
[2022-08-04 19:52:27,812] {processor.py:163} INFO - Started process (PID=273) to work on /home/airflow/.local/lib/python3.7/site-packages/airflow/example_dags/example_task_group_decorator.py
[2022-08-04 19:52:27,817] {processor.py:642} INFO - Processing file /home/airflow/.local/lib/python3.7/site-packages/airflow/example_dags/example_task_group_decorator.py for tasks to queue
[2022-08-04 19:52:27,820] {logging_mixin.py:109} INFO - [2022-08-04 19:52:27,819] {dagbag.py:500} INFO - Filling up the DagBag from /home/airflow/.local/lib/python3.7/site-packages/airflow/example_dags/example_task_group_decorator.py
[2022-08-04 19:52:28,144] {processor.py:654} INFO - DAG(s) dict_keys(['example_task_group_decorator']) retrieved from /home/airflow/.local/lib/python3.7/site-packages/airflow/example_dags/example_task_group_decorator.py
[2022-08-04 19:52:28,822] {logging_mixin.py:109} INFO - [2022-08-04 19:52:28,822] {dag.py:2398} INFO - Sync 1 DAGs
[2022-08-04 19:52:28,893] {logging_mixin.py:109} INFO - [2022-08-04 19:52:28,893] {dag.py:2937} INFO - Setting next_dagrun for example_task_group_decorator to 2022-08-03T19:52:28.891815+00:00
[2022-08-04 19:52:28,934] {processor.py:171} INFO - Processing /home/airflow/.local/lib/python3.7/site-packages/airflow/example_dags/example_task_group_decorator.py took 1.141 seconds
[2022-08-04 19:53:00,130] {processor.py:163} INFO - Started process (PID=316) to work on /home/airflow/.local/lib/python3.7/site-packages/airflow/example_dags/example_task_group_decorator.py
[2022-08-04 19:53:00,132] {processor.py:642} INFO - Processing file /home/airflow/.local/lib/python3.7/site-packages/airflow/example_dags/example_task_group_decorator.py for tasks to queue
[2022-08-04 19:53:00,133] {logging_mixin.py:109} INFO - [2022-08-04 19:53:00,133] {dagbag.py:500} INFO - Filling up the DagBag from /home/airflow/.local/lib/python3.7/site-packages/airflow/example_dags/example_task_group_decorator.py
[2022-08-04 19:53:00,210] {processor.py:654} INFO - DAG(s) dict_keys(['example_task_group_decorator']) retrieved from /home/airflow/.local/lib/python3.7/site-packages/airflow/example_dags/example_task_group_decorator.py
[2022-08-04 19:53:00,657] {logging_mixin.py:109} INFO - [2022-08-04 19:53:00,657] {dag.py:2398} INFO - Sync 1 DAGs
[2022-08-04 19:53:00,685] {logging_mixin.py:109} INFO - [2022-08-04 19:53:00,684] {dag.py:2937} INFO - Setting next_dagrun for example_task_group_decorator to 2022-08-03T19:53:00.684429+00:00
[2022-08-04 19:53:00,703] {processor.py:171} INFO - Processing /home/airflow/.local/lib/python3.7/site-packages/airflow/example_dags/example_task_group_decorator.py took 0.578 seconds
[2022-08-04 19:58:52,391] {processor.py:163} INFO - Started process (PID=63) to work on /home/airflow/.local/lib/python3.7/site-packages/airflow/example_dags/example_task_group_decorator.py
[2022-08-04 19:58:52,395] {processor.py:642} INFO - Processing file /home/airflow/.local/lib/python3.7/site-packages/airflow/example_dags/example_task_group_decorator.py for tasks to queue
[2022-08-04 19:58:52,399] {logging_mixin.py:109} INFO - [2022-08-04 19:58:52,396] {dagbag.py:500} INFO - Filling up the DagBag from /home/airflow/.local/lib/python3.7/site-packages/airflow/example_dags/example_task_group_decorator.py
[2022-08-04 19:58:52,547] {processor.py:654} INFO - DAG(s) dict_keys(['example_task_group_decorator']) retrieved from /home/airflow/.local/lib/python3.7/site-packages/airflow/example_dags/example_task_group_decorator.py
[2022-08-04 19:58:53,698] {logging_mixin.py:109} INFO - [2022-08-04 19:58:53,698] {dag.py:2398} INFO - Sync 1 DAGs
[2022-08-04 19:58:53,732] {logging_mixin.py:109} INFO - [2022-08-04 19:58:53,732] {dag.py:2937} INFO - Setting next_dagrun for example_task_group_decorator to 2022-08-03T19:58:53.731690+00:00
[2022-08-04 19:58:53,777] {processor.py:171} INFO - Processing /home/airflow/.local/lib/python3.7/site-packages/airflow/example_dags/example_task_group_decorator.py took 1.403 seconds
[2022-08-04 19:59:24,494] {processor.py:163} INFO - Started process (PID=119) to work on /home/airflow/.local/lib/python3.7/site-packages/airflow/example_dags/example_task_group_decorator.py
[2022-08-04 19:59:24,496] {processor.py:642} INFO - Processing file /home/airflow/.local/lib/python3.7/site-packages/airflow/example_dags/example_task_group_decorator.py for tasks to queue
[2022-08-04 19:59:24,496] {logging_mixin.py:109} INFO - [2022-08-04 19:59:24,496] {dagbag.py:500} INFO - Filling up the DagBag from /home/airflow/.local/lib/python3.7/site-packages/airflow/example_dags/example_task_group_decorator.py
[2022-08-04 19:59:24,545] {processor.py:654} INFO - DAG(s) dict_keys(['example_task_group_decorator']) retrieved from /home/airflow/.local/lib/python3.7/site-packages/airflow/example_dags/example_task_group_decorator.py
[2022-08-04 19:59:24,842] {logging_mixin.py:109} INFO - [2022-08-04 19:59:24,842] {dag.py:2398} INFO - Sync 1 DAGs
[2022-08-04 19:59:24,861] {logging_mixin.py:109} INFO - [2022-08-04 19:59:24,861] {dag.py:2937} INFO - Setting next_dagrun for example_task_group_decorator to 2022-08-03T19:59:24.861098+00:00
[2022-08-04 19:59:24,876] {processor.py:171} INFO - Processing /home/airflow/.local/lib/python3.7/site-packages/airflow/example_dags/example_task_group_decorator.py took 0.385 seconds
[2022-08-04 19:59:55,459] {processor.py:163} INFO - Started process (PID=171) to work on /home/airflow/.local/lib/python3.7/site-packages/airflow/example_dags/example_task_group_decorator.py
[2022-08-04 19:59:55,470] {processor.py:642} INFO - Processing file /home/airflow/.local/lib/python3.7/site-packages/airflow/example_dags/example_task_group_decorator.py for tasks to queue
[2022-08-04 19:59:55,471] {logging_mixin.py:109} INFO - [2022-08-04 19:59:55,471] {dagbag.py:500} INFO - Filling up the DagBag from /home/airflow/.local/lib/python3.7/site-packages/airflow/example_dags/example_task_group_decorator.py
[2022-08-04 19:59:55,531] {processor.py:654} INFO - DAG(s) dict_keys(['example_task_group_decorator']) retrieved from /home/airflow/.local/lib/python3.7/site-packages/airflow/example_dags/example_task_group_decorator.py
[2022-08-04 19:59:55,926] {logging_mixin.py:109} INFO - [2022-08-04 19:59:55,926] {dag.py:2398} INFO - Sync 1 DAGs
[2022-08-04 19:59:55,957] {logging_mixin.py:109} INFO - [2022-08-04 19:59:55,957] {dag.py:2937} INFO - Setting next_dagrun for example_task_group_decorator to 2022-08-03T19:59:55.956703+00:00
[2022-08-04 19:59:55,976] {processor.py:171} INFO - Processing /home/airflow/.local/lib/python3.7/site-packages/airflow/example_dags/example_task_group_decorator.py took 0.520 seconds
[2022-08-04 20:00:35,868] {processor.py:163} INFO - Started process (PID=223) to work on /home/airflow/.local/lib/python3.7/site-packages/airflow/example_dags/example_task_group_decorator.py
[2022-08-04 20:00:35,870] {processor.py:642} INFO - Processing file /home/airflow/.local/lib/python3.7/site-packages/airflow/example_dags/example_task_group_decorator.py for tasks to queue
[2022-08-04 20:00:35,871] {logging_mixin.py:109} INFO - [2022-08-04 20:00:35,871] {dagbag.py:500} INFO - Filling up the DagBag from /home/airflow/.local/lib/python3.7/site-packages/airflow/example_dags/example_task_group_decorator.py
[2022-08-04 20:00:35,951] {processor.py:654} INFO - DAG(s) dict_keys(['example_task_group_decorator']) retrieved from /home/airflow/.local/lib/python3.7/site-packages/airflow/example_dags/example_task_group_decorator.py
[2022-08-04 20:00:36,485] {logging_mixin.py:109} INFO - [2022-08-04 20:00:36,485] {dag.py:2398} INFO - Sync 1 DAGs
[2022-08-04 20:00:36,511] {logging_mixin.py:109} INFO - [2022-08-04 20:00:36,511] {dag.py:2937} INFO - Setting next_dagrun for example_task_group_decorator to 2022-08-03T20:00:36.511298+00:00
[2022-08-04 20:00:36,534] {processor.py:171} INFO - Processing /home/airflow/.local/lib/python3.7/site-packages/airflow/example_dags/example_task_group_decorator.py took 0.670 seconds
[2022-08-04 20:01:08,469] {processor.py:163} INFO - Started process (PID=273) to work on /home/airflow/.local/lib/python3.7/site-packages/airflow/example_dags/example_task_group_decorator.py
[2022-08-04 20:01:08,472] {processor.py:642} INFO - Processing file /home/airflow/.local/lib/python3.7/site-packages/airflow/example_dags/example_task_group_decorator.py for tasks to queue
[2022-08-04 20:01:08,473] {logging_mixin.py:109} INFO - [2022-08-04 20:01:08,473] {dagbag.py:500} INFO - Filling up the DagBag from /home/airflow/.local/lib/python3.7/site-packages/airflow/example_dags/example_task_group_decorator.py
[2022-08-04 20:01:08,576] {processor.py:654} INFO - DAG(s) dict_keys(['example_task_group_decorator']) retrieved from /home/airflow/.local/lib/python3.7/site-packages/airflow/example_dags/example_task_group_decorator.py
[2022-08-04 20:01:09,046] {logging_mixin.py:109} INFO - [2022-08-04 20:01:09,046] {dag.py:2398} INFO - Sync 1 DAGs
[2022-08-04 20:01:09,073] {logging_mixin.py:109} INFO - [2022-08-04 20:01:09,072] {dag.py:2937} INFO - Setting next_dagrun for example_task_group_decorator to 2022-08-03T20:01:09.072471+00:00
[2022-08-04 20:01:09,091] {processor.py:171} INFO - Processing /home/airflow/.local/lib/python3.7/site-packages/airflow/example_dags/example_task_group_decorator.py took 0.629 seconds
[2022-08-04 20:01:40,606] {processor.py:163} INFO - Started process (PID=327) to work on /home/airflow/.local/lib/python3.7/site-packages/airflow/example_dags/example_task_group_decorator.py
[2022-08-04 20:01:40,610] {processor.py:642} INFO - Processing file /home/airflow/.local/lib/python3.7/site-packages/airflow/example_dags/example_task_group_decorator.py for tasks to queue
[2022-08-04 20:01:40,611] {logging_mixin.py:109} INFO - [2022-08-04 20:01:40,611] {dagbag.py:500} INFO - Filling up the DagBag from /home/airflow/.local/lib/python3.7/site-packages/airflow/example_dags/example_task_group_decorator.py
[2022-08-04 20:01:40,823] {processor.py:654} INFO - DAG(s) dict_keys(['example_task_group_decorator']) retrieved from /home/airflow/.local/lib/python3.7/site-packages/airflow/example_dags/example_task_group_decorator.py
[2022-08-04 20:01:42,013] {logging_mixin.py:109} INFO - [2022-08-04 20:01:42,013] {dag.py:2398} INFO - Sync 1 DAGs
[2022-08-04 20:01:42,079] {logging_mixin.py:109} INFO - [2022-08-04 20:01:42,079] {dag.py:2937} INFO - Setting next_dagrun for example_task_group_decorator to 2022-08-03T20:01:42.077965+00:00
[2022-08-04 20:01:42,150] {processor.py:171} INFO - Processing /home/airflow/.local/lib/python3.7/site-packages/airflow/example_dags/example_task_group_decorator.py took 1.554 seconds
[2022-08-04 20:02:12,247] {processor.py:163} INFO - Started process (PID=383) to work on /home/airflow/.local/lib/python3.7/site-packages/airflow/example_dags/example_task_group_decorator.py
[2022-08-04 20:02:12,251] {processor.py:642} INFO - Processing file /home/airflow/.local/lib/python3.7/site-packages/airflow/example_dags/example_task_group_decorator.py for tasks to queue
[2022-08-04 20:02:12,253] {logging_mixin.py:109} INFO - [2022-08-04 20:02:12,252] {dagbag.py:500} INFO - Filling up the DagBag from /home/airflow/.local/lib/python3.7/site-packages/airflow/example_dags/example_task_group_decorator.py
[2022-08-04 20:02:12,422] {processor.py:654} INFO - DAG(s) dict_keys(['example_task_group_decorator']) retrieved from /home/airflow/.local/lib/python3.7/site-packages/airflow/example_dags/example_task_group_decorator.py
[2022-08-04 20:02:13,084] {logging_mixin.py:109} INFO - [2022-08-04 20:02:13,083] {dag.py:2398} INFO - Sync 1 DAGs
[2022-08-04 20:02:13,131] {logging_mixin.py:109} INFO - [2022-08-04 20:02:13,130] {dag.py:2937} INFO - Setting next_dagrun for example_task_group_decorator to 2022-08-03T20:02:13.130070+00:00
[2022-08-04 20:02:13,174] {processor.py:171} INFO - Processing /home/airflow/.local/lib/python3.7/site-packages/airflow/example_dags/example_task_group_decorator.py took 0.947 seconds
[2022-08-04 20:02:44,237] {processor.py:163} INFO - Started process (PID=425) to work on /home/airflow/.local/lib/python3.7/site-packages/airflow/example_dags/example_task_group_decorator.py
[2022-08-04 20:02:44,245] {processor.py:642} INFO - Processing file /home/airflow/.local/lib/python3.7/site-packages/airflow/example_dags/example_task_group_decorator.py for tasks to queue
[2022-08-04 20:02:44,247] {logging_mixin.py:109} INFO - [2022-08-04 20:02:44,247] {dagbag.py:500} INFO - Filling up the DagBag from /home/airflow/.local/lib/python3.7/site-packages/airflow/example_dags/example_task_group_decorator.py
[2022-08-04 20:02:44,545] {processor.py:654} INFO - DAG(s) dict_keys(['example_task_group_decorator']) retrieved from /home/airflow/.local/lib/python3.7/site-packages/airflow/example_dags/example_task_group_decorator.py
[2022-08-04 20:02:45,196] {logging_mixin.py:109} INFO - [2022-08-04 20:02:45,195] {dag.py:2398} INFO - Sync 1 DAGs
[2022-08-04 20:02:45,226] {logging_mixin.py:109} INFO - [2022-08-04 20:02:45,226] {dag.py:2937} INFO - Setting next_dagrun for example_task_group_decorator to 2022-08-03T20:02:45.226364+00:00
[2022-08-04 20:02:45,245] {processor.py:171} INFO - Processing /home/airflow/.local/lib/python3.7/site-packages/airflow/example_dags/example_task_group_decorator.py took 1.021 seconds
[2022-08-04 20:03:21,642] {processor.py:163} INFO - Started process (PID=477) to work on /home/airflow/.local/lib/python3.7/site-packages/airflow/example_dags/example_task_group_decorator.py
[2022-08-04 20:03:21,645] {processor.py:642} INFO - Processing file /home/airflow/.local/lib/python3.7/site-packages/airflow/example_dags/example_task_group_decorator.py for tasks to queue
[2022-08-04 20:03:21,647] {logging_mixin.py:109} INFO - [2022-08-04 20:03:21,647] {dagbag.py:500} INFO - Filling up the DagBag from /home/airflow/.local/lib/python3.7/site-packages/airflow/example_dags/example_task_group_decorator.py
[2022-08-04 20:03:21,774] {processor.py:654} INFO - DAG(s) dict_keys(['example_task_group_decorator']) retrieved from /home/airflow/.local/lib/python3.7/site-packages/airflow/example_dags/example_task_group_decorator.py
[2022-08-04 20:03:22,399] {logging_mixin.py:109} INFO - [2022-08-04 20:03:22,398] {dag.py:2398} INFO - Sync 1 DAGs
[2022-08-04 20:03:22,441] {logging_mixin.py:109} INFO - [2022-08-04 20:03:22,440] {dag.py:2937} INFO - Setting next_dagrun for example_task_group_decorator to 2022-08-03T20:03:22.440290+00:00
[2022-08-04 20:03:22,473] {processor.py:171} INFO - Processing /home/airflow/.local/lib/python3.7/site-packages/airflow/example_dags/example_task_group_decorator.py took 0.839 seconds
[2022-08-04 20:03:54,839] {processor.py:163} INFO - Started process (PID=533) to work on /home/airflow/.local/lib/python3.7/site-packages/airflow/example_dags/example_task_group_decorator.py
[2022-08-04 20:03:54,842] {processor.py:642} INFO - Processing file /home/airflow/.local/lib/python3.7/site-packages/airflow/example_dags/example_task_group_decorator.py for tasks to queue
[2022-08-04 20:03:54,844] {logging_mixin.py:109} INFO - [2022-08-04 20:03:54,843] {dagbag.py:500} INFO - Filling up the DagBag from /home/airflow/.local/lib/python3.7/site-packages/airflow/example_dags/example_task_group_decorator.py
[2022-08-04 20:03:55,001] {processor.py:654} INFO - DAG(s) dict_keys(['example_task_group_decorator']) retrieved from /home/airflow/.local/lib/python3.7/site-packages/airflow/example_dags/example_task_group_decorator.py
[2022-08-04 20:03:56,317] {logging_mixin.py:109} INFO - [2022-08-04 20:03:56,317] {dag.py:2398} INFO - Sync 1 DAGs
[2022-08-04 20:03:56,361] {logging_mixin.py:109} INFO - [2022-08-04 20:03:56,360] {dag.py:2937} INFO - Setting next_dagrun for example_task_group_decorator to 2022-08-03T20:03:56.360245+00:00
[2022-08-04 20:03:56,395] {processor.py:171} INFO - Processing /home/airflow/.local/lib/python3.7/site-packages/airflow/example_dags/example_task_group_decorator.py took 1.565 seconds
[2022-08-04 20:04:26,533] {processor.py:163} INFO - Started process (PID=589) to work on /home/airflow/.local/lib/python3.7/site-packages/airflow/example_dags/example_task_group_decorator.py
[2022-08-04 20:04:26,536] {processor.py:642} INFO - Processing file /home/airflow/.local/lib/python3.7/site-packages/airflow/example_dags/example_task_group_decorator.py for tasks to queue
[2022-08-04 20:04:26,537] {logging_mixin.py:109} INFO - [2022-08-04 20:04:26,536] {dagbag.py:500} INFO - Filling up the DagBag from /home/airflow/.local/lib/python3.7/site-packages/airflow/example_dags/example_task_group_decorator.py
[2022-08-04 20:04:26,615] {processor.py:654} INFO - DAG(s) dict_keys(['example_task_group_decorator']) retrieved from /home/airflow/.local/lib/python3.7/site-packages/airflow/example_dags/example_task_group_decorator.py
[2022-08-04 20:04:26,994] {logging_mixin.py:109} INFO - [2022-08-04 20:04:26,994] {dag.py:2398} INFO - Sync 1 DAGs
[2022-08-04 20:04:27,029] {logging_mixin.py:109} INFO - [2022-08-04 20:04:27,029] {dag.py:2937} INFO - Setting next_dagrun for example_task_group_decorator to 2022-08-03T20:04:27.028946+00:00
[2022-08-04 20:04:27,047] {processor.py:171} INFO - Processing /home/airflow/.local/lib/python3.7/site-packages/airflow/example_dags/example_task_group_decorator.py took 0.519 seconds
[2022-08-04 20:04:59,450] {processor.py:163} INFO - Started process (PID=642) to work on /home/airflow/.local/lib/python3.7/site-packages/airflow/example_dags/example_task_group_decorator.py
[2022-08-04 20:04:59,453] {processor.py:642} INFO - Processing file /home/airflow/.local/lib/python3.7/site-packages/airflow/example_dags/example_task_group_decorator.py for tasks to queue
[2022-08-04 20:04:59,455] {logging_mixin.py:109} INFO - [2022-08-04 20:04:59,454] {dagbag.py:500} INFO - Filling up the DagBag from /home/airflow/.local/lib/python3.7/site-packages/airflow/example_dags/example_task_group_decorator.py
[2022-08-04 20:04:59,665] {processor.py:654} INFO - DAG(s) dict_keys(['example_task_group_decorator']) retrieved from /home/airflow/.local/lib/python3.7/site-packages/airflow/example_dags/example_task_group_decorator.py
[2022-08-04 20:05:01,145] {logging_mixin.py:109} INFO - [2022-08-04 20:05:01,145] {dag.py:2398} INFO - Sync 1 DAGs
[2022-08-04 20:05:01,190] {logging_mixin.py:109} INFO - [2022-08-04 20:05:01,190] {dag.py:2937} INFO - Setting next_dagrun for example_task_group_decorator to 2022-08-03T20:05:01.189784+00:00
[2022-08-04 20:05:01,216] {processor.py:171} INFO - Processing /home/airflow/.local/lib/python3.7/site-packages/airflow/example_dags/example_task_group_decorator.py took 1.774 seconds
[2022-08-04 20:05:31,537] {processor.py:163} INFO - Started process (PID=686) to work on /home/airflow/.local/lib/python3.7/site-packages/airflow/example_dags/example_task_group_decorator.py
[2022-08-04 20:05:31,542] {processor.py:642} INFO - Processing file /home/airflow/.local/lib/python3.7/site-packages/airflow/example_dags/example_task_group_decorator.py for tasks to queue
[2022-08-04 20:05:31,544] {logging_mixin.py:109} INFO - [2022-08-04 20:05:31,543] {dagbag.py:500} INFO - Filling up the DagBag from /home/airflow/.local/lib/python3.7/site-packages/airflow/example_dags/example_task_group_decorator.py
[2022-08-04 20:05:31,640] {processor.py:654} INFO - DAG(s) dict_keys(['example_task_group_decorator']) retrieved from /home/airflow/.local/lib/python3.7/site-packages/airflow/example_dags/example_task_group_decorator.py
[2022-08-04 20:05:32,106] {logging_mixin.py:109} INFO - [2022-08-04 20:05:32,105] {dag.py:2398} INFO - Sync 1 DAGs
[2022-08-04 20:05:32,151] {logging_mixin.py:109} INFO - [2022-08-04 20:05:32,151] {dag.py:2937} INFO - Setting next_dagrun for example_task_group_decorator to 2022-08-03T20:05:32.151172+00:00
[2022-08-04 20:05:32,186] {processor.py:171} INFO - Processing /home/airflow/.local/lib/python3.7/site-packages/airflow/example_dags/example_task_group_decorator.py took 0.658 seconds
[2022-08-04 20:06:11,770] {processor.py:163} INFO - Started process (PID=737) to work on /home/airflow/.local/lib/python3.7/site-packages/airflow/example_dags/example_task_group_decorator.py
[2022-08-04 20:06:11,773] {processor.py:642} INFO - Processing file /home/airflow/.local/lib/python3.7/site-packages/airflow/example_dags/example_task_group_decorator.py for tasks to queue
[2022-08-04 20:06:11,774] {logging_mixin.py:109} INFO - [2022-08-04 20:06:11,774] {dagbag.py:500} INFO - Filling up the DagBag from /home/airflow/.local/lib/python3.7/site-packages/airflow/example_dags/example_task_group_decorator.py
[2022-08-04 20:06:11,901] {processor.py:654} INFO - DAG(s) dict_keys(['example_task_group_decorator']) retrieved from /home/airflow/.local/lib/python3.7/site-packages/airflow/example_dags/example_task_group_decorator.py
[2022-08-04 20:06:13,729] {logging_mixin.py:109} INFO - [2022-08-04 20:06:13,724] {dag.py:2398} INFO - Sync 1 DAGs
[2022-08-04 20:06:13,980] {logging_mixin.py:109} INFO - [2022-08-04 20:06:13,963] {dag.py:2937} INFO - Setting next_dagrun for example_task_group_decorator to 2022-08-03T20:06:13.937866+00:00
[2022-08-04 20:06:14,196] {processor.py:171} INFO - Processing /home/airflow/.local/lib/python3.7/site-packages/airflow/example_dags/example_task_group_decorator.py took 2.434 seconds
[2022-08-04 20:06:45,993] {processor.py:163} INFO - Started process (PID=795) to work on /home/airflow/.local/lib/python3.7/site-packages/airflow/example_dags/example_task_group_decorator.py
[2022-08-04 20:06:46,639] {processor.py:642} INFO - Processing file /home/airflow/.local/lib/python3.7/site-packages/airflow/example_dags/example_task_group_decorator.py for tasks to queue
[2022-08-04 20:06:47,698] {logging_mixin.py:109} INFO - [2022-08-04 20:06:46,817] {dagbag.py:500} INFO - Filling up the DagBag from /home/airflow/.local/lib/python3.7/site-packages/airflow/example_dags/example_task_group_decorator.py
[2022-08-04 20:06:50,173] {processor.py:654} INFO - DAG(s) dict_keys(['example_task_group_decorator']) retrieved from /home/airflow/.local/lib/python3.7/site-packages/airflow/example_dags/example_task_group_decorator.py
[2022-08-04 20:06:51,082] {logging_mixin.py:109} INFO - [2022-08-04 20:06:51,082] {dag.py:2398} INFO - Sync 1 DAGs
[2022-08-04 20:06:51,146] {logging_mixin.py:109} INFO - [2022-08-04 20:06:51,145] {dag.py:2937} INFO - Setting next_dagrun for example_task_group_decorator to 2022-08-03T20:06:51.139474+00:00
[2022-08-04 20:06:51,195] {processor.py:171} INFO - Processing /home/airflow/.local/lib/python3.7/site-packages/airflow/example_dags/example_task_group_decorator.py took 5.560 seconds
[2022-08-04 20:07:21,985] {processor.py:163} INFO - Started process (PID=851) to work on /home/airflow/.local/lib/python3.7/site-packages/airflow/example_dags/example_task_group_decorator.py
[2022-08-04 20:07:21,988] {processor.py:642} INFO - Processing file /home/airflow/.local/lib/python3.7/site-packages/airflow/example_dags/example_task_group_decorator.py for tasks to queue
[2022-08-04 20:07:21,990] {logging_mixin.py:109} INFO - [2022-08-04 20:07:21,989] {dagbag.py:500} INFO - Filling up the DagBag from /home/airflow/.local/lib/python3.7/site-packages/airflow/example_dags/example_task_group_decorator.py
[2022-08-04 20:07:22,245] {processor.py:654} INFO - DAG(s) dict_keys(['example_task_group_decorator']) retrieved from /home/airflow/.local/lib/python3.7/site-packages/airflow/example_dags/example_task_group_decorator.py
[2022-08-04 20:07:23,684] {logging_mixin.py:109} INFO - [2022-08-04 20:07:23,675] {dag.py:2398} INFO - Sync 1 DAGs
[2022-08-04 20:07:23,868] {logging_mixin.py:109} INFO - [2022-08-04 20:07:23,853] {dag.py:2937} INFO - Setting next_dagrun for example_task_group_decorator to 2022-08-03T20:07:23.832087+00:00
[2022-08-04 20:07:24,027] {processor.py:171} INFO - Processing /home/airflow/.local/lib/python3.7/site-packages/airflow/example_dags/example_task_group_decorator.py took 2.052 seconds
[2022-08-04 20:07:56,253] {processor.py:163} INFO - Started process (PID=894) to work on /home/airflow/.local/lib/python3.7/site-packages/airflow/example_dags/example_task_group_decorator.py
[2022-08-04 20:07:56,275] {processor.py:642} INFO - Processing file /home/airflow/.local/lib/python3.7/site-packages/airflow/example_dags/example_task_group_decorator.py for tasks to queue
[2022-08-04 20:07:56,284] {logging_mixin.py:109} INFO - [2022-08-04 20:07:56,284] {dagbag.py:500} INFO - Filling up the DagBag from /home/airflow/.local/lib/python3.7/site-packages/airflow/example_dags/example_task_group_decorator.py
[2022-08-04 20:07:57,085] {processor.py:654} INFO - DAG(s) dict_keys(['example_task_group_decorator']) retrieved from /home/airflow/.local/lib/python3.7/site-packages/airflow/example_dags/example_task_group_decorator.py
[2022-08-04 20:07:58,121] {logging_mixin.py:109} INFO - [2022-08-04 20:07:58,121] {dag.py:2398} INFO - Sync 1 DAGs
[2022-08-04 20:07:58,191] {logging_mixin.py:109} INFO - [2022-08-04 20:07:58,191] {dag.py:2937} INFO - Setting next_dagrun for example_task_group_decorator to 2022-08-03T20:07:58.174824+00:00
[2022-08-04 20:07:58,222] {processor.py:171} INFO - Processing /home/airflow/.local/lib/python3.7/site-packages/airflow/example_dags/example_task_group_decorator.py took 2.266 seconds
[2022-08-04 20:08:28,636] {processor.py:163} INFO - Started process (PID=947) to work on /home/airflow/.local/lib/python3.7/site-packages/airflow/example_dags/example_task_group_decorator.py
[2022-08-04 20:08:28,638] {processor.py:642} INFO - Processing file /home/airflow/.local/lib/python3.7/site-packages/airflow/example_dags/example_task_group_decorator.py for tasks to queue
[2022-08-04 20:08:28,639] {logging_mixin.py:109} INFO - [2022-08-04 20:08:28,639] {dagbag.py:500} INFO - Filling up the DagBag from /home/airflow/.local/lib/python3.7/site-packages/airflow/example_dags/example_task_group_decorator.py
[2022-08-04 20:08:28,745] {processor.py:654} INFO - DAG(s) dict_keys(['example_task_group_decorator']) retrieved from /home/airflow/.local/lib/python3.7/site-packages/airflow/example_dags/example_task_group_decorator.py
[2022-08-04 20:08:29,279] {logging_mixin.py:109} INFO - [2022-08-04 20:08:29,277] {dag.py:2398} INFO - Sync 1 DAGs
[2022-08-04 20:08:29,307] {logging_mixin.py:109} INFO - [2022-08-04 20:08:29,307] {dag.py:2937} INFO - Setting next_dagrun for example_task_group_decorator to 2022-08-03T20:08:29.305393+00:00
[2022-08-04 20:08:29,333] {processor.py:171} INFO - Processing /home/airflow/.local/lib/python3.7/site-packages/airflow/example_dags/example_task_group_decorator.py took 0.702 seconds
[2022-08-04 20:09:01,502] {processor.py:163} INFO - Started process (PID=999) to work on /home/airflow/.local/lib/python3.7/site-packages/airflow/example_dags/example_task_group_decorator.py
[2022-08-04 20:09:01,516] {processor.py:642} INFO - Processing file /home/airflow/.local/lib/python3.7/site-packages/airflow/example_dags/example_task_group_decorator.py for tasks to queue
[2022-08-04 20:09:01,519] {logging_mixin.py:109} INFO - [2022-08-04 20:09:01,518] {dagbag.py:500} INFO - Filling up the DagBag from /home/airflow/.local/lib/python3.7/site-packages/airflow/example_dags/example_task_group_decorator.py
[2022-08-04 20:09:01,871] {processor.py:654} INFO - DAG(s) dict_keys(['example_task_group_decorator']) retrieved from /home/airflow/.local/lib/python3.7/site-packages/airflow/example_dags/example_task_group_decorator.py
[2022-08-04 20:09:03,126] {logging_mixin.py:109} INFO - [2022-08-04 20:09:03,126] {dag.py:2398} INFO - Sync 1 DAGs
[2022-08-04 20:09:03,166] {logging_mixin.py:109} INFO - [2022-08-04 20:09:03,166] {dag.py:2937} INFO - Setting next_dagrun for example_task_group_decorator to 2022-08-03T20:09:03.164539+00:00
[2022-08-04 20:09:03,195] {processor.py:171} INFO - Processing /home/airflow/.local/lib/python3.7/site-packages/airflow/example_dags/example_task_group_decorator.py took 3.207 seconds
[2022-08-04 20:09:33,623] {processor.py:163} INFO - Started process (PID=1042) to work on /home/airflow/.local/lib/python3.7/site-packages/airflow/example_dags/example_task_group_decorator.py
[2022-08-04 20:09:33,625] {processor.py:642} INFO - Processing file /home/airflow/.local/lib/python3.7/site-packages/airflow/example_dags/example_task_group_decorator.py for tasks to queue
[2022-08-04 20:09:33,626] {logging_mixin.py:109} INFO - [2022-08-04 20:09:33,626] {dagbag.py:500} INFO - Filling up the DagBag from /home/airflow/.local/lib/python3.7/site-packages/airflow/example_dags/example_task_group_decorator.py
[2022-08-04 20:09:33,737] {processor.py:654} INFO - DAG(s) dict_keys(['example_task_group_decorator']) retrieved from /home/airflow/.local/lib/python3.7/site-packages/airflow/example_dags/example_task_group_decorator.py
[2022-08-04 20:09:34,210] {logging_mixin.py:109} INFO - [2022-08-04 20:09:34,210] {dag.py:2398} INFO - Sync 1 DAGs
[2022-08-04 20:09:34,236] {logging_mixin.py:109} INFO - [2022-08-04 20:09:34,235] {dag.py:2937} INFO - Setting next_dagrun for example_task_group_decorator to 2022-08-03T20:09:34.235329+00:00
[2022-08-04 20:09:34,264] {processor.py:171} INFO - Processing /home/airflow/.local/lib/python3.7/site-packages/airflow/example_dags/example_task_group_decorator.py took 0.650 seconds
[2022-08-04 20:10:05,167] {processor.py:163} INFO - Started process (PID=1095) to work on /home/airflow/.local/lib/python3.7/site-packages/airflow/example_dags/example_task_group_decorator.py
[2022-08-04 20:10:05,169] {processor.py:642} INFO - Processing file /home/airflow/.local/lib/python3.7/site-packages/airflow/example_dags/example_task_group_decorator.py for tasks to queue
[2022-08-04 20:10:05,171] {logging_mixin.py:109} INFO - [2022-08-04 20:10:05,170] {dagbag.py:500} INFO - Filling up the DagBag from /home/airflow/.local/lib/python3.7/site-packages/airflow/example_dags/example_task_group_decorator.py
[2022-08-04 20:10:05,279] {processor.py:654} INFO - DAG(s) dict_keys(['example_task_group_decorator']) retrieved from /home/airflow/.local/lib/python3.7/site-packages/airflow/example_dags/example_task_group_decorator.py
[2022-08-04 20:10:05,799] {logging_mixin.py:109} INFO - [2022-08-04 20:10:05,799] {dag.py:2398} INFO - Sync 1 DAGs
[2022-08-04 20:10:05,822] {logging_mixin.py:109} INFO - [2022-08-04 20:10:05,822] {dag.py:2937} INFO - Setting next_dagrun for example_task_group_decorator to 2022-08-03T20:10:05.821266+00:00
[2022-08-04 20:10:05,839] {processor.py:171} INFO - Processing /home/airflow/.local/lib/python3.7/site-packages/airflow/example_dags/example_task_group_decorator.py took 0.677 seconds
[2022-08-04 20:10:36,249] {processor.py:163} INFO - Started process (PID=1147) to work on /home/airflow/.local/lib/python3.7/site-packages/airflow/example_dags/example_task_group_decorator.py
[2022-08-04 20:10:36,252] {processor.py:642} INFO - Processing file /home/airflow/.local/lib/python3.7/site-packages/airflow/example_dags/example_task_group_decorator.py for tasks to queue
[2022-08-04 20:10:36,253] {logging_mixin.py:109} INFO - [2022-08-04 20:10:36,253] {dagbag.py:500} INFO - Filling up the DagBag from /home/airflow/.local/lib/python3.7/site-packages/airflow/example_dags/example_task_group_decorator.py
[2022-08-04 20:10:36,896] {processor.py:654} INFO - DAG(s) dict_keys(['example_task_group_decorator']) retrieved from /home/airflow/.local/lib/python3.7/site-packages/airflow/example_dags/example_task_group_decorator.py
[2022-08-04 20:10:38,578] {logging_mixin.py:109} INFO - [2022-08-04 20:10:38,577] {dag.py:2398} INFO - Sync 1 DAGs
[2022-08-04 20:10:38,614] {logging_mixin.py:109} INFO - [2022-08-04 20:10:38,614] {dag.py:2937} INFO - Setting next_dagrun for example_task_group_decorator to 2022-08-03T20:10:38.611699+00:00
[2022-08-04 20:10:38,646] {processor.py:171} INFO - Processing /home/airflow/.local/lib/python3.7/site-packages/airflow/example_dags/example_task_group_decorator.py took 2.406 seconds
[2022-08-04 20:11:09,305] {processor.py:163} INFO - Started process (PID=1189) to work on /home/airflow/.local/lib/python3.7/site-packages/airflow/example_dags/example_task_group_decorator.py
[2022-08-04 20:11:09,308] {processor.py:642} INFO - Processing file /home/airflow/.local/lib/python3.7/site-packages/airflow/example_dags/example_task_group_decorator.py for tasks to queue
[2022-08-04 20:11:09,309] {logging_mixin.py:109} INFO - [2022-08-04 20:11:09,309] {dagbag.py:500} INFO - Filling up the DagBag from /home/airflow/.local/lib/python3.7/site-packages/airflow/example_dags/example_task_group_decorator.py
[2022-08-04 20:11:09,452] {processor.py:654} INFO - DAG(s) dict_keys(['example_task_group_decorator']) retrieved from /home/airflow/.local/lib/python3.7/site-packages/airflow/example_dags/example_task_group_decorator.py
[2022-08-04 20:11:10,274] {logging_mixin.py:109} INFO - [2022-08-04 20:11:10,274] {dag.py:2398} INFO - Sync 1 DAGs
[2022-08-04 20:11:10,331] {logging_mixin.py:109} INFO - [2022-08-04 20:11:10,331] {dag.py:2937} INFO - Setting next_dagrun for example_task_group_decorator to 2022-08-03T20:11:10.328016+00:00
[2022-08-04 20:11:10,369] {processor.py:171} INFO - Processing /home/airflow/.local/lib/python3.7/site-packages/airflow/example_dags/example_task_group_decorator.py took 1.068 seconds
