[2022-08-04 19:50:21,191] {processor.py:163} INFO - Started process (PID=60) to work on /home/airflow/.local/lib/python3.7/site-packages/airflow/example_dags/example_time_delta_sensor_async.py
[2022-08-04 19:50:21,193] {processor.py:642} INFO - Processing file /home/airflow/.local/lib/python3.7/site-packages/airflow/example_dags/example_time_delta_sensor_async.py for tasks to queue
[2022-08-04 19:50:21,195] {logging_mixin.py:109} INFO - [2022-08-04 19:50:21,195] {dagbag.py:500} INFO - Filling up the DagBag from /home/airflow/.local/lib/python3.7/site-packages/airflow/example_dags/example_time_delta_sensor_async.py
[2022-08-04 19:50:21,254] {processor.py:654} INFO - DAG(s) dict_keys(['example_time_delta_sensor_async']) retrieved from /home/airflow/.local/lib/python3.7/site-packages/airflow/example_dags/example_time_delta_sensor_async.py
[2022-08-04 19:50:21,275] {logging_mixin.py:109} INFO - [2022-08-04 19:50:21,275] {dag.py:2398} INFO - Sync 1 DAGs
[2022-08-04 19:50:21,301] {logging_mixin.py:109} INFO - [2022-08-04 19:50:21,301] {dag.py:2937} INFO - Setting next_dagrun for example_time_delta_sensor_async to None
[2022-08-04 19:50:21,316] {processor.py:171} INFO - Processing /home/airflow/.local/lib/python3.7/site-packages/airflow/example_dags/example_time_delta_sensor_async.py took 0.135 seconds
[2022-08-04 19:50:52,079] {processor.py:163} INFO - Started process (PID=111) to work on /home/airflow/.local/lib/python3.7/site-packages/airflow/example_dags/example_time_delta_sensor_async.py
[2022-08-04 19:50:52,081] {processor.py:642} INFO - Processing file /home/airflow/.local/lib/python3.7/site-packages/airflow/example_dags/example_time_delta_sensor_async.py for tasks to queue
[2022-08-04 19:50:52,082] {logging_mixin.py:109} INFO - [2022-08-04 19:50:52,082] {dagbag.py:500} INFO - Filling up the DagBag from /home/airflow/.local/lib/python3.7/site-packages/airflow/example_dags/example_time_delta_sensor_async.py
[2022-08-04 19:50:52,127] {processor.py:654} INFO - DAG(s) dict_keys(['example_time_delta_sensor_async']) retrieved from /home/airflow/.local/lib/python3.7/site-packages/airflow/example_dags/example_time_delta_sensor_async.py
[2022-08-04 19:50:52,146] {logging_mixin.py:109} INFO - [2022-08-04 19:50:52,145] {dag.py:2398} INFO - Sync 1 DAGs
[2022-08-04 19:50:52,177] {logging_mixin.py:109} INFO - [2022-08-04 19:50:52,177] {dag.py:2937} INFO - Setting next_dagrun for example_time_delta_sensor_async to None
[2022-08-04 19:50:52,202] {processor.py:171} INFO - Processing /home/airflow/.local/lib/python3.7/site-packages/airflow/example_dags/example_time_delta_sensor_async.py took 0.128 seconds
[2022-08-04 19:51:22,953] {processor.py:163} INFO - Started process (PID=163) to work on /home/airflow/.local/lib/python3.7/site-packages/airflow/example_dags/example_time_delta_sensor_async.py
[2022-08-04 19:51:22,955] {processor.py:642} INFO - Processing file /home/airflow/.local/lib/python3.7/site-packages/airflow/example_dags/example_time_delta_sensor_async.py for tasks to queue
[2022-08-04 19:51:22,956] {logging_mixin.py:109} INFO - [2022-08-04 19:51:22,956] {dagbag.py:500} INFO - Filling up the DagBag from /home/airflow/.local/lib/python3.7/site-packages/airflow/example_dags/example_time_delta_sensor_async.py
[2022-08-04 19:51:22,998] {processor.py:654} INFO - DAG(s) dict_keys(['example_time_delta_sensor_async']) retrieved from /home/airflow/.local/lib/python3.7/site-packages/airflow/example_dags/example_time_delta_sensor_async.py
[2022-08-04 19:51:23,011] {logging_mixin.py:109} INFO - [2022-08-04 19:51:23,011] {dag.py:2398} INFO - Sync 1 DAGs
[2022-08-04 19:51:23,038] {logging_mixin.py:109} INFO - [2022-08-04 19:51:23,038] {dag.py:2937} INFO - Setting next_dagrun for example_time_delta_sensor_async to None
[2022-08-04 19:51:23,056] {processor.py:171} INFO - Processing /home/airflow/.local/lib/python3.7/site-packages/airflow/example_dags/example_time_delta_sensor_async.py took 0.109 seconds
[2022-08-04 19:51:55,035] {processor.py:163} INFO - Started process (PID=215) to work on /home/airflow/.local/lib/python3.7/site-packages/airflow/example_dags/example_time_delta_sensor_async.py
[2022-08-04 19:51:55,038] {processor.py:642} INFO - Processing file /home/airflow/.local/lib/python3.7/site-packages/airflow/example_dags/example_time_delta_sensor_async.py for tasks to queue
[2022-08-04 19:51:55,039] {logging_mixin.py:109} INFO - [2022-08-04 19:51:55,039] {dagbag.py:500} INFO - Filling up the DagBag from /home/airflow/.local/lib/python3.7/site-packages/airflow/example_dags/example_time_delta_sensor_async.py
[2022-08-04 19:51:55,097] {processor.py:654} INFO - DAG(s) dict_keys(['example_time_delta_sensor_async']) retrieved from /home/airflow/.local/lib/python3.7/site-packages/airflow/example_dags/example_time_delta_sensor_async.py
[2022-08-04 19:51:55,116] {logging_mixin.py:109} INFO - [2022-08-04 19:51:55,116] {dag.py:2398} INFO - Sync 1 DAGs
[2022-08-04 19:51:55,152] {logging_mixin.py:109} INFO - [2022-08-04 19:51:55,152] {dag.py:2937} INFO - Setting next_dagrun for example_time_delta_sensor_async to None
[2022-08-04 19:51:55,170] {processor.py:171} INFO - Processing /home/airflow/.local/lib/python3.7/site-packages/airflow/example_dags/example_time_delta_sensor_async.py took 0.142 seconds
[2022-08-04 19:52:27,045] {processor.py:163} INFO - Started process (PID=268) to work on /home/airflow/.local/lib/python3.7/site-packages/airflow/example_dags/example_time_delta_sensor_async.py
[2022-08-04 19:52:27,048] {processor.py:642} INFO - Processing file /home/airflow/.local/lib/python3.7/site-packages/airflow/example_dags/example_time_delta_sensor_async.py for tasks to queue
[2022-08-04 19:52:27,060] {logging_mixin.py:109} INFO - [2022-08-04 19:52:27,060] {dagbag.py:500} INFO - Filling up the DagBag from /home/airflow/.local/lib/python3.7/site-packages/airflow/example_dags/example_time_delta_sensor_async.py
[2022-08-04 19:52:27,194] {processor.py:654} INFO - DAG(s) dict_keys(['example_time_delta_sensor_async']) retrieved from /home/airflow/.local/lib/python3.7/site-packages/airflow/example_dags/example_time_delta_sensor_async.py
[2022-08-04 19:52:27,214] {logging_mixin.py:109} INFO - [2022-08-04 19:52:27,214] {dag.py:2398} INFO - Sync 1 DAGs
[2022-08-04 19:52:27,256] {logging_mixin.py:109} INFO - [2022-08-04 19:52:27,256] {dag.py:2937} INFO - Setting next_dagrun for example_time_delta_sensor_async to None
[2022-08-04 19:52:27,282] {processor.py:171} INFO - Processing /home/airflow/.local/lib/python3.7/site-packages/airflow/example_dags/example_time_delta_sensor_async.py took 0.249 seconds
[2022-08-04 19:52:59,706] {processor.py:163} INFO - Started process (PID=311) to work on /home/airflow/.local/lib/python3.7/site-packages/airflow/example_dags/example_time_delta_sensor_async.py
[2022-08-04 19:52:59,708] {processor.py:642} INFO - Processing file /home/airflow/.local/lib/python3.7/site-packages/airflow/example_dags/example_time_delta_sensor_async.py for tasks to queue
[2022-08-04 19:52:59,709] {logging_mixin.py:109} INFO - [2022-08-04 19:52:59,709] {dagbag.py:500} INFO - Filling up the DagBag from /home/airflow/.local/lib/python3.7/site-packages/airflow/example_dags/example_time_delta_sensor_async.py
[2022-08-04 19:52:59,759] {processor.py:654} INFO - DAG(s) dict_keys(['example_time_delta_sensor_async']) retrieved from /home/airflow/.local/lib/python3.7/site-packages/airflow/example_dags/example_time_delta_sensor_async.py
[2022-08-04 19:52:59,773] {logging_mixin.py:109} INFO - [2022-08-04 19:52:59,773] {dag.py:2398} INFO - Sync 1 DAGs
[2022-08-04 19:52:59,800] {logging_mixin.py:109} INFO - [2022-08-04 19:52:59,800] {dag.py:2937} INFO - Setting next_dagrun for example_time_delta_sensor_async to None
[2022-08-04 19:52:59,815] {processor.py:171} INFO - Processing /home/airflow/.local/lib/python3.7/site-packages/airflow/example_dags/example_time_delta_sensor_async.py took 0.113 seconds
[2022-08-04 19:58:51,977] {processor.py:163} INFO - Started process (PID=60) to work on /home/airflow/.local/lib/python3.7/site-packages/airflow/example_dags/example_time_delta_sensor_async.py
[2022-08-04 19:58:51,995] {processor.py:642} INFO - Processing file /home/airflow/.local/lib/python3.7/site-packages/airflow/example_dags/example_time_delta_sensor_async.py for tasks to queue
[2022-08-04 19:58:51,996] {logging_mixin.py:109} INFO - [2022-08-04 19:58:51,996] {dagbag.py:500} INFO - Filling up the DagBag from /home/airflow/.local/lib/python3.7/site-packages/airflow/example_dags/example_time_delta_sensor_async.py
[2022-08-04 19:58:52,072] {processor.py:654} INFO - DAG(s) dict_keys(['example_time_delta_sensor_async']) retrieved from /home/airflow/.local/lib/python3.7/site-packages/airflow/example_dags/example_time_delta_sensor_async.py
[2022-08-04 19:58:52,090] {logging_mixin.py:109} INFO - [2022-08-04 19:58:52,090] {dag.py:2398} INFO - Sync 1 DAGs
[2022-08-04 19:58:52,121] {logging_mixin.py:109} INFO - [2022-08-04 19:58:52,121] {dag.py:2937} INFO - Setting next_dagrun for example_time_delta_sensor_async to None
[2022-08-04 19:58:52,139] {processor.py:171} INFO - Processing /home/airflow/.local/lib/python3.7/site-packages/airflow/example_dags/example_time_delta_sensor_async.py took 0.186 seconds
[2022-08-04 19:59:22,718] {processor.py:163} INFO - Started process (PID=113) to work on /home/airflow/.local/lib/python3.7/site-packages/airflow/example_dags/example_time_delta_sensor_async.py
[2022-08-04 19:59:22,720] {processor.py:642} INFO - Processing file /home/airflow/.local/lib/python3.7/site-packages/airflow/example_dags/example_time_delta_sensor_async.py for tasks to queue
[2022-08-04 19:59:22,721] {logging_mixin.py:109} INFO - [2022-08-04 19:59:22,720] {dagbag.py:500} INFO - Filling up the DagBag from /home/airflow/.local/lib/python3.7/site-packages/airflow/example_dags/example_time_delta_sensor_async.py
[2022-08-04 19:59:22,765] {processor.py:654} INFO - DAG(s) dict_keys(['example_time_delta_sensor_async']) retrieved from /home/airflow/.local/lib/python3.7/site-packages/airflow/example_dags/example_time_delta_sensor_async.py
[2022-08-04 19:59:22,791] {logging_mixin.py:109} INFO - [2022-08-04 19:59:22,790] {dag.py:2398} INFO - Sync 1 DAGs
[2022-08-04 19:59:22,835] {logging_mixin.py:109} INFO - [2022-08-04 19:59:22,835] {dag.py:2937} INFO - Setting next_dagrun for example_time_delta_sensor_async to None
[2022-08-04 19:59:22,874] {processor.py:171} INFO - Processing /home/airflow/.local/lib/python3.7/site-packages/airflow/example_dags/example_time_delta_sensor_async.py took 0.160 seconds
[2022-08-04 19:59:53,792] {processor.py:163} INFO - Started process (PID=165) to work on /home/airflow/.local/lib/python3.7/site-packages/airflow/example_dags/example_time_delta_sensor_async.py
[2022-08-04 19:59:53,794] {processor.py:642} INFO - Processing file /home/airflow/.local/lib/python3.7/site-packages/airflow/example_dags/example_time_delta_sensor_async.py for tasks to queue
[2022-08-04 19:59:53,794] {logging_mixin.py:109} INFO - [2022-08-04 19:59:53,794] {dagbag.py:500} INFO - Filling up the DagBag from /home/airflow/.local/lib/python3.7/site-packages/airflow/example_dags/example_time_delta_sensor_async.py
[2022-08-04 19:59:53,839] {processor.py:654} INFO - DAG(s) dict_keys(['example_time_delta_sensor_async']) retrieved from /home/airflow/.local/lib/python3.7/site-packages/airflow/example_dags/example_time_delta_sensor_async.py
[2022-08-04 19:59:53,853] {logging_mixin.py:109} INFO - [2022-08-04 19:59:53,853] {dag.py:2398} INFO - Sync 1 DAGs
[2022-08-04 19:59:53,877] {logging_mixin.py:109} INFO - [2022-08-04 19:59:53,876] {dag.py:2937} INFO - Setting next_dagrun for example_time_delta_sensor_async to None
[2022-08-04 19:59:53,893] {processor.py:171} INFO - Processing /home/airflow/.local/lib/python3.7/site-packages/airflow/example_dags/example_time_delta_sensor_async.py took 0.105 seconds
[2022-08-04 20:00:34,621] {processor.py:163} INFO - Started process (PID=218) to work on /home/airflow/.local/lib/python3.7/site-packages/airflow/example_dags/example_time_delta_sensor_async.py
[2022-08-04 20:00:34,625] {processor.py:642} INFO - Processing file /home/airflow/.local/lib/python3.7/site-packages/airflow/example_dags/example_time_delta_sensor_async.py for tasks to queue
[2022-08-04 20:00:34,627] {logging_mixin.py:109} INFO - [2022-08-04 20:00:34,626] {dagbag.py:500} INFO - Filling up the DagBag from /home/airflow/.local/lib/python3.7/site-packages/airflow/example_dags/example_time_delta_sensor_async.py
[2022-08-04 20:00:34,737] {processor.py:654} INFO - DAG(s) dict_keys(['example_time_delta_sensor_async']) retrieved from /home/airflow/.local/lib/python3.7/site-packages/airflow/example_dags/example_time_delta_sensor_async.py
[2022-08-04 20:00:34,768] {logging_mixin.py:109} INFO - [2022-08-04 20:00:34,768] {dag.py:2398} INFO - Sync 1 DAGs
[2022-08-04 20:00:34,823] {logging_mixin.py:109} INFO - [2022-08-04 20:00:34,822] {dag.py:2937} INFO - Setting next_dagrun for example_time_delta_sensor_async to None
[2022-08-04 20:00:34,852] {processor.py:171} INFO - Processing /home/airflow/.local/lib/python3.7/site-packages/airflow/example_dags/example_time_delta_sensor_async.py took 0.240 seconds
[2022-08-04 20:01:08,006] {processor.py:163} INFO - Started process (PID=270) to work on /home/airflow/.local/lib/python3.7/site-packages/airflow/example_dags/example_time_delta_sensor_async.py
[2022-08-04 20:01:08,021] {processor.py:642} INFO - Processing file /home/airflow/.local/lib/python3.7/site-packages/airflow/example_dags/example_time_delta_sensor_async.py for tasks to queue
[2022-08-04 20:01:08,023] {logging_mixin.py:109} INFO - [2022-08-04 20:01:08,023] {dagbag.py:500} INFO - Filling up the DagBag from /home/airflow/.local/lib/python3.7/site-packages/airflow/example_dags/example_time_delta_sensor_async.py
[2022-08-04 20:01:08,182] {processor.py:654} INFO - DAG(s) dict_keys(['example_time_delta_sensor_async']) retrieved from /home/airflow/.local/lib/python3.7/site-packages/airflow/example_dags/example_time_delta_sensor_async.py
[2022-08-04 20:01:08,204] {logging_mixin.py:109} INFO - [2022-08-04 20:01:08,204] {dag.py:2398} INFO - Sync 1 DAGs
[2022-08-04 20:01:08,247] {logging_mixin.py:109} INFO - [2022-08-04 20:01:08,247] {dag.py:2937} INFO - Setting next_dagrun for example_time_delta_sensor_async to None
[2022-08-04 20:01:08,267] {processor.py:171} INFO - Processing /home/airflow/.local/lib/python3.7/site-packages/airflow/example_dags/example_time_delta_sensor_async.py took 0.269 seconds
[2022-08-04 20:01:39,777] {processor.py:163} INFO - Started process (PID=324) to work on /home/airflow/.local/lib/python3.7/site-packages/airflow/example_dags/example_time_delta_sensor_async.py
[2022-08-04 20:01:39,780] {processor.py:642} INFO - Processing file /home/airflow/.local/lib/python3.7/site-packages/airflow/example_dags/example_time_delta_sensor_async.py for tasks to queue
[2022-08-04 20:01:39,782] {logging_mixin.py:109} INFO - [2022-08-04 20:01:39,781] {dagbag.py:500} INFO - Filling up the DagBag from /home/airflow/.local/lib/python3.7/site-packages/airflow/example_dags/example_time_delta_sensor_async.py
[2022-08-04 20:01:39,979] {processor.py:654} INFO - DAG(s) dict_keys(['example_time_delta_sensor_async']) retrieved from /home/airflow/.local/lib/python3.7/site-packages/airflow/example_dags/example_time_delta_sensor_async.py
[2022-08-04 20:01:40,071] {logging_mixin.py:109} INFO - [2022-08-04 20:01:40,070] {dag.py:2398} INFO - Sync 1 DAGs
[2022-08-04 20:01:40,202] {logging_mixin.py:109} INFO - [2022-08-04 20:01:40,202] {dag.py:2937} INFO - Setting next_dagrun for example_time_delta_sensor_async to None
[2022-08-04 20:01:40,237] {processor.py:171} INFO - Processing /home/airflow/.local/lib/python3.7/site-packages/airflow/example_dags/example_time_delta_sensor_async.py took 0.468 seconds
[2022-08-04 20:02:11,180] {processor.py:163} INFO - Started process (PID=375) to work on /home/airflow/.local/lib/python3.7/site-packages/airflow/example_dags/example_time_delta_sensor_async.py
[2022-08-04 20:02:11,183] {processor.py:642} INFO - Processing file /home/airflow/.local/lib/python3.7/site-packages/airflow/example_dags/example_time_delta_sensor_async.py for tasks to queue
[2022-08-04 20:02:11,184] {logging_mixin.py:109} INFO - [2022-08-04 20:02:11,184] {dagbag.py:500} INFO - Filling up the DagBag from /home/airflow/.local/lib/python3.7/site-packages/airflow/example_dags/example_time_delta_sensor_async.py
[2022-08-04 20:02:11,321] {processor.py:654} INFO - DAG(s) dict_keys(['example_time_delta_sensor_async']) retrieved from /home/airflow/.local/lib/python3.7/site-packages/airflow/example_dags/example_time_delta_sensor_async.py
[2022-08-04 20:02:11,344] {logging_mixin.py:109} INFO - [2022-08-04 20:02:11,344] {dag.py:2398} INFO - Sync 1 DAGs
[2022-08-04 20:02:11,390] {logging_mixin.py:109} INFO - [2022-08-04 20:02:11,390] {dag.py:2937} INFO - Setting next_dagrun for example_time_delta_sensor_async to None
[2022-08-04 20:02:11,412] {processor.py:171} INFO - Processing /home/airflow/.local/lib/python3.7/site-packages/airflow/example_dags/example_time_delta_sensor_async.py took 0.242 seconds
[2022-08-04 20:02:41,494] {processor.py:163} INFO - Started process (PID=418) to work on /home/airflow/.local/lib/python3.7/site-packages/airflow/example_dags/example_time_delta_sensor_async.py
[2022-08-04 20:02:41,497] {processor.py:642} INFO - Processing file /home/airflow/.local/lib/python3.7/site-packages/airflow/example_dags/example_time_delta_sensor_async.py for tasks to queue
[2022-08-04 20:02:41,498] {logging_mixin.py:109} INFO - [2022-08-04 20:02:41,498] {dagbag.py:500} INFO - Filling up the DagBag from /home/airflow/.local/lib/python3.7/site-packages/airflow/example_dags/example_time_delta_sensor_async.py
[2022-08-04 20:02:41,634] {processor.py:654} INFO - DAG(s) dict_keys(['example_time_delta_sensor_async']) retrieved from /home/airflow/.local/lib/python3.7/site-packages/airflow/example_dags/example_time_delta_sensor_async.py
[2022-08-04 20:02:41,699] {logging_mixin.py:109} INFO - [2022-08-04 20:02:41,699] {dag.py:2398} INFO - Sync 1 DAGs
[2022-08-04 20:02:41,832] {logging_mixin.py:109} INFO - [2022-08-04 20:02:41,832] {dag.py:2937} INFO - Setting next_dagrun for example_time_delta_sensor_async to None
[2022-08-04 20:02:41,924] {processor.py:171} INFO - Processing /home/airflow/.local/lib/python3.7/site-packages/airflow/example_dags/example_time_delta_sensor_async.py took 0.437 seconds
[2022-08-04 20:03:21,350] {processor.py:163} INFO - Started process (PID=474) to work on /home/airflow/.local/lib/python3.7/site-packages/airflow/example_dags/example_time_delta_sensor_async.py
[2022-08-04 20:03:21,354] {processor.py:642} INFO - Processing file /home/airflow/.local/lib/python3.7/site-packages/airflow/example_dags/example_time_delta_sensor_async.py for tasks to queue
[2022-08-04 20:03:21,356] {logging_mixin.py:109} INFO - [2022-08-04 20:03:21,355] {dagbag.py:500} INFO - Filling up the DagBag from /home/airflow/.local/lib/python3.7/site-packages/airflow/example_dags/example_time_delta_sensor_async.py
[2022-08-04 20:03:21,440] {processor.py:654} INFO - DAG(s) dict_keys(['example_time_delta_sensor_async']) retrieved from /home/airflow/.local/lib/python3.7/site-packages/airflow/example_dags/example_time_delta_sensor_async.py
[2022-08-04 20:03:21,463] {logging_mixin.py:109} INFO - [2022-08-04 20:03:21,463] {dag.py:2398} INFO - Sync 1 DAGs
[2022-08-04 20:03:21,502] {logging_mixin.py:109} INFO - [2022-08-04 20:03:21,502] {dag.py:2937} INFO - Setting next_dagrun for example_time_delta_sensor_async to None
[2022-08-04 20:03:21,526] {processor.py:171} INFO - Processing /home/airflow/.local/lib/python3.7/site-packages/airflow/example_dags/example_time_delta_sensor_async.py took 0.183 seconds
[2022-08-04 20:03:53,929] {processor.py:163} INFO - Started process (PID=528) to work on /home/airflow/.local/lib/python3.7/site-packages/airflow/example_dags/example_time_delta_sensor_async.py
[2022-08-04 20:03:53,936] {processor.py:642} INFO - Processing file /home/airflow/.local/lib/python3.7/site-packages/airflow/example_dags/example_time_delta_sensor_async.py for tasks to queue
[2022-08-04 20:03:53,937] {logging_mixin.py:109} INFO - [2022-08-04 20:03:53,937] {dagbag.py:500} INFO - Filling up the DagBag from /home/airflow/.local/lib/python3.7/site-packages/airflow/example_dags/example_time_delta_sensor_async.py
[2022-08-04 20:03:54,092] {processor.py:654} INFO - DAG(s) dict_keys(['example_time_delta_sensor_async']) retrieved from /home/airflow/.local/lib/python3.7/site-packages/airflow/example_dags/example_time_delta_sensor_async.py
[2022-08-04 20:03:54,142] {logging_mixin.py:109} INFO - [2022-08-04 20:03:54,142] {dag.py:2398} INFO - Sync 1 DAGs
[2022-08-04 20:03:54,202] {logging_mixin.py:109} INFO - [2022-08-04 20:03:54,200] {dag.py:2937} INFO - Setting next_dagrun for example_time_delta_sensor_async to None
[2022-08-04 20:03:54,245] {processor.py:171} INFO - Processing /home/airflow/.local/lib/python3.7/site-packages/airflow/example_dags/example_time_delta_sensor_async.py took 0.328 seconds
[2022-08-04 20:04:24,942] {processor.py:163} INFO - Started process (PID=581) to work on /home/airflow/.local/lib/python3.7/site-packages/airflow/example_dags/example_time_delta_sensor_async.py
[2022-08-04 20:04:24,945] {processor.py:642} INFO - Processing file /home/airflow/.local/lib/python3.7/site-packages/airflow/example_dags/example_time_delta_sensor_async.py for tasks to queue
[2022-08-04 20:04:24,946] {logging_mixin.py:109} INFO - [2022-08-04 20:04:24,946] {dagbag.py:500} INFO - Filling up the DagBag from /home/airflow/.local/lib/python3.7/site-packages/airflow/example_dags/example_time_delta_sensor_async.py
[2022-08-04 20:04:25,001] {processor.py:654} INFO - DAG(s) dict_keys(['example_time_delta_sensor_async']) retrieved from /home/airflow/.local/lib/python3.7/site-packages/airflow/example_dags/example_time_delta_sensor_async.py
[2022-08-04 20:04:25,018] {logging_mixin.py:109} INFO - [2022-08-04 20:04:25,018] {dag.py:2398} INFO - Sync 1 DAGs
[2022-08-04 20:04:25,049] {logging_mixin.py:109} INFO - [2022-08-04 20:04:25,049] {dag.py:2937} INFO - Setting next_dagrun for example_time_delta_sensor_async to None
[2022-08-04 20:04:25,065] {processor.py:171} INFO - Processing /home/airflow/.local/lib/python3.7/site-packages/airflow/example_dags/example_time_delta_sensor_async.py took 0.128 seconds
[2022-08-04 20:04:58,979] {processor.py:163} INFO - Started process (PID=637) to work on /home/airflow/.local/lib/python3.7/site-packages/airflow/example_dags/example_time_delta_sensor_async.py
[2022-08-04 20:04:58,982] {processor.py:642} INFO - Processing file /home/airflow/.local/lib/python3.7/site-packages/airflow/example_dags/example_time_delta_sensor_async.py for tasks to queue
[2022-08-04 20:04:58,983] {logging_mixin.py:109} INFO - [2022-08-04 20:04:58,983] {dagbag.py:500} INFO - Filling up the DagBag from /home/airflow/.local/lib/python3.7/site-packages/airflow/example_dags/example_time_delta_sensor_async.py
[2022-08-04 20:04:59,083] {processor.py:654} INFO - DAG(s) dict_keys(['example_time_delta_sensor_async']) retrieved from /home/airflow/.local/lib/python3.7/site-packages/airflow/example_dags/example_time_delta_sensor_async.py
[2022-08-04 20:04:59,105] {logging_mixin.py:109} INFO - [2022-08-04 20:04:59,105] {dag.py:2398} INFO - Sync 1 DAGs
[2022-08-04 20:04:59,143] {logging_mixin.py:109} INFO - [2022-08-04 20:04:59,143] {dag.py:2937} INFO - Setting next_dagrun for example_time_delta_sensor_async to None
[2022-08-04 20:04:59,163] {processor.py:171} INFO - Processing /home/airflow/.local/lib/python3.7/site-packages/airflow/example_dags/example_time_delta_sensor_async.py took 0.191 seconds
[2022-08-04 20:05:30,737] {processor.py:163} INFO - Started process (PID=681) to work on /home/airflow/.local/lib/python3.7/site-packages/airflow/example_dags/example_time_delta_sensor_async.py
[2022-08-04 20:05:30,743] {processor.py:642} INFO - Processing file /home/airflow/.local/lib/python3.7/site-packages/airflow/example_dags/example_time_delta_sensor_async.py for tasks to queue
[2022-08-04 20:05:30,747] {logging_mixin.py:109} INFO - [2022-08-04 20:05:30,746] {dagbag.py:500} INFO - Filling up the DagBag from /home/airflow/.local/lib/python3.7/site-packages/airflow/example_dags/example_time_delta_sensor_async.py
[2022-08-04 20:05:30,851] {processor.py:654} INFO - DAG(s) dict_keys(['example_time_delta_sensor_async']) retrieved from /home/airflow/.local/lib/python3.7/site-packages/airflow/example_dags/example_time_delta_sensor_async.py
[2022-08-04 20:05:30,883] {logging_mixin.py:109} INFO - [2022-08-04 20:05:30,883] {dag.py:2398} INFO - Sync 1 DAGs
[2022-08-04 20:05:30,911] {logging_mixin.py:109} INFO - [2022-08-04 20:05:30,911] {dag.py:2937} INFO - Setting next_dagrun for example_time_delta_sensor_async to None
[2022-08-04 20:05:30,926] {processor.py:171} INFO - Processing /home/airflow/.local/lib/python3.7/site-packages/airflow/example_dags/example_time_delta_sensor_async.py took 0.201 seconds
[2022-08-04 20:06:11,303] {processor.py:163} INFO - Started process (PID=734) to work on /home/airflow/.local/lib/python3.7/site-packages/airflow/example_dags/example_time_delta_sensor_async.py
[2022-08-04 20:06:11,305] {processor.py:642} INFO - Processing file /home/airflow/.local/lib/python3.7/site-packages/airflow/example_dags/example_time_delta_sensor_async.py for tasks to queue
[2022-08-04 20:06:11,306] {logging_mixin.py:109} INFO - [2022-08-04 20:06:11,306] {dagbag.py:500} INFO - Filling up the DagBag from /home/airflow/.local/lib/python3.7/site-packages/airflow/example_dags/example_time_delta_sensor_async.py
[2022-08-04 20:06:11,387] {processor.py:654} INFO - DAG(s) dict_keys(['example_time_delta_sensor_async']) retrieved from /home/airflow/.local/lib/python3.7/site-packages/airflow/example_dags/example_time_delta_sensor_async.py
[2022-08-04 20:06:11,407] {logging_mixin.py:109} INFO - [2022-08-04 20:06:11,406] {dag.py:2398} INFO - Sync 1 DAGs
[2022-08-04 20:06:11,439] {logging_mixin.py:109} INFO - [2022-08-04 20:06:11,439] {dag.py:2937} INFO - Setting next_dagrun for example_time_delta_sensor_async to None
[2022-08-04 20:06:11,457] {processor.py:171} INFO - Processing /home/airflow/.local/lib/python3.7/site-packages/airflow/example_dags/example_time_delta_sensor_async.py took 0.162 seconds
[2022-08-04 20:06:42,077] {processor.py:163} INFO - Started process (PID=787) to work on /home/airflow/.local/lib/python3.7/site-packages/airflow/example_dags/example_time_delta_sensor_async.py
[2022-08-04 20:06:42,080] {processor.py:642} INFO - Processing file /home/airflow/.local/lib/python3.7/site-packages/airflow/example_dags/example_time_delta_sensor_async.py for tasks to queue
[2022-08-04 20:06:42,081] {logging_mixin.py:109} INFO - [2022-08-04 20:06:42,081] {dagbag.py:500} INFO - Filling up the DagBag from /home/airflow/.local/lib/python3.7/site-packages/airflow/example_dags/example_time_delta_sensor_async.py
[2022-08-04 20:06:42,150] {processor.py:654} INFO - DAG(s) dict_keys(['example_time_delta_sensor_async']) retrieved from /home/airflow/.local/lib/python3.7/site-packages/airflow/example_dags/example_time_delta_sensor_async.py
[2022-08-04 20:06:42,171] {logging_mixin.py:109} INFO - [2022-08-04 20:06:42,170] {dag.py:2398} INFO - Sync 1 DAGs
[2022-08-04 20:06:42,207] {logging_mixin.py:109} INFO - [2022-08-04 20:06:42,206] {dag.py:2937} INFO - Setting next_dagrun for example_time_delta_sensor_async to None
[2022-08-04 20:06:42,225] {processor.py:171} INFO - Processing /home/airflow/.local/lib/python3.7/site-packages/airflow/example_dags/example_time_delta_sensor_async.py took 0.157 seconds
[2022-08-04 20:07:12,686] {processor.py:163} INFO - Started process (PID=830) to work on /home/airflow/.local/lib/python3.7/site-packages/airflow/example_dags/example_time_delta_sensor_async.py
[2022-08-04 20:07:12,691] {processor.py:642} INFO - Processing file /home/airflow/.local/lib/python3.7/site-packages/airflow/example_dags/example_time_delta_sensor_async.py for tasks to queue
[2022-08-04 20:07:12,692] {logging_mixin.py:109} INFO - [2022-08-04 20:07:12,692] {dagbag.py:500} INFO - Filling up the DagBag from /home/airflow/.local/lib/python3.7/site-packages/airflow/example_dags/example_time_delta_sensor_async.py
[2022-08-04 20:07:12,771] {processor.py:654} INFO - DAG(s) dict_keys(['example_time_delta_sensor_async']) retrieved from /home/airflow/.local/lib/python3.7/site-packages/airflow/example_dags/example_time_delta_sensor_async.py
[2022-08-04 20:07:12,790] {logging_mixin.py:109} INFO - [2022-08-04 20:07:12,790] {dag.py:2398} INFO - Sync 1 DAGs
[2022-08-04 20:07:12,823] {logging_mixin.py:109} INFO - [2022-08-04 20:07:12,823] {dag.py:2937} INFO - Setting next_dagrun for example_time_delta_sensor_async to None
[2022-08-04 20:07:12,841] {processor.py:171} INFO - Processing /home/airflow/.local/lib/python3.7/site-packages/airflow/example_dags/example_time_delta_sensor_async.py took 0.163 seconds
[2022-08-04 20:07:46,400] {processor.py:163} INFO - Started process (PID=882) to work on /home/airflow/.local/lib/python3.7/site-packages/airflow/example_dags/example_time_delta_sensor_async.py
[2022-08-04 20:07:46,404] {processor.py:642} INFO - Processing file /home/airflow/.local/lib/python3.7/site-packages/airflow/example_dags/example_time_delta_sensor_async.py for tasks to queue
[2022-08-04 20:07:46,406] {logging_mixin.py:109} INFO - [2022-08-04 20:07:46,405] {dagbag.py:500} INFO - Filling up the DagBag from /home/airflow/.local/lib/python3.7/site-packages/airflow/example_dags/example_time_delta_sensor_async.py
[2022-08-04 20:07:46,476] {processor.py:654} INFO - DAG(s) dict_keys(['example_time_delta_sensor_async']) retrieved from /home/airflow/.local/lib/python3.7/site-packages/airflow/example_dags/example_time_delta_sensor_async.py
[2022-08-04 20:07:46,499] {logging_mixin.py:109} INFO - [2022-08-04 20:07:46,498] {dag.py:2398} INFO - Sync 1 DAGs
[2022-08-04 20:07:46,537] {logging_mixin.py:109} INFO - [2022-08-04 20:07:46,537] {dag.py:2937} INFO - Setting next_dagrun for example_time_delta_sensor_async to None
[2022-08-04 20:07:46,556] {processor.py:171} INFO - Processing /home/airflow/.local/lib/python3.7/site-packages/airflow/example_dags/example_time_delta_sensor_async.py took 0.169 seconds
[2022-08-04 20:08:16,931] {processor.py:163} INFO - Started process (PID=926) to work on /home/airflow/.local/lib/python3.7/site-packages/airflow/example_dags/example_time_delta_sensor_async.py
[2022-08-04 20:08:16,933] {processor.py:642} INFO - Processing file /home/airflow/.local/lib/python3.7/site-packages/airflow/example_dags/example_time_delta_sensor_async.py for tasks to queue
[2022-08-04 20:08:16,934] {logging_mixin.py:109} INFO - [2022-08-04 20:08:16,934] {dagbag.py:500} INFO - Filling up the DagBag from /home/airflow/.local/lib/python3.7/site-packages/airflow/example_dags/example_time_delta_sensor_async.py
[2022-08-04 20:08:16,979] {processor.py:654} INFO - DAG(s) dict_keys(['example_time_delta_sensor_async']) retrieved from /home/airflow/.local/lib/python3.7/site-packages/airflow/example_dags/example_time_delta_sensor_async.py
[2022-08-04 20:08:16,993] {logging_mixin.py:109} INFO - [2022-08-04 20:08:16,992] {dag.py:2398} INFO - Sync 1 DAGs
[2022-08-04 20:08:17,018] {logging_mixin.py:109} INFO - [2022-08-04 20:08:17,018] {dag.py:2937} INFO - Setting next_dagrun for example_time_delta_sensor_async to None
[2022-08-04 20:08:17,031] {processor.py:171} INFO - Processing /home/airflow/.local/lib/python3.7/site-packages/airflow/example_dags/example_time_delta_sensor_async.py took 0.105 seconds
[2022-08-04 20:08:53,920] {processor.py:163} INFO - Started process (PID=978) to work on /home/airflow/.local/lib/python3.7/site-packages/airflow/example_dags/example_time_delta_sensor_async.py
[2022-08-04 20:08:53,922] {processor.py:642} INFO - Processing file /home/airflow/.local/lib/python3.7/site-packages/airflow/example_dags/example_time_delta_sensor_async.py for tasks to queue
[2022-08-04 20:08:53,924] {logging_mixin.py:109} INFO - [2022-08-04 20:08:53,923] {dagbag.py:500} INFO - Filling up the DagBag from /home/airflow/.local/lib/python3.7/site-packages/airflow/example_dags/example_time_delta_sensor_async.py
[2022-08-04 20:08:54,004] {processor.py:654} INFO - DAG(s) dict_keys(['example_time_delta_sensor_async']) retrieved from /home/airflow/.local/lib/python3.7/site-packages/airflow/example_dags/example_time_delta_sensor_async.py
[2022-08-04 20:08:54,028] {logging_mixin.py:109} INFO - [2022-08-04 20:08:54,028] {dag.py:2398} INFO - Sync 1 DAGs
[2022-08-04 20:08:54,067] {logging_mixin.py:109} INFO - [2022-08-04 20:08:54,067] {dag.py:2937} INFO - Setting next_dagrun for example_time_delta_sensor_async to None
[2022-08-04 20:08:54,086] {processor.py:171} INFO - Processing /home/airflow/.local/lib/python3.7/site-packages/airflow/example_dags/example_time_delta_sensor_async.py took 0.173 seconds
[2022-08-04 20:09:24,632] {processor.py:163} INFO - Started process (PID=1031) to work on /home/airflow/.local/lib/python3.7/site-packages/airflow/example_dags/example_time_delta_sensor_async.py
[2022-08-04 20:09:24,635] {processor.py:642} INFO - Processing file /home/airflow/.local/lib/python3.7/site-packages/airflow/example_dags/example_time_delta_sensor_async.py for tasks to queue
[2022-08-04 20:09:24,636] {logging_mixin.py:109} INFO - [2022-08-04 20:09:24,636] {dagbag.py:500} INFO - Filling up the DagBag from /home/airflow/.local/lib/python3.7/site-packages/airflow/example_dags/example_time_delta_sensor_async.py
[2022-08-04 20:09:24,698] {processor.py:654} INFO - DAG(s) dict_keys(['example_time_delta_sensor_async']) retrieved from /home/airflow/.local/lib/python3.7/site-packages/airflow/example_dags/example_time_delta_sensor_async.py
[2022-08-04 20:09:24,721] {logging_mixin.py:109} INFO - [2022-08-04 20:09:24,721] {dag.py:2398} INFO - Sync 1 DAGs
[2022-08-04 20:09:24,747] {logging_mixin.py:109} INFO - [2022-08-04 20:09:24,747] {dag.py:2937} INFO - Setting next_dagrun for example_time_delta_sensor_async to None
[2022-08-04 20:09:24,763] {processor.py:171} INFO - Processing /home/airflow/.local/lib/python3.7/site-packages/airflow/example_dags/example_time_delta_sensor_async.py took 0.136 seconds
[2022-08-04 20:09:56,753] {processor.py:163} INFO - Started process (PID=1084) to work on /home/airflow/.local/lib/python3.7/site-packages/airflow/example_dags/example_time_delta_sensor_async.py
[2022-08-04 20:09:56,756] {processor.py:642} INFO - Processing file /home/airflow/.local/lib/python3.7/site-packages/airflow/example_dags/example_time_delta_sensor_async.py for tasks to queue
[2022-08-04 20:09:56,757] {logging_mixin.py:109} INFO - [2022-08-04 20:09:56,757] {dagbag.py:500} INFO - Filling up the DagBag from /home/airflow/.local/lib/python3.7/site-packages/airflow/example_dags/example_time_delta_sensor_async.py
[2022-08-04 20:09:57,111] {processor.py:654} INFO - DAG(s) dict_keys(['example_time_delta_sensor_async']) retrieved from /home/airflow/.local/lib/python3.7/site-packages/airflow/example_dags/example_time_delta_sensor_async.py
[2022-08-04 20:09:57,328] {logging_mixin.py:109} INFO - [2022-08-04 20:09:57,321] {dag.py:2398} INFO - Sync 1 DAGs
[2022-08-04 20:09:57,449] {logging_mixin.py:109} INFO - [2022-08-04 20:09:57,447] {dag.py:2937} INFO - Setting next_dagrun for example_time_delta_sensor_async to None
[2022-08-04 20:09:57,565] {processor.py:171} INFO - Processing /home/airflow/.local/lib/python3.7/site-packages/airflow/example_dags/example_time_delta_sensor_async.py took 0.818 seconds
[2022-08-04 20:10:27,742] {processor.py:163} INFO - Started process (PID=1126) to work on /home/airflow/.local/lib/python3.7/site-packages/airflow/example_dags/example_time_delta_sensor_async.py
[2022-08-04 20:10:27,756] {processor.py:642} INFO - Processing file /home/airflow/.local/lib/python3.7/site-packages/airflow/example_dags/example_time_delta_sensor_async.py for tasks to queue
[2022-08-04 20:10:27,758] {logging_mixin.py:109} INFO - [2022-08-04 20:10:27,758] {dagbag.py:500} INFO - Filling up the DagBag from /home/airflow/.local/lib/python3.7/site-packages/airflow/example_dags/example_time_delta_sensor_async.py
[2022-08-04 20:10:27,943] {processor.py:654} INFO - DAG(s) dict_keys(['example_time_delta_sensor_async']) retrieved from /home/airflow/.local/lib/python3.7/site-packages/airflow/example_dags/example_time_delta_sensor_async.py
[2022-08-04 20:10:27,973] {logging_mixin.py:109} INFO - [2022-08-04 20:10:27,973] {dag.py:2398} INFO - Sync 1 DAGs
[2022-08-04 20:10:28,008] {logging_mixin.py:109} INFO - [2022-08-04 20:10:28,008] {dag.py:2937} INFO - Setting next_dagrun for example_time_delta_sensor_async to None
[2022-08-04 20:10:28,034] {processor.py:171} INFO - Processing /home/airflow/.local/lib/python3.7/site-packages/airflow/example_dags/example_time_delta_sensor_async.py took 0.305 seconds
[2022-08-04 20:10:59,712] {processor.py:163} INFO - Started process (PID=1178) to work on /home/airflow/.local/lib/python3.7/site-packages/airflow/example_dags/example_time_delta_sensor_async.py
[2022-08-04 20:10:59,715] {processor.py:642} INFO - Processing file /home/airflow/.local/lib/python3.7/site-packages/airflow/example_dags/example_time_delta_sensor_async.py for tasks to queue
[2022-08-04 20:10:59,716] {logging_mixin.py:109} INFO - [2022-08-04 20:10:59,715] {dagbag.py:500} INFO - Filling up the DagBag from /home/airflow/.local/lib/python3.7/site-packages/airflow/example_dags/example_time_delta_sensor_async.py
[2022-08-04 20:10:59,769] {processor.py:654} INFO - DAG(s) dict_keys(['example_time_delta_sensor_async']) retrieved from /home/airflow/.local/lib/python3.7/site-packages/airflow/example_dags/example_time_delta_sensor_async.py
[2022-08-04 20:10:59,791] {logging_mixin.py:109} INFO - [2022-08-04 20:10:59,790] {dag.py:2398} INFO - Sync 1 DAGs
[2022-08-04 20:10:59,824] {logging_mixin.py:109} INFO - [2022-08-04 20:10:59,824] {dag.py:2937} INFO - Setting next_dagrun for example_time_delta_sensor_async to None
[2022-08-04 20:10:59,839] {processor.py:171} INFO - Processing /home/airflow/.local/lib/python3.7/site-packages/airflow/example_dags/example_time_delta_sensor_async.py took 0.133 seconds
