[2022-08-04 19:50:19,912] {processor.py:163} INFO - Started process (PID=52) to work on /home/airflow/.local/lib/python3.7/site-packages/airflow/example_dags/tutorial.py
[2022-08-04 19:50:19,914] {processor.py:642} INFO - Processing file /home/airflow/.local/lib/python3.7/site-packages/airflow/example_dags/tutorial.py for tasks to queue
[2022-08-04 19:50:19,915] {logging_mixin.py:109} INFO - [2022-08-04 19:50:19,915] {dagbag.py:500} INFO - Filling up the DagBag from /home/airflow/.local/lib/python3.7/site-packages/airflow/example_dags/tutorial.py
[2022-08-04 19:50:19,976] {processor.py:654} INFO - DAG(s) dict_keys(['tutorial']) retrieved from /home/airflow/.local/lib/python3.7/site-packages/airflow/example_dags/tutorial.py
[2022-08-04 19:50:20,003] {logging_mixin.py:109} INFO - [2022-08-04 19:50:20,003] {dag.py:2398} INFO - Sync 1 DAGs
[2022-08-04 19:50:20,046] {logging_mixin.py:109} INFO - [2022-08-04 19:50:20,046] {dag.py:2937} INFO - Setting next_dagrun for tutorial to 2022-08-03T19:50:20.044585+00:00
[2022-08-04 19:50:20,067] {processor.py:171} INFO - Processing /home/airflow/.local/lib/python3.7/site-packages/airflow/example_dags/tutorial.py took 0.159 seconds
[2022-08-04 19:50:51,070] {processor.py:163} INFO - Started process (PID=103) to work on /home/airflow/.local/lib/python3.7/site-packages/airflow/example_dags/tutorial.py
[2022-08-04 19:50:51,072] {processor.py:642} INFO - Processing file /home/airflow/.local/lib/python3.7/site-packages/airflow/example_dags/tutorial.py for tasks to queue
[2022-08-04 19:50:51,073] {logging_mixin.py:109} INFO - [2022-08-04 19:50:51,073] {dagbag.py:500} INFO - Filling up the DagBag from /home/airflow/.local/lib/python3.7/site-packages/airflow/example_dags/tutorial.py
[2022-08-04 19:50:51,118] {processor.py:654} INFO - DAG(s) dict_keys(['tutorial']) retrieved from /home/airflow/.local/lib/python3.7/site-packages/airflow/example_dags/tutorial.py
[2022-08-04 19:50:51,132] {logging_mixin.py:109} INFO - [2022-08-04 19:50:51,132] {dag.py:2398} INFO - Sync 1 DAGs
[2022-08-04 19:50:51,158] {logging_mixin.py:109} INFO - [2022-08-04 19:50:51,158] {dag.py:2937} INFO - Setting next_dagrun for tutorial to 2022-08-03T19:50:51.157971+00:00
[2022-08-04 19:50:51,172] {processor.py:171} INFO - Processing /home/airflow/.local/lib/python3.7/site-packages/airflow/example_dags/tutorial.py took 0.106 seconds
[2022-08-04 19:51:22,076] {processor.py:163} INFO - Started process (PID=154) to work on /home/airflow/.local/lib/python3.7/site-packages/airflow/example_dags/tutorial.py
[2022-08-04 19:51:22,078] {processor.py:642} INFO - Processing file /home/airflow/.local/lib/python3.7/site-packages/airflow/example_dags/tutorial.py for tasks to queue
[2022-08-04 19:51:22,079] {logging_mixin.py:109} INFO - [2022-08-04 19:51:22,078] {dagbag.py:500} INFO - Filling up the DagBag from /home/airflow/.local/lib/python3.7/site-packages/airflow/example_dags/tutorial.py
[2022-08-04 19:51:22,121] {processor.py:654} INFO - DAG(s) dict_keys(['tutorial']) retrieved from /home/airflow/.local/lib/python3.7/site-packages/airflow/example_dags/tutorial.py
[2022-08-04 19:51:22,139] {logging_mixin.py:109} INFO - [2022-08-04 19:51:22,139] {dag.py:2398} INFO - Sync 1 DAGs
[2022-08-04 19:51:22,166] {logging_mixin.py:109} INFO - [2022-08-04 19:51:22,166] {dag.py:2937} INFO - Setting next_dagrun for tutorial to 2022-08-03T19:51:22.166461+00:00
[2022-08-04 19:51:22,179] {processor.py:171} INFO - Processing /home/airflow/.local/lib/python3.7/site-packages/airflow/example_dags/tutorial.py took 0.108 seconds
[2022-08-04 19:51:53,702] {processor.py:163} INFO - Started process (PID=206) to work on /home/airflow/.local/lib/python3.7/site-packages/airflow/example_dags/tutorial.py
[2022-08-04 19:51:53,704] {processor.py:642} INFO - Processing file /home/airflow/.local/lib/python3.7/site-packages/airflow/example_dags/tutorial.py for tasks to queue
[2022-08-04 19:51:53,705] {logging_mixin.py:109} INFO - [2022-08-04 19:51:53,705] {dagbag.py:500} INFO - Filling up the DagBag from /home/airflow/.local/lib/python3.7/site-packages/airflow/example_dags/tutorial.py
[2022-08-04 19:51:53,769] {processor.py:654} INFO - DAG(s) dict_keys(['tutorial']) retrieved from /home/airflow/.local/lib/python3.7/site-packages/airflow/example_dags/tutorial.py
[2022-08-04 19:51:53,793] {logging_mixin.py:109} INFO - [2022-08-04 19:51:53,793] {dag.py:2398} INFO - Sync 1 DAGs
[2022-08-04 19:51:53,830] {logging_mixin.py:109} INFO - [2022-08-04 19:51:53,830] {dag.py:2937} INFO - Setting next_dagrun for tutorial to 2022-08-03T19:51:53.829457+00:00
[2022-08-04 19:51:53,851] {processor.py:171} INFO - Processing /home/airflow/.local/lib/python3.7/site-packages/airflow/example_dags/tutorial.py took 0.154 seconds
[2022-08-04 19:52:25,544] {processor.py:163} INFO - Started process (PID=257) to work on /home/airflow/.local/lib/python3.7/site-packages/airflow/example_dags/tutorial.py
[2022-08-04 19:52:25,558] {processor.py:642} INFO - Processing file /home/airflow/.local/lib/python3.7/site-packages/airflow/example_dags/tutorial.py for tasks to queue
[2022-08-04 19:52:25,560] {logging_mixin.py:109} INFO - [2022-08-04 19:52:25,560] {dagbag.py:500} INFO - Filling up the DagBag from /home/airflow/.local/lib/python3.7/site-packages/airflow/example_dags/tutorial.py
[2022-08-04 19:52:25,677] {processor.py:654} INFO - DAG(s) dict_keys(['tutorial']) retrieved from /home/airflow/.local/lib/python3.7/site-packages/airflow/example_dags/tutorial.py
[2022-08-04 19:52:25,712] {logging_mixin.py:109} INFO - [2022-08-04 19:52:25,711] {dag.py:2398} INFO - Sync 1 DAGs
[2022-08-04 19:52:25,759] {logging_mixin.py:109} INFO - [2022-08-04 19:52:25,758] {dag.py:2937} INFO - Setting next_dagrun for tutorial to 2022-08-03T19:52:25.758089+00:00
[2022-08-04 19:52:25,780] {processor.py:171} INFO - Processing /home/airflow/.local/lib/python3.7/site-packages/airflow/example_dags/tutorial.py took 0.259 seconds
[2022-08-04 19:52:58,329] {processor.py:163} INFO - Started process (PID=303) to work on /home/airflow/.local/lib/python3.7/site-packages/airflow/example_dags/tutorial.py
[2022-08-04 19:52:58,332] {processor.py:642} INFO - Processing file /home/airflow/.local/lib/python3.7/site-packages/airflow/example_dags/tutorial.py for tasks to queue
[2022-08-04 19:52:58,334] {logging_mixin.py:109} INFO - [2022-08-04 19:52:58,334] {dagbag.py:500} INFO - Filling up the DagBag from /home/airflow/.local/lib/python3.7/site-packages/airflow/example_dags/tutorial.py
[2022-08-04 19:52:58,413] {processor.py:654} INFO - DAG(s) dict_keys(['tutorial']) retrieved from /home/airflow/.local/lib/python3.7/site-packages/airflow/example_dags/tutorial.py
[2022-08-04 19:52:58,442] {logging_mixin.py:109} INFO - [2022-08-04 19:52:58,442] {dag.py:2398} INFO - Sync 1 DAGs
[2022-08-04 19:52:58,486] {logging_mixin.py:109} INFO - [2022-08-04 19:52:58,486] {dag.py:2937} INFO - Setting next_dagrun for tutorial to 2022-08-03T19:52:58.485980+00:00
[2022-08-04 19:52:58,508] {processor.py:171} INFO - Processing /home/airflow/.local/lib/python3.7/site-packages/airflow/example_dags/tutorial.py took 0.185 seconds
[2022-08-04 19:53:32,240] {processor.py:163} INFO - Started process (PID=356) to work on /home/airflow/.local/lib/python3.7/site-packages/airflow/example_dags/tutorial.py
[2022-08-04 19:53:32,243] {processor.py:642} INFO - Processing file /home/airflow/.local/lib/python3.7/site-packages/airflow/example_dags/tutorial.py for tasks to queue
[2022-08-04 19:53:32,244] {logging_mixin.py:109} INFO - [2022-08-04 19:53:32,244] {dagbag.py:500} INFO - Filling up the DagBag from /home/airflow/.local/lib/python3.7/site-packages/airflow/example_dags/tutorial.py
[2022-08-04 19:53:32,490] {processor.py:654} INFO - DAG(s) dict_keys(['tutorial']) retrieved from /home/airflow/.local/lib/python3.7/site-packages/airflow/example_dags/tutorial.py
[2022-08-04 19:53:32,526] {logging_mixin.py:109} INFO - [2022-08-04 19:53:32,526] {dag.py:2398} INFO - Sync 1 DAGs
[2022-08-04 19:53:32,595] {logging_mixin.py:109} INFO - [2022-08-04 19:53:32,594] {dag.py:2937} INFO - Setting next_dagrun for tutorial to 2022-08-03T19:53:32.585554+00:00
[2022-08-04 19:53:32,680] {processor.py:171} INFO - Processing /home/airflow/.local/lib/python3.7/site-packages/airflow/example_dags/tutorial.py took 0.449 seconds
[2022-08-04 19:58:50,806] {processor.py:163} INFO - Started process (PID=52) to work on /home/airflow/.local/lib/python3.7/site-packages/airflow/example_dags/tutorial.py
[2022-08-04 19:58:50,810] {processor.py:642} INFO - Processing file /home/airflow/.local/lib/python3.7/site-packages/airflow/example_dags/tutorial.py for tasks to queue
[2022-08-04 19:58:50,811] {logging_mixin.py:109} INFO - [2022-08-04 19:58:50,811] {dagbag.py:500} INFO - Filling up the DagBag from /home/airflow/.local/lib/python3.7/site-packages/airflow/example_dags/tutorial.py
[2022-08-04 19:58:50,891] {processor.py:654} INFO - DAG(s) dict_keys(['tutorial']) retrieved from /home/airflow/.local/lib/python3.7/site-packages/airflow/example_dags/tutorial.py
[2022-08-04 19:58:50,921] {logging_mixin.py:109} INFO - [2022-08-04 19:58:50,921] {dag.py:2398} INFO - Sync 1 DAGs
[2022-08-04 19:58:50,972] {logging_mixin.py:109} INFO - [2022-08-04 19:58:50,971] {dag.py:2937} INFO - Setting next_dagrun for tutorial to 2022-08-03T19:58:50.970928+00:00
[2022-08-04 19:58:50,991] {processor.py:171} INFO - Processing /home/airflow/.local/lib/python3.7/site-packages/airflow/example_dags/tutorial.py took 0.192 seconds
[2022-08-04 19:59:21,099] {processor.py:163} INFO - Started process (PID=105) to work on /home/airflow/.local/lib/python3.7/site-packages/airflow/example_dags/tutorial.py
[2022-08-04 19:59:21,101] {processor.py:642} INFO - Processing file /home/airflow/.local/lib/python3.7/site-packages/airflow/example_dags/tutorial.py for tasks to queue
[2022-08-04 19:59:21,102] {logging_mixin.py:109} INFO - [2022-08-04 19:59:21,102] {dagbag.py:500} INFO - Filling up the DagBag from /home/airflow/.local/lib/python3.7/site-packages/airflow/example_dags/tutorial.py
[2022-08-04 19:59:21,154] {processor.py:654} INFO - DAG(s) dict_keys(['tutorial']) retrieved from /home/airflow/.local/lib/python3.7/site-packages/airflow/example_dags/tutorial.py
[2022-08-04 19:59:21,170] {logging_mixin.py:109} INFO - [2022-08-04 19:59:21,170] {dag.py:2398} INFO - Sync 1 DAGs
[2022-08-04 19:59:21,198] {logging_mixin.py:109} INFO - [2022-08-04 19:59:21,198] {dag.py:2937} INFO - Setting next_dagrun for tutorial to 2022-08-03T19:59:21.197980+00:00
[2022-08-04 19:59:21,223] {processor.py:171} INFO - Processing /home/airflow/.local/lib/python3.7/site-packages/airflow/example_dags/tutorial.py took 0.128 seconds
[2022-08-04 19:59:52,085] {processor.py:163} INFO - Started process (PID=157) to work on /home/airflow/.local/lib/python3.7/site-packages/airflow/example_dags/tutorial.py
[2022-08-04 19:59:52,087] {processor.py:642} INFO - Processing file /home/airflow/.local/lib/python3.7/site-packages/airflow/example_dags/tutorial.py for tasks to queue
[2022-08-04 19:59:52,088] {logging_mixin.py:109} INFO - [2022-08-04 19:59:52,088] {dagbag.py:500} INFO - Filling up the DagBag from /home/airflow/.local/lib/python3.7/site-packages/airflow/example_dags/tutorial.py
[2022-08-04 19:59:52,135] {processor.py:654} INFO - DAG(s) dict_keys(['tutorial']) retrieved from /home/airflow/.local/lib/python3.7/site-packages/airflow/example_dags/tutorial.py
[2022-08-04 19:59:52,152] {logging_mixin.py:109} INFO - [2022-08-04 19:59:52,152] {dag.py:2398} INFO - Sync 1 DAGs
[2022-08-04 19:59:52,182] {logging_mixin.py:109} INFO - [2022-08-04 19:59:52,182] {dag.py:2937} INFO - Setting next_dagrun for tutorial to 2022-08-03T19:59:52.182038+00:00
[2022-08-04 19:59:52,195] {processor.py:171} INFO - Processing /home/airflow/.local/lib/python3.7/site-packages/airflow/example_dags/tutorial.py took 0.114 seconds
[2022-08-04 20:00:26,065] {processor.py:163} INFO - Started process (PID=210) to work on /home/airflow/.local/lib/python3.7/site-packages/airflow/example_dags/tutorial.py
[2022-08-04 20:00:26,067] {processor.py:642} INFO - Processing file /home/airflow/.local/lib/python3.7/site-packages/airflow/example_dags/tutorial.py for tasks to queue
[2022-08-04 20:00:26,068] {logging_mixin.py:109} INFO - [2022-08-04 20:00:26,068] {dagbag.py:500} INFO - Filling up the DagBag from /home/airflow/.local/lib/python3.7/site-packages/airflow/example_dags/tutorial.py
[2022-08-04 20:00:26,148] {processor.py:654} INFO - DAG(s) dict_keys(['tutorial']) retrieved from /home/airflow/.local/lib/python3.7/site-packages/airflow/example_dags/tutorial.py
[2022-08-04 20:00:26,177] {logging_mixin.py:109} INFO - [2022-08-04 20:00:26,177] {dag.py:2398} INFO - Sync 1 DAGs
[2022-08-04 20:00:26,221] {logging_mixin.py:109} INFO - [2022-08-04 20:00:26,220] {dag.py:2937} INFO - Setting next_dagrun for tutorial to 2022-08-03T20:00:26.216730+00:00
[2022-08-04 20:00:26,253] {processor.py:171} INFO - Processing /home/airflow/.local/lib/python3.7/site-packages/airflow/example_dags/tutorial.py took 0.195 seconds
[2022-08-04 20:00:56,698] {processor.py:163} INFO - Started process (PID=252) to work on /home/airflow/.local/lib/python3.7/site-packages/airflow/example_dags/tutorial.py
[2022-08-04 20:00:56,701] {processor.py:642} INFO - Processing file /home/airflow/.local/lib/python3.7/site-packages/airflow/example_dags/tutorial.py for tasks to queue
[2022-08-04 20:00:56,701] {logging_mixin.py:109} INFO - [2022-08-04 20:00:56,701] {dagbag.py:500} INFO - Filling up the DagBag from /home/airflow/.local/lib/python3.7/site-packages/airflow/example_dags/tutorial.py
[2022-08-04 20:00:56,744] {processor.py:654} INFO - DAG(s) dict_keys(['tutorial']) retrieved from /home/airflow/.local/lib/python3.7/site-packages/airflow/example_dags/tutorial.py
[2022-08-04 20:00:56,759] {logging_mixin.py:109} INFO - [2022-08-04 20:00:56,759] {dag.py:2398} INFO - Sync 1 DAGs
[2022-08-04 20:00:56,780] {logging_mixin.py:109} INFO - [2022-08-04 20:00:56,780] {dag.py:2937} INFO - Setting next_dagrun for tutorial to 2022-08-03T20:00:56.780108+00:00
[2022-08-04 20:00:56,792] {processor.py:171} INFO - Processing /home/airflow/.local/lib/python3.7/site-packages/airflow/example_dags/tutorial.py took 0.098 seconds
[2022-08-04 20:01:28,951] {processor.py:163} INFO - Started process (PID=304) to work on /home/airflow/.local/lib/python3.7/site-packages/airflow/example_dags/tutorial.py
[2022-08-04 20:01:28,957] {processor.py:642} INFO - Processing file /home/airflow/.local/lib/python3.7/site-packages/airflow/example_dags/tutorial.py for tasks to queue
[2022-08-04 20:01:28,962] {logging_mixin.py:109} INFO - [2022-08-04 20:01:28,961] {dagbag.py:500} INFO - Filling up the DagBag from /home/airflow/.local/lib/python3.7/site-packages/airflow/example_dags/tutorial.py
[2022-08-04 20:01:29,058] {processor.py:654} INFO - DAG(s) dict_keys(['tutorial']) retrieved from /home/airflow/.local/lib/python3.7/site-packages/airflow/example_dags/tutorial.py
[2022-08-04 20:01:29,082] {logging_mixin.py:109} INFO - [2022-08-04 20:01:29,082] {dag.py:2398} INFO - Sync 1 DAGs
[2022-08-04 20:01:29,128] {logging_mixin.py:109} INFO - [2022-08-04 20:01:29,128] {dag.py:2937} INFO - Setting next_dagrun for tutorial to 2022-08-03T20:01:29.127981+00:00
[2022-08-04 20:01:29,149] {processor.py:171} INFO - Processing /home/airflow/.local/lib/python3.7/site-packages/airflow/example_dags/tutorial.py took 0.208 seconds
[2022-08-04 20:02:00,256] {processor.py:163} INFO - Started process (PID=358) to work on /home/airflow/.local/lib/python3.7/site-packages/airflow/example_dags/tutorial.py
[2022-08-04 20:02:00,259] {processor.py:642} INFO - Processing file /home/airflow/.local/lib/python3.7/site-packages/airflow/example_dags/tutorial.py for tasks to queue
[2022-08-04 20:02:00,261] {logging_mixin.py:109} INFO - [2022-08-04 20:02:00,261] {dagbag.py:500} INFO - Filling up the DagBag from /home/airflow/.local/lib/python3.7/site-packages/airflow/example_dags/tutorial.py
[2022-08-04 20:02:00,364] {processor.py:654} INFO - DAG(s) dict_keys(['tutorial']) retrieved from /home/airflow/.local/lib/python3.7/site-packages/airflow/example_dags/tutorial.py
[2022-08-04 20:02:00,399] {logging_mixin.py:109} INFO - [2022-08-04 20:02:00,398] {dag.py:2398} INFO - Sync 1 DAGs
[2022-08-04 20:02:00,469] {logging_mixin.py:109} INFO - [2022-08-04 20:02:00,468] {dag.py:2937} INFO - Setting next_dagrun for tutorial to 2022-08-03T20:02:00.467222+00:00
[2022-08-04 20:02:00,523] {processor.py:171} INFO - Processing /home/airflow/.local/lib/python3.7/site-packages/airflow/example_dags/tutorial.py took 0.277 seconds
[2022-08-04 20:02:30,826] {processor.py:163} INFO - Started process (PID=401) to work on /home/airflow/.local/lib/python3.7/site-packages/airflow/example_dags/tutorial.py
[2022-08-04 20:02:30,828] {processor.py:642} INFO - Processing file /home/airflow/.local/lib/python3.7/site-packages/airflow/example_dags/tutorial.py for tasks to queue
[2022-08-04 20:02:30,829] {logging_mixin.py:109} INFO - [2022-08-04 20:02:30,829] {dagbag.py:500} INFO - Filling up the DagBag from /home/airflow/.local/lib/python3.7/site-packages/airflow/example_dags/tutorial.py
[2022-08-04 20:02:30,899] {processor.py:654} INFO - DAG(s) dict_keys(['tutorial']) retrieved from /home/airflow/.local/lib/python3.7/site-packages/airflow/example_dags/tutorial.py
[2022-08-04 20:02:30,915] {logging_mixin.py:109} INFO - [2022-08-04 20:02:30,915] {dag.py:2398} INFO - Sync 1 DAGs
[2022-08-04 20:02:30,950] {logging_mixin.py:109} INFO - [2022-08-04 20:02:30,950] {dag.py:2937} INFO - Setting next_dagrun for tutorial to 2022-08-03T20:02:30.949745+00:00
[2022-08-04 20:02:30,977] {processor.py:171} INFO - Processing /home/airflow/.local/lib/python3.7/site-packages/airflow/example_dags/tutorial.py took 0.157 seconds
[2022-08-04 20:03:07,645] {processor.py:163} INFO - Started process (PID=463) to work on /home/airflow/.local/lib/python3.7/site-packages/airflow/example_dags/tutorial.py
[2022-08-04 20:03:07,648] {processor.py:642} INFO - Processing file /home/airflow/.local/lib/python3.7/site-packages/airflow/example_dags/tutorial.py for tasks to queue
[2022-08-04 20:03:07,650] {logging_mixin.py:109} INFO - [2022-08-04 20:03:07,650] {dagbag.py:500} INFO - Filling up the DagBag from /home/airflow/.local/lib/python3.7/site-packages/airflow/example_dags/tutorial.py
[2022-08-04 20:03:07,778] {processor.py:654} INFO - DAG(s) dict_keys(['tutorial']) retrieved from /home/airflow/.local/lib/python3.7/site-packages/airflow/example_dags/tutorial.py
[2022-08-04 20:03:07,820] {logging_mixin.py:109} INFO - [2022-08-04 20:03:07,818] {dag.py:2398} INFO - Sync 1 DAGs
[2022-08-04 20:03:07,876] {logging_mixin.py:109} INFO - [2022-08-04 20:03:07,876] {dag.py:2937} INFO - Setting next_dagrun for tutorial to 2022-08-03T20:03:07.875815+00:00
[2022-08-04 20:03:07,902] {processor.py:171} INFO - Processing /home/airflow/.local/lib/python3.7/site-packages/airflow/example_dags/tutorial.py took 0.265 seconds
[2022-08-04 20:03:37,974] {processor.py:163} INFO - Started process (PID=510) to work on /home/airflow/.local/lib/python3.7/site-packages/airflow/example_dags/tutorial.py
[2022-08-04 20:03:37,975] {processor.py:642} INFO - Processing file /home/airflow/.local/lib/python3.7/site-packages/airflow/example_dags/tutorial.py for tasks to queue
[2022-08-04 20:03:37,976] {logging_mixin.py:109} INFO - [2022-08-04 20:03:37,976] {dagbag.py:500} INFO - Filling up the DagBag from /home/airflow/.local/lib/python3.7/site-packages/airflow/example_dags/tutorial.py
[2022-08-04 20:03:38,035] {processor.py:654} INFO - DAG(s) dict_keys(['tutorial']) retrieved from /home/airflow/.local/lib/python3.7/site-packages/airflow/example_dags/tutorial.py
[2022-08-04 20:03:38,075] {logging_mixin.py:109} INFO - [2022-08-04 20:03:38,075] {dag.py:2398} INFO - Sync 1 DAGs
[2022-08-04 20:03:38,110] {logging_mixin.py:109} INFO - [2022-08-04 20:03:38,110] {dag.py:2937} INFO - Setting next_dagrun for tutorial to 2022-08-03T20:03:38.109905+00:00
[2022-08-04 20:03:38,128] {processor.py:171} INFO - Processing /home/airflow/.local/lib/python3.7/site-packages/airflow/example_dags/tutorial.py took 0.159 seconds
[2022-08-04 20:04:11,797] {processor.py:163} INFO - Started process (PID=562) to work on /home/airflow/.local/lib/python3.7/site-packages/airflow/example_dags/tutorial.py
[2022-08-04 20:04:11,801] {processor.py:642} INFO - Processing file /home/airflow/.local/lib/python3.7/site-packages/airflow/example_dags/tutorial.py for tasks to queue
[2022-08-04 20:04:11,802] {logging_mixin.py:109} INFO - [2022-08-04 20:04:11,802] {dagbag.py:500} INFO - Filling up the DagBag from /home/airflow/.local/lib/python3.7/site-packages/airflow/example_dags/tutorial.py
[2022-08-04 20:04:11,875] {processor.py:654} INFO - DAG(s) dict_keys(['tutorial']) retrieved from /home/airflow/.local/lib/python3.7/site-packages/airflow/example_dags/tutorial.py
[2022-08-04 20:04:11,907] {logging_mixin.py:109} INFO - [2022-08-04 20:04:11,907] {dag.py:2398} INFO - Sync 1 DAGs
[2022-08-04 20:04:11,979] {logging_mixin.py:109} INFO - [2022-08-04 20:04:11,978] {dag.py:2937} INFO - Setting next_dagrun for tutorial to 2022-08-03T20:04:11.976470+00:00
[2022-08-04 20:04:12,020] {processor.py:171} INFO - Processing /home/airflow/.local/lib/python3.7/site-packages/airflow/example_dags/tutorial.py took 0.231 seconds
[2022-08-04 20:04:49,299] {processor.py:163} INFO - Started process (PID=615) to work on /home/airflow/.local/lib/python3.7/site-packages/airflow/example_dags/tutorial.py
[2022-08-04 20:04:49,302] {processor.py:642} INFO - Processing file /home/airflow/.local/lib/python3.7/site-packages/airflow/example_dags/tutorial.py for tasks to queue
[2022-08-04 20:04:49,303] {logging_mixin.py:109} INFO - [2022-08-04 20:04:49,303] {dagbag.py:500} INFO - Filling up the DagBag from /home/airflow/.local/lib/python3.7/site-packages/airflow/example_dags/tutorial.py
[2022-08-04 20:04:49,369] {processor.py:654} INFO - DAG(s) dict_keys(['tutorial']) retrieved from /home/airflow/.local/lib/python3.7/site-packages/airflow/example_dags/tutorial.py
[2022-08-04 20:04:49,393] {logging_mixin.py:109} INFO - [2022-08-04 20:04:49,393] {dag.py:2398} INFO - Sync 1 DAGs
[2022-08-04 20:04:49,442] {logging_mixin.py:109} INFO - [2022-08-04 20:04:49,441] {dag.py:2937} INFO - Setting next_dagrun for tutorial to 2022-08-03T20:04:49.441389+00:00
[2022-08-04 20:04:49,470] {processor.py:171} INFO - Processing /home/airflow/.local/lib/python3.7/site-packages/airflow/example_dags/tutorial.py took 0.178 seconds
[2022-08-04 20:05:20,964] {processor.py:163} INFO - Started process (PID=667) to work on /home/airflow/.local/lib/python3.7/site-packages/airflow/example_dags/tutorial.py
[2022-08-04 20:05:20,967] {processor.py:642} INFO - Processing file /home/airflow/.local/lib/python3.7/site-packages/airflow/example_dags/tutorial.py for tasks to queue
[2022-08-04 20:05:20,968] {logging_mixin.py:109} INFO - [2022-08-04 20:05:20,968] {dagbag.py:500} INFO - Filling up the DagBag from /home/airflow/.local/lib/python3.7/site-packages/airflow/example_dags/tutorial.py
[2022-08-04 20:05:21,042] {processor.py:654} INFO - DAG(s) dict_keys(['tutorial']) retrieved from /home/airflow/.local/lib/python3.7/site-packages/airflow/example_dags/tutorial.py
[2022-08-04 20:05:21,068] {logging_mixin.py:109} INFO - [2022-08-04 20:05:21,068] {dag.py:2398} INFO - Sync 1 DAGs
[2022-08-04 20:05:21,102] {logging_mixin.py:109} INFO - [2022-08-04 20:05:21,101] {dag.py:2937} INFO - Setting next_dagrun for tutorial to 2022-08-03T20:05:21.098841+00:00
[2022-08-04 20:05:21,133] {processor.py:171} INFO - Processing /home/airflow/.local/lib/python3.7/site-packages/airflow/example_dags/tutorial.py took 0.180 seconds
[2022-08-04 20:05:55,443] {processor.py:163} INFO - Started process (PID=710) to work on /home/airflow/.local/lib/python3.7/site-packages/airflow/example_dags/tutorial.py
[2022-08-04 20:05:55,445] {processor.py:642} INFO - Processing file /home/airflow/.local/lib/python3.7/site-packages/airflow/example_dags/tutorial.py for tasks to queue
[2022-08-04 20:05:55,446] {logging_mixin.py:109} INFO - [2022-08-04 20:05:55,446] {dagbag.py:500} INFO - Filling up the DagBag from /home/airflow/.local/lib/python3.7/site-packages/airflow/example_dags/tutorial.py
[2022-08-04 20:05:55,507] {processor.py:654} INFO - DAG(s) dict_keys(['tutorial']) retrieved from /home/airflow/.local/lib/python3.7/site-packages/airflow/example_dags/tutorial.py
[2022-08-04 20:05:55,540] {logging_mixin.py:109} INFO - [2022-08-04 20:05:55,539] {dag.py:2398} INFO - Sync 1 DAGs
[2022-08-04 20:05:55,590] {logging_mixin.py:109} INFO - [2022-08-04 20:05:55,590] {dag.py:2937} INFO - Setting next_dagrun for tutorial to 2022-08-03T20:05:55.589507+00:00
[2022-08-04 20:05:55,617] {processor.py:171} INFO - Processing /home/airflow/.local/lib/python3.7/site-packages/airflow/example_dags/tutorial.py took 0.179 seconds
[2022-08-04 20:06:26,749] {processor.py:163} INFO - Started process (PID=762) to work on /home/airflow/.local/lib/python3.7/site-packages/airflow/example_dags/tutorial.py
[2022-08-04 20:06:26,754] {processor.py:642} INFO - Processing file /home/airflow/.local/lib/python3.7/site-packages/airflow/example_dags/tutorial.py for tasks to queue
[2022-08-04 20:06:26,756] {logging_mixin.py:109} INFO - [2022-08-04 20:06:26,756] {dagbag.py:500} INFO - Filling up the DagBag from /home/airflow/.local/lib/python3.7/site-packages/airflow/example_dags/tutorial.py
[2022-08-04 20:06:26,884] {processor.py:654} INFO - DAG(s) dict_keys(['tutorial']) retrieved from /home/airflow/.local/lib/python3.7/site-packages/airflow/example_dags/tutorial.py
[2022-08-04 20:06:26,976] {logging_mixin.py:109} INFO - [2022-08-04 20:06:26,976] {dag.py:2398} INFO - Sync 1 DAGs
[2022-08-04 20:06:27,037] {logging_mixin.py:109} INFO - [2022-08-04 20:06:27,037] {dag.py:2937} INFO - Setting next_dagrun for tutorial to 2022-08-03T20:06:27.036850+00:00
[2022-08-04 20:06:27,055] {processor.py:171} INFO - Processing /home/airflow/.local/lib/python3.7/site-packages/airflow/example_dags/tutorial.py took 0.316 seconds
[2022-08-04 20:06:59,702] {processor.py:163} INFO - Started process (PID=814) to work on /home/airflow/.local/lib/python3.7/site-packages/airflow/example_dags/tutorial.py
[2022-08-04 20:06:59,705] {processor.py:642} INFO - Processing file /home/airflow/.local/lib/python3.7/site-packages/airflow/example_dags/tutorial.py for tasks to queue
[2022-08-04 20:06:59,706] {logging_mixin.py:109} INFO - [2022-08-04 20:06:59,706] {dagbag.py:500} INFO - Filling up the DagBag from /home/airflow/.local/lib/python3.7/site-packages/airflow/example_dags/tutorial.py
[2022-08-04 20:06:59,801] {processor.py:654} INFO - DAG(s) dict_keys(['tutorial']) retrieved from /home/airflow/.local/lib/python3.7/site-packages/airflow/example_dags/tutorial.py
[2022-08-04 20:06:59,830] {logging_mixin.py:109} INFO - [2022-08-04 20:06:59,830] {dag.py:2398} INFO - Sync 1 DAGs
[2022-08-04 20:06:59,874] {logging_mixin.py:109} INFO - [2022-08-04 20:06:59,874] {dag.py:2937} INFO - Setting next_dagrun for tutorial to 2022-08-03T20:06:59.873913+00:00
[2022-08-04 20:06:59,899] {processor.py:171} INFO - Processing /home/airflow/.local/lib/python3.7/site-packages/airflow/example_dags/tutorial.py took 0.205 seconds
[2022-08-04 20:07:35,408] {processor.py:163} INFO - Started process (PID=859) to work on /home/airflow/.local/lib/python3.7/site-packages/airflow/example_dags/tutorial.py
[2022-08-04 20:07:35,410] {processor.py:642} INFO - Processing file /home/airflow/.local/lib/python3.7/site-packages/airflow/example_dags/tutorial.py for tasks to queue
[2022-08-04 20:07:35,412] {logging_mixin.py:109} INFO - [2022-08-04 20:07:35,412] {dagbag.py:500} INFO - Filling up the DagBag from /home/airflow/.local/lib/python3.7/site-packages/airflow/example_dags/tutorial.py
[2022-08-04 20:07:35,513] {processor.py:654} INFO - DAG(s) dict_keys(['tutorial']) retrieved from /home/airflow/.local/lib/python3.7/site-packages/airflow/example_dags/tutorial.py
[2022-08-04 20:07:35,534] {logging_mixin.py:109} INFO - [2022-08-04 20:07:35,534] {dag.py:2398} INFO - Sync 1 DAGs
[2022-08-04 20:07:35,579] {logging_mixin.py:109} INFO - [2022-08-04 20:07:35,578] {dag.py:2937} INFO - Setting next_dagrun for tutorial to 2022-08-03T20:07:35.578068+00:00
[2022-08-04 20:07:35,597] {processor.py:171} INFO - Processing /home/airflow/.local/lib/python3.7/site-packages/airflow/example_dags/tutorial.py took 0.197 seconds
[2022-08-04 20:08:08,722] {processor.py:163} INFO - Started process (PID=914) to work on /home/airflow/.local/lib/python3.7/site-packages/airflow/example_dags/tutorial.py
[2022-08-04 20:08:08,727] {processor.py:642} INFO - Processing file /home/airflow/.local/lib/python3.7/site-packages/airflow/example_dags/tutorial.py for tasks to queue
[2022-08-04 20:08:08,729] {logging_mixin.py:109} INFO - [2022-08-04 20:08:08,729] {dagbag.py:500} INFO - Filling up the DagBag from /home/airflow/.local/lib/python3.7/site-packages/airflow/example_dags/tutorial.py
[2022-08-04 20:08:08,802] {processor.py:654} INFO - DAG(s) dict_keys(['tutorial']) retrieved from /home/airflow/.local/lib/python3.7/site-packages/airflow/example_dags/tutorial.py
[2022-08-04 20:08:08,826] {logging_mixin.py:109} INFO - [2022-08-04 20:08:08,825] {dag.py:2398} INFO - Sync 1 DAGs
[2022-08-04 20:08:08,864] {logging_mixin.py:109} INFO - [2022-08-04 20:08:08,863] {dag.py:2937} INFO - Setting next_dagrun for tutorial to 2022-08-03T20:08:08.863414+00:00
[2022-08-04 20:08:08,883] {processor.py:171} INFO - Processing /home/airflow/.local/lib/python3.7/site-packages/airflow/example_dags/tutorial.py took 0.171 seconds
[2022-08-04 20:08:51,867] {processor.py:163} INFO - Started process (PID=968) to work on /home/airflow/.local/lib/python3.7/site-packages/airflow/example_dags/tutorial.py
[2022-08-04 20:08:51,870] {processor.py:642} INFO - Processing file /home/airflow/.local/lib/python3.7/site-packages/airflow/example_dags/tutorial.py for tasks to queue
[2022-08-04 20:08:51,871] {logging_mixin.py:109} INFO - [2022-08-04 20:08:51,871] {dagbag.py:500} INFO - Filling up the DagBag from /home/airflow/.local/lib/python3.7/site-packages/airflow/example_dags/tutorial.py
[2022-08-04 20:08:51,948] {processor.py:654} INFO - DAG(s) dict_keys(['tutorial']) retrieved from /home/airflow/.local/lib/python3.7/site-packages/airflow/example_dags/tutorial.py
[2022-08-04 20:08:51,971] {logging_mixin.py:109} INFO - [2022-08-04 20:08:51,970] {dag.py:2398} INFO - Sync 1 DAGs
[2022-08-04 20:08:52,007] {logging_mixin.py:109} INFO - [2022-08-04 20:08:52,007] {dag.py:2937} INFO - Setting next_dagrun for tutorial to 2022-08-03T20:08:52.006818+00:00
[2022-08-04 20:08:52,026] {processor.py:171} INFO - Processing /home/airflow/.local/lib/python3.7/site-packages/airflow/example_dags/tutorial.py took 0.166 seconds
[2022-08-04 20:09:22,128] {processor.py:163} INFO - Started process (PID=1021) to work on /home/airflow/.local/lib/python3.7/site-packages/airflow/example_dags/tutorial.py
[2022-08-04 20:09:22,130] {processor.py:642} INFO - Processing file /home/airflow/.local/lib/python3.7/site-packages/airflow/example_dags/tutorial.py for tasks to queue
[2022-08-04 20:09:22,131] {logging_mixin.py:109} INFO - [2022-08-04 20:09:22,131] {dagbag.py:500} INFO - Filling up the DagBag from /home/airflow/.local/lib/python3.7/site-packages/airflow/example_dags/tutorial.py
[2022-08-04 20:09:22,194] {processor.py:654} INFO - DAG(s) dict_keys(['tutorial']) retrieved from /home/airflow/.local/lib/python3.7/site-packages/airflow/example_dags/tutorial.py
[2022-08-04 20:09:22,217] {logging_mixin.py:109} INFO - [2022-08-04 20:09:22,217] {dag.py:2398} INFO - Sync 1 DAGs
[2022-08-04 20:09:22,251] {logging_mixin.py:109} INFO - [2022-08-04 20:09:22,251] {dag.py:2937} INFO - Setting next_dagrun for tutorial to 2022-08-03T20:09:22.249954+00:00
[2022-08-04 20:09:22,269] {processor.py:171} INFO - Processing /home/airflow/.local/lib/python3.7/site-packages/airflow/example_dags/tutorial.py took 0.148 seconds
[2022-08-04 20:09:53,132] {processor.py:163} INFO - Started process (PID=1074) to work on /home/airflow/.local/lib/python3.7/site-packages/airflow/example_dags/tutorial.py
[2022-08-04 20:09:53,133] {processor.py:642} INFO - Processing file /home/airflow/.local/lib/python3.7/site-packages/airflow/example_dags/tutorial.py for tasks to queue
[2022-08-04 20:09:53,134] {logging_mixin.py:109} INFO - [2022-08-04 20:09:53,134] {dagbag.py:500} INFO - Filling up the DagBag from /home/airflow/.local/lib/python3.7/site-packages/airflow/example_dags/tutorial.py
[2022-08-04 20:09:53,178] {processor.py:654} INFO - DAG(s) dict_keys(['tutorial']) retrieved from /home/airflow/.local/lib/python3.7/site-packages/airflow/example_dags/tutorial.py
[2022-08-04 20:09:53,196] {logging_mixin.py:109} INFO - [2022-08-04 20:09:53,196] {dag.py:2398} INFO - Sync 1 DAGs
[2022-08-04 20:09:53,222] {logging_mixin.py:109} INFO - [2022-08-04 20:09:53,222] {dag.py:2937} INFO - Setting next_dagrun for tutorial to 2022-08-03T20:09:53.222023+00:00
[2022-08-04 20:09:53,246] {processor.py:171} INFO - Processing /home/airflow/.local/lib/python3.7/site-packages/airflow/example_dags/tutorial.py took 0.119 seconds
[2022-08-04 20:10:23,926] {processor.py:163} INFO - Started process (PID=1116) to work on /home/airflow/.local/lib/python3.7/site-packages/airflow/example_dags/tutorial.py
[2022-08-04 20:10:23,929] {processor.py:642} INFO - Processing file /home/airflow/.local/lib/python3.7/site-packages/airflow/example_dags/tutorial.py for tasks to queue
[2022-08-04 20:10:23,930] {logging_mixin.py:109} INFO - [2022-08-04 20:10:23,930] {dagbag.py:500} INFO - Filling up the DagBag from /home/airflow/.local/lib/python3.7/site-packages/airflow/example_dags/tutorial.py
[2022-08-04 20:10:24,034] {processor.py:654} INFO - DAG(s) dict_keys(['tutorial']) retrieved from /home/airflow/.local/lib/python3.7/site-packages/airflow/example_dags/tutorial.py
[2022-08-04 20:10:24,054] {logging_mixin.py:109} INFO - [2022-08-04 20:10:24,054] {dag.py:2398} INFO - Sync 1 DAGs
[2022-08-04 20:10:24,083] {logging_mixin.py:109} INFO - [2022-08-04 20:10:24,083] {dag.py:2937} INFO - Setting next_dagrun for tutorial to 2022-08-03T20:10:24.081526+00:00
[2022-08-04 20:10:24,098] {processor.py:171} INFO - Processing /home/airflow/.local/lib/python3.7/site-packages/airflow/example_dags/tutorial.py took 0.177 seconds
[2022-08-04 20:10:54,183] {processor.py:163} INFO - Started process (PID=1168) to work on /home/airflow/.local/lib/python3.7/site-packages/airflow/example_dags/tutorial.py
[2022-08-04 20:10:54,186] {processor.py:642} INFO - Processing file /home/airflow/.local/lib/python3.7/site-packages/airflow/example_dags/tutorial.py for tasks to queue
[2022-08-04 20:10:54,188] {logging_mixin.py:109} INFO - [2022-08-04 20:10:54,188] {dagbag.py:500} INFO - Filling up the DagBag from /home/airflow/.local/lib/python3.7/site-packages/airflow/example_dags/tutorial.py
[2022-08-04 20:10:54,275] {processor.py:654} INFO - DAG(s) dict_keys(['tutorial']) retrieved from /home/airflow/.local/lib/python3.7/site-packages/airflow/example_dags/tutorial.py
[2022-08-04 20:10:54,304] {logging_mixin.py:109} INFO - [2022-08-04 20:10:54,304] {dag.py:2398} INFO - Sync 1 DAGs
[2022-08-04 20:10:54,334] {logging_mixin.py:109} INFO - [2022-08-04 20:10:54,333] {dag.py:2937} INFO - Setting next_dagrun for tutorial to 2022-08-03T20:10:54.331715+00:00
[2022-08-04 20:10:54,354] {processor.py:171} INFO - Processing /home/airflow/.local/lib/python3.7/site-packages/airflow/example_dags/tutorial.py took 0.176 seconds
[2022-08-04 20:11:27,627] {processor.py:163} INFO - Started process (PID=1212) to work on /home/airflow/.local/lib/python3.7/site-packages/airflow/example_dags/tutorial.py
[2022-08-04 20:11:27,632] {processor.py:642} INFO - Processing file /home/airflow/.local/lib/python3.7/site-packages/airflow/example_dags/tutorial.py for tasks to queue
[2022-08-04 20:11:27,633] {logging_mixin.py:109} INFO - [2022-08-04 20:11:27,633] {dagbag.py:500} INFO - Filling up the DagBag from /home/airflow/.local/lib/python3.7/site-packages/airflow/example_dags/tutorial.py
[2022-08-04 20:11:27,748] {processor.py:654} INFO - DAG(s) dict_keys(['tutorial']) retrieved from /home/airflow/.local/lib/python3.7/site-packages/airflow/example_dags/tutorial.py
[2022-08-04 20:11:27,811] {logging_mixin.py:109} INFO - [2022-08-04 20:11:27,811] {dag.py:2398} INFO - Sync 1 DAGs
[2022-08-04 20:11:27,881] {logging_mixin.py:109} INFO - [2022-08-04 20:11:27,880] {dag.py:2937} INFO - Setting next_dagrun for tutorial to 2022-08-03T20:11:27.879814+00:00
[2022-08-04 20:11:27,911] {processor.py:171} INFO - Processing /home/airflow/.local/lib/python3.7/site-packages/airflow/example_dags/tutorial.py took 0.295 seconds
