[2022-08-04 19:50:19,627] {processor.py:163} INFO - Started process (PID=49) to work on /home/airflow/.local/lib/python3.7/site-packages/airflow/example_dags/tutorial_etl_dag.py
[2022-08-04 19:50:19,632] {processor.py:642} INFO - Processing file /home/airflow/.local/lib/python3.7/site-packages/airflow/example_dags/tutorial_etl_dag.py for tasks to queue
[2022-08-04 19:50:19,634] {logging_mixin.py:109} INFO - [2022-08-04 19:50:19,633] {dagbag.py:500} INFO - Filling up the DagBag from /home/airflow/.local/lib/python3.7/site-packages/airflow/example_dags/tutorial_etl_dag.py
[2022-08-04 19:50:19,726] {processor.py:654} INFO - DAG(s) dict_keys(['tutorial_etl_dag']) retrieved from /home/airflow/.local/lib/python3.7/site-packages/airflow/example_dags/tutorial_etl_dag.py
[2022-08-04 19:50:19,746] {logging_mixin.py:109} INFO - [2022-08-04 19:50:19,745] {dag.py:2398} INFO - Sync 1 DAGs
[2022-08-04 19:50:19,776] {logging_mixin.py:109} INFO - [2022-08-04 19:50:19,776] {dag.py:2937} INFO - Setting next_dagrun for tutorial_etl_dag to None
[2022-08-04 19:50:19,796] {processor.py:171} INFO - Processing /home/airflow/.local/lib/python3.7/site-packages/airflow/example_dags/tutorial_etl_dag.py took 0.176 seconds
[2022-08-04 19:50:50,782] {processor.py:163} INFO - Started process (PID=100) to work on /home/airflow/.local/lib/python3.7/site-packages/airflow/example_dags/tutorial_etl_dag.py
[2022-08-04 19:50:50,785] {processor.py:642} INFO - Processing file /home/airflow/.local/lib/python3.7/site-packages/airflow/example_dags/tutorial_etl_dag.py for tasks to queue
[2022-08-04 19:50:50,786] {logging_mixin.py:109} INFO - [2022-08-04 19:50:50,786] {dagbag.py:500} INFO - Filling up the DagBag from /home/airflow/.local/lib/python3.7/site-packages/airflow/example_dags/tutorial_etl_dag.py
[2022-08-04 19:50:50,847] {processor.py:654} INFO - DAG(s) dict_keys(['tutorial_etl_dag']) retrieved from /home/airflow/.local/lib/python3.7/site-packages/airflow/example_dags/tutorial_etl_dag.py
[2022-08-04 19:50:50,863] {logging_mixin.py:109} INFO - [2022-08-04 19:50:50,863] {dag.py:2398} INFO - Sync 1 DAGs
[2022-08-04 19:50:50,893] {logging_mixin.py:109} INFO - [2022-08-04 19:50:50,893] {dag.py:2937} INFO - Setting next_dagrun for tutorial_etl_dag to None
[2022-08-04 19:50:50,915] {processor.py:171} INFO - Processing /home/airflow/.local/lib/python3.7/site-packages/airflow/example_dags/tutorial_etl_dag.py took 0.138 seconds
[2022-08-04 19:51:21,959] {processor.py:163} INFO - Started process (PID=152) to work on /home/airflow/.local/lib/python3.7/site-packages/airflow/example_dags/tutorial_etl_dag.py
[2022-08-04 19:51:21,961] {processor.py:642} INFO - Processing file /home/airflow/.local/lib/python3.7/site-packages/airflow/example_dags/tutorial_etl_dag.py for tasks to queue
[2022-08-04 19:51:21,963] {logging_mixin.py:109} INFO - [2022-08-04 19:51:21,962] {dagbag.py:500} INFO - Filling up the DagBag from /home/airflow/.local/lib/python3.7/site-packages/airflow/example_dags/tutorial_etl_dag.py
[2022-08-04 19:51:22,009] {processor.py:654} INFO - DAG(s) dict_keys(['tutorial_etl_dag']) retrieved from /home/airflow/.local/lib/python3.7/site-packages/airflow/example_dags/tutorial_etl_dag.py
[2022-08-04 19:51:22,022] {logging_mixin.py:109} INFO - [2022-08-04 19:51:22,022] {dag.py:2398} INFO - Sync 1 DAGs
[2022-08-04 19:51:22,044] {logging_mixin.py:109} INFO - [2022-08-04 19:51:22,044] {dag.py:2937} INFO - Setting next_dagrun for tutorial_etl_dag to None
[2022-08-04 19:51:22,056] {processor.py:171} INFO - Processing /home/airflow/.local/lib/python3.7/site-packages/airflow/example_dags/tutorial_etl_dag.py took 0.101 seconds
[2022-08-04 19:51:53,486] {processor.py:163} INFO - Started process (PID=204) to work on /home/airflow/.local/lib/python3.7/site-packages/airflow/example_dags/tutorial_etl_dag.py
[2022-08-04 19:51:53,488] {processor.py:642} INFO - Processing file /home/airflow/.local/lib/python3.7/site-packages/airflow/example_dags/tutorial_etl_dag.py for tasks to queue
[2022-08-04 19:51:53,489] {logging_mixin.py:109} INFO - [2022-08-04 19:51:53,489] {dagbag.py:500} INFO - Filling up the DagBag from /home/airflow/.local/lib/python3.7/site-packages/airflow/example_dags/tutorial_etl_dag.py
[2022-08-04 19:51:53,570] {processor.py:654} INFO - DAG(s) dict_keys(['tutorial_etl_dag']) retrieved from /home/airflow/.local/lib/python3.7/site-packages/airflow/example_dags/tutorial_etl_dag.py
[2022-08-04 19:51:53,594] {logging_mixin.py:109} INFO - [2022-08-04 19:51:53,594] {dag.py:2398} INFO - Sync 1 DAGs
[2022-08-04 19:51:53,630] {logging_mixin.py:109} INFO - [2022-08-04 19:51:53,630] {dag.py:2937} INFO - Setting next_dagrun for tutorial_etl_dag to None
[2022-08-04 19:51:53,665] {processor.py:171} INFO - Processing /home/airflow/.local/lib/python3.7/site-packages/airflow/example_dags/tutorial_etl_dag.py took 0.185 seconds
[2022-08-04 19:52:25,083] {processor.py:163} INFO - Started process (PID=247) to work on /home/airflow/.local/lib/python3.7/site-packages/airflow/example_dags/tutorial_etl_dag.py
[2022-08-04 19:52:25,086] {processor.py:642} INFO - Processing file /home/airflow/.local/lib/python3.7/site-packages/airflow/example_dags/tutorial_etl_dag.py for tasks to queue
[2022-08-04 19:52:25,088] {logging_mixin.py:109} INFO - [2022-08-04 19:52:25,087] {dagbag.py:500} INFO - Filling up the DagBag from /home/airflow/.local/lib/python3.7/site-packages/airflow/example_dags/tutorial_etl_dag.py
[2022-08-04 19:52:25,227] {processor.py:654} INFO - DAG(s) dict_keys(['tutorial_etl_dag']) retrieved from /home/airflow/.local/lib/python3.7/site-packages/airflow/example_dags/tutorial_etl_dag.py
[2022-08-04 19:52:25,268] {logging_mixin.py:109} INFO - [2022-08-04 19:52:25,267] {dag.py:2398} INFO - Sync 1 DAGs
[2022-08-04 19:52:25,351] {logging_mixin.py:109} INFO - [2022-08-04 19:52:25,351] {dag.py:2937} INFO - Setting next_dagrun for tutorial_etl_dag to None
[2022-08-04 19:52:25,385] {processor.py:171} INFO - Processing /home/airflow/.local/lib/python3.7/site-packages/airflow/example_dags/tutorial_etl_dag.py took 0.317 seconds
[2022-08-04 19:52:58,044] {processor.py:163} INFO - Started process (PID=300) to work on /home/airflow/.local/lib/python3.7/site-packages/airflow/example_dags/tutorial_etl_dag.py
[2022-08-04 19:52:58,048] {processor.py:642} INFO - Processing file /home/airflow/.local/lib/python3.7/site-packages/airflow/example_dags/tutorial_etl_dag.py for tasks to queue
[2022-08-04 19:52:58,050] {logging_mixin.py:109} INFO - [2022-08-04 19:52:58,050] {dagbag.py:500} INFO - Filling up the DagBag from /home/airflow/.local/lib/python3.7/site-packages/airflow/example_dags/tutorial_etl_dag.py
[2022-08-04 19:52:58,176] {processor.py:654} INFO - DAG(s) dict_keys(['tutorial_etl_dag']) retrieved from /home/airflow/.local/lib/python3.7/site-packages/airflow/example_dags/tutorial_etl_dag.py
[2022-08-04 19:52:58,200] {logging_mixin.py:109} INFO - [2022-08-04 19:52:58,200] {dag.py:2398} INFO - Sync 1 DAGs
[2022-08-04 19:52:58,255] {logging_mixin.py:109} INFO - [2022-08-04 19:52:58,255] {dag.py:2937} INFO - Setting next_dagrun for tutorial_etl_dag to None
[2022-08-04 19:52:58,278] {processor.py:171} INFO - Processing /home/airflow/.local/lib/python3.7/site-packages/airflow/example_dags/tutorial_etl_dag.py took 0.246 seconds
[2022-08-04 19:53:31,184] {processor.py:163} INFO - Started process (PID=353) to work on /home/airflow/.local/lib/python3.7/site-packages/airflow/example_dags/tutorial_etl_dag.py
[2022-08-04 19:53:31,186] {processor.py:642} INFO - Processing file /home/airflow/.local/lib/python3.7/site-packages/airflow/example_dags/tutorial_etl_dag.py for tasks to queue
[2022-08-04 19:53:31,188] {logging_mixin.py:109} INFO - [2022-08-04 19:53:31,188] {dagbag.py:500} INFO - Filling up the DagBag from /home/airflow/.local/lib/python3.7/site-packages/airflow/example_dags/tutorial_etl_dag.py
[2022-08-04 19:53:31,266] {processor.py:654} INFO - DAG(s) dict_keys(['tutorial_etl_dag']) retrieved from /home/airflow/.local/lib/python3.7/site-packages/airflow/example_dags/tutorial_etl_dag.py
[2022-08-04 19:53:31,299] {logging_mixin.py:109} INFO - [2022-08-04 19:53:31,299] {dag.py:2398} INFO - Sync 1 DAGs
[2022-08-04 19:53:31,343] {logging_mixin.py:109} INFO - [2022-08-04 19:53:31,342] {dag.py:2937} INFO - Setting next_dagrun for tutorial_etl_dag to None
[2022-08-04 19:53:31,361] {processor.py:171} INFO - Processing /home/airflow/.local/lib/python3.7/site-packages/airflow/example_dags/tutorial_etl_dag.py took 0.183 seconds
[2022-08-04 19:58:50,297] {processor.py:163} INFO - Started process (PID=49) to work on /home/airflow/.local/lib/python3.7/site-packages/airflow/example_dags/tutorial_etl_dag.py
[2022-08-04 19:58:50,302] {processor.py:642} INFO - Processing file /home/airflow/.local/lib/python3.7/site-packages/airflow/example_dags/tutorial_etl_dag.py for tasks to queue
[2022-08-04 19:58:50,305] {logging_mixin.py:109} INFO - [2022-08-04 19:58:50,305] {dagbag.py:500} INFO - Filling up the DagBag from /home/airflow/.local/lib/python3.7/site-packages/airflow/example_dags/tutorial_etl_dag.py
[2022-08-04 19:58:50,399] {processor.py:654} INFO - DAG(s) dict_keys(['tutorial_etl_dag']) retrieved from /home/airflow/.local/lib/python3.7/site-packages/airflow/example_dags/tutorial_etl_dag.py
[2022-08-04 19:58:50,422] {logging_mixin.py:109} INFO - [2022-08-04 19:58:50,422] {dag.py:2398} INFO - Sync 1 DAGs
[2022-08-04 19:58:50,457] {logging_mixin.py:109} INFO - [2022-08-04 19:58:50,457] {dag.py:2937} INFO - Setting next_dagrun for tutorial_etl_dag to None
[2022-08-04 19:58:50,481] {processor.py:171} INFO - Processing /home/airflow/.local/lib/python3.7/site-packages/airflow/example_dags/tutorial_etl_dag.py took 0.195 seconds
[2022-08-04 19:59:20,926] {processor.py:163} INFO - Started process (PID=103) to work on /home/airflow/.local/lib/python3.7/site-packages/airflow/example_dags/tutorial_etl_dag.py
[2022-08-04 19:59:20,927] {processor.py:642} INFO - Processing file /home/airflow/.local/lib/python3.7/site-packages/airflow/example_dags/tutorial_etl_dag.py for tasks to queue
[2022-08-04 19:59:20,928] {logging_mixin.py:109} INFO - [2022-08-04 19:59:20,928] {dagbag.py:500} INFO - Filling up the DagBag from /home/airflow/.local/lib/python3.7/site-packages/airflow/example_dags/tutorial_etl_dag.py
[2022-08-04 19:59:20,980] {processor.py:654} INFO - DAG(s) dict_keys(['tutorial_etl_dag']) retrieved from /home/airflow/.local/lib/python3.7/site-packages/airflow/example_dags/tutorial_etl_dag.py
[2022-08-04 19:59:20,999] {logging_mixin.py:109} INFO - [2022-08-04 19:59:20,999] {dag.py:2398} INFO - Sync 1 DAGs
[2022-08-04 19:59:21,027] {logging_mixin.py:109} INFO - [2022-08-04 19:59:21,027] {dag.py:2937} INFO - Setting next_dagrun for tutorial_etl_dag to None
[2022-08-04 19:59:21,045] {processor.py:171} INFO - Processing /home/airflow/.local/lib/python3.7/site-packages/airflow/example_dags/tutorial_etl_dag.py took 0.125 seconds
[2022-08-04 19:59:51,965] {processor.py:163} INFO - Started process (PID=155) to work on /home/airflow/.local/lib/python3.7/site-packages/airflow/example_dags/tutorial_etl_dag.py
[2022-08-04 19:59:51,966] {processor.py:642} INFO - Processing file /home/airflow/.local/lib/python3.7/site-packages/airflow/example_dags/tutorial_etl_dag.py for tasks to queue
[2022-08-04 19:59:51,967] {logging_mixin.py:109} INFO - [2022-08-04 19:59:51,967] {dagbag.py:500} INFO - Filling up the DagBag from /home/airflow/.local/lib/python3.7/site-packages/airflow/example_dags/tutorial_etl_dag.py
[2022-08-04 19:59:52,009] {processor.py:654} INFO - DAG(s) dict_keys(['tutorial_etl_dag']) retrieved from /home/airflow/.local/lib/python3.7/site-packages/airflow/example_dags/tutorial_etl_dag.py
[2022-08-04 19:59:52,025] {logging_mixin.py:109} INFO - [2022-08-04 19:59:52,025] {dag.py:2398} INFO - Sync 1 DAGs
[2022-08-04 19:59:52,052] {logging_mixin.py:109} INFO - [2022-08-04 19:59:52,051] {dag.py:2937} INFO - Setting next_dagrun for tutorial_etl_dag to None
[2022-08-04 19:59:52,065] {processor.py:171} INFO - Processing /home/airflow/.local/lib/python3.7/site-packages/airflow/example_dags/tutorial_etl_dag.py took 0.106 seconds
[2022-08-04 20:00:25,482] {processor.py:163} INFO - Started process (PID=207) to work on /home/airflow/.local/lib/python3.7/site-packages/airflow/example_dags/tutorial_etl_dag.py
[2022-08-04 20:00:25,489] {processor.py:642} INFO - Processing file /home/airflow/.local/lib/python3.7/site-packages/airflow/example_dags/tutorial_etl_dag.py for tasks to queue
[2022-08-04 20:00:25,491] {logging_mixin.py:109} INFO - [2022-08-04 20:00:25,491] {dagbag.py:500} INFO - Filling up the DagBag from /home/airflow/.local/lib/python3.7/site-packages/airflow/example_dags/tutorial_etl_dag.py
[2022-08-04 20:00:25,735] {processor.py:654} INFO - DAG(s) dict_keys(['tutorial_etl_dag']) retrieved from /home/airflow/.local/lib/python3.7/site-packages/airflow/example_dags/tutorial_etl_dag.py
[2022-08-04 20:00:25,771] {logging_mixin.py:109} INFO - [2022-08-04 20:00:25,770] {dag.py:2398} INFO - Sync 1 DAGs
[2022-08-04 20:00:25,823] {logging_mixin.py:109} INFO - [2022-08-04 20:00:25,823] {dag.py:2937} INFO - Setting next_dagrun for tutorial_etl_dag to None
[2022-08-04 20:00:25,845] {processor.py:171} INFO - Processing /home/airflow/.local/lib/python3.7/site-packages/airflow/example_dags/tutorial_etl_dag.py took 0.373 seconds
[2022-08-04 20:00:56,585] {processor.py:163} INFO - Started process (PID=250) to work on /home/airflow/.local/lib/python3.7/site-packages/airflow/example_dags/tutorial_etl_dag.py
[2022-08-04 20:00:56,586] {processor.py:642} INFO - Processing file /home/airflow/.local/lib/python3.7/site-packages/airflow/example_dags/tutorial_etl_dag.py for tasks to queue
[2022-08-04 20:00:56,588] {logging_mixin.py:109} INFO - [2022-08-04 20:00:56,588] {dagbag.py:500} INFO - Filling up the DagBag from /home/airflow/.local/lib/python3.7/site-packages/airflow/example_dags/tutorial_etl_dag.py
[2022-08-04 20:00:56,631] {processor.py:654} INFO - DAG(s) dict_keys(['tutorial_etl_dag']) retrieved from /home/airflow/.local/lib/python3.7/site-packages/airflow/example_dags/tutorial_etl_dag.py
[2022-08-04 20:00:56,644] {logging_mixin.py:109} INFO - [2022-08-04 20:00:56,644] {dag.py:2398} INFO - Sync 1 DAGs
[2022-08-04 20:00:56,665] {logging_mixin.py:109} INFO - [2022-08-04 20:00:56,665] {dag.py:2937} INFO - Setting next_dagrun for tutorial_etl_dag to None
[2022-08-04 20:00:56,678] {processor.py:171} INFO - Processing /home/airflow/.local/lib/python3.7/site-packages/airflow/example_dags/tutorial_etl_dag.py took 0.097 seconds
[2022-08-04 20:01:28,606] {processor.py:163} INFO - Started process (PID=302) to work on /home/airflow/.local/lib/python3.7/site-packages/airflow/example_dags/tutorial_etl_dag.py
[2022-08-04 20:01:28,609] {processor.py:642} INFO - Processing file /home/airflow/.local/lib/python3.7/site-packages/airflow/example_dags/tutorial_etl_dag.py for tasks to queue
[2022-08-04 20:01:28,610] {logging_mixin.py:109} INFO - [2022-08-04 20:01:28,610] {dagbag.py:500} INFO - Filling up the DagBag from /home/airflow/.local/lib/python3.7/site-packages/airflow/example_dags/tutorial_etl_dag.py
[2022-08-04 20:01:28,793] {processor.py:654} INFO - DAG(s) dict_keys(['tutorial_etl_dag']) retrieved from /home/airflow/.local/lib/python3.7/site-packages/airflow/example_dags/tutorial_etl_dag.py
[2022-08-04 20:01:28,832] {logging_mixin.py:109} INFO - [2022-08-04 20:01:28,832] {dag.py:2398} INFO - Sync 1 DAGs
[2022-08-04 20:01:28,882] {logging_mixin.py:109} INFO - [2022-08-04 20:01:28,882] {dag.py:2937} INFO - Setting next_dagrun for tutorial_etl_dag to None
[2022-08-04 20:01:28,904] {processor.py:171} INFO - Processing /home/airflow/.local/lib/python3.7/site-packages/airflow/example_dags/tutorial_etl_dag.py took 0.307 seconds
[2022-08-04 20:02:00,032] {processor.py:163} INFO - Started process (PID=356) to work on /home/airflow/.local/lib/python3.7/site-packages/airflow/example_dags/tutorial_etl_dag.py
[2022-08-04 20:02:00,034] {processor.py:642} INFO - Processing file /home/airflow/.local/lib/python3.7/site-packages/airflow/example_dags/tutorial_etl_dag.py for tasks to queue
[2022-08-04 20:02:00,035] {logging_mixin.py:109} INFO - [2022-08-04 20:02:00,035] {dagbag.py:500} INFO - Filling up the DagBag from /home/airflow/.local/lib/python3.7/site-packages/airflow/example_dags/tutorial_etl_dag.py
[2022-08-04 20:02:00,122] {processor.py:654} INFO - DAG(s) dict_keys(['tutorial_etl_dag']) retrieved from /home/airflow/.local/lib/python3.7/site-packages/airflow/example_dags/tutorial_etl_dag.py
[2022-08-04 20:02:00,147] {logging_mixin.py:109} INFO - [2022-08-04 20:02:00,147] {dag.py:2398} INFO - Sync 1 DAGs
[2022-08-04 20:02:00,183] {logging_mixin.py:109} INFO - [2022-08-04 20:02:00,183] {dag.py:2937} INFO - Setting next_dagrun for tutorial_etl_dag to None
[2022-08-04 20:02:00,208] {processor.py:171} INFO - Processing /home/airflow/.local/lib/python3.7/site-packages/airflow/example_dags/tutorial_etl_dag.py took 0.184 seconds
[2022-08-04 20:02:30,660] {processor.py:163} INFO - Started process (PID=399) to work on /home/airflow/.local/lib/python3.7/site-packages/airflow/example_dags/tutorial_etl_dag.py
[2022-08-04 20:02:30,662] {processor.py:642} INFO - Processing file /home/airflow/.local/lib/python3.7/site-packages/airflow/example_dags/tutorial_etl_dag.py for tasks to queue
[2022-08-04 20:02:30,663] {logging_mixin.py:109} INFO - [2022-08-04 20:02:30,663] {dagbag.py:500} INFO - Filling up the DagBag from /home/airflow/.local/lib/python3.7/site-packages/airflow/example_dags/tutorial_etl_dag.py
[2022-08-04 20:02:30,706] {processor.py:654} INFO - DAG(s) dict_keys(['tutorial_etl_dag']) retrieved from /home/airflow/.local/lib/python3.7/site-packages/airflow/example_dags/tutorial_etl_dag.py
[2022-08-04 20:02:30,723] {logging_mixin.py:109} INFO - [2022-08-04 20:02:30,723] {dag.py:2398} INFO - Sync 1 DAGs
[2022-08-04 20:02:30,750] {logging_mixin.py:109} INFO - [2022-08-04 20:02:30,750] {dag.py:2937} INFO - Setting next_dagrun for tutorial_etl_dag to None
[2022-08-04 20:02:30,764] {processor.py:171} INFO - Processing /home/airflow/.local/lib/python3.7/site-packages/airflow/example_dags/tutorial_etl_dag.py took 0.109 seconds
[2022-08-04 20:03:07,155] {processor.py:163} INFO - Started process (PID=453) to work on /home/airflow/.local/lib/python3.7/site-packages/airflow/example_dags/tutorial_etl_dag.py
[2022-08-04 20:03:07,159] {processor.py:642} INFO - Processing file /home/airflow/.local/lib/python3.7/site-packages/airflow/example_dags/tutorial_etl_dag.py for tasks to queue
[2022-08-04 20:03:07,163] {logging_mixin.py:109} INFO - [2022-08-04 20:03:07,162] {dagbag.py:500} INFO - Filling up the DagBag from /home/airflow/.local/lib/python3.7/site-packages/airflow/example_dags/tutorial_etl_dag.py
[2022-08-04 20:03:07,432] {processor.py:654} INFO - DAG(s) dict_keys(['tutorial_etl_dag']) retrieved from /home/airflow/.local/lib/python3.7/site-packages/airflow/example_dags/tutorial_etl_dag.py
[2022-08-04 20:03:07,492] {logging_mixin.py:109} INFO - [2022-08-04 20:03:07,492] {dag.py:2398} INFO - Sync 1 DAGs
[2022-08-04 20:03:07,584] {logging_mixin.py:109} INFO - [2022-08-04 20:03:07,584] {dag.py:2937} INFO - Setting next_dagrun for tutorial_etl_dag to None
[2022-08-04 20:03:07,608] {processor.py:171} INFO - Processing /home/airflow/.local/lib/python3.7/site-packages/airflow/example_dags/tutorial_etl_dag.py took 0.465 seconds
[2022-08-04 20:03:37,841] {processor.py:163} INFO - Started process (PID=508) to work on /home/airflow/.local/lib/python3.7/site-packages/airflow/example_dags/tutorial_etl_dag.py
[2022-08-04 20:03:37,844] {processor.py:642} INFO - Processing file /home/airflow/.local/lib/python3.7/site-packages/airflow/example_dags/tutorial_etl_dag.py for tasks to queue
[2022-08-04 20:03:37,845] {logging_mixin.py:109} INFO - [2022-08-04 20:03:37,844] {dagbag.py:500} INFO - Filling up the DagBag from /home/airflow/.local/lib/python3.7/site-packages/airflow/example_dags/tutorial_etl_dag.py
[2022-08-04 20:03:37,894] {processor.py:654} INFO - DAG(s) dict_keys(['tutorial_etl_dag']) retrieved from /home/airflow/.local/lib/python3.7/site-packages/airflow/example_dags/tutorial_etl_dag.py
[2022-08-04 20:03:37,911] {logging_mixin.py:109} INFO - [2022-08-04 20:03:37,910] {dag.py:2398} INFO - Sync 1 DAGs
[2022-08-04 20:03:37,932] {logging_mixin.py:109} INFO - [2022-08-04 20:03:37,932] {dag.py:2937} INFO - Setting next_dagrun for tutorial_etl_dag to None
[2022-08-04 20:03:37,946] {processor.py:171} INFO - Processing /home/airflow/.local/lib/python3.7/site-packages/airflow/example_dags/tutorial_etl_dag.py took 0.111 seconds
[2022-08-04 20:04:11,588] {processor.py:163} INFO - Started process (PID=560) to work on /home/airflow/.local/lib/python3.7/site-packages/airflow/example_dags/tutorial_etl_dag.py
[2022-08-04 20:04:11,592] {processor.py:642} INFO - Processing file /home/airflow/.local/lib/python3.7/site-packages/airflow/example_dags/tutorial_etl_dag.py for tasks to queue
[2022-08-04 20:04:11,594] {logging_mixin.py:109} INFO - [2022-08-04 20:04:11,593] {dagbag.py:500} INFO - Filling up the DagBag from /home/airflow/.local/lib/python3.7/site-packages/airflow/example_dags/tutorial_etl_dag.py
[2022-08-04 20:04:11,688] {processor.py:654} INFO - DAG(s) dict_keys(['tutorial_etl_dag']) retrieved from /home/airflow/.local/lib/python3.7/site-packages/airflow/example_dags/tutorial_etl_dag.py
[2022-08-04 20:04:11,711] {logging_mixin.py:109} INFO - [2022-08-04 20:04:11,711] {dag.py:2398} INFO - Sync 1 DAGs
[2022-08-04 20:04:11,748] {logging_mixin.py:109} INFO - [2022-08-04 20:04:11,748] {dag.py:2937} INFO - Setting next_dagrun for tutorial_etl_dag to None
[2022-08-04 20:04:11,765] {processor.py:171} INFO - Processing /home/airflow/.local/lib/python3.7/site-packages/airflow/example_dags/tutorial_etl_dag.py took 0.188 seconds
[2022-08-04 20:04:49,095] {processor.py:163} INFO - Started process (PID=613) to work on /home/airflow/.local/lib/python3.7/site-packages/airflow/example_dags/tutorial_etl_dag.py
[2022-08-04 20:04:49,098] {processor.py:642} INFO - Processing file /home/airflow/.local/lib/python3.7/site-packages/airflow/example_dags/tutorial_etl_dag.py for tasks to queue
[2022-08-04 20:04:49,099] {logging_mixin.py:109} INFO - [2022-08-04 20:04:49,099] {dagbag.py:500} INFO - Filling up the DagBag from /home/airflow/.local/lib/python3.7/site-packages/airflow/example_dags/tutorial_etl_dag.py
[2022-08-04 20:04:49,165] {processor.py:654} INFO - DAG(s) dict_keys(['tutorial_etl_dag']) retrieved from /home/airflow/.local/lib/python3.7/site-packages/airflow/example_dags/tutorial_etl_dag.py
[2022-08-04 20:04:49,185] {logging_mixin.py:109} INFO - [2022-08-04 20:04:49,185] {dag.py:2398} INFO - Sync 1 DAGs
[2022-08-04 20:04:49,219] {logging_mixin.py:109} INFO - [2022-08-04 20:04:49,219] {dag.py:2937} INFO - Setting next_dagrun for tutorial_etl_dag to None
[2022-08-04 20:04:49,235] {processor.py:171} INFO - Processing /home/airflow/.local/lib/python3.7/site-packages/airflow/example_dags/tutorial_etl_dag.py took 0.148 seconds
[2022-08-04 20:05:20,761] {processor.py:163} INFO - Started process (PID=665) to work on /home/airflow/.local/lib/python3.7/site-packages/airflow/example_dags/tutorial_etl_dag.py
[2022-08-04 20:05:20,763] {processor.py:642} INFO - Processing file /home/airflow/.local/lib/python3.7/site-packages/airflow/example_dags/tutorial_etl_dag.py for tasks to queue
[2022-08-04 20:05:20,764] {logging_mixin.py:109} INFO - [2022-08-04 20:05:20,764] {dagbag.py:500} INFO - Filling up the DagBag from /home/airflow/.local/lib/python3.7/site-packages/airflow/example_dags/tutorial_etl_dag.py
[2022-08-04 20:05:20,843] {processor.py:654} INFO - DAG(s) dict_keys(['tutorial_etl_dag']) retrieved from /home/airflow/.local/lib/python3.7/site-packages/airflow/example_dags/tutorial_etl_dag.py
[2022-08-04 20:05:20,862] {logging_mixin.py:109} INFO - [2022-08-04 20:05:20,862] {dag.py:2398} INFO - Sync 1 DAGs
[2022-08-04 20:05:20,893] {logging_mixin.py:109} INFO - [2022-08-04 20:05:20,893] {dag.py:2937} INFO - Setting next_dagrun for tutorial_etl_dag to None
[2022-08-04 20:05:20,911] {processor.py:171} INFO - Processing /home/airflow/.local/lib/python3.7/site-packages/airflow/example_dags/tutorial_etl_dag.py took 0.155 seconds
[2022-08-04 20:05:55,081] {processor.py:163} INFO - Started process (PID=708) to work on /home/airflow/.local/lib/python3.7/site-packages/airflow/example_dags/tutorial_etl_dag.py
[2022-08-04 20:05:55,084] {processor.py:642} INFO - Processing file /home/airflow/.local/lib/python3.7/site-packages/airflow/example_dags/tutorial_etl_dag.py for tasks to queue
[2022-08-04 20:05:55,085] {logging_mixin.py:109} INFO - [2022-08-04 20:05:55,085] {dagbag.py:500} INFO - Filling up the DagBag from /home/airflow/.local/lib/python3.7/site-packages/airflow/example_dags/tutorial_etl_dag.py
[2022-08-04 20:05:55,145] {processor.py:654} INFO - DAG(s) dict_keys(['tutorial_etl_dag']) retrieved from /home/airflow/.local/lib/python3.7/site-packages/airflow/example_dags/tutorial_etl_dag.py
[2022-08-04 20:05:55,164] {logging_mixin.py:109} INFO - [2022-08-04 20:05:55,163] {dag.py:2398} INFO - Sync 1 DAGs
[2022-08-04 20:05:55,198] {logging_mixin.py:109} INFO - [2022-08-04 20:05:55,197] {dag.py:2937} INFO - Setting next_dagrun for tutorial_etl_dag to None
[2022-08-04 20:05:55,220] {processor.py:171} INFO - Processing /home/airflow/.local/lib/python3.7/site-packages/airflow/example_dags/tutorial_etl_dag.py took 0.144 seconds
[2022-08-04 20:06:26,539] {processor.py:163} INFO - Started process (PID=760) to work on /home/airflow/.local/lib/python3.7/site-packages/airflow/example_dags/tutorial_etl_dag.py
[2022-08-04 20:06:26,542] {processor.py:642} INFO - Processing file /home/airflow/.local/lib/python3.7/site-packages/airflow/example_dags/tutorial_etl_dag.py for tasks to queue
[2022-08-04 20:06:26,544] {logging_mixin.py:109} INFO - [2022-08-04 20:06:26,544] {dagbag.py:500} INFO - Filling up the DagBag from /home/airflow/.local/lib/python3.7/site-packages/airflow/example_dags/tutorial_etl_dag.py
[2022-08-04 20:06:26,622] {processor.py:654} INFO - DAG(s) dict_keys(['tutorial_etl_dag']) retrieved from /home/airflow/.local/lib/python3.7/site-packages/airflow/example_dags/tutorial_etl_dag.py
[2022-08-04 20:06:26,641] {logging_mixin.py:109} INFO - [2022-08-04 20:06:26,641] {dag.py:2398} INFO - Sync 1 DAGs
[2022-08-04 20:06:26,676] {logging_mixin.py:109} INFO - [2022-08-04 20:06:26,676] {dag.py:2937} INFO - Setting next_dagrun for tutorial_etl_dag to None
[2022-08-04 20:06:26,698] {processor.py:171} INFO - Processing /home/airflow/.local/lib/python3.7/site-packages/airflow/example_dags/tutorial_etl_dag.py took 0.166 seconds
[2022-08-04 20:06:59,476] {processor.py:163} INFO - Started process (PID=812) to work on /home/airflow/.local/lib/python3.7/site-packages/airflow/example_dags/tutorial_etl_dag.py
[2022-08-04 20:06:59,481] {processor.py:642} INFO - Processing file /home/airflow/.local/lib/python3.7/site-packages/airflow/example_dags/tutorial_etl_dag.py for tasks to queue
[2022-08-04 20:06:59,485] {logging_mixin.py:109} INFO - [2022-08-04 20:06:59,485] {dagbag.py:500} INFO - Filling up the DagBag from /home/airflow/.local/lib/python3.7/site-packages/airflow/example_dags/tutorial_etl_dag.py
[2022-08-04 20:06:59,571] {processor.py:654} INFO - DAG(s) dict_keys(['tutorial_etl_dag']) retrieved from /home/airflow/.local/lib/python3.7/site-packages/airflow/example_dags/tutorial_etl_dag.py
[2022-08-04 20:06:59,593] {logging_mixin.py:109} INFO - [2022-08-04 20:06:59,593] {dag.py:2398} INFO - Sync 1 DAGs
[2022-08-04 20:06:59,639] {logging_mixin.py:109} INFO - [2022-08-04 20:06:59,639] {dag.py:2937} INFO - Setting next_dagrun for tutorial_etl_dag to None
[2022-08-04 20:06:59,660] {processor.py:171} INFO - Processing /home/airflow/.local/lib/python3.7/site-packages/airflow/example_dags/tutorial_etl_dag.py took 0.192 seconds
[2022-08-04 20:07:35,123] {processor.py:163} INFO - Started process (PID=857) to work on /home/airflow/.local/lib/python3.7/site-packages/airflow/example_dags/tutorial_etl_dag.py
[2022-08-04 20:07:35,126] {processor.py:642} INFO - Processing file /home/airflow/.local/lib/python3.7/site-packages/airflow/example_dags/tutorial_etl_dag.py for tasks to queue
[2022-08-04 20:07:35,128] {logging_mixin.py:109} INFO - [2022-08-04 20:07:35,128] {dagbag.py:500} INFO - Filling up the DagBag from /home/airflow/.local/lib/python3.7/site-packages/airflow/example_dags/tutorial_etl_dag.py
[2022-08-04 20:07:35,280] {processor.py:654} INFO - DAG(s) dict_keys(['tutorial_etl_dag']) retrieved from /home/airflow/.local/lib/python3.7/site-packages/airflow/example_dags/tutorial_etl_dag.py
[2022-08-04 20:07:35,308] {logging_mixin.py:109} INFO - [2022-08-04 20:07:35,308] {dag.py:2398} INFO - Sync 1 DAGs
[2022-08-04 20:07:35,343] {logging_mixin.py:109} INFO - [2022-08-04 20:07:35,342] {dag.py:2937} INFO - Setting next_dagrun for tutorial_etl_dag to None
[2022-08-04 20:07:35,366] {processor.py:171} INFO - Processing /home/airflow/.local/lib/python3.7/site-packages/airflow/example_dags/tutorial_etl_dag.py took 0.251 seconds
[2022-08-04 20:08:08,472] {processor.py:163} INFO - Started process (PID=912) to work on /home/airflow/.local/lib/python3.7/site-packages/airflow/example_dags/tutorial_etl_dag.py
[2022-08-04 20:08:08,475] {processor.py:642} INFO - Processing file /home/airflow/.local/lib/python3.7/site-packages/airflow/example_dags/tutorial_etl_dag.py for tasks to queue
[2022-08-04 20:08:08,477] {logging_mixin.py:109} INFO - [2022-08-04 20:08:08,477] {dagbag.py:500} INFO - Filling up the DagBag from /home/airflow/.local/lib/python3.7/site-packages/airflow/example_dags/tutorial_etl_dag.py
[2022-08-04 20:08:08,564] {processor.py:654} INFO - DAG(s) dict_keys(['tutorial_etl_dag']) retrieved from /home/airflow/.local/lib/python3.7/site-packages/airflow/example_dags/tutorial_etl_dag.py
[2022-08-04 20:08:08,585] {logging_mixin.py:109} INFO - [2022-08-04 20:08:08,584] {dag.py:2398} INFO - Sync 1 DAGs
[2022-08-04 20:08:08,623] {logging_mixin.py:109} INFO - [2022-08-04 20:08:08,623] {dag.py:2937} INFO - Setting next_dagrun for tutorial_etl_dag to None
[2022-08-04 20:08:08,643] {processor.py:171} INFO - Processing /home/airflow/.local/lib/python3.7/site-packages/airflow/example_dags/tutorial_etl_dag.py took 0.178 seconds
[2022-08-04 20:08:51,673] {processor.py:163} INFO - Started process (PID=966) to work on /home/airflow/.local/lib/python3.7/site-packages/airflow/example_dags/tutorial_etl_dag.py
[2022-08-04 20:08:51,677] {processor.py:642} INFO - Processing file /home/airflow/.local/lib/python3.7/site-packages/airflow/example_dags/tutorial_etl_dag.py for tasks to queue
[2022-08-04 20:08:51,679] {logging_mixin.py:109} INFO - [2022-08-04 20:08:51,678] {dagbag.py:500} INFO - Filling up the DagBag from /home/airflow/.local/lib/python3.7/site-packages/airflow/example_dags/tutorial_etl_dag.py
[2022-08-04 20:08:51,762] {processor.py:654} INFO - DAG(s) dict_keys(['tutorial_etl_dag']) retrieved from /home/airflow/.local/lib/python3.7/site-packages/airflow/example_dags/tutorial_etl_dag.py
[2022-08-04 20:08:51,782] {logging_mixin.py:109} INFO - [2022-08-04 20:08:51,782] {dag.py:2398} INFO - Sync 1 DAGs
[2022-08-04 20:08:51,817] {logging_mixin.py:109} INFO - [2022-08-04 20:08:51,816] {dag.py:2937} INFO - Setting next_dagrun for tutorial_etl_dag to None
[2022-08-04 20:08:51,837] {processor.py:171} INFO - Processing /home/airflow/.local/lib/python3.7/site-packages/airflow/example_dags/tutorial_etl_dag.py took 0.178 seconds
[2022-08-04 20:09:21,929] {processor.py:163} INFO - Started process (PID=1019) to work on /home/airflow/.local/lib/python3.7/site-packages/airflow/example_dags/tutorial_etl_dag.py
[2022-08-04 20:09:21,932] {processor.py:642} INFO - Processing file /home/airflow/.local/lib/python3.7/site-packages/airflow/example_dags/tutorial_etl_dag.py for tasks to queue
[2022-08-04 20:09:21,933] {logging_mixin.py:109} INFO - [2022-08-04 20:09:21,933] {dagbag.py:500} INFO - Filling up the DagBag from /home/airflow/.local/lib/python3.7/site-packages/airflow/example_dags/tutorial_etl_dag.py
[2022-08-04 20:09:21,998] {processor.py:654} INFO - DAG(s) dict_keys(['tutorial_etl_dag']) retrieved from /home/airflow/.local/lib/python3.7/site-packages/airflow/example_dags/tutorial_etl_dag.py
[2022-08-04 20:09:22,022] {logging_mixin.py:109} INFO - [2022-08-04 20:09:22,022] {dag.py:2398} INFO - Sync 1 DAGs
[2022-08-04 20:09:22,067] {logging_mixin.py:109} INFO - [2022-08-04 20:09:22,067] {dag.py:2937} INFO - Setting next_dagrun for tutorial_etl_dag to None
[2022-08-04 20:09:22,096] {processor.py:171} INFO - Processing /home/airflow/.local/lib/python3.7/site-packages/airflow/example_dags/tutorial_etl_dag.py took 0.173 seconds
[2022-08-04 20:09:52,121] {processor.py:163} INFO - Started process (PID=1063) to work on /home/airflow/.local/lib/python3.7/site-packages/airflow/example_dags/tutorial_etl_dag.py
[2022-08-04 20:09:52,123] {processor.py:642} INFO - Processing file /home/airflow/.local/lib/python3.7/site-packages/airflow/example_dags/tutorial_etl_dag.py for tasks to queue
[2022-08-04 20:09:52,123] {logging_mixin.py:109} INFO - [2022-08-04 20:09:52,123] {dagbag.py:500} INFO - Filling up the DagBag from /home/airflow/.local/lib/python3.7/site-packages/airflow/example_dags/tutorial_etl_dag.py
[2022-08-04 20:09:52,160] {processor.py:654} INFO - DAG(s) dict_keys(['tutorial_etl_dag']) retrieved from /home/airflow/.local/lib/python3.7/site-packages/airflow/example_dags/tutorial_etl_dag.py
[2022-08-04 20:09:52,171] {logging_mixin.py:109} INFO - [2022-08-04 20:09:52,171] {dag.py:2398} INFO - Sync 1 DAGs
[2022-08-04 20:09:52,189] {logging_mixin.py:109} INFO - [2022-08-04 20:09:52,189] {dag.py:2937} INFO - Setting next_dagrun for tutorial_etl_dag to None
[2022-08-04 20:09:52,200] {processor.py:171} INFO - Processing /home/airflow/.local/lib/python3.7/site-packages/airflow/example_dags/tutorial_etl_dag.py took 0.083 seconds
[2022-08-04 20:10:22,795] {processor.py:163} INFO - Started process (PID=1114) to work on /home/airflow/.local/lib/python3.7/site-packages/airflow/example_dags/tutorial_etl_dag.py
[2022-08-04 20:10:22,798] {processor.py:642} INFO - Processing file /home/airflow/.local/lib/python3.7/site-packages/airflow/example_dags/tutorial_etl_dag.py for tasks to queue
[2022-08-04 20:10:22,800] {logging_mixin.py:109} INFO - [2022-08-04 20:10:22,799] {dagbag.py:500} INFO - Filling up the DagBag from /home/airflow/.local/lib/python3.7/site-packages/airflow/example_dags/tutorial_etl_dag.py
[2022-08-04 20:10:22,855] {processor.py:654} INFO - DAG(s) dict_keys(['tutorial_etl_dag']) retrieved from /home/airflow/.local/lib/python3.7/site-packages/airflow/example_dags/tutorial_etl_dag.py
[2022-08-04 20:10:22,871] {logging_mixin.py:109} INFO - [2022-08-04 20:10:22,871] {dag.py:2398} INFO - Sync 1 DAGs
[2022-08-04 20:10:22,904] {logging_mixin.py:109} INFO - [2022-08-04 20:10:22,904] {dag.py:2937} INFO - Setting next_dagrun for tutorial_etl_dag to None
[2022-08-04 20:10:22,919] {processor.py:171} INFO - Processing /home/airflow/.local/lib/python3.7/site-packages/airflow/example_dags/tutorial_etl_dag.py took 0.130 seconds
[2022-08-04 20:10:53,975] {processor.py:163} INFO - Started process (PID=1166) to work on /home/airflow/.local/lib/python3.7/site-packages/airflow/example_dags/tutorial_etl_dag.py
[2022-08-04 20:10:53,977] {processor.py:642} INFO - Processing file /home/airflow/.local/lib/python3.7/site-packages/airflow/example_dags/tutorial_etl_dag.py for tasks to queue
[2022-08-04 20:10:53,979] {logging_mixin.py:109} INFO - [2022-08-04 20:10:53,978] {dagbag.py:500} INFO - Filling up the DagBag from /home/airflow/.local/lib/python3.7/site-packages/airflow/example_dags/tutorial_etl_dag.py
[2022-08-04 20:10:54,081] {processor.py:654} INFO - DAG(s) dict_keys(['tutorial_etl_dag']) retrieved from /home/airflow/.local/lib/python3.7/site-packages/airflow/example_dags/tutorial_etl_dag.py
[2022-08-04 20:10:54,099] {logging_mixin.py:109} INFO - [2022-08-04 20:10:54,099] {dag.py:2398} INFO - Sync 1 DAGs
[2022-08-04 20:10:54,127] {logging_mixin.py:109} INFO - [2022-08-04 20:10:54,126] {dag.py:2937} INFO - Setting next_dagrun for tutorial_etl_dag to None
[2022-08-04 20:10:54,145] {processor.py:171} INFO - Processing /home/airflow/.local/lib/python3.7/site-packages/airflow/example_dags/tutorial_etl_dag.py took 0.178 seconds
[2022-08-04 20:11:27,279] {processor.py:163} INFO - Started process (PID=1210) to work on /home/airflow/.local/lib/python3.7/site-packages/airflow/example_dags/tutorial_etl_dag.py
[2022-08-04 20:11:27,283] {processor.py:642} INFO - Processing file /home/airflow/.local/lib/python3.7/site-packages/airflow/example_dags/tutorial_etl_dag.py for tasks to queue
[2022-08-04 20:11:27,285] {logging_mixin.py:109} INFO - [2022-08-04 20:11:27,284] {dagbag.py:500} INFO - Filling up the DagBag from /home/airflow/.local/lib/python3.7/site-packages/airflow/example_dags/tutorial_etl_dag.py
[2022-08-04 20:11:27,442] {processor.py:654} INFO - DAG(s) dict_keys(['tutorial_etl_dag']) retrieved from /home/airflow/.local/lib/python3.7/site-packages/airflow/example_dags/tutorial_etl_dag.py
[2022-08-04 20:11:27,470] {logging_mixin.py:109} INFO - [2022-08-04 20:11:27,470] {dag.py:2398} INFO - Sync 1 DAGs
[2022-08-04 20:11:27,545] {logging_mixin.py:109} INFO - [2022-08-04 20:11:27,545] {dag.py:2937} INFO - Setting next_dagrun for tutorial_etl_dag to None
[2022-08-04 20:11:27,577] {processor.py:171} INFO - Processing /home/airflow/.local/lib/python3.7/site-packages/airflow/example_dags/tutorial_etl_dag.py took 0.313 seconds
